[2023-04-19T12:42:51.834+0000] {taskinstance.py:1083} INFO - Dependencies all met for <TaskInstance: age_check.age_check scheduled__2022-11-17T00:00:00+00:00 [queued]>
[2023-04-19T12:42:51.868+0000] {taskinstance.py:1083} INFO - Dependencies all met for <TaskInstance: age_check.age_check scheduled__2022-11-17T00:00:00+00:00 [queued]>
[2023-04-19T12:42:51.869+0000] {taskinstance.py:1279} INFO - 
--------------------------------------------------------------------------------
[2023-04-19T12:42:51.870+0000] {taskinstance.py:1280} INFO - Starting attempt 2 of 4
[2023-04-19T12:42:51.871+0000] {taskinstance.py:1281} INFO - 
--------------------------------------------------------------------------------
[2023-04-19T12:42:52.268+0000] {taskinstance.py:1300} INFO - Executing <Task(PythonOperator): age_check> on 2022-11-17 00:00:00+00:00
[2023-04-19T12:42:52.311+0000] {standard_task_runner.py:55} INFO - Started process 23020 to run task
[2023-04-19T12:42:52.368+0000] {standard_task_runner.py:82} INFO - Running: ['***', 'tasks', 'run', 'age_check', 'age_check', 'scheduled__2022-11-17T00:00:00+00:00', '--job-id', '1219', '--raw', '--subdir', 'DAGS_FOLDER/age.py', '--cfg-path', '/tmp/tmp1t2j748l']
[2023-04-19T12:42:52.379+0000] {standard_task_runner.py:83} INFO - Job 1219: Subtask age_check
[2023-04-19T12:42:52.695+0000] {task_command.py:388} INFO - Running <TaskInstance: age_check.age_check scheduled__2022-11-17T00:00:00+00:00 [running]> on host fe34f61acbb3
[2023-04-19T12:42:52.911+0000] {taskinstance.py:1509} INFO - Exporting the following env vars:
AIRFLOW_CTX_DAG_OWNER=***
AIRFLOW_CTX_DAG_ID=age_check
AIRFLOW_CTX_TASK_ID=age_check
AIRFLOW_CTX_EXECUTION_DATE=2022-11-17T00:00:00+00:00
AIRFLOW_CTX_TRY_NUMBER=2
AIRFLOW_CTX_DAG_RUN_ID=scheduled__2022-11-17T00:00:00+00:00
[2023-04-19T12:42:52.937+0000] {taskinstance.py:1768} ERROR - Task failed with exception
Traceback (most recent call last):
  File "/home/airflow/.local/lib/python3.7/site-packages/airflow/operators/python.py", line 175, in execute
    return_value = self.execute_callable()
  File "/home/airflow/.local/lib/python3.7/site-packages/airflow/operators/python.py", line 192, in execute_callable
    return self.python_callable(*self.op_args, **self.op_kwargs)
  File "/opt/airflow/dags/age.py", line 35, in age_check
    birth_year = int(Variable.get('birth_year'))
  File "/home/airflow/.local/lib/python3.7/site-packages/airflow/models/variable.py", line 141, in get
    raise KeyError(f"Variable {key} does not exist")
KeyError: 'Variable birth_year does not exist'
[2023-04-19T12:42:52.972+0000] {taskinstance.py:1323} INFO - Marking task as UP_FOR_RETRY. dag_id=age_check, task_id=age_check, execution_date=20221117T000000, start_date=20230419T124251, end_date=20230419T124252
[2023-04-19T12:42:53.001+0000] {standard_task_runner.py:105} ERROR - Failed to execute job 1219 for task age_check ('Variable birth_year does not exist'; 23020)
[2023-04-19T12:42:53.040+0000] {local_task_job.py:208} INFO - Task exited with return code 1
[2023-04-19T12:42:53.112+0000] {taskinstance.py:2578} INFO - 0 downstream tasks scheduled from follow-on schedule check
[2023-05-17T10:14:45.206+0000] {taskinstance.py:1083} INFO - Dependencies all met for <TaskInstance: age_check.age_check scheduled__2022-11-17T00:00:00+00:00 [queued]>
[2023-05-17T10:14:45.214+0000] {taskinstance.py:1083} INFO - Dependencies all met for <TaskInstance: age_check.age_check scheduled__2022-11-17T00:00:00+00:00 [queued]>
[2023-05-17T10:14:45.215+0000] {taskinstance.py:1279} INFO - 
--------------------------------------------------------------------------------
[2023-05-17T10:14:45.215+0000] {taskinstance.py:1280} INFO - Starting attempt 2 of 4
[2023-05-17T10:14:45.216+0000] {taskinstance.py:1281} INFO - 
--------------------------------------------------------------------------------
[2023-05-17T10:14:45.226+0000] {taskinstance.py:1300} INFO - Executing <Task(PythonOperator): age_check> on 2022-11-17 00:00:00+00:00
[2023-05-17T10:14:45.230+0000] {standard_task_runner.py:55} INFO - Started process 5679 to run task
[2023-05-17T10:14:45.234+0000] {standard_task_runner.py:82} INFO - Running: ['***', 'tasks', 'run', 'age_check', 'age_check', 'scheduled__2022-11-17T00:00:00+00:00', '--job-id', '779', '--raw', '--subdir', 'DAGS_FOLDER/age.py', '--cfg-path', '/tmp/tmpzwk0vury']
[2023-05-17T10:14:45.236+0000] {standard_task_runner.py:83} INFO - Job 779: Subtask age_check
[2023-05-17T10:14:45.297+0000] {task_command.py:388} INFO - Running <TaskInstance: age_check.age_check scheduled__2022-11-17T00:00:00+00:00 [running]> on host 242f95e3e8a8
[2023-05-17T10:14:45.357+0000] {taskinstance.py:1509} INFO - Exporting the following env vars:
AIRFLOW_CTX_DAG_OWNER=***
AIRFLOW_CTX_DAG_ID=age_check
AIRFLOW_CTX_TASK_ID=age_check
AIRFLOW_CTX_EXECUTION_DATE=2022-11-17T00:00:00+00:00
AIRFLOW_CTX_TRY_NUMBER=2
AIRFLOW_CTX_DAG_RUN_ID=scheduled__2022-11-17T00:00:00+00:00
[2023-05-17T10:14:45.368+0000] {taskinstance.py:1768} ERROR - Task failed with exception
Traceback (most recent call last):
  File "/home/airflow/.local/lib/python3.7/site-packages/airflow/operators/python.py", line 175, in execute
    return_value = self.execute_callable()
  File "/home/airflow/.local/lib/python3.7/site-packages/airflow/operators/python.py", line 192, in execute_callable
    return self.python_callable(*self.op_args, **self.op_kwargs)
  File "/opt/airflow/dags/age.py", line 35, in age_check
    birth_year = int(Variable.get('birth_year'))
  File "/home/airflow/.local/lib/python3.7/site-packages/airflow/models/variable.py", line 141, in get
    raise KeyError(f"Variable {key} does not exist")
KeyError: 'Variable birth_year does not exist'
[2023-05-17T10:14:45.379+0000] {taskinstance.py:1323} INFO - Marking task as UP_FOR_RETRY. dag_id=age_check, task_id=age_check, execution_date=20221117T000000, start_date=20230517T101445, end_date=20230517T101445
[2023-05-17T10:14:45.387+0000] {standard_task_runner.py:105} ERROR - Failed to execute job 779 for task age_check ('Variable birth_year does not exist'; 5679)
[2023-05-17T10:14:45.406+0000] {local_task_job.py:208} INFO - Task exited with return code 1
[2023-05-17T10:14:45.425+0000] {taskinstance.py:2578} INFO - 0 downstream tasks scheduled from follow-on schedule check
