[2023-04-19T12:43:05.951+0000] {taskinstance.py:1083} INFO - Dependencies all met for <TaskInstance: age_check.age_check scheduled__2022-11-17T00:00:00+00:00 [queued]>
[2023-04-19T12:43:06.056+0000] {taskinstance.py:1083} INFO - Dependencies all met for <TaskInstance: age_check.age_check scheduled__2022-11-17T00:00:00+00:00 [queued]>
[2023-04-19T12:43:06.058+0000] {taskinstance.py:1279} INFO - 
--------------------------------------------------------------------------------
[2023-04-19T12:43:06.059+0000] {taskinstance.py:1280} INFO - Starting attempt 3 of 4
[2023-04-19T12:43:06.061+0000] {taskinstance.py:1281} INFO - 
--------------------------------------------------------------------------------
[2023-04-19T12:43:06.202+0000] {taskinstance.py:1300} INFO - Executing <Task(PythonOperator): age_check> on 2022-11-17 00:00:00+00:00
[2023-04-19T12:43:06.245+0000] {standard_task_runner.py:55} INFO - Started process 23080 to run task
[2023-04-19T12:43:06.309+0000] {standard_task_runner.py:82} INFO - Running: ['***', 'tasks', 'run', 'age_check', 'age_check', 'scheduled__2022-11-17T00:00:00+00:00', '--job-id', '1243', '--raw', '--subdir', 'DAGS_FOLDER/age.py', '--cfg-path', '/tmp/tmp56g7851x']
[2023-04-19T12:43:06.325+0000] {standard_task_runner.py:83} INFO - Job 1243: Subtask age_check
[2023-04-19T12:43:06.920+0000] {task_command.py:388} INFO - Running <TaskInstance: age_check.age_check scheduled__2022-11-17T00:00:00+00:00 [running]> on host fe34f61acbb3
[2023-04-19T12:43:07.373+0000] {taskinstance.py:1509} INFO - Exporting the following env vars:
AIRFLOW_CTX_DAG_OWNER=***
AIRFLOW_CTX_DAG_ID=age_check
AIRFLOW_CTX_TASK_ID=age_check
AIRFLOW_CTX_EXECUTION_DATE=2022-11-17T00:00:00+00:00
AIRFLOW_CTX_TRY_NUMBER=3
AIRFLOW_CTX_DAG_RUN_ID=scheduled__2022-11-17T00:00:00+00:00
[2023-04-19T12:43:07.419+0000] {taskinstance.py:1768} ERROR - Task failed with exception
Traceback (most recent call last):
  File "/home/airflow/.local/lib/python3.7/site-packages/airflow/operators/python.py", line 175, in execute
    return_value = self.execute_callable()
  File "/home/airflow/.local/lib/python3.7/site-packages/airflow/operators/python.py", line 192, in execute_callable
    return self.python_callable(*self.op_args, **self.op_kwargs)
  File "/opt/airflow/dags/age.py", line 35, in age_check
    birth_year = int(Variable.get('birth_year'))
  File "/home/airflow/.local/lib/python3.7/site-packages/airflow/models/variable.py", line 141, in get
    raise KeyError(f"Variable {key} does not exist")
KeyError: 'Variable birth_year does not exist'
[2023-04-19T12:43:07.445+0000] {taskinstance.py:1323} INFO - Marking task as UP_FOR_RETRY. dag_id=age_check, task_id=age_check, execution_date=20221117T000000, start_date=20230419T124305, end_date=20230419T124307
[2023-04-19T12:43:07.475+0000] {standard_task_runner.py:105} ERROR - Failed to execute job 1243 for task age_check ('Variable birth_year does not exist'; 23080)
[2023-04-19T12:43:07.598+0000] {local_task_job.py:208} INFO - Task exited with return code 1
[2023-04-19T12:43:07.746+0000] {taskinstance.py:2578} INFO - 0 downstream tasks scheduled from follow-on schedule check
[2023-05-17T10:14:56.527+0000] {taskinstance.py:1083} INFO - Dependencies all met for <TaskInstance: age_check.age_check scheduled__2022-11-17T00:00:00+00:00 [queued]>
[2023-05-17T10:14:56.558+0000] {taskinstance.py:1083} INFO - Dependencies all met for <TaskInstance: age_check.age_check scheduled__2022-11-17T00:00:00+00:00 [queued]>
[2023-05-17T10:14:56.559+0000] {taskinstance.py:1279} INFO - 
--------------------------------------------------------------------------------
[2023-05-17T10:14:56.560+0000] {taskinstance.py:1280} INFO - Starting attempt 3 of 4
[2023-05-17T10:14:56.561+0000] {taskinstance.py:1281} INFO - 
--------------------------------------------------------------------------------
[2023-05-17T10:14:56.657+0000] {taskinstance.py:1300} INFO - Executing <Task(PythonOperator): age_check> on 2022-11-17 00:00:00+00:00
[2023-05-17T10:14:56.676+0000] {standard_task_runner.py:82} INFO - Running: ['***', 'tasks', 'run', 'age_check', 'age_check', 'scheduled__2022-11-17T00:00:00+00:00', '--job-id', '798', '--raw', '--subdir', 'DAGS_FOLDER/age.py', '--cfg-path', '/tmp/tmptvmnh53q']
[2023-05-17T10:14:56.679+0000] {standard_task_runner.py:55} INFO - Started process 5735 to run task
[2023-05-17T10:14:56.680+0000] {standard_task_runner.py:83} INFO - Job 798: Subtask age_check
[2023-05-17T10:14:56.878+0000] {task_command.py:388} INFO - Running <TaskInstance: age_check.age_check scheduled__2022-11-17T00:00:00+00:00 [running]> on host 242f95e3e8a8
[2023-05-17T10:14:57.228+0000] {taskinstance.py:1509} INFO - Exporting the following env vars:
AIRFLOW_CTX_DAG_OWNER=***
AIRFLOW_CTX_DAG_ID=age_check
AIRFLOW_CTX_TASK_ID=age_check
AIRFLOW_CTX_EXECUTION_DATE=2022-11-17T00:00:00+00:00
AIRFLOW_CTX_TRY_NUMBER=3
AIRFLOW_CTX_DAG_RUN_ID=scheduled__2022-11-17T00:00:00+00:00
[2023-05-17T10:14:57.261+0000] {taskinstance.py:1768} ERROR - Task failed with exception
Traceback (most recent call last):
  File "/home/airflow/.local/lib/python3.7/site-packages/airflow/operators/python.py", line 175, in execute
    return_value = self.execute_callable()
  File "/home/airflow/.local/lib/python3.7/site-packages/airflow/operators/python.py", line 192, in execute_callable
    return self.python_callable(*self.op_args, **self.op_kwargs)
  File "/opt/airflow/dags/age.py", line 35, in age_check
    birth_year = int(Variable.get('birth_year'))
  File "/home/airflow/.local/lib/python3.7/site-packages/airflow/models/variable.py", line 141, in get
    raise KeyError(f"Variable {key} does not exist")
KeyError: 'Variable birth_year does not exist'
[2023-05-17T10:14:57.289+0000] {taskinstance.py:1323} INFO - Marking task as UP_FOR_RETRY. dag_id=age_check, task_id=age_check, execution_date=20221117T000000, start_date=20230517T101456, end_date=20230517T101457
[2023-05-17T10:14:57.318+0000] {standard_task_runner.py:105} ERROR - Failed to execute job 798 for task age_check ('Variable birth_year does not exist'; 5735)
[2023-05-17T10:14:57.378+0000] {local_task_job.py:208} INFO - Task exited with return code 1
[2023-05-17T10:14:57.476+0000] {taskinstance.py:2578} INFO - 0 downstream tasks scheduled from follow-on schedule check
