[2023-04-19T12:53:05.520+0000] {taskinstance.py:1083} INFO - Dependencies all met for <TaskInstance: age_check.age_check scheduled__2023-04-14T00:00:00+00:00 [queued]>
[2023-04-19T12:53:05.551+0000] {taskinstance.py:1083} INFO - Dependencies all met for <TaskInstance: age_check.age_check scheduled__2023-04-14T00:00:00+00:00 [queued]>
[2023-04-19T12:53:05.557+0000] {taskinstance.py:1279} INFO - 
--------------------------------------------------------------------------------
[2023-04-19T12:53:05.558+0000] {taskinstance.py:1280} INFO - Starting attempt 1 of 4
[2023-04-19T12:53:05.560+0000] {taskinstance.py:1281} INFO - 
--------------------------------------------------------------------------------
[2023-04-19T12:53:05.608+0000] {taskinstance.py:1300} INFO - Executing <Task(PythonOperator): age_check> on 2023-04-14 00:00:00+00:00
[2023-04-19T12:53:05.673+0000] {standard_task_runner.py:82} INFO - Running: ['***', 'tasks', 'run', 'age_check', 'age_check', 'scheduled__2023-04-14T00:00:00+00:00', '--job-id', '2415', '--raw', '--subdir', 'DAGS_FOLDER/age.py', '--cfg-path', '/tmp/tmp8v6_h8mq']
[2023-04-19T12:53:05.675+0000] {standard_task_runner.py:83} INFO - Job 2415: Subtask age_check
[2023-04-19T12:53:05.628+0000] {standard_task_runner.py:55} INFO - Started process 25882 to run task
[2023-04-19T12:53:05.882+0000] {task_command.py:388} INFO - Running <TaskInstance: age_check.age_check scheduled__2023-04-14T00:00:00+00:00 [running]> on host fe34f61acbb3
[2023-04-19T12:53:06.342+0000] {taskinstance.py:1509} INFO - Exporting the following env vars:
AIRFLOW_CTX_DAG_OWNER=***
AIRFLOW_CTX_DAG_ID=age_check
AIRFLOW_CTX_TASK_ID=age_check
AIRFLOW_CTX_EXECUTION_DATE=2023-04-14T00:00:00+00:00
AIRFLOW_CTX_TRY_NUMBER=1
AIRFLOW_CTX_DAG_RUN_ID=scheduled__2023-04-14T00:00:00+00:00
[2023-04-19T12:53:06.407+0000] {taskinstance.py:1768} ERROR - Task failed with exception
Traceback (most recent call last):
  File "/home/airflow/.local/lib/python3.7/site-packages/airflow/operators/python.py", line 175, in execute
    return_value = self.execute_callable()
  File "/home/airflow/.local/lib/python3.7/site-packages/airflow/operators/python.py", line 192, in execute_callable
    return self.python_callable(*self.op_args, **self.op_kwargs)
  File "/opt/airflow/dags/age.py", line 35, in age_check
    birth_year = int(Variable.get('birth_year'))
  File "/home/airflow/.local/lib/python3.7/site-packages/airflow/models/variable.py", line 141, in get
    raise KeyError(f"Variable {key} does not exist")
KeyError: 'Variable birth_year does not exist'
[2023-04-19T12:53:06.470+0000] {taskinstance.py:1323} INFO - Marking task as UP_FOR_RETRY. dag_id=age_check, task_id=age_check, execution_date=20230414T000000, start_date=20230419T125305, end_date=20230419T125306
[2023-04-19T12:53:06.560+0000] {standard_task_runner.py:105} ERROR - Failed to execute job 2415 for task age_check ('Variable birth_year does not exist'; 25882)
[2023-04-19T12:53:06.894+0000] {local_task_job.py:208} INFO - Task exited with return code 1
[2023-04-19T12:53:07.059+0000] {taskinstance.py:2578} INFO - 0 downstream tasks scheduled from follow-on schedule check
[2023-05-20T21:50:40.565+0000] {taskinstance.py:1083} INFO - Dependencies all met for <TaskInstance: age_check.age_check scheduled__2023-04-14T00:00:00+00:00 [queued]>
[2023-05-20T21:50:40.623+0000] {taskinstance.py:1083} INFO - Dependencies all met for <TaskInstance: age_check.age_check scheduled__2023-04-14T00:00:00+00:00 [queued]>
[2023-05-20T21:50:40.624+0000] {taskinstance.py:1279} INFO - 
--------------------------------------------------------------------------------
[2023-05-20T21:50:40.625+0000] {taskinstance.py:1280} INFO - Starting attempt 1 of 4
[2023-05-20T21:50:40.626+0000] {taskinstance.py:1281} INFO - 
--------------------------------------------------------------------------------
[2023-05-20T21:50:40.713+0000] {taskinstance.py:1300} INFO - Executing <Task(PythonOperator): age_check> on 2023-04-14 00:00:00+00:00
[2023-05-20T21:50:40.719+0000] {standard_task_runner.py:55} INFO - Started process 2398 to run task
[2023-05-20T21:50:40.760+0000] {standard_task_runner.py:82} INFO - Running: ['***', 'tasks', 'run', 'age_check', 'age_check', 'scheduled__2023-04-14T00:00:00+00:00', '--job-id', '1859', '--raw', '--subdir', 'DAGS_FOLDER/age.py', '--cfg-path', '/tmp/tmpnyuzlzhy']
[2023-05-20T21:50:40.765+0000] {standard_task_runner.py:83} INFO - Job 1859: Subtask age_check
[2023-05-20T21:50:41.075+0000] {task_command.py:388} INFO - Running <TaskInstance: age_check.age_check scheduled__2023-04-14T00:00:00+00:00 [running]> on host 242f95e3e8a8
[2023-05-20T21:50:41.348+0000] {taskinstance.py:1509} INFO - Exporting the following env vars:
AIRFLOW_CTX_DAG_OWNER=***
AIRFLOW_CTX_DAG_ID=age_check
AIRFLOW_CTX_TASK_ID=age_check
AIRFLOW_CTX_EXECUTION_DATE=2023-04-14T00:00:00+00:00
AIRFLOW_CTX_TRY_NUMBER=1
AIRFLOW_CTX_DAG_RUN_ID=scheduled__2023-04-14T00:00:00+00:00
[2023-05-20T21:50:41.378+0000] {taskinstance.py:1768} ERROR - Task failed with exception
Traceback (most recent call last):
  File "/home/airflow/.local/lib/python3.7/site-packages/airflow/operators/python.py", line 175, in execute
    return_value = self.execute_callable()
  File "/home/airflow/.local/lib/python3.7/site-packages/airflow/operators/python.py", line 192, in execute_callable
    return self.python_callable(*self.op_args, **self.op_kwargs)
  File "/opt/airflow/dags/age.py", line 35, in age_check
    birth_year = int(Variable.get('birth_year'))
  File "/home/airflow/.local/lib/python3.7/site-packages/airflow/models/variable.py", line 141, in get
    raise KeyError(f"Variable {key} does not exist")
KeyError: 'Variable birth_year does not exist'
[2023-05-20T21:50:41.408+0000] {taskinstance.py:1323} INFO - Marking task as UP_FOR_RETRY. dag_id=age_check, task_id=age_check, execution_date=20230414T000000, start_date=20230520T215040, end_date=20230520T215041
[2023-05-20T21:50:41.451+0000] {standard_task_runner.py:105} ERROR - Failed to execute job 1859 for task age_check ('Variable birth_year does not exist'; 2398)
[2023-05-20T21:50:41.557+0000] {local_task_job.py:208} INFO - Task exited with return code 1
[2023-05-20T21:50:41.607+0000] {taskinstance.py:2578} INFO - 0 downstream tasks scheduled from follow-on schedule check
