[2023-04-19T12:46:35.362+0000] {taskinstance.py:1083} INFO - Dependencies all met for <TaskInstance: age_check.age_check scheduled__2023-01-06T00:00:00+00:00 [queued]>
[2023-04-19T12:46:35.373+0000] {taskinstance.py:1083} INFO - Dependencies all met for <TaskInstance: age_check.age_check scheduled__2023-01-06T00:00:00+00:00 [queued]>
[2023-04-19T12:46:35.375+0000] {taskinstance.py:1279} INFO - 
--------------------------------------------------------------------------------
[2023-04-19T12:46:35.389+0000] {taskinstance.py:1280} INFO - Starting attempt 2 of 4
[2023-04-19T12:46:35.399+0000] {taskinstance.py:1281} INFO - 
--------------------------------------------------------------------------------
[2023-04-19T12:46:35.420+0000] {taskinstance.py:1300} INFO - Executing <Task(PythonOperator): age_check> on 2023-01-06 00:00:00+00:00
[2023-04-19T12:46:35.432+0000] {standard_task_runner.py:55} INFO - Started process 23957 to run task
[2023-04-19T12:46:35.438+0000] {standard_task_runner.py:82} INFO - Running: ['***', 'tasks', 'run', 'age_check', 'age_check', 'scheduled__2023-01-06T00:00:00+00:00', '--job-id', '1602', '--raw', '--subdir', 'DAGS_FOLDER/age.py', '--cfg-path', '/tmp/tmpz_kaaj2d']
[2023-04-19T12:46:35.440+0000] {standard_task_runner.py:83} INFO - Job 1602: Subtask age_check
[2023-04-19T12:46:35.539+0000] {task_command.py:388} INFO - Running <TaskInstance: age_check.age_check scheduled__2023-01-06T00:00:00+00:00 [running]> on host fe34f61acbb3
[2023-04-19T12:46:35.697+0000] {taskinstance.py:1509} INFO - Exporting the following env vars:
AIRFLOW_CTX_DAG_OWNER=***
AIRFLOW_CTX_DAG_ID=age_check
AIRFLOW_CTX_TASK_ID=age_check
AIRFLOW_CTX_EXECUTION_DATE=2023-01-06T00:00:00+00:00
AIRFLOW_CTX_TRY_NUMBER=2
AIRFLOW_CTX_DAG_RUN_ID=scheduled__2023-01-06T00:00:00+00:00
[2023-04-19T12:46:35.714+0000] {taskinstance.py:1768} ERROR - Task failed with exception
Traceback (most recent call last):
  File "/home/airflow/.local/lib/python3.7/site-packages/airflow/operators/python.py", line 175, in execute
    return_value = self.execute_callable()
  File "/home/airflow/.local/lib/python3.7/site-packages/airflow/operators/python.py", line 192, in execute_callable
    return self.python_callable(*self.op_args, **self.op_kwargs)
  File "/opt/airflow/dags/age.py", line 35, in age_check
    birth_year = int(Variable.get('birth_year'))
  File "/home/airflow/.local/lib/python3.7/site-packages/airflow/models/variable.py", line 141, in get
    raise KeyError(f"Variable {key} does not exist")
KeyError: 'Variable birth_year does not exist'
[2023-04-19T12:46:35.723+0000] {taskinstance.py:1323} INFO - Marking task as UP_FOR_RETRY. dag_id=age_check, task_id=age_check, execution_date=20230106T000000, start_date=20230419T124635, end_date=20230419T124635
[2023-04-19T12:46:35.736+0000] {standard_task_runner.py:105} ERROR - Failed to execute job 1602 for task age_check ('Variable birth_year does not exist'; 23957)
[2023-04-19T12:46:35.765+0000] {local_task_job.py:208} INFO - Task exited with return code 1
[2023-04-19T12:46:35.803+0000] {taskinstance.py:2578} INFO - 0 downstream tasks scheduled from follow-on schedule check
[2023-05-20T20:57:31.353+0000] {taskinstance.py:1083} INFO - Dependencies all met for <TaskInstance: age_check.age_check scheduled__2023-01-06T00:00:00+00:00 [queued]>
[2023-05-20T20:57:31.361+0000] {taskinstance.py:1083} INFO - Dependencies all met for <TaskInstance: age_check.age_check scheduled__2023-01-06T00:00:00+00:00 [queued]>
[2023-05-20T20:57:31.362+0000] {taskinstance.py:1279} INFO - 
--------------------------------------------------------------------------------
[2023-05-20T20:57:31.363+0000] {taskinstance.py:1280} INFO - Starting attempt 2 of 4
[2023-05-20T20:57:31.363+0000] {taskinstance.py:1281} INFO - 
--------------------------------------------------------------------------------
[2023-05-20T20:57:31.373+0000] {taskinstance.py:1300} INFO - Executing <Task(PythonOperator): age_check> on 2023-01-06 00:00:00+00:00
[2023-05-20T20:57:31.378+0000] {standard_task_runner.py:55} INFO - Started process 611 to run task
[2023-05-20T20:57:31.382+0000] {standard_task_runner.py:82} INFO - Running: ['***', 'tasks', 'run', 'age_check', 'age_check', 'scheduled__2023-01-06T00:00:00+00:00', '--job-id', '1135', '--raw', '--subdir', 'DAGS_FOLDER/age.py', '--cfg-path', '/tmp/tmpokl03pk3']
[2023-05-20T20:57:31.384+0000] {standard_task_runner.py:83} INFO - Job 1135: Subtask age_check
[2023-05-20T20:57:31.445+0000] {task_command.py:388} INFO - Running <TaskInstance: age_check.age_check scheduled__2023-01-06T00:00:00+00:00 [running]> on host 242f95e3e8a8
[2023-05-20T20:57:31.497+0000] {taskinstance.py:1509} INFO - Exporting the following env vars:
AIRFLOW_CTX_DAG_OWNER=***
AIRFLOW_CTX_DAG_ID=age_check
AIRFLOW_CTX_TASK_ID=age_check
AIRFLOW_CTX_EXECUTION_DATE=2023-01-06T00:00:00+00:00
AIRFLOW_CTX_TRY_NUMBER=2
AIRFLOW_CTX_DAG_RUN_ID=scheduled__2023-01-06T00:00:00+00:00
[2023-05-20T20:57:31.506+0000] {taskinstance.py:1768} ERROR - Task failed with exception
Traceback (most recent call last):
  File "/home/airflow/.local/lib/python3.7/site-packages/airflow/operators/python.py", line 175, in execute
    return_value = self.execute_callable()
  File "/home/airflow/.local/lib/python3.7/site-packages/airflow/operators/python.py", line 192, in execute_callable
    return self.python_callable(*self.op_args, **self.op_kwargs)
  File "/opt/airflow/dags/age.py", line 35, in age_check
    birth_year = int(Variable.get('birth_year'))
  File "/home/airflow/.local/lib/python3.7/site-packages/airflow/models/variable.py", line 141, in get
    raise KeyError(f"Variable {key} does not exist")
KeyError: 'Variable birth_year does not exist'
[2023-05-20T20:57:31.516+0000] {taskinstance.py:1323} INFO - Marking task as UP_FOR_RETRY. dag_id=age_check, task_id=age_check, execution_date=20230106T000000, start_date=20230520T205731, end_date=20230520T205731
[2023-05-20T20:57:31.525+0000] {standard_task_runner.py:105} ERROR - Failed to execute job 1135 for task age_check ('Variable birth_year does not exist'; 611)
[2023-05-20T20:57:31.559+0000] {local_task_job.py:208} INFO - Task exited with return code 1
[2023-05-20T20:57:31.577+0000] {taskinstance.py:2578} INFO - 0 downstream tasks scheduled from follow-on schedule check
