[2023-04-19T12:46:24.135+0000] {taskinstance.py:1083} INFO - Dependencies all met for <TaskInstance: age_check.age_check scheduled__2023-01-06T00:00:00+00:00 [queued]>
[2023-04-19T12:46:24.175+0000] {taskinstance.py:1083} INFO - Dependencies all met for <TaskInstance: age_check.age_check scheduled__2023-01-06T00:00:00+00:00 [queued]>
[2023-04-19T12:46:24.177+0000] {taskinstance.py:1279} INFO - 
--------------------------------------------------------------------------------
[2023-04-19T12:46:24.178+0000] {taskinstance.py:1280} INFO - Starting attempt 1 of 4
[2023-04-19T12:46:24.179+0000] {taskinstance.py:1281} INFO - 
--------------------------------------------------------------------------------
[2023-04-19T12:46:24.236+0000] {taskinstance.py:1300} INFO - Executing <Task(PythonOperator): age_check> on 2023-01-06 00:00:00+00:00
[2023-04-19T12:46:24.253+0000] {standard_task_runner.py:55} INFO - Started process 23920 to run task
[2023-04-19T12:46:24.274+0000] {standard_task_runner.py:82} INFO - Running: ['***', 'tasks', 'run', 'age_check', 'age_check', 'scheduled__2023-01-06T00:00:00+00:00', '--job-id', '1586', '--raw', '--subdir', 'DAGS_FOLDER/age.py', '--cfg-path', '/tmp/tmpefrmj2dh']
[2023-04-19T12:46:24.277+0000] {standard_task_runner.py:83} INFO - Job 1586: Subtask age_check
[2023-04-19T12:46:24.407+0000] {task_command.py:388} INFO - Running <TaskInstance: age_check.age_check scheduled__2023-01-06T00:00:00+00:00 [running]> on host fe34f61acbb3
[2023-04-19T12:46:24.630+0000] {taskinstance.py:1509} INFO - Exporting the following env vars:
AIRFLOW_CTX_DAG_OWNER=***
AIRFLOW_CTX_DAG_ID=age_check
AIRFLOW_CTX_TASK_ID=age_check
AIRFLOW_CTX_EXECUTION_DATE=2023-01-06T00:00:00+00:00
AIRFLOW_CTX_TRY_NUMBER=1
AIRFLOW_CTX_DAG_RUN_ID=scheduled__2023-01-06T00:00:00+00:00
[2023-04-19T12:46:24.655+0000] {taskinstance.py:1768} ERROR - Task failed with exception
Traceback (most recent call last):
  File "/home/airflow/.local/lib/python3.7/site-packages/airflow/operators/python.py", line 175, in execute
    return_value = self.execute_callable()
  File "/home/airflow/.local/lib/python3.7/site-packages/airflow/operators/python.py", line 192, in execute_callable
    return self.python_callable(*self.op_args, **self.op_kwargs)
  File "/opt/airflow/dags/age.py", line 35, in age_check
    birth_year = int(Variable.get('birth_year'))
  File "/home/airflow/.local/lib/python3.7/site-packages/airflow/models/variable.py", line 141, in get
    raise KeyError(f"Variable {key} does not exist")
KeyError: 'Variable birth_year does not exist'
[2023-04-19T12:46:24.682+0000] {taskinstance.py:1323} INFO - Marking task as UP_FOR_RETRY. dag_id=age_check, task_id=age_check, execution_date=20230106T000000, start_date=20230419T124624, end_date=20230419T124624
[2023-04-19T12:46:24.699+0000] {standard_task_runner.py:105} ERROR - Failed to execute job 1586 for task age_check ('Variable birth_year does not exist'; 23920)
[2023-04-19T12:46:24.763+0000] {local_task_job.py:208} INFO - Task exited with return code 1
[2023-04-19T12:46:24.821+0000] {taskinstance.py:2578} INFO - 0 downstream tasks scheduled from follow-on schedule check
[2023-05-20T20:57:20.218+0000] {taskinstance.py:1083} INFO - Dependencies all met for <TaskInstance: age_check.age_check scheduled__2023-01-06T00:00:00+00:00 [queued]>
[2023-05-20T20:57:20.226+0000] {taskinstance.py:1083} INFO - Dependencies all met for <TaskInstance: age_check.age_check scheduled__2023-01-06T00:00:00+00:00 [queued]>
[2023-05-20T20:57:20.226+0000] {taskinstance.py:1279} INFO - 
--------------------------------------------------------------------------------
[2023-05-20T20:57:20.227+0000] {taskinstance.py:1280} INFO - Starting attempt 1 of 4
[2023-05-20T20:57:20.228+0000] {taskinstance.py:1281} INFO - 
--------------------------------------------------------------------------------
[2023-05-20T20:57:20.238+0000] {taskinstance.py:1300} INFO - Executing <Task(PythonOperator): age_check> on 2023-01-06 00:00:00+00:00
[2023-05-20T20:57:20.242+0000] {standard_task_runner.py:55} INFO - Started process 568 to run task
[2023-05-20T20:57:20.246+0000] {standard_task_runner.py:82} INFO - Running: ['***', 'tasks', 'run', 'age_check', 'age_check', 'scheduled__2023-01-06T00:00:00+00:00', '--job-id', '1120', '--raw', '--subdir', 'DAGS_FOLDER/age.py', '--cfg-path', '/tmp/tmpmhiqgfrl']
[2023-05-20T20:57:20.248+0000] {standard_task_runner.py:83} INFO - Job 1120: Subtask age_check
[2023-05-20T20:57:20.303+0000] {task_command.py:388} INFO - Running <TaskInstance: age_check.age_check scheduled__2023-01-06T00:00:00+00:00 [running]> on host 242f95e3e8a8
[2023-05-20T20:57:20.352+0000] {taskinstance.py:1509} INFO - Exporting the following env vars:
AIRFLOW_CTX_DAG_OWNER=***
AIRFLOW_CTX_DAG_ID=age_check
AIRFLOW_CTX_TASK_ID=age_check
AIRFLOW_CTX_EXECUTION_DATE=2023-01-06T00:00:00+00:00
AIRFLOW_CTX_TRY_NUMBER=1
AIRFLOW_CTX_DAG_RUN_ID=scheduled__2023-01-06T00:00:00+00:00
[2023-05-20T20:57:20.360+0000] {taskinstance.py:1768} ERROR - Task failed with exception
Traceback (most recent call last):
  File "/home/airflow/.local/lib/python3.7/site-packages/airflow/operators/python.py", line 175, in execute
    return_value = self.execute_callable()
  File "/home/airflow/.local/lib/python3.7/site-packages/airflow/operators/python.py", line 192, in execute_callable
    return self.python_callable(*self.op_args, **self.op_kwargs)
  File "/opt/airflow/dags/age.py", line 35, in age_check
    birth_year = int(Variable.get('birth_year'))
  File "/home/airflow/.local/lib/python3.7/site-packages/airflow/models/variable.py", line 141, in get
    raise KeyError(f"Variable {key} does not exist")
KeyError: 'Variable birth_year does not exist'
[2023-05-20T20:57:20.370+0000] {taskinstance.py:1323} INFO - Marking task as UP_FOR_RETRY. dag_id=age_check, task_id=age_check, execution_date=20230106T000000, start_date=20230520T205720, end_date=20230520T205720
[2023-05-20T20:57:20.378+0000] {standard_task_runner.py:105} ERROR - Failed to execute job 1120 for task age_check ('Variable birth_year does not exist'; 568)
[2023-05-20T20:57:20.419+0000] {local_task_job.py:208} INFO - Task exited with return code 1
[2023-05-20T20:57:20.438+0000] {taskinstance.py:2578} INFO - 0 downstream tasks scheduled from follow-on schedule check
