[2023-04-19T12:38:01.229+0000] {taskinstance.py:1083} INFO - Dependencies all met for <TaskInstance: age_check.age_check scheduled__2022-09-10T00:00:00+00:00 [queued]>
[2023-04-19T12:38:01.243+0000] {taskinstance.py:1083} INFO - Dependencies all met for <TaskInstance: age_check.age_check scheduled__2022-09-10T00:00:00+00:00 [queued]>
[2023-04-19T12:38:01.244+0000] {taskinstance.py:1279} INFO - 
--------------------------------------------------------------------------------
[2023-04-19T12:38:01.246+0000] {taskinstance.py:1280} INFO - Starting attempt 1 of 4
[2023-04-19T12:38:01.246+0000] {taskinstance.py:1281} INFO - 
--------------------------------------------------------------------------------
[2023-04-19T12:38:01.264+0000] {taskinstance.py:1300} INFO - Executing <Task(PythonOperator): age_check> on 2022-09-10 00:00:00+00:00
[2023-04-19T12:38:01.274+0000] {standard_task_runner.py:55} INFO - Started process 21788 to run task
[2023-04-19T12:38:01.280+0000] {standard_task_runner.py:82} INFO - Running: ['***', 'tasks', 'run', 'age_check', 'age_check', 'scheduled__2022-09-10T00:00:00+00:00', '--job-id', '728', '--raw', '--subdir', 'DAGS_FOLDER/age.py', '--cfg-path', '/tmp/tmpjv_kvaha']
[2023-04-19T12:38:01.282+0000] {standard_task_runner.py:83} INFO - Job 728: Subtask age_check
[2023-04-19T12:38:01.374+0000] {task_command.py:388} INFO - Running <TaskInstance: age_check.age_check scheduled__2022-09-10T00:00:00+00:00 [running]> on host fe34f61acbb3
[2023-04-19T12:38:01.450+0000] {taskinstance.py:1509} INFO - Exporting the following env vars:
AIRFLOW_CTX_DAG_OWNER=***
AIRFLOW_CTX_DAG_ID=age_check
AIRFLOW_CTX_TASK_ID=age_check
AIRFLOW_CTX_EXECUTION_DATE=2022-09-10T00:00:00+00:00
AIRFLOW_CTX_TRY_NUMBER=1
AIRFLOW_CTX_DAG_RUN_ID=scheduled__2022-09-10T00:00:00+00:00
[2023-04-19T12:38:01.472+0000] {taskinstance.py:1768} ERROR - Task failed with exception
Traceback (most recent call last):
  File "/home/airflow/.local/lib/python3.7/site-packages/airflow/operators/python.py", line 175, in execute
    return_value = self.execute_callable()
  File "/home/airflow/.local/lib/python3.7/site-packages/airflow/operators/python.py", line 192, in execute_callable
    return self.python_callable(*self.op_args, **self.op_kwargs)
  File "/opt/airflow/dags/age.py", line 35, in age_check
    birth_year = int(Variable.get('birth_year'))
  File "/home/airflow/.local/lib/python3.7/site-packages/airflow/models/variable.py", line 141, in get
    raise KeyError(f"Variable {key} does not exist")
KeyError: 'Variable birth_year does not exist'
[2023-04-19T12:38:01.500+0000] {taskinstance.py:1323} INFO - Marking task as UP_FOR_RETRY. dag_id=age_check, task_id=age_check, execution_date=20220910T000000, start_date=20230419T123801, end_date=20230419T123801
[2023-04-19T12:38:01.514+0000] {standard_task_runner.py:105} ERROR - Failed to execute job 728 for task age_check ('Variable birth_year does not exist'; 21788)
[2023-04-19T12:38:01.533+0000] {local_task_job.py:208} INFO - Task exited with return code 1
[2023-04-19T12:38:01.675+0000] {taskinstance.py:2578} INFO - 0 downstream tasks scheduled from follow-on schedule check
[2023-05-17T09:53:42.325+0000] {taskinstance.py:1083} INFO - Dependencies all met for <TaskInstance: age_check.age_check scheduled__2022-09-10T00:00:00+00:00 [queued]>
[2023-05-17T09:53:42.344+0000] {taskinstance.py:1083} INFO - Dependencies all met for <TaskInstance: age_check.age_check scheduled__2022-09-10T00:00:00+00:00 [queued]>
[2023-05-17T09:53:42.347+0000] {taskinstance.py:1279} INFO - 
--------------------------------------------------------------------------------
[2023-05-17T09:53:42.349+0000] {taskinstance.py:1280} INFO - Starting attempt 1 of 4
[2023-05-17T09:53:42.351+0000] {taskinstance.py:1281} INFO - 
--------------------------------------------------------------------------------
[2023-05-17T09:53:42.378+0000] {taskinstance.py:1300} INFO - Executing <Task(PythonOperator): age_check> on 2022-09-10 00:00:00+00:00
[2023-05-17T09:53:42.392+0000] {standard_task_runner.py:55} INFO - Started process 4464 to run task
[2023-05-17T09:53:42.411+0000] {standard_task_runner.py:82} INFO - Running: ['***', 'tasks', 'run', 'age_check', 'age_check', 'scheduled__2022-09-10T00:00:00+00:00', '--job-id', '287', '--raw', '--subdir', 'DAGS_FOLDER/age.py', '--cfg-path', '/tmp/tmpeymd_3h8']
[2023-05-17T09:53:42.414+0000] {standard_task_runner.py:83} INFO - Job 287: Subtask age_check
[2023-05-17T09:53:42.548+0000] {task_command.py:388} INFO - Running <TaskInstance: age_check.age_check scheduled__2022-09-10T00:00:00+00:00 [running]> on host 242f95e3e8a8
[2023-05-17T09:53:42.671+0000] {taskinstance.py:1509} INFO - Exporting the following env vars:
AIRFLOW_CTX_DAG_OWNER=***
AIRFLOW_CTX_DAG_ID=age_check
AIRFLOW_CTX_TASK_ID=age_check
AIRFLOW_CTX_EXECUTION_DATE=2022-09-10T00:00:00+00:00
AIRFLOW_CTX_TRY_NUMBER=1
AIRFLOW_CTX_DAG_RUN_ID=scheduled__2022-09-10T00:00:00+00:00
[2023-05-17T09:53:42.703+0000] {taskinstance.py:1768} ERROR - Task failed with exception
Traceback (most recent call last):
  File "/home/airflow/.local/lib/python3.7/site-packages/airflow/operators/python.py", line 175, in execute
    return_value = self.execute_callable()
  File "/home/airflow/.local/lib/python3.7/site-packages/airflow/operators/python.py", line 192, in execute_callable
    return self.python_callable(*self.op_args, **self.op_kwargs)
  File "/opt/airflow/dags/age.py", line 35, in age_check
    birth_year = int(Variable.get('birth_year'))
  File "/home/airflow/.local/lib/python3.7/site-packages/airflow/models/variable.py", line 141, in get
    raise KeyError(f"Variable {key} does not exist")
KeyError: 'Variable birth_year does not exist'
[2023-05-17T09:53:42.727+0000] {taskinstance.py:1323} INFO - Marking task as UP_FOR_RETRY. dag_id=age_check, task_id=age_check, execution_date=20220910T000000, start_date=20230517T095342, end_date=20230517T095342
[2023-05-17T09:53:42.752+0000] {standard_task_runner.py:105} ERROR - Failed to execute job 287 for task age_check ('Variable birth_year does not exist'; 4464)
[2023-05-17T09:53:42.815+0000] {local_task_job.py:208} INFO - Task exited with return code 1
[2023-05-17T09:53:42.850+0000] {taskinstance.py:2578} INFO - 0 downstream tasks scheduled from follow-on schedule check
