[2023-04-19T12:37:59.962+0000] {taskinstance.py:1083} INFO - Dependencies all met for <TaskInstance: age_check.age_check scheduled__2022-09-11T00:00:00+00:00 [queued]>
[2023-04-19T12:37:59.998+0000] {taskinstance.py:1083} INFO - Dependencies all met for <TaskInstance: age_check.age_check scheduled__2022-09-11T00:00:00+00:00 [queued]>
[2023-04-19T12:37:59.999+0000] {taskinstance.py:1279} INFO - 
--------------------------------------------------------------------------------
[2023-04-19T12:38:00.001+0000] {taskinstance.py:1280} INFO - Starting attempt 1 of 4
[2023-04-19T12:38:00.001+0000] {taskinstance.py:1281} INFO - 
--------------------------------------------------------------------------------
[2023-04-19T12:38:00.049+0000] {taskinstance.py:1300} INFO - Executing <Task(PythonOperator): age_check> on 2022-09-11 00:00:00+00:00
[2023-04-19T12:38:00.098+0000] {standard_task_runner.py:55} INFO - Started process 21783 to run task
[2023-04-19T12:38:00.117+0000] {standard_task_runner.py:82} INFO - Running: ['***', 'tasks', 'run', 'age_check', 'age_check', 'scheduled__2022-09-11T00:00:00+00:00', '--job-id', '727', '--raw', '--subdir', 'DAGS_FOLDER/age.py', '--cfg-path', '/tmp/tmpapma8vx7']
[2023-04-19T12:38:00.126+0000] {standard_task_runner.py:83} INFO - Job 727: Subtask age_check
[2023-04-19T12:38:00.355+0000] {task_command.py:388} INFO - Running <TaskInstance: age_check.age_check scheduled__2022-09-11T00:00:00+00:00 [running]> on host fe34f61acbb3
[2023-04-19T12:38:00.478+0000] {taskinstance.py:1509} INFO - Exporting the following env vars:
AIRFLOW_CTX_DAG_OWNER=***
AIRFLOW_CTX_DAG_ID=age_check
AIRFLOW_CTX_TASK_ID=age_check
AIRFLOW_CTX_EXECUTION_DATE=2022-09-11T00:00:00+00:00
AIRFLOW_CTX_TRY_NUMBER=1
AIRFLOW_CTX_DAG_RUN_ID=scheduled__2022-09-11T00:00:00+00:00
[2023-04-19T12:38:00.500+0000] {taskinstance.py:1768} ERROR - Task failed with exception
Traceback (most recent call last):
  File "/home/airflow/.local/lib/python3.7/site-packages/airflow/operators/python.py", line 175, in execute
    return_value = self.execute_callable()
  File "/home/airflow/.local/lib/python3.7/site-packages/airflow/operators/python.py", line 192, in execute_callable
    return self.python_callable(*self.op_args, **self.op_kwargs)
  File "/opt/airflow/dags/age.py", line 35, in age_check
    birth_year = int(Variable.get('birth_year'))
  File "/home/airflow/.local/lib/python3.7/site-packages/airflow/models/variable.py", line 141, in get
    raise KeyError(f"Variable {key} does not exist")
KeyError: 'Variable birth_year does not exist'
[2023-04-19T12:38:00.518+0000] {taskinstance.py:1323} INFO - Marking task as UP_FOR_RETRY. dag_id=age_check, task_id=age_check, execution_date=20220911T000000, start_date=20230419T123759, end_date=20230419T123800
[2023-04-19T12:38:00.589+0000] {standard_task_runner.py:105} ERROR - Failed to execute job 727 for task age_check ('Variable birth_year does not exist'; 21783)
[2023-04-19T12:38:00.655+0000] {local_task_job.py:208} INFO - Task exited with return code 1
[2023-04-19T12:38:00.905+0000] {taskinstance.py:2578} INFO - 0 downstream tasks scheduled from follow-on schedule check
[2023-05-17T09:53:42.468+0000] {taskinstance.py:1083} INFO - Dependencies all met for <TaskInstance: age_check.age_check scheduled__2022-09-11T00:00:00+00:00 [queued]>
[2023-05-17T09:53:42.494+0000] {taskinstance.py:1083} INFO - Dependencies all met for <TaskInstance: age_check.age_check scheduled__2022-09-11T00:00:00+00:00 [queued]>
[2023-05-17T09:53:42.496+0000] {taskinstance.py:1279} INFO - 
--------------------------------------------------------------------------------
[2023-05-17T09:53:42.498+0000] {taskinstance.py:1280} INFO - Starting attempt 1 of 4
[2023-05-17T09:53:42.499+0000] {taskinstance.py:1281} INFO - 
--------------------------------------------------------------------------------
[2023-05-17T09:53:42.527+0000] {taskinstance.py:1300} INFO - Executing <Task(PythonOperator): age_check> on 2022-09-11 00:00:00+00:00
[2023-05-17T09:53:42.536+0000] {standard_task_runner.py:55} INFO - Started process 4466 to run task
[2023-05-17T09:53:42.553+0000] {standard_task_runner.py:82} INFO - Running: ['***', 'tasks', 'run', 'age_check', 'age_check', 'scheduled__2022-09-11T00:00:00+00:00', '--job-id', '289', '--raw', '--subdir', 'DAGS_FOLDER/age.py', '--cfg-path', '/tmp/tmp6lw3zutj']
[2023-05-17T09:53:42.555+0000] {standard_task_runner.py:83} INFO - Job 289: Subtask age_check
[2023-05-17T09:53:42.666+0000] {task_command.py:388} INFO - Running <TaskInstance: age_check.age_check scheduled__2022-09-11T00:00:00+00:00 [running]> on host 242f95e3e8a8
[2023-05-17T09:53:42.768+0000] {taskinstance.py:1509} INFO - Exporting the following env vars:
AIRFLOW_CTX_DAG_OWNER=***
AIRFLOW_CTX_DAG_ID=age_check
AIRFLOW_CTX_TASK_ID=age_check
AIRFLOW_CTX_EXECUTION_DATE=2022-09-11T00:00:00+00:00
AIRFLOW_CTX_TRY_NUMBER=1
AIRFLOW_CTX_DAG_RUN_ID=scheduled__2022-09-11T00:00:00+00:00
[2023-05-17T09:53:42.785+0000] {taskinstance.py:1768} ERROR - Task failed with exception
Traceback (most recent call last):
  File "/home/airflow/.local/lib/python3.7/site-packages/airflow/operators/python.py", line 175, in execute
    return_value = self.execute_callable()
  File "/home/airflow/.local/lib/python3.7/site-packages/airflow/operators/python.py", line 192, in execute_callable
    return self.python_callable(*self.op_args, **self.op_kwargs)
  File "/opt/airflow/dags/age.py", line 35, in age_check
    birth_year = int(Variable.get('birth_year'))
  File "/home/airflow/.local/lib/python3.7/site-packages/airflow/models/variable.py", line 141, in get
    raise KeyError(f"Variable {key} does not exist")
KeyError: 'Variable birth_year does not exist'
[2023-05-17T09:53:42.802+0000] {taskinstance.py:1323} INFO - Marking task as UP_FOR_RETRY. dag_id=age_check, task_id=age_check, execution_date=20220911T000000, start_date=20230517T095342, end_date=20230517T095342
[2023-05-17T09:53:42.819+0000] {standard_task_runner.py:105} ERROR - Failed to execute job 289 for task age_check ('Variable birth_year does not exist'; 4466)
[2023-05-17T09:53:42.881+0000] {local_task_job.py:208} INFO - Task exited with return code 1
[2023-05-17T09:53:42.922+0000] {taskinstance.py:2578} INFO - 0 downstream tasks scheduled from follow-on schedule check
