[2023-04-19T12:40:29.248+0000] {taskinstance.py:1083} INFO - Dependencies all met for <TaskInstance: age_check.age_check scheduled__2022-10-07T00:00:00+00:00 [queued]>
[2023-04-19T12:40:29.314+0000] {taskinstance.py:1083} INFO - Dependencies all met for <TaskInstance: age_check.age_check scheduled__2022-10-07T00:00:00+00:00 [queued]>
[2023-04-19T12:40:29.319+0000] {taskinstance.py:1279} INFO - 
--------------------------------------------------------------------------------
[2023-04-19T12:40:29.321+0000] {taskinstance.py:1280} INFO - Starting attempt 3 of 4
[2023-04-19T12:40:29.322+0000] {taskinstance.py:1281} INFO - 
--------------------------------------------------------------------------------
[2023-04-19T12:40:29.389+0000] {taskinstance.py:1300} INFO - Executing <Task(PythonOperator): age_check> on 2022-10-07 00:00:00+00:00
[2023-04-19T12:40:29.434+0000] {standard_task_runner.py:82} INFO - Running: ['***', 'tasks', 'run', 'age_check', 'age_check', 'scheduled__2022-10-07T00:00:00+00:00', '--job-id', '985', '--raw', '--subdir', 'DAGS_FOLDER/age.py', '--cfg-path', '/tmp/tmpeh62cn_b']
[2023-04-19T12:40:29.440+0000] {standard_task_runner.py:83} INFO - Job 985: Subtask age_check
[2023-04-19T12:40:29.447+0000] {standard_task_runner.py:55} INFO - Started process 22428 to run task
[2023-04-19T12:40:29.694+0000] {task_command.py:388} INFO - Running <TaskInstance: age_check.age_check scheduled__2022-10-07T00:00:00+00:00 [running]> on host fe34f61acbb3
[2023-04-19T12:40:29.969+0000] {taskinstance.py:1509} INFO - Exporting the following env vars:
AIRFLOW_CTX_DAG_OWNER=***
AIRFLOW_CTX_DAG_ID=age_check
AIRFLOW_CTX_TASK_ID=age_check
AIRFLOW_CTX_EXECUTION_DATE=2022-10-07T00:00:00+00:00
AIRFLOW_CTX_TRY_NUMBER=3
AIRFLOW_CTX_DAG_RUN_ID=scheduled__2022-10-07T00:00:00+00:00
[2023-04-19T12:40:30.001+0000] {taskinstance.py:1768} ERROR - Task failed with exception
Traceback (most recent call last):
  File "/home/airflow/.local/lib/python3.7/site-packages/airflow/operators/python.py", line 175, in execute
    return_value = self.execute_callable()
  File "/home/airflow/.local/lib/python3.7/site-packages/airflow/operators/python.py", line 192, in execute_callable
    return self.python_callable(*self.op_args, **self.op_kwargs)
  File "/opt/airflow/dags/age.py", line 35, in age_check
    birth_year = int(Variable.get('birth_year'))
  File "/home/airflow/.local/lib/python3.7/site-packages/airflow/models/variable.py", line 141, in get
    raise KeyError(f"Variable {key} does not exist")
KeyError: 'Variable birth_year does not exist'
[2023-04-19T12:40:30.072+0000] {taskinstance.py:1323} INFO - Marking task as UP_FOR_RETRY. dag_id=age_check, task_id=age_check, execution_date=20221007T000000, start_date=20230419T124029, end_date=20230419T124030
[2023-04-19T12:40:30.165+0000] {standard_task_runner.py:105} ERROR - Failed to execute job 985 for task age_check ('Variable birth_year does not exist'; 22428)
[2023-04-19T12:40:30.280+0000] {local_task_job.py:208} INFO - Task exited with return code 1
[2023-04-19T12:40:30.978+0000] {taskinstance.py:2578} INFO - 0 downstream tasks scheduled from follow-on schedule check
[2023-05-17T09:56:01.854+0000] {taskinstance.py:1083} INFO - Dependencies all met for <TaskInstance: age_check.age_check scheduled__2022-10-07T00:00:00+00:00 [queued]>
[2023-05-17T09:56:01.887+0000] {taskinstance.py:1083} INFO - Dependencies all met for <TaskInstance: age_check.age_check scheduled__2022-10-07T00:00:00+00:00 [queued]>
[2023-05-17T09:56:01.890+0000] {taskinstance.py:1279} INFO - 
--------------------------------------------------------------------------------
[2023-05-17T09:56:01.892+0000] {taskinstance.py:1280} INFO - Starting attempt 3 of 4
[2023-05-17T09:56:01.893+0000] {taskinstance.py:1281} INFO - 
--------------------------------------------------------------------------------
[2023-05-17T09:56:01.929+0000] {taskinstance.py:1300} INFO - Executing <Task(PythonOperator): age_check> on 2022-10-07 00:00:00+00:00
[2023-05-17T09:56:01.942+0000] {standard_task_runner.py:55} INFO - Started process 5081 to run task
[2023-05-17T09:56:01.973+0000] {standard_task_runner.py:82} INFO - Running: ['***', 'tasks', 'run', 'age_check', 'age_check', 'scheduled__2022-10-07T00:00:00+00:00', '--job-id', '536', '--raw', '--subdir', 'DAGS_FOLDER/age.py', '--cfg-path', '/tmp/tmpb55217kk']
[2023-05-17T09:56:01.982+0000] {standard_task_runner.py:83} INFO - Job 536: Subtask age_check
[2023-05-17T09:56:02.248+0000] {task_command.py:388} INFO - Running <TaskInstance: age_check.age_check scheduled__2022-10-07T00:00:00+00:00 [running]> on host 242f95e3e8a8
[2023-05-17T09:56:02.431+0000] {taskinstance.py:1509} INFO - Exporting the following env vars:
AIRFLOW_CTX_DAG_OWNER=***
AIRFLOW_CTX_DAG_ID=age_check
AIRFLOW_CTX_TASK_ID=age_check
AIRFLOW_CTX_EXECUTION_DATE=2022-10-07T00:00:00+00:00
AIRFLOW_CTX_TRY_NUMBER=3
AIRFLOW_CTX_DAG_RUN_ID=scheduled__2022-10-07T00:00:00+00:00
[2023-05-17T09:56:02.460+0000] {taskinstance.py:1768} ERROR - Task failed with exception
Traceback (most recent call last):
  File "/home/airflow/.local/lib/python3.7/site-packages/airflow/operators/python.py", line 175, in execute
    return_value = self.execute_callable()
  File "/home/airflow/.local/lib/python3.7/site-packages/airflow/operators/python.py", line 192, in execute_callable
    return self.python_callable(*self.op_args, **self.op_kwargs)
  File "/opt/airflow/dags/age.py", line 35, in age_check
    birth_year = int(Variable.get('birth_year'))
  File "/home/airflow/.local/lib/python3.7/site-packages/airflow/models/variable.py", line 141, in get
    raise KeyError(f"Variable {key} does not exist")
KeyError: 'Variable birth_year does not exist'
[2023-05-17T09:56:02.475+0000] {taskinstance.py:1323} INFO - Marking task as UP_FOR_RETRY. dag_id=age_check, task_id=age_check, execution_date=20221007T000000, start_date=20230517T095601, end_date=20230517T095602
[2023-05-17T09:56:02.501+0000] {standard_task_runner.py:105} ERROR - Failed to execute job 536 for task age_check ('Variable birth_year does not exist'; 5081)
[2023-05-17T09:56:02.522+0000] {local_task_job.py:208} INFO - Task exited with return code 1
[2023-05-17T09:56:02.588+0000] {taskinstance.py:2578} INFO - 0 downstream tasks scheduled from follow-on schedule check
