[2023-04-30T00:01:19.540+0000] {taskinstance.py:1083} INFO - Dependencies all met for <TaskInstance: age_check.age_check scheduled__2023-04-29T00:00:00+00:00 [queued]>
[2023-04-30T00:01:19.632+0000] {taskinstance.py:1083} INFO - Dependencies all met for <TaskInstance: age_check.age_check scheduled__2023-04-29T00:00:00+00:00 [queued]>
[2023-04-30T00:01:19.644+0000] {taskinstance.py:1279} INFO - 
--------------------------------------------------------------------------------
[2023-04-30T00:01:19.656+0000] {taskinstance.py:1280} INFO - Starting attempt 1 of 4
[2023-04-30T00:01:19.659+0000] {taskinstance.py:1281} INFO - 
--------------------------------------------------------------------------------
[2023-04-30T00:01:19.816+0000] {taskinstance.py:1300} INFO - Executing <Task(PythonOperator): age_check> on 2023-04-29 00:00:00+00:00
[2023-04-30T00:01:19.934+0000] {standard_task_runner.py:55} INFO - Started process 94710 to run task
[2023-04-30T00:01:20.085+0000] {standard_task_runner.py:82} INFO - Running: ['***', 'tasks', 'run', 'age_check', 'age_check', 'scheduled__2023-04-29T00:00:00+00:00', '--job-id', '4711', '--raw', '--subdir', 'DAGS_FOLDER/age.py', '--cfg-path', '/tmp/tmp402i17oa']
[2023-04-30T00:01:20.090+0000] {standard_task_runner.py:83} INFO - Job 4711: Subtask age_check
[2023-04-30T00:01:20.375+0000] {task_command.py:388} INFO - Running <TaskInstance: age_check.age_check scheduled__2023-04-29T00:00:00+00:00 [running]> on host fe34f61acbb3
[2023-04-30T00:01:20.928+0000] {taskinstance.py:1509} INFO - Exporting the following env vars:
AIRFLOW_CTX_DAG_OWNER=***
AIRFLOW_CTX_DAG_ID=age_check
AIRFLOW_CTX_TASK_ID=age_check
AIRFLOW_CTX_EXECUTION_DATE=2023-04-29T00:00:00+00:00
AIRFLOW_CTX_TRY_NUMBER=1
AIRFLOW_CTX_DAG_RUN_ID=scheduled__2023-04-29T00:00:00+00:00
[2023-04-30T00:01:21.001+0000] {taskinstance.py:1768} ERROR - Task failed with exception
Traceback (most recent call last):
  File "/home/airflow/.local/lib/python3.7/site-packages/airflow/operators/python.py", line 175, in execute
    return_value = self.execute_callable()
  File "/home/airflow/.local/lib/python3.7/site-packages/airflow/operators/python.py", line 192, in execute_callable
    return self.python_callable(*self.op_args, **self.op_kwargs)
  File "/opt/airflow/dags/age.py", line 35, in age_check
    birth_year = int(Variable.get('birth_year'))
  File "/home/airflow/.local/lib/python3.7/site-packages/airflow/models/variable.py", line 141, in get
    raise KeyError(f"Variable {key} does not exist")
KeyError: 'Variable birth_year does not exist'
[2023-04-30T00:01:21.281+0000] {taskinstance.py:1323} INFO - Marking task as UP_FOR_RETRY. dag_id=age_check, task_id=age_check, execution_date=20230429T000000, start_date=20230430T000119, end_date=20230430T000121
[2023-04-30T00:01:21.348+0000] {standard_task_runner.py:105} ERROR - Failed to execute job 4711 for task age_check ('Variable birth_year does not exist'; 94710)
[2023-04-30T00:01:21.917+0000] {local_task_job.py:208} INFO - Task exited with return code 1
[2023-04-30T00:01:22.158+0000] {taskinstance.py:2578} INFO - 0 downstream tasks scheduled from follow-on schedule check
[2023-05-20T21:51:33.025+0000] {taskinstance.py:1083} INFO - Dependencies all met for <TaskInstance: age_check.age_check scheduled__2023-04-29T00:00:00+00:00 [queued]>
[2023-05-20T21:51:33.050+0000] {taskinstance.py:1083} INFO - Dependencies all met for <TaskInstance: age_check.age_check scheduled__2023-04-29T00:00:00+00:00 [queued]>
[2023-05-20T21:51:33.052+0000] {taskinstance.py:1279} INFO - 
--------------------------------------------------------------------------------
[2023-05-20T21:51:33.053+0000] {taskinstance.py:1280} INFO - Starting attempt 1 of 4
[2023-05-20T21:51:33.054+0000] {taskinstance.py:1281} INFO - 
--------------------------------------------------------------------------------
[2023-05-20T21:51:33.080+0000] {taskinstance.py:1300} INFO - Executing <Task(PythonOperator): age_check> on 2023-04-29 00:00:00+00:00
[2023-05-20T21:51:33.090+0000] {standard_task_runner.py:55} INFO - Started process 2655 to run task
[2023-05-20T21:51:33.120+0000] {standard_task_runner.py:82} INFO - Running: ['***', 'tasks', 'run', 'age_check', 'age_check', 'scheduled__2023-04-29T00:00:00+00:00', '--job-id', '1973', '--raw', '--subdir', 'DAGS_FOLDER/age.py', '--cfg-path', '/tmp/tmpvizbd3c2']
[2023-05-20T21:51:33.148+0000] {standard_task_runner.py:83} INFO - Job 1973: Subtask age_check
[2023-05-20T21:51:33.378+0000] {task_command.py:388} INFO - Running <TaskInstance: age_check.age_check scheduled__2023-04-29T00:00:00+00:00 [running]> on host 242f95e3e8a8
[2023-05-20T21:51:33.565+0000] {taskinstance.py:1509} INFO - Exporting the following env vars:
AIRFLOW_CTX_DAG_OWNER=***
AIRFLOW_CTX_DAG_ID=age_check
AIRFLOW_CTX_TASK_ID=age_check
AIRFLOW_CTX_EXECUTION_DATE=2023-04-29T00:00:00+00:00
AIRFLOW_CTX_TRY_NUMBER=1
AIRFLOW_CTX_DAG_RUN_ID=scheduled__2023-04-29T00:00:00+00:00
[2023-05-20T21:51:33.590+0000] {taskinstance.py:1768} ERROR - Task failed with exception
Traceback (most recent call last):
  File "/home/airflow/.local/lib/python3.7/site-packages/airflow/operators/python.py", line 175, in execute
    return_value = self.execute_callable()
  File "/home/airflow/.local/lib/python3.7/site-packages/airflow/operators/python.py", line 192, in execute_callable
    return self.python_callable(*self.op_args, **self.op_kwargs)
  File "/opt/airflow/dags/age.py", line 35, in age_check
    birth_year = int(Variable.get('birth_year'))
  File "/home/airflow/.local/lib/python3.7/site-packages/airflow/models/variable.py", line 141, in get
    raise KeyError(f"Variable {key} does not exist")
KeyError: 'Variable birth_year does not exist'
[2023-05-20T21:51:33.617+0000] {taskinstance.py:1323} INFO - Marking task as UP_FOR_RETRY. dag_id=age_check, task_id=age_check, execution_date=20230429T000000, start_date=20230520T215133, end_date=20230520T215133
[2023-05-20T21:51:33.636+0000] {standard_task_runner.py:105} ERROR - Failed to execute job 1973 for task age_check ('Variable birth_year does not exist'; 2655)
[2023-05-20T21:51:33.725+0000] {local_task_job.py:208} INFO - Task exited with return code 1
[2023-05-20T21:51:33.816+0000] {taskinstance.py:2578} INFO - 0 downstream tasks scheduled from follow-on schedule check
