[2023-04-19T12:44:36.748+0000] {taskinstance.py:1083} INFO - Dependencies all met for <TaskInstance: age_check.age_check scheduled__2022-12-05T00:00:00+00:00 [queued]>
[2023-04-19T12:44:36.767+0000] {taskinstance.py:1083} INFO - Dependencies all met for <TaskInstance: age_check.age_check scheduled__2022-12-05T00:00:00+00:00 [queued]>
[2023-04-19T12:44:36.770+0000] {taskinstance.py:1279} INFO - 
--------------------------------------------------------------------------------
[2023-04-19T12:44:36.772+0000] {taskinstance.py:1280} INFO - Starting attempt 2 of 4
[2023-04-19T12:44:36.775+0000] {taskinstance.py:1281} INFO - 
--------------------------------------------------------------------------------
[2023-04-19T12:44:36.810+0000] {taskinstance.py:1300} INFO - Executing <Task(PythonOperator): age_check> on 2022-12-05 00:00:00+00:00
[2023-04-19T12:44:36.823+0000] {standard_task_runner.py:55} INFO - Started process 23477 to run task
[2023-04-19T12:44:36.826+0000] {standard_task_runner.py:82} INFO - Running: ['***', 'tasks', 'run', 'age_check', 'age_check', 'scheduled__2022-12-05T00:00:00+00:00', '--job-id', '1408', '--raw', '--subdir', 'DAGS_FOLDER/age.py', '--cfg-path', '/tmp/tmp22whpb7a']
[2023-04-19T12:44:36.830+0000] {standard_task_runner.py:83} INFO - Job 1408: Subtask age_check
[2023-04-19T12:44:36.907+0000] {task_command.py:388} INFO - Running <TaskInstance: age_check.age_check scheduled__2022-12-05T00:00:00+00:00 [running]> on host fe34f61acbb3
[2023-04-19T12:44:36.985+0000] {taskinstance.py:1509} INFO - Exporting the following env vars:
AIRFLOW_CTX_DAG_OWNER=***
AIRFLOW_CTX_DAG_ID=age_check
AIRFLOW_CTX_TASK_ID=age_check
AIRFLOW_CTX_EXECUTION_DATE=2022-12-05T00:00:00+00:00
AIRFLOW_CTX_TRY_NUMBER=2
AIRFLOW_CTX_DAG_RUN_ID=scheduled__2022-12-05T00:00:00+00:00
[2023-04-19T12:44:36.999+0000] {taskinstance.py:1768} ERROR - Task failed with exception
Traceback (most recent call last):
  File "/home/airflow/.local/lib/python3.7/site-packages/airflow/operators/python.py", line 175, in execute
    return_value = self.execute_callable()
  File "/home/airflow/.local/lib/python3.7/site-packages/airflow/operators/python.py", line 192, in execute_callable
    return self.python_callable(*self.op_args, **self.op_kwargs)
  File "/opt/airflow/dags/age.py", line 35, in age_check
    birth_year = int(Variable.get('birth_year'))
  File "/home/airflow/.local/lib/python3.7/site-packages/airflow/models/variable.py", line 141, in get
    raise KeyError(f"Variable {key} does not exist")
KeyError: 'Variable birth_year does not exist'
[2023-04-19T12:44:37.038+0000] {taskinstance.py:1323} INFO - Marking task as UP_FOR_RETRY. dag_id=age_check, task_id=age_check, execution_date=20221205T000000, start_date=20230419T124436, end_date=20230419T124437
[2023-04-19T12:44:37.052+0000] {standard_task_runner.py:105} ERROR - Failed to execute job 1408 for task age_check ('Variable birth_year does not exist'; 23477)
[2023-04-19T12:44:37.083+0000] {local_task_job.py:208} INFO - Task exited with return code 1
[2023-04-19T12:44:37.117+0000] {taskinstance.py:2578} INFO - 0 downstream tasks scheduled from follow-on schedule check
[2023-05-20T20:55:56.643+0000] {taskinstance.py:1083} INFO - Dependencies all met for <TaskInstance: age_check.age_check scheduled__2022-12-05T00:00:00+00:00 [queued]>
[2023-05-20T20:55:56.653+0000] {taskinstance.py:1083} INFO - Dependencies all met for <TaskInstance: age_check.age_check scheduled__2022-12-05T00:00:00+00:00 [queued]>
[2023-05-20T20:55:56.655+0000] {taskinstance.py:1279} INFO - 
--------------------------------------------------------------------------------
[2023-05-20T20:55:56.655+0000] {taskinstance.py:1280} INFO - Starting attempt 2 of 4
[2023-05-20T20:55:56.656+0000] {taskinstance.py:1281} INFO - 
--------------------------------------------------------------------------------
[2023-05-20T20:55:56.680+0000] {taskinstance.py:1300} INFO - Executing <Task(PythonOperator): age_check> on 2022-12-05 00:00:00+00:00
[2023-05-20T20:55:56.688+0000] {standard_task_runner.py:55} INFO - Started process 145 to run task
[2023-05-20T20:55:56.695+0000] {standard_task_runner.py:82} INFO - Running: ['***', 'tasks', 'run', 'age_check', 'age_check', 'scheduled__2022-12-05T00:00:00+00:00', '--job-id', '944', '--raw', '--subdir', 'DAGS_FOLDER/age.py', '--cfg-path', '/tmp/tmpwbr94ytm']
[2023-05-20T20:55:56.697+0000] {standard_task_runner.py:83} INFO - Job 944: Subtask age_check
[2023-05-20T20:55:56.816+0000] {task_command.py:388} INFO - Running <TaskInstance: age_check.age_check scheduled__2022-12-05T00:00:00+00:00 [running]> on host 242f95e3e8a8
[2023-05-20T20:55:56.908+0000] {taskinstance.py:1509} INFO - Exporting the following env vars:
AIRFLOW_CTX_DAG_OWNER=***
AIRFLOW_CTX_DAG_ID=age_check
AIRFLOW_CTX_TASK_ID=age_check
AIRFLOW_CTX_EXECUTION_DATE=2022-12-05T00:00:00+00:00
AIRFLOW_CTX_TRY_NUMBER=2
AIRFLOW_CTX_DAG_RUN_ID=scheduled__2022-12-05T00:00:00+00:00
[2023-05-20T20:55:56.917+0000] {taskinstance.py:1768} ERROR - Task failed with exception
Traceback (most recent call last):
  File "/home/airflow/.local/lib/python3.7/site-packages/airflow/operators/python.py", line 175, in execute
    return_value = self.execute_callable()
  File "/home/airflow/.local/lib/python3.7/site-packages/airflow/operators/python.py", line 192, in execute_callable
    return self.python_callable(*self.op_args, **self.op_kwargs)
  File "/opt/airflow/dags/age.py", line 35, in age_check
    birth_year = int(Variable.get('birth_year'))
  File "/home/airflow/.local/lib/python3.7/site-packages/airflow/models/variable.py", line 141, in get
    raise KeyError(f"Variable {key} does not exist")
KeyError: 'Variable birth_year does not exist'
[2023-05-20T20:55:56.944+0000] {taskinstance.py:1323} INFO - Marking task as UP_FOR_RETRY. dag_id=age_check, task_id=age_check, execution_date=20221205T000000, start_date=20230520T205556, end_date=20230520T205556
[2023-05-20T20:55:56.969+0000] {standard_task_runner.py:105} ERROR - Failed to execute job 944 for task age_check ('Variable birth_year does not exist'; 145)
[2023-05-20T20:55:57.026+0000] {local_task_job.py:208} INFO - Task exited with return code 1
[2023-05-20T20:55:57.059+0000] {taskinstance.py:2578} INFO - 0 downstream tasks scheduled from follow-on schedule check
