[2023-04-19T12:39:23.784+0000] {taskinstance.py:1083} INFO - Dependencies all met for <TaskInstance: age_check.age_check scheduled__2022-09-19T00:00:00+00:00 [queued]>
[2023-04-19T12:39:23.836+0000] {taskinstance.py:1083} INFO - Dependencies all met for <TaskInstance: age_check.age_check scheduled__2022-09-19T00:00:00+00:00 [queued]>
[2023-04-19T12:39:23.838+0000] {taskinstance.py:1279} INFO - 
--------------------------------------------------------------------------------
[2023-04-19T12:39:23.838+0000] {taskinstance.py:1280} INFO - Starting attempt 3 of 4
[2023-04-19T12:39:23.839+0000] {taskinstance.py:1281} INFO - 
--------------------------------------------------------------------------------
[2023-04-19T12:39:23.896+0000] {taskinstance.py:1300} INFO - Executing <Task(PythonOperator): age_check> on 2022-09-19 00:00:00+00:00
[2023-04-19T12:39:23.923+0000] {standard_task_runner.py:55} INFO - Started process 22146 to run task
[2023-04-19T12:39:23.934+0000] {standard_task_runner.py:82} INFO - Running: ['***', 'tasks', 'run', 'age_check', 'age_check', 'scheduled__2022-09-19T00:00:00+00:00', '--job-id', '871', '--raw', '--subdir', 'DAGS_FOLDER/age.py', '--cfg-path', '/tmp/tmpa5ev5fve']
[2023-04-19T12:39:23.943+0000] {standard_task_runner.py:83} INFO - Job 871: Subtask age_check
[2023-04-19T12:39:24.150+0000] {task_command.py:388} INFO - Running <TaskInstance: age_check.age_check scheduled__2022-09-19T00:00:00+00:00 [running]> on host fe34f61acbb3
[2023-04-19T12:39:24.521+0000] {taskinstance.py:1509} INFO - Exporting the following env vars:
AIRFLOW_CTX_DAG_OWNER=***
AIRFLOW_CTX_DAG_ID=age_check
AIRFLOW_CTX_TASK_ID=age_check
AIRFLOW_CTX_EXECUTION_DATE=2022-09-19T00:00:00+00:00
AIRFLOW_CTX_TRY_NUMBER=3
AIRFLOW_CTX_DAG_RUN_ID=scheduled__2022-09-19T00:00:00+00:00
[2023-04-19T12:39:24.548+0000] {taskinstance.py:1768} ERROR - Task failed with exception
Traceback (most recent call last):
  File "/home/airflow/.local/lib/python3.7/site-packages/airflow/operators/python.py", line 175, in execute
    return_value = self.execute_callable()
  File "/home/airflow/.local/lib/python3.7/site-packages/airflow/operators/python.py", line 192, in execute_callable
    return self.python_callable(*self.op_args, **self.op_kwargs)
  File "/opt/airflow/dags/age.py", line 35, in age_check
    birth_year = int(Variable.get('birth_year'))
  File "/home/airflow/.local/lib/python3.7/site-packages/airflow/models/variable.py", line 141, in get
    raise KeyError(f"Variable {key} does not exist")
KeyError: 'Variable birth_year does not exist'
[2023-04-19T12:39:24.585+0000] {taskinstance.py:1323} INFO - Marking task as UP_FOR_RETRY. dag_id=age_check, task_id=age_check, execution_date=20220919T000000, start_date=20230419T123923, end_date=20230419T123924
[2023-04-19T12:39:24.604+0000] {standard_task_runner.py:105} ERROR - Failed to execute job 871 for task age_check ('Variable birth_year does not exist'; 22146)
[2023-04-19T12:39:24.654+0000] {local_task_job.py:208} INFO - Task exited with return code 1
[2023-04-19T12:39:24.808+0000] {taskinstance.py:2578} INFO - 0 downstream tasks scheduled from follow-on schedule check
[2023-05-17T09:55:01.498+0000] {taskinstance.py:1083} INFO - Dependencies all met for <TaskInstance: age_check.age_check scheduled__2022-09-19T00:00:00+00:00 [queued]>
[2023-05-17T09:55:01.513+0000] {taskinstance.py:1083} INFO - Dependencies all met for <TaskInstance: age_check.age_check scheduled__2022-09-19T00:00:00+00:00 [queued]>
[2023-05-17T09:55:01.514+0000] {taskinstance.py:1279} INFO - 
--------------------------------------------------------------------------------
[2023-05-17T09:55:01.515+0000] {taskinstance.py:1280} INFO - Starting attempt 3 of 4
[2023-05-17T09:55:01.517+0000] {taskinstance.py:1281} INFO - 
--------------------------------------------------------------------------------
[2023-05-17T09:55:01.541+0000] {taskinstance.py:1300} INFO - Executing <Task(PythonOperator): age_check> on 2022-09-19 00:00:00+00:00
[2023-05-17T09:55:01.546+0000] {standard_task_runner.py:55} INFO - Started process 4797 to run task
[2023-05-17T09:55:01.550+0000] {standard_task_runner.py:82} INFO - Running: ['***', 'tasks', 'run', 'age_check', 'age_check', 'scheduled__2022-09-19T00:00:00+00:00', '--job-id', '424', '--raw', '--subdir', 'DAGS_FOLDER/age.py', '--cfg-path', '/tmp/tmpd012yj0i']
[2023-05-17T09:55:01.553+0000] {standard_task_runner.py:83} INFO - Job 424: Subtask age_check
[2023-05-17T09:55:01.680+0000] {task_command.py:388} INFO - Running <TaskInstance: age_check.age_check scheduled__2022-09-19T00:00:00+00:00 [running]> on host 242f95e3e8a8
[2023-05-17T09:55:01.817+0000] {taskinstance.py:1509} INFO - Exporting the following env vars:
AIRFLOW_CTX_DAG_OWNER=***
AIRFLOW_CTX_DAG_ID=age_check
AIRFLOW_CTX_TASK_ID=age_check
AIRFLOW_CTX_EXECUTION_DATE=2022-09-19T00:00:00+00:00
AIRFLOW_CTX_TRY_NUMBER=3
AIRFLOW_CTX_DAG_RUN_ID=scheduled__2022-09-19T00:00:00+00:00
[2023-05-17T09:55:01.835+0000] {taskinstance.py:1768} ERROR - Task failed with exception
Traceback (most recent call last):
  File "/home/airflow/.local/lib/python3.7/site-packages/airflow/operators/python.py", line 175, in execute
    return_value = self.execute_callable()
  File "/home/airflow/.local/lib/python3.7/site-packages/airflow/operators/python.py", line 192, in execute_callable
    return self.python_callable(*self.op_args, **self.op_kwargs)
  File "/opt/airflow/dags/age.py", line 35, in age_check
    birth_year = int(Variable.get('birth_year'))
  File "/home/airflow/.local/lib/python3.7/site-packages/airflow/models/variable.py", line 141, in get
    raise KeyError(f"Variable {key} does not exist")
KeyError: 'Variable birth_year does not exist'
[2023-05-17T09:55:01.852+0000] {taskinstance.py:1323} INFO - Marking task as UP_FOR_RETRY. dag_id=age_check, task_id=age_check, execution_date=20220919T000000, start_date=20230517T095501, end_date=20230517T095501
[2023-05-17T09:55:01.883+0000] {standard_task_runner.py:105} ERROR - Failed to execute job 424 for task age_check ('Variable birth_year does not exist'; 4797)
[2023-05-17T09:55:01.940+0000] {local_task_job.py:208} INFO - Task exited with return code 1
[2023-05-17T09:55:01.970+0000] {taskinstance.py:2578} INFO - 0 downstream tasks scheduled from follow-on schedule check
