[2023-04-19T12:37:08.445+0000] {taskinstance.py:1083} INFO - Dependencies all met for <TaskInstance: age_check.age_check scheduled__2022-08-21T00:00:00+00:00 [queued]>
[2023-04-19T12:37:08.455+0000] {taskinstance.py:1083} INFO - Dependencies all met for <TaskInstance: age_check.age_check scheduled__2022-08-21T00:00:00+00:00 [queued]>
[2023-04-19T12:37:08.456+0000] {taskinstance.py:1279} INFO - 
--------------------------------------------------------------------------------
[2023-04-19T12:37:08.457+0000] {taskinstance.py:1280} INFO - Starting attempt 2 of 4
[2023-04-19T12:37:08.458+0000] {taskinstance.py:1281} INFO - 
--------------------------------------------------------------------------------
[2023-04-19T12:37:08.468+0000] {taskinstance.py:1300} INFO - Executing <Task(PythonOperator): age_check> on 2022-08-21 00:00:00+00:00
[2023-04-19T12:37:08.473+0000] {standard_task_runner.py:55} INFO - Started process 21537 to run task
[2023-04-19T12:37:08.476+0000] {standard_task_runner.py:82} INFO - Running: ['***', 'tasks', 'run', 'age_check', 'age_check', 'scheduled__2022-08-21T00:00:00+00:00', '--job-id', '625', '--raw', '--subdir', 'DAGS_FOLDER/age.py', '--cfg-path', '/tmp/tmp7ynk0fqa']
[2023-04-19T12:37:08.477+0000] {standard_task_runner.py:83} INFO - Job 625: Subtask age_check
[2023-04-19T12:37:08.536+0000] {task_command.py:388} INFO - Running <TaskInstance: age_check.age_check scheduled__2022-08-21T00:00:00+00:00 [running]> on host fe34f61acbb3
[2023-04-19T12:37:08.590+0000] {taskinstance.py:1509} INFO - Exporting the following env vars:
AIRFLOW_CTX_DAG_OWNER=***
AIRFLOW_CTX_DAG_ID=age_check
AIRFLOW_CTX_TASK_ID=age_check
AIRFLOW_CTX_EXECUTION_DATE=2022-08-21T00:00:00+00:00
AIRFLOW_CTX_TRY_NUMBER=2
AIRFLOW_CTX_DAG_RUN_ID=scheduled__2022-08-21T00:00:00+00:00
[2023-04-19T12:37:08.606+0000] {taskinstance.py:1768} ERROR - Task failed with exception
Traceback (most recent call last):
  File "/home/airflow/.local/lib/python3.7/site-packages/airflow/operators/python.py", line 175, in execute
    return_value = self.execute_callable()
  File "/home/airflow/.local/lib/python3.7/site-packages/airflow/operators/python.py", line 192, in execute_callable
    return self.python_callable(*self.op_args, **self.op_kwargs)
  File "/opt/airflow/dags/age.py", line 35, in age_check
    birth_year = int(Variable.get('birth_year'))
  File "/home/airflow/.local/lib/python3.7/site-packages/airflow/models/variable.py", line 141, in get
    raise KeyError(f"Variable {key} does not exist")
KeyError: 'Variable birth_year does not exist'
[2023-04-19T12:37:08.628+0000] {taskinstance.py:1323} INFO - Marking task as UP_FOR_RETRY. dag_id=age_check, task_id=age_check, execution_date=20220821T000000, start_date=20230419T123708, end_date=20230419T123708
[2023-04-19T12:37:08.637+0000] {standard_task_runner.py:105} ERROR - Failed to execute job 625 for task age_check ('Variable birth_year does not exist'; 21537)
[2023-04-19T12:37:08.648+0000] {local_task_job.py:208} INFO - Task exited with return code 1
[2023-04-19T12:37:08.669+0000] {taskinstance.py:2578} INFO - 0 downstream tasks scheduled from follow-on schedule check
[2023-05-17T09:52:51.308+0000] {taskinstance.py:1083} INFO - Dependencies all met for <TaskInstance: age_check.age_check scheduled__2022-08-21T00:00:00+00:00 [queued]>
[2023-05-17T09:52:51.345+0000] {taskinstance.py:1083} INFO - Dependencies all met for <TaskInstance: age_check.age_check scheduled__2022-08-21T00:00:00+00:00 [queued]>
[2023-05-17T09:52:51.349+0000] {taskinstance.py:1279} INFO - 
--------------------------------------------------------------------------------
[2023-05-17T09:52:51.354+0000] {taskinstance.py:1280} INFO - Starting attempt 2 of 4
[2023-05-17T09:52:51.355+0000] {taskinstance.py:1281} INFO - 
--------------------------------------------------------------------------------
[2023-05-17T09:52:51.379+0000] {taskinstance.py:1300} INFO - Executing <Task(PythonOperator): age_check> on 2022-08-21 00:00:00+00:00
[2023-05-17T09:52:51.394+0000] {standard_task_runner.py:55} INFO - Started process 4226 to run task
[2023-05-17T09:52:51.407+0000] {standard_task_runner.py:82} INFO - Running: ['***', 'tasks', 'run', 'age_check', 'age_check', 'scheduled__2022-08-21T00:00:00+00:00', '--job-id', '190', '--raw', '--subdir', 'DAGS_FOLDER/age.py', '--cfg-path', '/tmp/tmp_xxiic6i']
[2023-05-17T09:52:51.409+0000] {standard_task_runner.py:83} INFO - Job 190: Subtask age_check
[2023-05-17T09:52:51.553+0000] {task_command.py:388} INFO - Running <TaskInstance: age_check.age_check scheduled__2022-08-21T00:00:00+00:00 [running]> on host 242f95e3e8a8
[2023-05-17T09:52:51.668+0000] {taskinstance.py:1509} INFO - Exporting the following env vars:
AIRFLOW_CTX_DAG_OWNER=***
AIRFLOW_CTX_DAG_ID=age_check
AIRFLOW_CTX_TASK_ID=age_check
AIRFLOW_CTX_EXECUTION_DATE=2022-08-21T00:00:00+00:00
AIRFLOW_CTX_TRY_NUMBER=2
AIRFLOW_CTX_DAG_RUN_ID=scheduled__2022-08-21T00:00:00+00:00
[2023-05-17T09:52:51.692+0000] {taskinstance.py:1768} ERROR - Task failed with exception
Traceback (most recent call last):
  File "/home/airflow/.local/lib/python3.7/site-packages/airflow/operators/python.py", line 175, in execute
    return_value = self.execute_callable()
  File "/home/airflow/.local/lib/python3.7/site-packages/airflow/operators/python.py", line 192, in execute_callable
    return self.python_callable(*self.op_args, **self.op_kwargs)
  File "/opt/airflow/dags/age.py", line 35, in age_check
    birth_year = int(Variable.get('birth_year'))
  File "/home/airflow/.local/lib/python3.7/site-packages/airflow/models/variable.py", line 141, in get
    raise KeyError(f"Variable {key} does not exist")
KeyError: 'Variable birth_year does not exist'
[2023-05-17T09:52:51.709+0000] {taskinstance.py:1323} INFO - Marking task as UP_FOR_RETRY. dag_id=age_check, task_id=age_check, execution_date=20220821T000000, start_date=20230517T095251, end_date=20230517T095251
[2023-05-17T09:52:51.727+0000] {standard_task_runner.py:105} ERROR - Failed to execute job 190 for task age_check ('Variable birth_year does not exist'; 4226)
[2023-05-17T09:52:51.787+0000] {local_task_job.py:208} INFO - Task exited with return code 1
[2023-05-17T09:52:51.880+0000] {taskinstance.py:2578} INFO - 0 downstream tasks scheduled from follow-on schedule check
