[2023-04-19T12:43:24.421+0000] {taskinstance.py:1083} INFO - Dependencies all met for <TaskInstance: age_check.age_check scheduled__2022-11-30T00:00:00+00:00 [queued]>
[2023-04-19T12:43:24.464+0000] {taskinstance.py:1083} INFO - Dependencies all met for <TaskInstance: age_check.age_check scheduled__2022-11-30T00:00:00+00:00 [queued]>
[2023-04-19T12:43:24.466+0000] {taskinstance.py:1279} INFO - 
--------------------------------------------------------------------------------
[2023-04-19T12:43:24.467+0000] {taskinstance.py:1280} INFO - Starting attempt 1 of 4
[2023-04-19T12:43:24.467+0000] {taskinstance.py:1281} INFO - 
--------------------------------------------------------------------------------
[2023-04-19T12:43:24.514+0000] {taskinstance.py:1300} INFO - Executing <Task(PythonOperator): age_check> on 2022-11-30 00:00:00+00:00
[2023-04-19T12:43:24.531+0000] {standard_task_runner.py:55} INFO - Started process 23175 to run task
[2023-04-19T12:43:24.556+0000] {standard_task_runner.py:82} INFO - Running: ['***', 'tasks', 'run', 'age_check', 'age_check', 'scheduled__2022-11-30T00:00:00+00:00', '--job-id', '1287', '--raw', '--subdir', 'DAGS_FOLDER/age.py', '--cfg-path', '/tmp/tmp8p2u1hgz']
[2023-04-19T12:43:24.569+0000] {standard_task_runner.py:83} INFO - Job 1287: Subtask age_check
[2023-04-19T12:43:24.721+0000] {task_command.py:388} INFO - Running <TaskInstance: age_check.age_check scheduled__2022-11-30T00:00:00+00:00 [running]> on host fe34f61acbb3
[2023-04-19T12:43:24.957+0000] {taskinstance.py:1509} INFO - Exporting the following env vars:
AIRFLOW_CTX_DAG_OWNER=***
AIRFLOW_CTX_DAG_ID=age_check
AIRFLOW_CTX_TASK_ID=age_check
AIRFLOW_CTX_EXECUTION_DATE=2022-11-30T00:00:00+00:00
AIRFLOW_CTX_TRY_NUMBER=1
AIRFLOW_CTX_DAG_RUN_ID=scheduled__2022-11-30T00:00:00+00:00
[2023-04-19T12:43:24.975+0000] {taskinstance.py:1768} ERROR - Task failed with exception
Traceback (most recent call last):
  File "/home/airflow/.local/lib/python3.7/site-packages/airflow/operators/python.py", line 175, in execute
    return_value = self.execute_callable()
  File "/home/airflow/.local/lib/python3.7/site-packages/airflow/operators/python.py", line 192, in execute_callable
    return self.python_callable(*self.op_args, **self.op_kwargs)
  File "/opt/airflow/dags/age.py", line 35, in age_check
    birth_year = int(Variable.get('birth_year'))
  File "/home/airflow/.local/lib/python3.7/site-packages/airflow/models/variable.py", line 141, in get
    raise KeyError(f"Variable {key} does not exist")
KeyError: 'Variable birth_year does not exist'
[2023-04-19T12:43:25.040+0000] {taskinstance.py:1323} INFO - Marking task as UP_FOR_RETRY. dag_id=age_check, task_id=age_check, execution_date=20221130T000000, start_date=20230419T124324, end_date=20230419T124325
[2023-04-19T12:43:25.073+0000] {standard_task_runner.py:105} ERROR - Failed to execute job 1287 for task age_check ('Variable birth_year does not exist'; 23175)
[2023-04-19T12:43:25.125+0000] {local_task_job.py:208} INFO - Task exited with return code 1
[2023-04-19T12:43:25.165+0000] {taskinstance.py:2578} INFO - 0 downstream tasks scheduled from follow-on schedule check
[2023-05-17T10:15:12.536+0000] {taskinstance.py:1083} INFO - Dependencies all met for <TaskInstance: age_check.age_check scheduled__2022-11-30T00:00:00+00:00 [queued]>
[2023-05-17T10:15:12.562+0000] {taskinstance.py:1083} INFO - Dependencies all met for <TaskInstance: age_check.age_check scheduled__2022-11-30T00:00:00+00:00 [queued]>
[2023-05-17T10:15:12.574+0000] {taskinstance.py:1279} INFO - 
--------------------------------------------------------------------------------
[2023-05-17T10:15:12.575+0000] {taskinstance.py:1280} INFO - Starting attempt 1 of 4
[2023-05-17T10:15:12.576+0000] {taskinstance.py:1281} INFO - 
--------------------------------------------------------------------------------
[2023-05-17T10:15:12.603+0000] {taskinstance.py:1300} INFO - Executing <Task(PythonOperator): age_check> on 2022-11-30 00:00:00+00:00
[2023-05-17T10:15:12.609+0000] {standard_task_runner.py:55} INFO - Started process 5847 to run task
[2023-05-17T10:15:12.618+0000] {standard_task_runner.py:82} INFO - Running: ['***', 'tasks', 'run', 'age_check', 'age_check', 'scheduled__2022-11-30T00:00:00+00:00', '--job-id', '849', '--raw', '--subdir', 'DAGS_FOLDER/age.py', '--cfg-path', '/tmp/tmpww86gjs2']
[2023-05-17T10:15:12.636+0000] {standard_task_runner.py:83} INFO - Job 849: Subtask age_check
[2023-05-17T10:15:12.737+0000] {task_command.py:388} INFO - Running <TaskInstance: age_check.age_check scheduled__2022-11-30T00:00:00+00:00 [running]> on host 242f95e3e8a8
[2023-05-17T10:15:12.911+0000] {taskinstance.py:1509} INFO - Exporting the following env vars:
AIRFLOW_CTX_DAG_OWNER=***
AIRFLOW_CTX_DAG_ID=age_check
AIRFLOW_CTX_TASK_ID=age_check
AIRFLOW_CTX_EXECUTION_DATE=2022-11-30T00:00:00+00:00
AIRFLOW_CTX_TRY_NUMBER=1
AIRFLOW_CTX_DAG_RUN_ID=scheduled__2022-11-30T00:00:00+00:00
[2023-05-17T10:15:12.939+0000] {taskinstance.py:1768} ERROR - Task failed with exception
Traceback (most recent call last):
  File "/home/airflow/.local/lib/python3.7/site-packages/airflow/operators/python.py", line 175, in execute
    return_value = self.execute_callable()
  File "/home/airflow/.local/lib/python3.7/site-packages/airflow/operators/python.py", line 192, in execute_callable
    return self.python_callable(*self.op_args, **self.op_kwargs)
  File "/opt/airflow/dags/age.py", line 35, in age_check
    birth_year = int(Variable.get('birth_year'))
  File "/home/airflow/.local/lib/python3.7/site-packages/airflow/models/variable.py", line 141, in get
    raise KeyError(f"Variable {key} does not exist")
KeyError: 'Variable birth_year does not exist'
[2023-05-17T10:15:12.990+0000] {taskinstance.py:1323} INFO - Marking task as UP_FOR_RETRY. dag_id=age_check, task_id=age_check, execution_date=20221130T000000, start_date=20230517T101512, end_date=20230517T101512
[2023-05-17T10:15:13.014+0000] {standard_task_runner.py:105} ERROR - Failed to execute job 849 for task age_check ('Variable birth_year does not exist'; 5847)
[2023-05-17T10:15:13.078+0000] {local_task_job.py:208} INFO - Task exited with return code 1
[2023-05-17T10:15:13.131+0000] {taskinstance.py:2578} INFO - 0 downstream tasks scheduled from follow-on schedule check
