[2023-04-19T12:38:31.339+0000] {taskinstance.py:1083} INFO - Dependencies all met for <TaskInstance: age_check.age_check scheduled__2022-09-02T00:00:00+00:00 [queued]>
[2023-04-19T12:38:31.351+0000] {taskinstance.py:1083} INFO - Dependencies all met for <TaskInstance: age_check.age_check scheduled__2022-09-02T00:00:00+00:00 [queued]>
[2023-04-19T12:38:31.354+0000] {taskinstance.py:1279} INFO - 
--------------------------------------------------------------------------------
[2023-04-19T12:38:31.355+0000] {taskinstance.py:1280} INFO - Starting attempt 4 of 4
[2023-04-19T12:38:31.357+0000] {taskinstance.py:1281} INFO - 
--------------------------------------------------------------------------------
[2023-04-19T12:38:31.379+0000] {taskinstance.py:1300} INFO - Executing <Task(PythonOperator): age_check> on 2022-09-02 00:00:00+00:00
[2023-04-19T12:38:31.389+0000] {standard_task_runner.py:55} INFO - Started process 21902 to run task
[2023-04-19T12:38:31.394+0000] {standard_task_runner.py:82} INFO - Running: ['***', 'tasks', 'run', 'age_check', 'age_check', 'scheduled__2022-09-02T00:00:00+00:00', '--job-id', '772', '--raw', '--subdir', 'DAGS_FOLDER/age.py', '--cfg-path', '/tmp/tmprb5xet4_']
[2023-04-19T12:38:31.396+0000] {standard_task_runner.py:83} INFO - Job 772: Subtask age_check
[2023-04-19T12:38:31.465+0000] {task_command.py:388} INFO - Running <TaskInstance: age_check.age_check scheduled__2022-09-02T00:00:00+00:00 [running]> on host fe34f61acbb3
[2023-04-19T12:38:31.559+0000] {taskinstance.py:1509} INFO - Exporting the following env vars:
AIRFLOW_CTX_DAG_OWNER=***
AIRFLOW_CTX_DAG_ID=age_check
AIRFLOW_CTX_TASK_ID=age_check
AIRFLOW_CTX_EXECUTION_DATE=2022-09-02T00:00:00+00:00
AIRFLOW_CTX_TRY_NUMBER=4
AIRFLOW_CTX_DAG_RUN_ID=scheduled__2022-09-02T00:00:00+00:00
[2023-04-19T12:38:31.567+0000] {taskinstance.py:1768} ERROR - Task failed with exception
Traceback (most recent call last):
  File "/home/airflow/.local/lib/python3.7/site-packages/airflow/operators/python.py", line 175, in execute
    return_value = self.execute_callable()
  File "/home/airflow/.local/lib/python3.7/site-packages/airflow/operators/python.py", line 192, in execute_callable
    return self.python_callable(*self.op_args, **self.op_kwargs)
  File "/opt/airflow/dags/age.py", line 35, in age_check
    birth_year = int(Variable.get('birth_year'))
  File "/home/airflow/.local/lib/python3.7/site-packages/airflow/models/variable.py", line 141, in get
    raise KeyError(f"Variable {key} does not exist")
KeyError: 'Variable birth_year does not exist'
[2023-04-19T12:38:31.596+0000] {taskinstance.py:1323} INFO - Marking task as FAILED. dag_id=age_check, task_id=age_check, execution_date=20220902T000000, start_date=20230419T123831, end_date=20230419T123831
[2023-04-19T12:38:31.608+0000] {standard_task_runner.py:105} ERROR - Failed to execute job 772 for task age_check ('Variable birth_year does not exist'; 21902)
[2023-04-19T12:38:31.622+0000] {local_task_job.py:208} INFO - Task exited with return code 1
[2023-04-19T12:38:31.643+0000] {taskinstance.py:2578} INFO - 0 downstream tasks scheduled from follow-on schedule check
[2023-05-17T09:54:12.497+0000] {taskinstance.py:1083} INFO - Dependencies all met for <TaskInstance: age_check.age_check scheduled__2022-09-02T00:00:00+00:00 [queued]>
[2023-05-17T09:54:12.506+0000] {taskinstance.py:1083} INFO - Dependencies all met for <TaskInstance: age_check.age_check scheduled__2022-09-02T00:00:00+00:00 [queued]>
[2023-05-17T09:54:12.507+0000] {taskinstance.py:1279} INFO - 
--------------------------------------------------------------------------------
[2023-05-17T09:54:12.508+0000] {taskinstance.py:1280} INFO - Starting attempt 4 of 4
[2023-05-17T09:54:12.509+0000] {taskinstance.py:1281} INFO - 
--------------------------------------------------------------------------------
[2023-05-17T09:54:12.523+0000] {taskinstance.py:1300} INFO - Executing <Task(PythonOperator): age_check> on 2022-09-02 00:00:00+00:00
[2023-05-17T09:54:12.531+0000] {standard_task_runner.py:55} INFO - Started process 4566 to run task
[2023-05-17T09:54:12.536+0000] {standard_task_runner.py:82} INFO - Running: ['***', 'tasks', 'run', 'age_check', 'age_check', 'scheduled__2022-09-02T00:00:00+00:00', '--job-id', '328', '--raw', '--subdir', 'DAGS_FOLDER/age.py', '--cfg-path', '/tmp/tmpaulyp2j_']
[2023-05-17T09:54:12.538+0000] {standard_task_runner.py:83} INFO - Job 328: Subtask age_check
[2023-05-17T09:54:12.633+0000] {task_command.py:388} INFO - Running <TaskInstance: age_check.age_check scheduled__2022-09-02T00:00:00+00:00 [running]> on host 242f95e3e8a8
[2023-05-17T09:54:12.687+0000] {taskinstance.py:1509} INFO - Exporting the following env vars:
AIRFLOW_CTX_DAG_OWNER=***
AIRFLOW_CTX_DAG_ID=age_check
AIRFLOW_CTX_TASK_ID=age_check
AIRFLOW_CTX_EXECUTION_DATE=2022-09-02T00:00:00+00:00
AIRFLOW_CTX_TRY_NUMBER=4
AIRFLOW_CTX_DAG_RUN_ID=scheduled__2022-09-02T00:00:00+00:00
[2023-05-17T09:54:12.699+0000] {taskinstance.py:1768} ERROR - Task failed with exception
Traceback (most recent call last):
  File "/home/airflow/.local/lib/python3.7/site-packages/airflow/operators/python.py", line 175, in execute
    return_value = self.execute_callable()
  File "/home/airflow/.local/lib/python3.7/site-packages/airflow/operators/python.py", line 192, in execute_callable
    return self.python_callable(*self.op_args, **self.op_kwargs)
  File "/opt/airflow/dags/age.py", line 35, in age_check
    birth_year = int(Variable.get('birth_year'))
  File "/home/airflow/.local/lib/python3.7/site-packages/airflow/models/variable.py", line 141, in get
    raise KeyError(f"Variable {key} does not exist")
KeyError: 'Variable birth_year does not exist'
[2023-05-17T09:54:12.710+0000] {taskinstance.py:1323} INFO - Marking task as FAILED. dag_id=age_check, task_id=age_check, execution_date=20220902T000000, start_date=20230517T095412, end_date=20230517T095412
[2023-05-17T09:54:12.718+0000] {standard_task_runner.py:105} ERROR - Failed to execute job 328 for task age_check ('Variable birth_year does not exist'; 4566)
[2023-05-17T09:54:12.748+0000] {local_task_job.py:208} INFO - Task exited with return code 1
[2023-05-17T09:54:12.769+0000] {taskinstance.py:2578} INFO - 0 downstream tasks scheduled from follow-on schedule check
