[2023-04-19T12:49:06.252+0000] {taskinstance.py:1083} INFO - Dependencies all met for <TaskInstance: age_check.age_check scheduled__2023-02-15T00:00:00+00:00 [queued]>
[2023-04-19T12:49:06.312+0000] {taskinstance.py:1083} INFO - Dependencies all met for <TaskInstance: age_check.age_check scheduled__2023-02-15T00:00:00+00:00 [queued]>
[2023-04-19T12:49:06.315+0000] {taskinstance.py:1279} INFO - 
--------------------------------------------------------------------------------
[2023-04-19T12:49:06.319+0000] {taskinstance.py:1280} INFO - Starting attempt 2 of 4
[2023-04-19T12:49:06.321+0000] {taskinstance.py:1281} INFO - 
--------------------------------------------------------------------------------
[2023-04-19T12:49:06.355+0000] {taskinstance.py:1300} INFO - Executing <Task(PythonOperator): age_check> on 2023-02-15 00:00:00+00:00
[2023-04-19T12:49:06.393+0000] {standard_task_runner.py:55} INFO - Started process 24644 to run task
[2023-04-19T12:49:06.406+0000] {standard_task_runner.py:82} INFO - Running: ['***', 'tasks', 'run', 'age_check', 'age_check', 'scheduled__2023-02-15T00:00:00+00:00', '--job-id', '1880', '--raw', '--subdir', 'DAGS_FOLDER/age.py', '--cfg-path', '/tmp/tmpxkdmzt2o']
[2023-04-19T12:49:06.408+0000] {standard_task_runner.py:83} INFO - Job 1880: Subtask age_check
[2023-04-19T12:49:06.568+0000] {task_command.py:388} INFO - Running <TaskInstance: age_check.age_check scheduled__2023-02-15T00:00:00+00:00 [running]> on host fe34f61acbb3
[2023-04-19T12:49:06.780+0000] {taskinstance.py:1509} INFO - Exporting the following env vars:
AIRFLOW_CTX_DAG_OWNER=***
AIRFLOW_CTX_DAG_ID=age_check
AIRFLOW_CTX_TASK_ID=age_check
AIRFLOW_CTX_EXECUTION_DATE=2023-02-15T00:00:00+00:00
AIRFLOW_CTX_TRY_NUMBER=2
AIRFLOW_CTX_DAG_RUN_ID=scheduled__2023-02-15T00:00:00+00:00
[2023-04-19T12:49:06.795+0000] {taskinstance.py:1768} ERROR - Task failed with exception
Traceback (most recent call last):
  File "/home/airflow/.local/lib/python3.7/site-packages/airflow/operators/python.py", line 175, in execute
    return_value = self.execute_callable()
  File "/home/airflow/.local/lib/python3.7/site-packages/airflow/operators/python.py", line 192, in execute_callable
    return self.python_callable(*self.op_args, **self.op_kwargs)
  File "/opt/airflow/dags/age.py", line 35, in age_check
    birth_year = int(Variable.get('birth_year'))
  File "/home/airflow/.local/lib/python3.7/site-packages/airflow/models/variable.py", line 141, in get
    raise KeyError(f"Variable {key} does not exist")
KeyError: 'Variable birth_year does not exist'
[2023-04-19T12:49:06.808+0000] {taskinstance.py:1323} INFO - Marking task as UP_FOR_RETRY. dag_id=age_check, task_id=age_check, execution_date=20230215T000000, start_date=20230419T124906, end_date=20230419T124906
[2023-04-19T12:49:06.837+0000] {standard_task_runner.py:105} ERROR - Failed to execute job 1880 for task age_check ('Variable birth_year does not exist'; 24644)
[2023-04-19T12:49:06.918+0000] {local_task_job.py:208} INFO - Task exited with return code 1
[2023-04-19T12:49:06.963+0000] {taskinstance.py:2578} INFO - 0 downstream tasks scheduled from follow-on schedule check
[2023-05-20T21:00:05.790+0000] {taskinstance.py:1083} INFO - Dependencies all met for <TaskInstance: age_check.age_check scheduled__2023-02-15T00:00:00+00:00 [queued]>
[2023-05-20T21:00:05.811+0000] {taskinstance.py:1083} INFO - Dependencies all met for <TaskInstance: age_check.age_check scheduled__2023-02-15T00:00:00+00:00 [queued]>
[2023-05-20T21:00:05.814+0000] {taskinstance.py:1279} INFO - 
--------------------------------------------------------------------------------
[2023-05-20T21:00:05.815+0000] {taskinstance.py:1280} INFO - Starting attempt 2 of 4
[2023-05-20T21:00:05.816+0000] {taskinstance.py:1281} INFO - 
--------------------------------------------------------------------------------
[2023-05-20T21:00:05.833+0000] {taskinstance.py:1300} INFO - Executing <Task(PythonOperator): age_check> on 2023-02-15 00:00:00+00:00
[2023-05-20T21:00:05.837+0000] {standard_task_runner.py:55} INFO - Started process 1380 to run task
[2023-05-20T21:00:05.853+0000] {standard_task_runner.py:82} INFO - Running: ['***', 'tasks', 'run', 'age_check', 'age_check', 'scheduled__2023-02-15T00:00:00+00:00', '--job-id', '1449', '--raw', '--subdir', 'DAGS_FOLDER/age.py', '--cfg-path', '/tmp/tmplbs15edb']
[2023-05-20T21:00:05.864+0000] {standard_task_runner.py:83} INFO - Job 1449: Subtask age_check
[2023-05-20T21:00:05.974+0000] {task_command.py:388} INFO - Running <TaskInstance: age_check.age_check scheduled__2023-02-15T00:00:00+00:00 [running]> on host 242f95e3e8a8
[2023-05-20T21:00:06.064+0000] {taskinstance.py:1509} INFO - Exporting the following env vars:
AIRFLOW_CTX_DAG_OWNER=***
AIRFLOW_CTX_DAG_ID=age_check
AIRFLOW_CTX_TASK_ID=age_check
AIRFLOW_CTX_EXECUTION_DATE=2023-02-15T00:00:00+00:00
AIRFLOW_CTX_TRY_NUMBER=2
AIRFLOW_CTX_DAG_RUN_ID=scheduled__2023-02-15T00:00:00+00:00
[2023-05-20T21:00:06.077+0000] {taskinstance.py:1768} ERROR - Task failed with exception
Traceback (most recent call last):
  File "/home/airflow/.local/lib/python3.7/site-packages/airflow/operators/python.py", line 175, in execute
    return_value = self.execute_callable()
  File "/home/airflow/.local/lib/python3.7/site-packages/airflow/operators/python.py", line 192, in execute_callable
    return self.python_callable(*self.op_args, **self.op_kwargs)
  File "/opt/airflow/dags/age.py", line 35, in age_check
    birth_year = int(Variable.get('birth_year'))
  File "/home/airflow/.local/lib/python3.7/site-packages/airflow/models/variable.py", line 141, in get
    raise KeyError(f"Variable {key} does not exist")
KeyError: 'Variable birth_year does not exist'
[2023-05-20T21:00:06.097+0000] {taskinstance.py:1323} INFO - Marking task as UP_FOR_RETRY. dag_id=age_check, task_id=age_check, execution_date=20230215T000000, start_date=20230520T210005, end_date=20230520T210006
[2023-05-20T21:00:06.117+0000] {standard_task_runner.py:105} ERROR - Failed to execute job 1449 for task age_check ('Variable birth_year does not exist'; 1380)
[2023-05-20T21:00:06.144+0000] {local_task_job.py:208} INFO - Task exited with return code 1
[2023-05-20T21:00:06.169+0000] {taskinstance.py:2578} INFO - 0 downstream tasks scheduled from follow-on schedule check
