[2023-04-19T12:42:01.656+0000] {taskinstance.py:1083} INFO - Dependencies all met for <TaskInstance: age_check.age_check scheduled__2022-11-01T00:00:00+00:00 [queued]>
[2023-04-19T12:42:01.709+0000] {taskinstance.py:1083} INFO - Dependencies all met for <TaskInstance: age_check.age_check scheduled__2022-11-01T00:00:00+00:00 [queued]>
[2023-04-19T12:42:01.710+0000] {taskinstance.py:1279} INFO - 
--------------------------------------------------------------------------------
[2023-04-19T12:42:01.711+0000] {taskinstance.py:1280} INFO - Starting attempt 3 of 4
[2023-04-19T12:42:01.713+0000] {taskinstance.py:1281} INFO - 
--------------------------------------------------------------------------------
[2023-04-19T12:42:01.779+0000] {taskinstance.py:1300} INFO - Executing <Task(PythonOperator): age_check> on 2022-11-01 00:00:00+00:00
[2023-04-19T12:42:01.792+0000] {standard_task_runner.py:55} INFO - Started process 22810 to run task
[2023-04-19T12:42:01.876+0000] {standard_task_runner.py:82} INFO - Running: ['***', 'tasks', 'run', 'age_check', 'age_check', 'scheduled__2022-11-01T00:00:00+00:00', '--job-id', '1134', '--raw', '--subdir', 'DAGS_FOLDER/age.py', '--cfg-path', '/tmp/tmpvv6462er']
[2023-04-19T12:42:01.887+0000] {standard_task_runner.py:83} INFO - Job 1134: Subtask age_check
[2023-04-19T12:42:02.375+0000] {task_command.py:388} INFO - Running <TaskInstance: age_check.age_check scheduled__2022-11-01T00:00:00+00:00 [running]> on host fe34f61acbb3
[2023-04-19T12:42:03.119+0000] {taskinstance.py:1509} INFO - Exporting the following env vars:
AIRFLOW_CTX_DAG_OWNER=***
AIRFLOW_CTX_DAG_ID=age_check
AIRFLOW_CTX_TASK_ID=age_check
AIRFLOW_CTX_EXECUTION_DATE=2022-11-01T00:00:00+00:00
AIRFLOW_CTX_TRY_NUMBER=3
AIRFLOW_CTX_DAG_RUN_ID=scheduled__2022-11-01T00:00:00+00:00
[2023-04-19T12:42:03.312+0000] {taskinstance.py:1768} ERROR - Task failed with exception
Traceback (most recent call last):
  File "/home/airflow/.local/lib/python3.7/site-packages/airflow/operators/python.py", line 175, in execute
    return_value = self.execute_callable()
  File "/home/airflow/.local/lib/python3.7/site-packages/airflow/operators/python.py", line 192, in execute_callable
    return self.python_callable(*self.op_args, **self.op_kwargs)
  File "/opt/airflow/dags/age.py", line 35, in age_check
    birth_year = int(Variable.get('birth_year'))
  File "/home/airflow/.local/lib/python3.7/site-packages/airflow/models/variable.py", line 141, in get
    raise KeyError(f"Variable {key} does not exist")
KeyError: 'Variable birth_year does not exist'
[2023-04-19T12:42:03.363+0000] {taskinstance.py:1323} INFO - Marking task as UP_FOR_RETRY. dag_id=age_check, task_id=age_check, execution_date=20221101T000000, start_date=20230419T124201, end_date=20230419T124203
[2023-04-19T12:42:03.560+0000] {standard_task_runner.py:105} ERROR - Failed to execute job 1134 for task age_check ('Variable birth_year does not exist'; 22810)
[2023-04-19T12:42:03.727+0000] {local_task_job.py:208} INFO - Task exited with return code 1
[2023-04-19T12:42:03.939+0000] {taskinstance.py:2578} INFO - 0 downstream tasks scheduled from follow-on schedule check
[2023-05-17T10:14:05.385+0000] {taskinstance.py:1083} INFO - Dependencies all met for <TaskInstance: age_check.age_check scheduled__2022-11-01T00:00:00+00:00 [queued]>
[2023-05-17T10:14:05.515+0000] {taskinstance.py:1083} INFO - Dependencies all met for <TaskInstance: age_check.age_check scheduled__2022-11-01T00:00:00+00:00 [queued]>
[2023-05-17T10:14:05.534+0000] {taskinstance.py:1279} INFO - 
--------------------------------------------------------------------------------
[2023-05-17T10:14:05.547+0000] {taskinstance.py:1280} INFO - Starting attempt 3 of 4
[2023-05-17T10:14:05.550+0000] {taskinstance.py:1281} INFO - 
--------------------------------------------------------------------------------
[2023-05-17T10:14:05.690+0000] {taskinstance.py:1300} INFO - Executing <Task(PythonOperator): age_check> on 2022-11-01 00:00:00+00:00
[2023-05-17T10:14:05.733+0000] {standard_task_runner.py:55} INFO - Started process 5521 to run task
[2023-05-17T10:14:05.779+0000] {standard_task_runner.py:82} INFO - Running: ['***', 'tasks', 'run', 'age_check', 'age_check', 'scheduled__2022-11-01T00:00:00+00:00', '--job-id', '708', '--raw', '--subdir', 'DAGS_FOLDER/age.py', '--cfg-path', '/tmp/tmp3thqw6e2']
[2023-05-17T10:14:05.793+0000] {standard_task_runner.py:83} INFO - Job 708: Subtask age_check
[2023-05-17T10:14:06.118+0000] {task_command.py:388} INFO - Running <TaskInstance: age_check.age_check scheduled__2022-11-01T00:00:00+00:00 [running]> on host 242f95e3e8a8
[2023-05-17T10:14:06.465+0000] {taskinstance.py:1509} INFO - Exporting the following env vars:
AIRFLOW_CTX_DAG_OWNER=***
AIRFLOW_CTX_DAG_ID=age_check
AIRFLOW_CTX_TASK_ID=age_check
AIRFLOW_CTX_EXECUTION_DATE=2022-11-01T00:00:00+00:00
AIRFLOW_CTX_TRY_NUMBER=3
AIRFLOW_CTX_DAG_RUN_ID=scheduled__2022-11-01T00:00:00+00:00
[2023-05-17T10:14:06.497+0000] {taskinstance.py:1768} ERROR - Task failed with exception
Traceback (most recent call last):
  File "/home/airflow/.local/lib/python3.7/site-packages/airflow/operators/python.py", line 175, in execute
    return_value = self.execute_callable()
  File "/home/airflow/.local/lib/python3.7/site-packages/airflow/operators/python.py", line 192, in execute_callable
    return self.python_callable(*self.op_args, **self.op_kwargs)
  File "/opt/airflow/dags/age.py", line 35, in age_check
    birth_year = int(Variable.get('birth_year'))
  File "/home/airflow/.local/lib/python3.7/site-packages/airflow/models/variable.py", line 141, in get
    raise KeyError(f"Variable {key} does not exist")
KeyError: 'Variable birth_year does not exist'
[2023-05-17T10:14:06.513+0000] {taskinstance.py:1323} INFO - Marking task as UP_FOR_RETRY. dag_id=age_check, task_id=age_check, execution_date=20221101T000000, start_date=20230517T101405, end_date=20230517T101406
[2023-05-17T10:14:06.533+0000] {standard_task_runner.py:105} ERROR - Failed to execute job 708 for task age_check ('Variable birth_year does not exist'; 5521)
[2023-05-17T10:14:06.631+0000] {local_task_job.py:208} INFO - Task exited with return code 1
[2023-05-17T10:14:06.719+0000] {taskinstance.py:2578} INFO - 0 downstream tasks scheduled from follow-on schedule check
