[2023-04-19T12:39:12.562+0000] {taskinstance.py:1083} INFO - Dependencies all met for <TaskInstance: age_check.age_check scheduled__2022-09-26T00:00:00+00:00 [queued]>
[2023-04-19T12:39:12.575+0000] {taskinstance.py:1083} INFO - Dependencies all met for <TaskInstance: age_check.age_check scheduled__2022-09-26T00:00:00+00:00 [queued]>
[2023-04-19T12:39:12.576+0000] {taskinstance.py:1279} INFO - 
--------------------------------------------------------------------------------
[2023-04-19T12:39:12.577+0000] {taskinstance.py:1280} INFO - Starting attempt 2 of 4
[2023-04-19T12:39:12.578+0000] {taskinstance.py:1281} INFO - 
--------------------------------------------------------------------------------
[2023-04-19T12:39:12.597+0000] {taskinstance.py:1300} INFO - Executing <Task(PythonOperator): age_check> on 2022-09-26 00:00:00+00:00
[2023-04-19T12:39:12.606+0000] {standard_task_runner.py:55} INFO - Started process 22107 to run task
[2023-04-19T12:39:12.611+0000] {standard_task_runner.py:82} INFO - Running: ['***', 'tasks', 'run', 'age_check', 'age_check', 'scheduled__2022-09-26T00:00:00+00:00', '--job-id', '856', '--raw', '--subdir', 'DAGS_FOLDER/age.py', '--cfg-path', '/tmp/tmpflruqn3r']
[2023-04-19T12:39:12.613+0000] {standard_task_runner.py:83} INFO - Job 856: Subtask age_check
[2023-04-19T12:39:12.677+0000] {task_command.py:388} INFO - Running <TaskInstance: age_check.age_check scheduled__2022-09-26T00:00:00+00:00 [running]> on host fe34f61acbb3
[2023-04-19T12:39:12.782+0000] {taskinstance.py:1509} INFO - Exporting the following env vars:
AIRFLOW_CTX_DAG_OWNER=***
AIRFLOW_CTX_DAG_ID=age_check
AIRFLOW_CTX_TASK_ID=age_check
AIRFLOW_CTX_EXECUTION_DATE=2022-09-26T00:00:00+00:00
AIRFLOW_CTX_TRY_NUMBER=2
AIRFLOW_CTX_DAG_RUN_ID=scheduled__2022-09-26T00:00:00+00:00
[2023-04-19T12:39:12.793+0000] {taskinstance.py:1768} ERROR - Task failed with exception
Traceback (most recent call last):
  File "/home/airflow/.local/lib/python3.7/site-packages/airflow/operators/python.py", line 175, in execute
    return_value = self.execute_callable()
  File "/home/airflow/.local/lib/python3.7/site-packages/airflow/operators/python.py", line 192, in execute_callable
    return self.python_callable(*self.op_args, **self.op_kwargs)
  File "/opt/airflow/dags/age.py", line 35, in age_check
    birth_year = int(Variable.get('birth_year'))
  File "/home/airflow/.local/lib/python3.7/site-packages/airflow/models/variable.py", line 141, in get
    raise KeyError(f"Variable {key} does not exist")
KeyError: 'Variable birth_year does not exist'
[2023-04-19T12:39:12.811+0000] {taskinstance.py:1323} INFO - Marking task as UP_FOR_RETRY. dag_id=age_check, task_id=age_check, execution_date=20220926T000000, start_date=20230419T123912, end_date=20230419T123912
[2023-04-19T12:39:12.831+0000] {standard_task_runner.py:105} ERROR - Failed to execute job 856 for task age_check ('Variable birth_year does not exist'; 22107)
[2023-04-19T12:39:12.865+0000] {local_task_job.py:208} INFO - Task exited with return code 1
[2023-04-19T12:39:12.903+0000] {taskinstance.py:2578} INFO - 0 downstream tasks scheduled from follow-on schedule check
[2023-05-17T09:54:52.711+0000] {taskinstance.py:1083} INFO - Dependencies all met for <TaskInstance: age_check.age_check scheduled__2022-09-26T00:00:00+00:00 [queued]>
[2023-05-17T09:54:52.740+0000] {taskinstance.py:1083} INFO - Dependencies all met for <TaskInstance: age_check.age_check scheduled__2022-09-26T00:00:00+00:00 [queued]>
[2023-05-17T09:54:52.741+0000] {taskinstance.py:1279} INFO - 
--------------------------------------------------------------------------------
[2023-05-17T09:54:52.742+0000] {taskinstance.py:1280} INFO - Starting attempt 2 of 4
[2023-05-17T09:54:52.743+0000] {taskinstance.py:1281} INFO - 
--------------------------------------------------------------------------------
[2023-05-17T09:54:52.767+0000] {taskinstance.py:1300} INFO - Executing <Task(PythonOperator): age_check> on 2022-09-26 00:00:00+00:00
[2023-05-17T09:54:52.778+0000] {standard_task_runner.py:55} INFO - Started process 4778 to run task
[2023-05-17T09:54:52.789+0000] {standard_task_runner.py:82} INFO - Running: ['***', 'tasks', 'run', 'age_check', 'age_check', 'scheduled__2022-09-26T00:00:00+00:00', '--job-id', '416', '--raw', '--subdir', 'DAGS_FOLDER/age.py', '--cfg-path', '/tmp/tmp22ioxtk6']
[2023-05-17T09:54:52.791+0000] {standard_task_runner.py:83} INFO - Job 416: Subtask age_check
[2023-05-17T09:54:52.929+0000] {task_command.py:388} INFO - Running <TaskInstance: age_check.age_check scheduled__2022-09-26T00:00:00+00:00 [running]> on host 242f95e3e8a8
[2023-05-17T09:54:53.050+0000] {taskinstance.py:1509} INFO - Exporting the following env vars:
AIRFLOW_CTX_DAG_OWNER=***
AIRFLOW_CTX_DAG_ID=age_check
AIRFLOW_CTX_TASK_ID=age_check
AIRFLOW_CTX_EXECUTION_DATE=2022-09-26T00:00:00+00:00
AIRFLOW_CTX_TRY_NUMBER=2
AIRFLOW_CTX_DAG_RUN_ID=scheduled__2022-09-26T00:00:00+00:00
[2023-05-17T09:54:53.066+0000] {taskinstance.py:1768} ERROR - Task failed with exception
Traceback (most recent call last):
  File "/home/airflow/.local/lib/python3.7/site-packages/airflow/operators/python.py", line 175, in execute
    return_value = self.execute_callable()
  File "/home/airflow/.local/lib/python3.7/site-packages/airflow/operators/python.py", line 192, in execute_callable
    return self.python_callable(*self.op_args, **self.op_kwargs)
  File "/opt/airflow/dags/age.py", line 35, in age_check
    birth_year = int(Variable.get('birth_year'))
  File "/home/airflow/.local/lib/python3.7/site-packages/airflow/models/variable.py", line 141, in get
    raise KeyError(f"Variable {key} does not exist")
KeyError: 'Variable birth_year does not exist'
[2023-05-17T09:54:53.082+0000] {taskinstance.py:1323} INFO - Marking task as UP_FOR_RETRY. dag_id=age_check, task_id=age_check, execution_date=20220926T000000, start_date=20230517T095452, end_date=20230517T095453
[2023-05-17T09:54:53.101+0000] {standard_task_runner.py:105} ERROR - Failed to execute job 416 for task age_check ('Variable birth_year does not exist'; 4778)
[2023-05-17T09:54:53.118+0000] {local_task_job.py:208} INFO - Task exited with return code 1
[2023-05-17T09:54:53.141+0000] {taskinstance.py:2578} INFO - 0 downstream tasks scheduled from follow-on schedule check
