[2023-04-19T12:39:26.160+0000] {taskinstance.py:1083} INFO - Dependencies all met for <TaskInstance: age_check.age_check scheduled__2022-09-26T00:00:00+00:00 [queued]>
[2023-04-19T12:39:26.185+0000] {taskinstance.py:1083} INFO - Dependencies all met for <TaskInstance: age_check.age_check scheduled__2022-09-26T00:00:00+00:00 [queued]>
[2023-04-19T12:39:26.190+0000] {taskinstance.py:1279} INFO - 
--------------------------------------------------------------------------------
[2023-04-19T12:39:26.193+0000] {taskinstance.py:1280} INFO - Starting attempt 3 of 4
[2023-04-19T12:39:26.195+0000] {taskinstance.py:1281} INFO - 
--------------------------------------------------------------------------------
[2023-04-19T12:39:26.225+0000] {taskinstance.py:1300} INFO - Executing <Task(PythonOperator): age_check> on 2022-09-26 00:00:00+00:00
[2023-04-19T12:39:26.266+0000] {standard_task_runner.py:55} INFO - Started process 22159 to run task
[2023-04-19T12:39:26.293+0000] {standard_task_runner.py:82} INFO - Running: ['***', 'tasks', 'run', 'age_check', 'age_check', 'scheduled__2022-09-26T00:00:00+00:00', '--job-id', '878', '--raw', '--subdir', 'DAGS_FOLDER/age.py', '--cfg-path', '/tmp/tmp6jql30r9']
[2023-04-19T12:39:26.304+0000] {standard_task_runner.py:83} INFO - Job 878: Subtask age_check
[2023-04-19T12:39:26.565+0000] {task_command.py:388} INFO - Running <TaskInstance: age_check.age_check scheduled__2022-09-26T00:00:00+00:00 [running]> on host fe34f61acbb3
[2023-04-19T12:39:26.902+0000] {taskinstance.py:1509} INFO - Exporting the following env vars:
AIRFLOW_CTX_DAG_OWNER=***
AIRFLOW_CTX_DAG_ID=age_check
AIRFLOW_CTX_TASK_ID=age_check
AIRFLOW_CTX_EXECUTION_DATE=2022-09-26T00:00:00+00:00
AIRFLOW_CTX_TRY_NUMBER=3
AIRFLOW_CTX_DAG_RUN_ID=scheduled__2022-09-26T00:00:00+00:00
[2023-04-19T12:39:26.936+0000] {taskinstance.py:1768} ERROR - Task failed with exception
Traceback (most recent call last):
  File "/home/airflow/.local/lib/python3.7/site-packages/airflow/operators/python.py", line 175, in execute
    return_value = self.execute_callable()
  File "/home/airflow/.local/lib/python3.7/site-packages/airflow/operators/python.py", line 192, in execute_callable
    return self.python_callable(*self.op_args, **self.op_kwargs)
  File "/opt/airflow/dags/age.py", line 35, in age_check
    birth_year = int(Variable.get('birth_year'))
  File "/home/airflow/.local/lib/python3.7/site-packages/airflow/models/variable.py", line 141, in get
    raise KeyError(f"Variable {key} does not exist")
KeyError: 'Variable birth_year does not exist'
[2023-04-19T12:39:26.979+0000] {taskinstance.py:1323} INFO - Marking task as UP_FOR_RETRY. dag_id=age_check, task_id=age_check, execution_date=20220926T000000, start_date=20230419T123926, end_date=20230419T123926
[2023-04-19T12:39:27.013+0000] {standard_task_runner.py:105} ERROR - Failed to execute job 878 for task age_check ('Variable birth_year does not exist'; 22159)
[2023-04-19T12:39:27.109+0000] {local_task_job.py:208} INFO - Task exited with return code 1
[2023-04-19T12:39:27.270+0000] {taskinstance.py:2578} INFO - 0 downstream tasks scheduled from follow-on schedule check
[2023-05-17T09:55:03.812+0000] {taskinstance.py:1083} INFO - Dependencies all met for <TaskInstance: age_check.age_check scheduled__2022-09-26T00:00:00+00:00 [queued]>
[2023-05-17T09:55:03.851+0000] {taskinstance.py:1083} INFO - Dependencies all met for <TaskInstance: age_check.age_check scheduled__2022-09-26T00:00:00+00:00 [queued]>
[2023-05-17T09:55:03.852+0000] {taskinstance.py:1279} INFO - 
--------------------------------------------------------------------------------
[2023-05-17T09:55:03.853+0000] {taskinstance.py:1280} INFO - Starting attempt 3 of 4
[2023-05-17T09:55:03.854+0000] {taskinstance.py:1281} INFO - 
--------------------------------------------------------------------------------
[2023-05-17T09:55:03.880+0000] {taskinstance.py:1300} INFO - Executing <Task(PythonOperator): age_check> on 2022-09-26 00:00:00+00:00
[2023-05-17T09:55:03.886+0000] {standard_task_runner.py:55} INFO - Started process 4821 to run task
[2023-05-17T09:55:03.891+0000] {standard_task_runner.py:82} INFO - Running: ['***', 'tasks', 'run', 'age_check', 'age_check', 'scheduled__2022-09-26T00:00:00+00:00', '--job-id', '430', '--raw', '--subdir', 'DAGS_FOLDER/age.py', '--cfg-path', '/tmp/tmpqquj3v_2']
[2023-05-17T09:55:03.894+0000] {standard_task_runner.py:83} INFO - Job 430: Subtask age_check
[2023-05-17T09:55:04.003+0000] {task_command.py:388} INFO - Running <TaskInstance: age_check.age_check scheduled__2022-09-26T00:00:00+00:00 [running]> on host 242f95e3e8a8
[2023-05-17T09:55:04.146+0000] {taskinstance.py:1509} INFO - Exporting the following env vars:
AIRFLOW_CTX_DAG_OWNER=***
AIRFLOW_CTX_DAG_ID=age_check
AIRFLOW_CTX_TASK_ID=age_check
AIRFLOW_CTX_EXECUTION_DATE=2022-09-26T00:00:00+00:00
AIRFLOW_CTX_TRY_NUMBER=3
AIRFLOW_CTX_DAG_RUN_ID=scheduled__2022-09-26T00:00:00+00:00
[2023-05-17T09:55:04.171+0000] {taskinstance.py:1768} ERROR - Task failed with exception
Traceback (most recent call last):
  File "/home/airflow/.local/lib/python3.7/site-packages/airflow/operators/python.py", line 175, in execute
    return_value = self.execute_callable()
  File "/home/airflow/.local/lib/python3.7/site-packages/airflow/operators/python.py", line 192, in execute_callable
    return self.python_callable(*self.op_args, **self.op_kwargs)
  File "/opt/airflow/dags/age.py", line 35, in age_check
    birth_year = int(Variable.get('birth_year'))
  File "/home/airflow/.local/lib/python3.7/site-packages/airflow/models/variable.py", line 141, in get
    raise KeyError(f"Variable {key} does not exist")
KeyError: 'Variable birth_year does not exist'
[2023-05-17T09:55:04.205+0000] {taskinstance.py:1323} INFO - Marking task as UP_FOR_RETRY. dag_id=age_check, task_id=age_check, execution_date=20220926T000000, start_date=20230517T095503, end_date=20230517T095504
[2023-05-17T09:55:04.218+0000] {standard_task_runner.py:105} ERROR - Failed to execute job 430 for task age_check ('Variable birth_year does not exist'; 4821)
[2023-05-17T09:55:04.283+0000] {local_task_job.py:208} INFO - Task exited with return code 1
[2023-05-17T09:55:04.348+0000] {taskinstance.py:2578} INFO - 0 downstream tasks scheduled from follow-on schedule check
