[2023-04-19T12:41:15.518+0000] {taskinstance.py:1083} INFO - Dependencies all met for <TaskInstance: age_check.age_check scheduled__2022-10-29T00:00:00+00:00 [queued]>
[2023-04-19T12:41:15.576+0000] {taskinstance.py:1083} INFO - Dependencies all met for <TaskInstance: age_check.age_check scheduled__2022-10-29T00:00:00+00:00 [queued]>
[2023-04-19T12:41:15.577+0000] {taskinstance.py:1279} INFO - 
--------------------------------------------------------------------------------
[2023-04-19T12:41:15.578+0000] {taskinstance.py:1280} INFO - Starting attempt 1 of 4
[2023-04-19T12:41:15.579+0000] {taskinstance.py:1281} INFO - 
--------------------------------------------------------------------------------
[2023-04-19T12:41:15.643+0000] {taskinstance.py:1300} INFO - Executing <Task(PythonOperator): age_check> on 2022-10-29 00:00:00+00:00
[2023-04-19T12:41:15.667+0000] {standard_task_runner.py:55} INFO - Started process 22622 to run task
[2023-04-19T12:41:15.680+0000] {standard_task_runner.py:82} INFO - Running: ['***', 'tasks', 'run', 'age_check', 'age_check', 'scheduled__2022-10-29T00:00:00+00:00', '--job-id', '1065', '--raw', '--subdir', 'DAGS_FOLDER/age.py', '--cfg-path', '/tmp/tmpnanxglvt']
[2023-04-19T12:41:15.686+0000] {standard_task_runner.py:83} INFO - Job 1065: Subtask age_check
[2023-04-19T12:41:15.931+0000] {task_command.py:388} INFO - Running <TaskInstance: age_check.age_check scheduled__2022-10-29T00:00:00+00:00 [running]> on host fe34f61acbb3
[2023-04-19T12:41:16.113+0000] {taskinstance.py:1509} INFO - Exporting the following env vars:
AIRFLOW_CTX_DAG_OWNER=***
AIRFLOW_CTX_DAG_ID=age_check
AIRFLOW_CTX_TASK_ID=age_check
AIRFLOW_CTX_EXECUTION_DATE=2022-10-29T00:00:00+00:00
AIRFLOW_CTX_TRY_NUMBER=1
AIRFLOW_CTX_DAG_RUN_ID=scheduled__2022-10-29T00:00:00+00:00
[2023-04-19T12:41:16.127+0000] {taskinstance.py:1768} ERROR - Task failed with exception
Traceback (most recent call last):
  File "/home/airflow/.local/lib/python3.7/site-packages/airflow/operators/python.py", line 175, in execute
    return_value = self.execute_callable()
  File "/home/airflow/.local/lib/python3.7/site-packages/airflow/operators/python.py", line 192, in execute_callable
    return self.python_callable(*self.op_args, **self.op_kwargs)
  File "/opt/airflow/dags/age.py", line 35, in age_check
    birth_year = int(Variable.get('birth_year'))
  File "/home/airflow/.local/lib/python3.7/site-packages/airflow/models/variable.py", line 141, in get
    raise KeyError(f"Variable {key} does not exist")
KeyError: 'Variable birth_year does not exist'
[2023-04-19T12:41:16.146+0000] {taskinstance.py:1323} INFO - Marking task as UP_FOR_RETRY. dag_id=age_check, task_id=age_check, execution_date=20221029T000000, start_date=20230419T124115, end_date=20230419T124116
[2023-04-19T12:41:16.168+0000] {standard_task_runner.py:105} ERROR - Failed to execute job 1065 for task age_check ('Variable birth_year does not exist'; 22622)
[2023-04-19T12:41:16.220+0000] {local_task_job.py:208} INFO - Task exited with return code 1
[2023-04-19T12:41:16.292+0000] {taskinstance.py:2578} INFO - 0 downstream tasks scheduled from follow-on schedule check
[2023-05-17T10:13:15.453+0000] {taskinstance.py:1083} INFO - Dependencies all met for <TaskInstance: age_check.age_check scheduled__2022-10-29T00:00:00+00:00 [queued]>
[2023-05-17T10:13:15.477+0000] {taskinstance.py:1083} INFO - Dependencies all met for <TaskInstance: age_check.age_check scheduled__2022-10-29T00:00:00+00:00 [queued]>
[2023-05-17T10:13:15.480+0000] {taskinstance.py:1279} INFO - 
--------------------------------------------------------------------------------
[2023-05-17T10:13:15.482+0000] {taskinstance.py:1280} INFO - Starting attempt 1 of 4
[2023-05-17T10:13:15.483+0000] {taskinstance.py:1281} INFO - 
--------------------------------------------------------------------------------
[2023-05-17T10:13:15.508+0000] {taskinstance.py:1300} INFO - Executing <Task(PythonOperator): age_check> on 2022-10-29 00:00:00+00:00
[2023-05-17T10:13:15.526+0000] {standard_task_runner.py:55} INFO - Started process 5310 to run task
[2023-05-17T10:13:15.536+0000] {standard_task_runner.py:82} INFO - Running: ['***', 'tasks', 'run', 'age_check', 'age_check', 'scheduled__2022-10-29T00:00:00+00:00', '--job-id', '629', '--raw', '--subdir', 'DAGS_FOLDER/age.py', '--cfg-path', '/tmp/tmpt56scpp5']
[2023-05-17T10:13:15.539+0000] {standard_task_runner.py:83} INFO - Job 629: Subtask age_check
[2023-05-17T10:13:15.684+0000] {task_command.py:388} INFO - Running <TaskInstance: age_check.age_check scheduled__2022-10-29T00:00:00+00:00 [running]> on host 242f95e3e8a8
[2023-05-17T10:13:15.776+0000] {taskinstance.py:1509} INFO - Exporting the following env vars:
AIRFLOW_CTX_DAG_OWNER=***
AIRFLOW_CTX_DAG_ID=age_check
AIRFLOW_CTX_TASK_ID=age_check
AIRFLOW_CTX_EXECUTION_DATE=2022-10-29T00:00:00+00:00
AIRFLOW_CTX_TRY_NUMBER=1
AIRFLOW_CTX_DAG_RUN_ID=scheduled__2022-10-29T00:00:00+00:00
[2023-05-17T10:13:15.787+0000] {taskinstance.py:1768} ERROR - Task failed with exception
Traceback (most recent call last):
  File "/home/airflow/.local/lib/python3.7/site-packages/airflow/operators/python.py", line 175, in execute
    return_value = self.execute_callable()
  File "/home/airflow/.local/lib/python3.7/site-packages/airflow/operators/python.py", line 192, in execute_callable
    return self.python_callable(*self.op_args, **self.op_kwargs)
  File "/opt/airflow/dags/age.py", line 35, in age_check
    birth_year = int(Variable.get('birth_year'))
  File "/home/airflow/.local/lib/python3.7/site-packages/airflow/models/variable.py", line 141, in get
    raise KeyError(f"Variable {key} does not exist")
KeyError: 'Variable birth_year does not exist'
[2023-05-17T10:13:15.805+0000] {taskinstance.py:1323} INFO - Marking task as UP_FOR_RETRY. dag_id=age_check, task_id=age_check, execution_date=20221029T000000, start_date=20230517T101315, end_date=20230517T101315
[2023-05-17T10:13:15.817+0000] {standard_task_runner.py:105} ERROR - Failed to execute job 629 for task age_check ('Variable birth_year does not exist'; 5310)
[2023-05-17T10:13:15.834+0000] {local_task_job.py:208} INFO - Task exited with return code 1
[2023-05-17T10:13:15.857+0000] {taskinstance.py:2578} INFO - 0 downstream tasks scheduled from follow-on schedule check
