[2023-04-19T12:42:43.868+0000] {taskinstance.py:1083} INFO - Dependencies all met for <TaskInstance: age_check.age_check scheduled__2022-11-13T00:00:00+00:00 [queued]>
[2023-04-19T12:42:43.876+0000] {taskinstance.py:1083} INFO - Dependencies all met for <TaskInstance: age_check.age_check scheduled__2022-11-13T00:00:00+00:00 [queued]>
[2023-04-19T12:42:43.877+0000] {taskinstance.py:1279} INFO - 
--------------------------------------------------------------------------------
[2023-04-19T12:42:43.878+0000] {taskinstance.py:1280} INFO - Starting attempt 3 of 4
[2023-04-19T12:42:43.879+0000] {taskinstance.py:1281} INFO - 
--------------------------------------------------------------------------------
[2023-04-19T12:42:43.889+0000] {taskinstance.py:1300} INFO - Executing <Task(PythonOperator): age_check> on 2022-11-13 00:00:00+00:00
[2023-04-19T12:42:43.895+0000] {standard_task_runner.py:55} INFO - Started process 22992 to run task
[2023-04-19T12:42:43.898+0000] {standard_task_runner.py:82} INFO - Running: ['***', 'tasks', 'run', 'age_check', 'age_check', 'scheduled__2022-11-13T00:00:00+00:00', '--job-id', '1215', '--raw', '--subdir', 'DAGS_FOLDER/age.py', '--cfg-path', '/tmp/tmp1yli7zrq']
[2023-04-19T12:42:43.899+0000] {standard_task_runner.py:83} INFO - Job 1215: Subtask age_check
[2023-04-19T12:42:43.947+0000] {task_command.py:388} INFO - Running <TaskInstance: age_check.age_check scheduled__2022-11-13T00:00:00+00:00 [running]> on host fe34f61acbb3
[2023-04-19T12:42:43.990+0000] {taskinstance.py:1509} INFO - Exporting the following env vars:
AIRFLOW_CTX_DAG_OWNER=***
AIRFLOW_CTX_DAG_ID=age_check
AIRFLOW_CTX_TASK_ID=age_check
AIRFLOW_CTX_EXECUTION_DATE=2022-11-13T00:00:00+00:00
AIRFLOW_CTX_TRY_NUMBER=3
AIRFLOW_CTX_DAG_RUN_ID=scheduled__2022-11-13T00:00:00+00:00
[2023-04-19T12:42:43.997+0000] {taskinstance.py:1768} ERROR - Task failed with exception
Traceback (most recent call last):
  File "/home/airflow/.local/lib/python3.7/site-packages/airflow/operators/python.py", line 175, in execute
    return_value = self.execute_callable()
  File "/home/airflow/.local/lib/python3.7/site-packages/airflow/operators/python.py", line 192, in execute_callable
    return self.python_callable(*self.op_args, **self.op_kwargs)
  File "/opt/airflow/dags/age.py", line 35, in age_check
    birth_year = int(Variable.get('birth_year'))
  File "/home/airflow/.local/lib/python3.7/site-packages/airflow/models/variable.py", line 141, in get
    raise KeyError(f"Variable {key} does not exist")
KeyError: 'Variable birth_year does not exist'
[2023-04-19T12:42:44.005+0000] {taskinstance.py:1323} INFO - Marking task as UP_FOR_RETRY. dag_id=age_check, task_id=age_check, execution_date=20221113T000000, start_date=20230419T124243, end_date=20230419T124244
[2023-04-19T12:42:44.012+0000] {standard_task_runner.py:105} ERROR - Failed to execute job 1215 for task age_check ('Variable birth_year does not exist'; 22992)
[2023-04-19T12:42:44.030+0000] {local_task_job.py:208} INFO - Task exited with return code 1
[2023-04-19T12:42:44.050+0000] {taskinstance.py:2578} INFO - 0 downstream tasks scheduled from follow-on schedule check
[2023-05-17T10:14:39.385+0000] {taskinstance.py:1083} INFO - Dependencies all met for <TaskInstance: age_check.age_check scheduled__2022-11-13T00:00:00+00:00 [queued]>
[2023-05-17T10:14:39.442+0000] {taskinstance.py:1083} INFO - Dependencies all met for <TaskInstance: age_check.age_check scheduled__2022-11-13T00:00:00+00:00 [queued]>
[2023-05-17T10:14:39.445+0000] {taskinstance.py:1279} INFO - 
--------------------------------------------------------------------------------
[2023-05-17T10:14:39.445+0000] {taskinstance.py:1280} INFO - Starting attempt 3 of 4
[2023-05-17T10:14:39.446+0000] {taskinstance.py:1281} INFO - 
--------------------------------------------------------------------------------
[2023-05-17T10:14:39.490+0000] {taskinstance.py:1300} INFO - Executing <Task(PythonOperator): age_check> on 2022-11-13 00:00:00+00:00
[2023-05-17T10:14:39.501+0000] {standard_task_runner.py:55} INFO - Started process 5670 to run task
[2023-05-17T10:14:39.543+0000] {standard_task_runner.py:82} INFO - Running: ['***', 'tasks', 'run', 'age_check', 'age_check', 'scheduled__2022-11-13T00:00:00+00:00', '--job-id', '773', '--raw', '--subdir', 'DAGS_FOLDER/age.py', '--cfg-path', '/tmp/tmp519l__0h']
[2023-05-17T10:14:39.546+0000] {standard_task_runner.py:83} INFO - Job 773: Subtask age_check
[2023-05-17T10:14:39.810+0000] {task_command.py:388} INFO - Running <TaskInstance: age_check.age_check scheduled__2022-11-13T00:00:00+00:00 [running]> on host 242f95e3e8a8
[2023-05-17T10:14:40.072+0000] {taskinstance.py:1509} INFO - Exporting the following env vars:
AIRFLOW_CTX_DAG_OWNER=***
AIRFLOW_CTX_DAG_ID=age_check
AIRFLOW_CTX_TASK_ID=age_check
AIRFLOW_CTX_EXECUTION_DATE=2022-11-13T00:00:00+00:00
AIRFLOW_CTX_TRY_NUMBER=3
AIRFLOW_CTX_DAG_RUN_ID=scheduled__2022-11-13T00:00:00+00:00
[2023-05-17T10:14:40.110+0000] {taskinstance.py:1768} ERROR - Task failed with exception
Traceback (most recent call last):
  File "/home/airflow/.local/lib/python3.7/site-packages/airflow/operators/python.py", line 175, in execute
    return_value = self.execute_callable()
  File "/home/airflow/.local/lib/python3.7/site-packages/airflow/operators/python.py", line 192, in execute_callable
    return self.python_callable(*self.op_args, **self.op_kwargs)
  File "/opt/airflow/dags/age.py", line 35, in age_check
    birth_year = int(Variable.get('birth_year'))
  File "/home/airflow/.local/lib/python3.7/site-packages/airflow/models/variable.py", line 141, in get
    raise KeyError(f"Variable {key} does not exist")
KeyError: 'Variable birth_year does not exist'
[2023-05-17T10:14:40.145+0000] {taskinstance.py:1323} INFO - Marking task as UP_FOR_RETRY. dag_id=age_check, task_id=age_check, execution_date=20221113T000000, start_date=20230517T101439, end_date=20230517T101440
[2023-05-17T10:14:40.161+0000] {standard_task_runner.py:105} ERROR - Failed to execute job 773 for task age_check ('Variable birth_year does not exist'; 5670)
[2023-05-17T10:14:40.219+0000] {local_task_job.py:208} INFO - Task exited with return code 1
[2023-05-17T10:14:40.281+0000] {taskinstance.py:2578} INFO - 0 downstream tasks scheduled from follow-on schedule check
