[2023-04-19T12:44:48.446+0000] {taskinstance.py:1083} INFO - Dependencies all met for <TaskInstance: age_check.age_check scheduled__2022-12-07T00:00:00+00:00 [queued]>
[2023-04-19T12:44:48.457+0000] {taskinstance.py:1083} INFO - Dependencies all met for <TaskInstance: age_check.age_check scheduled__2022-12-07T00:00:00+00:00 [queued]>
[2023-04-19T12:44:48.459+0000] {taskinstance.py:1279} INFO - 
--------------------------------------------------------------------------------
[2023-04-19T12:44:48.460+0000] {taskinstance.py:1280} INFO - Starting attempt 3 of 4
[2023-04-19T12:44:48.461+0000] {taskinstance.py:1281} INFO - 
--------------------------------------------------------------------------------
[2023-04-19T12:44:48.476+0000] {taskinstance.py:1300} INFO - Executing <Task(PythonOperator): age_check> on 2022-12-07 00:00:00+00:00
[2023-04-19T12:44:48.484+0000] {standard_task_runner.py:55} INFO - Started process 23529 to run task
[2023-04-19T12:44:48.489+0000] {standard_task_runner.py:82} INFO - Running: ['***', 'tasks', 'run', 'age_check', 'age_check', 'scheduled__2022-12-07T00:00:00+00:00', '--job-id', '1430', '--raw', '--subdir', 'DAGS_FOLDER/age.py', '--cfg-path', '/tmp/tmpxw8i95qs']
[2023-04-19T12:44:48.491+0000] {standard_task_runner.py:83} INFO - Job 1430: Subtask age_check
[2023-04-19T12:44:48.563+0000] {task_command.py:388} INFO - Running <TaskInstance: age_check.age_check scheduled__2022-12-07T00:00:00+00:00 [running]> on host fe34f61acbb3
[2023-04-19T12:44:48.639+0000] {taskinstance.py:1509} INFO - Exporting the following env vars:
AIRFLOW_CTX_DAG_OWNER=***
AIRFLOW_CTX_DAG_ID=age_check
AIRFLOW_CTX_TASK_ID=age_check
AIRFLOW_CTX_EXECUTION_DATE=2022-12-07T00:00:00+00:00
AIRFLOW_CTX_TRY_NUMBER=3
AIRFLOW_CTX_DAG_RUN_ID=scheduled__2022-12-07T00:00:00+00:00
[2023-04-19T12:44:48.650+0000] {taskinstance.py:1768} ERROR - Task failed with exception
Traceback (most recent call last):
  File "/home/airflow/.local/lib/python3.7/site-packages/airflow/operators/python.py", line 175, in execute
    return_value = self.execute_callable()
  File "/home/airflow/.local/lib/python3.7/site-packages/airflow/operators/python.py", line 192, in execute_callable
    return self.python_callable(*self.op_args, **self.op_kwargs)
  File "/opt/airflow/dags/age.py", line 35, in age_check
    birth_year = int(Variable.get('birth_year'))
  File "/home/airflow/.local/lib/python3.7/site-packages/airflow/models/variable.py", line 141, in get
    raise KeyError(f"Variable {key} does not exist")
KeyError: 'Variable birth_year does not exist'
[2023-04-19T12:44:48.677+0000] {taskinstance.py:1323} INFO - Marking task as UP_FOR_RETRY. dag_id=age_check, task_id=age_check, execution_date=20221207T000000, start_date=20230419T124448, end_date=20230419T124448
[2023-04-19T12:44:48.690+0000] {standard_task_runner.py:105} ERROR - Failed to execute job 1430 for task age_check ('Variable birth_year does not exist'; 23529)
[2023-04-19T12:44:48.741+0000] {local_task_job.py:208} INFO - Task exited with return code 1
[2023-04-19T12:44:48.774+0000] {taskinstance.py:2578} INFO - 0 downstream tasks scheduled from follow-on schedule check
[2023-05-20T20:56:13.030+0000] {taskinstance.py:1083} INFO - Dependencies all met for <TaskInstance: age_check.age_check scheduled__2022-12-07T00:00:00+00:00 [queued]>
[2023-05-20T20:56:13.044+0000] {taskinstance.py:1083} INFO - Dependencies all met for <TaskInstance: age_check.age_check scheduled__2022-12-07T00:00:00+00:00 [queued]>
[2023-05-20T20:56:13.046+0000] {taskinstance.py:1279} INFO - 
--------------------------------------------------------------------------------
[2023-05-20T20:56:13.047+0000] {taskinstance.py:1280} INFO - Starting attempt 3 of 4
[2023-05-20T20:56:13.048+0000] {taskinstance.py:1281} INFO - 
--------------------------------------------------------------------------------
[2023-05-20T20:56:13.061+0000] {taskinstance.py:1300} INFO - Executing <Task(PythonOperator): age_check> on 2022-12-07 00:00:00+00:00
[2023-05-20T20:56:13.067+0000] {standard_task_runner.py:55} INFO - Started process 249 to run task
[2023-05-20T20:56:13.074+0000] {standard_task_runner.py:82} INFO - Running: ['***', 'tasks', 'run', 'age_check', 'age_check', 'scheduled__2022-12-07T00:00:00+00:00', '--job-id', '990', '--raw', '--subdir', 'DAGS_FOLDER/age.py', '--cfg-path', '/tmp/tmpa5sm9sa4']
[2023-05-20T20:56:13.077+0000] {standard_task_runner.py:83} INFO - Job 990: Subtask age_check
[2023-05-20T20:56:13.185+0000] {task_command.py:388} INFO - Running <TaskInstance: age_check.age_check scheduled__2022-12-07T00:00:00+00:00 [running]> on host 242f95e3e8a8
[2023-05-20T20:56:13.268+0000] {taskinstance.py:1509} INFO - Exporting the following env vars:
AIRFLOW_CTX_DAG_OWNER=***
AIRFLOW_CTX_DAG_ID=age_check
AIRFLOW_CTX_TASK_ID=age_check
AIRFLOW_CTX_EXECUTION_DATE=2022-12-07T00:00:00+00:00
AIRFLOW_CTX_TRY_NUMBER=3
AIRFLOW_CTX_DAG_RUN_ID=scheduled__2022-12-07T00:00:00+00:00
[2023-05-20T20:56:13.280+0000] {taskinstance.py:1768} ERROR - Task failed with exception
Traceback (most recent call last):
  File "/home/airflow/.local/lib/python3.7/site-packages/airflow/operators/python.py", line 175, in execute
    return_value = self.execute_callable()
  File "/home/airflow/.local/lib/python3.7/site-packages/airflow/operators/python.py", line 192, in execute_callable
    return self.python_callable(*self.op_args, **self.op_kwargs)
  File "/opt/airflow/dags/age.py", line 35, in age_check
    birth_year = int(Variable.get('birth_year'))
  File "/home/airflow/.local/lib/python3.7/site-packages/airflow/models/variable.py", line 141, in get
    raise KeyError(f"Variable {key} does not exist")
KeyError: 'Variable birth_year does not exist'
[2023-05-20T20:56:13.292+0000] {taskinstance.py:1323} INFO - Marking task as UP_FOR_RETRY. dag_id=age_check, task_id=age_check, execution_date=20221207T000000, start_date=20230520T205613, end_date=20230520T205613
[2023-05-20T20:56:13.303+0000] {standard_task_runner.py:105} ERROR - Failed to execute job 990 for task age_check ('Variable birth_year does not exist'; 249)
[2023-05-20T20:56:13.341+0000] {local_task_job.py:208} INFO - Task exited with return code 1
[2023-05-20T20:56:13.366+0000] {taskinstance.py:2578} INFO - 0 downstream tasks scheduled from follow-on schedule check
