[2023-04-19T12:38:52.592+0000] {taskinstance.py:1083} INFO - Dependencies all met for <TaskInstance: age_check.age_check scheduled__2022-09-13T00:00:00+00:00 [queued]>
[2023-04-19T12:38:52.654+0000] {taskinstance.py:1083} INFO - Dependencies all met for <TaskInstance: age_check.age_check scheduled__2022-09-13T00:00:00+00:00 [queued]>
[2023-04-19T12:38:52.657+0000] {taskinstance.py:1279} INFO - 
--------------------------------------------------------------------------------
[2023-04-19T12:38:52.659+0000] {taskinstance.py:1280} INFO - Starting attempt 3 of 4
[2023-04-19T12:38:52.660+0000] {taskinstance.py:1281} INFO - 
--------------------------------------------------------------------------------
[2023-04-19T12:38:52.718+0000] {taskinstance.py:1300} INFO - Executing <Task(PythonOperator): age_check> on 2022-09-13 00:00:00+00:00
[2023-04-19T12:38:52.745+0000] {standard_task_runner.py:55} INFO - Started process 22026 to run task
[2023-04-19T12:38:52.785+0000] {standard_task_runner.py:82} INFO - Running: ['***', 'tasks', 'run', 'age_check', 'age_check', 'scheduled__2022-09-13T00:00:00+00:00', '--job-id', '822', '--raw', '--subdir', 'DAGS_FOLDER/age.py', '--cfg-path', '/tmp/tmpauney7mr']
[2023-04-19T12:38:52.793+0000] {standard_task_runner.py:83} INFO - Job 822: Subtask age_check
[2023-04-19T12:38:53.074+0000] {task_command.py:388} INFO - Running <TaskInstance: age_check.age_check scheduled__2022-09-13T00:00:00+00:00 [running]> on host fe34f61acbb3
[2023-04-19T12:38:53.379+0000] {taskinstance.py:1509} INFO - Exporting the following env vars:
AIRFLOW_CTX_DAG_OWNER=***
AIRFLOW_CTX_DAG_ID=age_check
AIRFLOW_CTX_TASK_ID=age_check
AIRFLOW_CTX_EXECUTION_DATE=2022-09-13T00:00:00+00:00
AIRFLOW_CTX_TRY_NUMBER=3
AIRFLOW_CTX_DAG_RUN_ID=scheduled__2022-09-13T00:00:00+00:00
[2023-04-19T12:38:53.426+0000] {taskinstance.py:1768} ERROR - Task failed with exception
Traceback (most recent call last):
  File "/home/airflow/.local/lib/python3.7/site-packages/airflow/operators/python.py", line 175, in execute
    return_value = self.execute_callable()
  File "/home/airflow/.local/lib/python3.7/site-packages/airflow/operators/python.py", line 192, in execute_callable
    return self.python_callable(*self.op_args, **self.op_kwargs)
  File "/opt/airflow/dags/age.py", line 35, in age_check
    birth_year = int(Variable.get('birth_year'))
  File "/home/airflow/.local/lib/python3.7/site-packages/airflow/models/variable.py", line 141, in get
    raise KeyError(f"Variable {key} does not exist")
KeyError: 'Variable birth_year does not exist'
[2023-04-19T12:38:53.456+0000] {taskinstance.py:1323} INFO - Marking task as UP_FOR_RETRY. dag_id=age_check, task_id=age_check, execution_date=20220913T000000, start_date=20230419T123852, end_date=20230419T123853
[2023-04-19T12:38:53.534+0000] {standard_task_runner.py:105} ERROR - Failed to execute job 822 for task age_check ('Variable birth_year does not exist'; 22026)
[2023-04-19T12:38:53.673+0000] {local_task_job.py:208} INFO - Task exited with return code 1
[2023-04-19T12:38:53.744+0000] {taskinstance.py:2578} INFO - 0 downstream tasks scheduled from follow-on schedule check
[2023-05-17T09:54:06.700+0000] {taskinstance.py:1083} INFO - Dependencies all met for <TaskInstance: age_check.age_check scheduled__2022-09-13T00:00:00+00:00 [queued]>
[2023-05-17T09:54:06.717+0000] {taskinstance.py:1083} INFO - Dependencies all met for <TaskInstance: age_check.age_check scheduled__2022-09-13T00:00:00+00:00 [queued]>
[2023-05-17T09:54:06.718+0000] {taskinstance.py:1279} INFO - 
--------------------------------------------------------------------------------
[2023-05-17T09:54:06.719+0000] {taskinstance.py:1280} INFO - Starting attempt 3 of 4
[2023-05-17T09:54:06.720+0000] {taskinstance.py:1281} INFO - 
--------------------------------------------------------------------------------
[2023-05-17T09:54:06.738+0000] {taskinstance.py:1300} INFO - Executing <Task(PythonOperator): age_check> on 2022-09-13 00:00:00+00:00
[2023-05-17T09:54:06.745+0000] {standard_task_runner.py:55} INFO - Started process 4549 to run task
[2023-05-17T09:54:06.760+0000] {standard_task_runner.py:82} INFO - Running: ['***', 'tasks', 'run', 'age_check', 'age_check', 'scheduled__2022-09-13T00:00:00+00:00', '--job-id', '320', '--raw', '--subdir', 'DAGS_FOLDER/age.py', '--cfg-path', '/tmp/tmp6g7qvmf0']
[2023-05-17T09:54:06.763+0000] {standard_task_runner.py:83} INFO - Job 320: Subtask age_check
[2023-05-17T09:54:06.910+0000] {task_command.py:388} INFO - Running <TaskInstance: age_check.age_check scheduled__2022-09-13T00:00:00+00:00 [running]> on host 242f95e3e8a8
[2023-05-17T09:54:07.038+0000] {taskinstance.py:1509} INFO - Exporting the following env vars:
AIRFLOW_CTX_DAG_OWNER=***
AIRFLOW_CTX_DAG_ID=age_check
AIRFLOW_CTX_TASK_ID=age_check
AIRFLOW_CTX_EXECUTION_DATE=2022-09-13T00:00:00+00:00
AIRFLOW_CTX_TRY_NUMBER=3
AIRFLOW_CTX_DAG_RUN_ID=scheduled__2022-09-13T00:00:00+00:00
[2023-05-17T09:54:07.049+0000] {taskinstance.py:1768} ERROR - Task failed with exception
Traceback (most recent call last):
  File "/home/airflow/.local/lib/python3.7/site-packages/airflow/operators/python.py", line 175, in execute
    return_value = self.execute_callable()
  File "/home/airflow/.local/lib/python3.7/site-packages/airflow/operators/python.py", line 192, in execute_callable
    return self.python_callable(*self.op_args, **self.op_kwargs)
  File "/opt/airflow/dags/age.py", line 35, in age_check
    birth_year = int(Variable.get('birth_year'))
  File "/home/airflow/.local/lib/python3.7/site-packages/airflow/models/variable.py", line 141, in get
    raise KeyError(f"Variable {key} does not exist")
KeyError: 'Variable birth_year does not exist'
[2023-05-17T09:54:07.065+0000] {taskinstance.py:1323} INFO - Marking task as UP_FOR_RETRY. dag_id=age_check, task_id=age_check, execution_date=20220913T000000, start_date=20230517T095406, end_date=20230517T095407
[2023-05-17T09:54:07.077+0000] {standard_task_runner.py:105} ERROR - Failed to execute job 320 for task age_check ('Variable birth_year does not exist'; 4549)
[2023-05-17T09:54:07.096+0000] {local_task_job.py:208} INFO - Task exited with return code 1
[2023-05-17T09:54:07.134+0000] {taskinstance.py:2578} INFO - 0 downstream tasks scheduled from follow-on schedule check
