[2023-04-19T12:46:50.220+0000] {taskinstance.py:1083} INFO - Dependencies all met for <TaskInstance: age_check.age_check scheduled__2023-01-08T00:00:00+00:00 [queued]>
[2023-04-19T12:46:50.407+0000] {taskinstance.py:1083} INFO - Dependencies all met for <TaskInstance: age_check.age_check scheduled__2023-01-08T00:00:00+00:00 [queued]>
[2023-04-19T12:46:50.416+0000] {taskinstance.py:1279} INFO - 
--------------------------------------------------------------------------------
[2023-04-19T12:46:50.417+0000] {taskinstance.py:1280} INFO - Starting attempt 3 of 4
[2023-04-19T12:46:50.424+0000] {taskinstance.py:1281} INFO - 
--------------------------------------------------------------------------------
[2023-04-19T12:46:50.535+0000] {taskinstance.py:1300} INFO - Executing <Task(PythonOperator): age_check> on 2023-01-08 00:00:00+00:00
[2023-04-19T12:46:50.574+0000] {standard_task_runner.py:55} INFO - Started process 24037 to run task
[2023-04-19T12:46:50.765+0000] {standard_task_runner.py:82} INFO - Running: ['***', 'tasks', 'run', 'age_check', 'age_check', 'scheduled__2023-01-08T00:00:00+00:00', '--job-id', '1633', '--raw', '--subdir', 'DAGS_FOLDER/age.py', '--cfg-path', '/tmp/tmpm0rrrk8p']
[2023-04-19T12:46:50.784+0000] {standard_task_runner.py:83} INFO - Job 1633: Subtask age_check
[2023-04-19T12:46:51.353+0000] {task_command.py:388} INFO - Running <TaskInstance: age_check.age_check scheduled__2023-01-08T00:00:00+00:00 [running]> on host fe34f61acbb3
[2023-04-19T12:46:51.717+0000] {taskinstance.py:1509} INFO - Exporting the following env vars:
AIRFLOW_CTX_DAG_OWNER=***
AIRFLOW_CTX_DAG_ID=age_check
AIRFLOW_CTX_TASK_ID=age_check
AIRFLOW_CTX_EXECUTION_DATE=2023-01-08T00:00:00+00:00
AIRFLOW_CTX_TRY_NUMBER=3
AIRFLOW_CTX_DAG_RUN_ID=scheduled__2023-01-08T00:00:00+00:00
[2023-04-19T12:46:51.771+0000] {taskinstance.py:1768} ERROR - Task failed with exception
Traceback (most recent call last):
  File "/home/airflow/.local/lib/python3.7/site-packages/airflow/operators/python.py", line 175, in execute
    return_value = self.execute_callable()
  File "/home/airflow/.local/lib/python3.7/site-packages/airflow/operators/python.py", line 192, in execute_callable
    return self.python_callable(*self.op_args, **self.op_kwargs)
  File "/opt/airflow/dags/age.py", line 35, in age_check
    birth_year = int(Variable.get('birth_year'))
  File "/home/airflow/.local/lib/python3.7/site-packages/airflow/models/variable.py", line 141, in get
    raise KeyError(f"Variable {key} does not exist")
KeyError: 'Variable birth_year does not exist'
[2023-04-19T12:46:51.826+0000] {taskinstance.py:1323} INFO - Marking task as UP_FOR_RETRY. dag_id=age_check, task_id=age_check, execution_date=20230108T000000, start_date=20230419T124650, end_date=20230419T124651
[2023-04-19T12:46:51.892+0000] {standard_task_runner.py:105} ERROR - Failed to execute job 1633 for task age_check ('Variable birth_year does not exist'; 24037)
[2023-04-19T12:46:52.129+0000] {local_task_job.py:208} INFO - Task exited with return code 1
[2023-04-19T12:46:52.307+0000] {taskinstance.py:2578} INFO - 0 downstream tasks scheduled from follow-on schedule check
[2023-05-20T20:58:25.411+0000] {taskinstance.py:1083} INFO - Dependencies all met for <TaskInstance: age_check.age_check scheduled__2023-01-08T00:00:00+00:00 [queued]>
[2023-05-20T20:58:25.432+0000] {taskinstance.py:1083} INFO - Dependencies all met for <TaskInstance: age_check.age_check scheduled__2023-01-08T00:00:00+00:00 [queued]>
[2023-05-20T20:58:25.435+0000] {taskinstance.py:1279} INFO - 
--------------------------------------------------------------------------------
[2023-05-20T20:58:25.436+0000] {taskinstance.py:1280} INFO - Starting attempt 3 of 4
[2023-05-20T20:58:25.437+0000] {taskinstance.py:1281} INFO - 
--------------------------------------------------------------------------------
[2023-05-20T20:58:25.467+0000] {taskinstance.py:1300} INFO - Executing <Task(PythonOperator): age_check> on 2023-01-08 00:00:00+00:00
[2023-05-20T20:58:25.477+0000] {standard_task_runner.py:55} INFO - Started process 860 to run task
[2023-05-20T20:58:25.485+0000] {standard_task_runner.py:82} INFO - Running: ['***', 'tasks', 'run', 'age_check', 'age_check', 'scheduled__2023-01-08T00:00:00+00:00', '--job-id', '1236', '--raw', '--subdir', 'DAGS_FOLDER/age.py', '--cfg-path', '/tmp/tmphot65p45']
[2023-05-20T20:58:25.489+0000] {standard_task_runner.py:83} INFO - Job 1236: Subtask age_check
[2023-05-20T20:58:25.613+0000] {task_command.py:388} INFO - Running <TaskInstance: age_check.age_check scheduled__2023-01-08T00:00:00+00:00 [running]> on host 242f95e3e8a8
[2023-05-20T20:58:25.707+0000] {taskinstance.py:1509} INFO - Exporting the following env vars:
AIRFLOW_CTX_DAG_OWNER=***
AIRFLOW_CTX_DAG_ID=age_check
AIRFLOW_CTX_TASK_ID=age_check
AIRFLOW_CTX_EXECUTION_DATE=2023-01-08T00:00:00+00:00
AIRFLOW_CTX_TRY_NUMBER=3
AIRFLOW_CTX_DAG_RUN_ID=scheduled__2023-01-08T00:00:00+00:00
[2023-05-20T20:58:25.731+0000] {taskinstance.py:1768} ERROR - Task failed with exception
Traceback (most recent call last):
  File "/home/airflow/.local/lib/python3.7/site-packages/airflow/operators/python.py", line 175, in execute
    return_value = self.execute_callable()
  File "/home/airflow/.local/lib/python3.7/site-packages/airflow/operators/python.py", line 192, in execute_callable
    return self.python_callable(*self.op_args, **self.op_kwargs)
  File "/opt/airflow/dags/age.py", line 35, in age_check
    birth_year = int(Variable.get('birth_year'))
  File "/home/airflow/.local/lib/python3.7/site-packages/airflow/models/variable.py", line 141, in get
    raise KeyError(f"Variable {key} does not exist")
KeyError: 'Variable birth_year does not exist'
[2023-05-20T20:58:25.744+0000] {taskinstance.py:1323} INFO - Marking task as UP_FOR_RETRY. dag_id=age_check, task_id=age_check, execution_date=20230108T000000, start_date=20230520T205825, end_date=20230520T205825
[2023-05-20T20:58:25.754+0000] {standard_task_runner.py:105} ERROR - Failed to execute job 1236 for task age_check ('Variable birth_year does not exist'; 860)
[2023-05-20T20:58:25.783+0000] {local_task_job.py:208} INFO - Task exited with return code 1
[2023-05-20T20:58:25.815+0000] {taskinstance.py:2578} INFO - 0 downstream tasks scheduled from follow-on schedule check
