[2023-04-19T12:37:06.217+0000] {taskinstance.py:1083} INFO - Dependencies all met for <TaskInstance: age_check.age_check scheduled__2022-08-16T00:00:00+00:00 [queued]>
[2023-04-19T12:37:06.235+0000] {taskinstance.py:1083} INFO - Dependencies all met for <TaskInstance: age_check.age_check scheduled__2022-08-16T00:00:00+00:00 [queued]>
[2023-04-19T12:37:06.235+0000] {taskinstance.py:1279} INFO - 
--------------------------------------------------------------------------------
[2023-04-19T12:37:06.236+0000] {taskinstance.py:1280} INFO - Starting attempt 2 of 4
[2023-04-19T12:37:06.237+0000] {taskinstance.py:1281} INFO - 
--------------------------------------------------------------------------------
[2023-04-19T12:37:06.248+0000] {taskinstance.py:1300} INFO - Executing <Task(PythonOperator): age_check> on 2022-08-16 00:00:00+00:00
[2023-04-19T12:37:06.255+0000] {standard_task_runner.py:55} INFO - Started process 21529 to run task
[2023-04-19T12:37:06.267+0000] {standard_task_runner.py:82} INFO - Running: ['***', 'tasks', 'run', 'age_check', 'age_check', 'scheduled__2022-08-16T00:00:00+00:00', '--job-id', '620', '--raw', '--subdir', 'DAGS_FOLDER/age.py', '--cfg-path', '/tmp/tmpvx977lic']
[2023-04-19T12:37:06.276+0000] {standard_task_runner.py:83} INFO - Job 620: Subtask age_check
[2023-04-19T12:37:06.350+0000] {task_command.py:388} INFO - Running <TaskInstance: age_check.age_check scheduled__2022-08-16T00:00:00+00:00 [running]> on host fe34f61acbb3
[2023-04-19T12:37:06.423+0000] {taskinstance.py:1509} INFO - Exporting the following env vars:
AIRFLOW_CTX_DAG_OWNER=***
AIRFLOW_CTX_DAG_ID=age_check
AIRFLOW_CTX_TASK_ID=age_check
AIRFLOW_CTX_EXECUTION_DATE=2022-08-16T00:00:00+00:00
AIRFLOW_CTX_TRY_NUMBER=2
AIRFLOW_CTX_DAG_RUN_ID=scheduled__2022-08-16T00:00:00+00:00
[2023-04-19T12:37:06.448+0000] {taskinstance.py:1768} ERROR - Task failed with exception
Traceback (most recent call last):
  File "/home/airflow/.local/lib/python3.7/site-packages/airflow/operators/python.py", line 175, in execute
    return_value = self.execute_callable()
  File "/home/airflow/.local/lib/python3.7/site-packages/airflow/operators/python.py", line 192, in execute_callable
    return self.python_callable(*self.op_args, **self.op_kwargs)
  File "/opt/airflow/dags/age.py", line 35, in age_check
    birth_year = int(Variable.get('birth_year'))
  File "/home/airflow/.local/lib/python3.7/site-packages/airflow/models/variable.py", line 141, in get
    raise KeyError(f"Variable {key} does not exist")
KeyError: 'Variable birth_year does not exist'
[2023-04-19T12:37:06.463+0000] {taskinstance.py:1323} INFO - Marking task as UP_FOR_RETRY. dag_id=age_check, task_id=age_check, execution_date=20220816T000000, start_date=20230419T123706, end_date=20230419T123706
[2023-04-19T12:37:06.478+0000] {standard_task_runner.py:105} ERROR - Failed to execute job 620 for task age_check ('Variable birth_year does not exist'; 21529)
[2023-04-19T12:37:06.518+0000] {local_task_job.py:208} INFO - Task exited with return code 1
[2023-04-19T12:37:06.543+0000] {taskinstance.py:2578} INFO - 0 downstream tasks scheduled from follow-on schedule check
[2023-05-17T09:52:47.686+0000] {taskinstance.py:1083} INFO - Dependencies all met for <TaskInstance: age_check.age_check scheduled__2022-08-16T00:00:00+00:00 [queued]>
[2023-05-17T09:52:47.695+0000] {taskinstance.py:1083} INFO - Dependencies all met for <TaskInstance: age_check.age_check scheduled__2022-08-16T00:00:00+00:00 [queued]>
[2023-05-17T09:52:47.696+0000] {taskinstance.py:1279} INFO - 
--------------------------------------------------------------------------------
[2023-05-17T09:52:47.697+0000] {taskinstance.py:1280} INFO - Starting attempt 2 of 4
[2023-05-17T09:52:47.697+0000] {taskinstance.py:1281} INFO - 
--------------------------------------------------------------------------------
[2023-05-17T09:52:47.708+0000] {taskinstance.py:1300} INFO - Executing <Task(PythonOperator): age_check> on 2022-08-16 00:00:00+00:00
[2023-05-17T09:52:47.713+0000] {standard_task_runner.py:55} INFO - Started process 4201 to run task
[2023-05-17T09:52:47.719+0000] {standard_task_runner.py:82} INFO - Running: ['***', 'tasks', 'run', 'age_check', 'age_check', 'scheduled__2022-08-16T00:00:00+00:00', '--job-id', '181', '--raw', '--subdir', 'DAGS_FOLDER/age.py', '--cfg-path', '/tmp/tmpj3i1chat']
[2023-05-17T09:52:47.722+0000] {standard_task_runner.py:83} INFO - Job 181: Subtask age_check
[2023-05-17T09:52:47.806+0000] {task_command.py:388} INFO - Running <TaskInstance: age_check.age_check scheduled__2022-08-16T00:00:00+00:00 [running]> on host 242f95e3e8a8
[2023-05-17T09:52:47.859+0000] {taskinstance.py:1509} INFO - Exporting the following env vars:
AIRFLOW_CTX_DAG_OWNER=***
AIRFLOW_CTX_DAG_ID=age_check
AIRFLOW_CTX_TASK_ID=age_check
AIRFLOW_CTX_EXECUTION_DATE=2022-08-16T00:00:00+00:00
AIRFLOW_CTX_TRY_NUMBER=2
AIRFLOW_CTX_DAG_RUN_ID=scheduled__2022-08-16T00:00:00+00:00
[2023-05-17T09:52:47.870+0000] {taskinstance.py:1768} ERROR - Task failed with exception
Traceback (most recent call last):
  File "/home/airflow/.local/lib/python3.7/site-packages/airflow/operators/python.py", line 175, in execute
    return_value = self.execute_callable()
  File "/home/airflow/.local/lib/python3.7/site-packages/airflow/operators/python.py", line 192, in execute_callable
    return self.python_callable(*self.op_args, **self.op_kwargs)
  File "/opt/airflow/dags/age.py", line 35, in age_check
    birth_year = int(Variable.get('birth_year'))
  File "/home/airflow/.local/lib/python3.7/site-packages/airflow/models/variable.py", line 141, in get
    raise KeyError(f"Variable {key} does not exist")
KeyError: 'Variable birth_year does not exist'
[2023-05-17T09:52:47.880+0000] {taskinstance.py:1323} INFO - Marking task as UP_FOR_RETRY. dag_id=age_check, task_id=age_check, execution_date=20220816T000000, start_date=20230517T095247, end_date=20230517T095247
[2023-05-17T09:52:47.893+0000] {standard_task_runner.py:105} ERROR - Failed to execute job 181 for task age_check ('Variable birth_year does not exist'; 4201)
[2023-05-17T09:52:47.931+0000] {local_task_job.py:208} INFO - Task exited with return code 1
[2023-05-17T09:52:47.953+0000] {taskinstance.py:2578} INFO - 0 downstream tasks scheduled from follow-on schedule check
