[2023-04-19T12:37:30.133+0000] {taskinstance.py:1083} INFO - Dependencies all met for <TaskInstance: age_check.age_check scheduled__2022-08-16T00:00:00+00:00 [queued]>
[2023-04-19T12:37:30.149+0000] {taskinstance.py:1083} INFO - Dependencies all met for <TaskInstance: age_check.age_check scheduled__2022-08-16T00:00:00+00:00 [queued]>
[2023-04-19T12:37:30.150+0000] {taskinstance.py:1279} INFO - 
--------------------------------------------------------------------------------
[2023-04-19T12:37:30.152+0000] {taskinstance.py:1280} INFO - Starting attempt 4 of 4
[2023-04-19T12:37:30.153+0000] {taskinstance.py:1281} INFO - 
--------------------------------------------------------------------------------
[2023-04-19T12:37:30.169+0000] {taskinstance.py:1300} INFO - Executing <Task(PythonOperator): age_check> on 2022-08-16 00:00:00+00:00
[2023-04-19T12:37:30.181+0000] {standard_task_runner.py:55} INFO - Started process 21630 to run task
[2023-04-19T12:37:30.196+0000] {standard_task_runner.py:82} INFO - Running: ['***', 'tasks', 'run', 'age_check', 'age_check', 'scheduled__2022-08-16T00:00:00+00:00', '--job-id', '658', '--raw', '--subdir', 'DAGS_FOLDER/age.py', '--cfg-path', '/tmp/tmpu5wsc6us']
[2023-04-19T12:37:30.201+0000] {standard_task_runner.py:83} INFO - Job 658: Subtask age_check
[2023-04-19T12:37:30.299+0000] {task_command.py:388} INFO - Running <TaskInstance: age_check.age_check scheduled__2022-08-16T00:00:00+00:00 [running]> on host fe34f61acbb3
[2023-04-19T12:37:30.381+0000] {taskinstance.py:1509} INFO - Exporting the following env vars:
AIRFLOW_CTX_DAG_OWNER=***
AIRFLOW_CTX_DAG_ID=age_check
AIRFLOW_CTX_TASK_ID=age_check
AIRFLOW_CTX_EXECUTION_DATE=2022-08-16T00:00:00+00:00
AIRFLOW_CTX_TRY_NUMBER=4
AIRFLOW_CTX_DAG_RUN_ID=scheduled__2022-08-16T00:00:00+00:00
[2023-04-19T12:37:30.393+0000] {taskinstance.py:1768} ERROR - Task failed with exception
Traceback (most recent call last):
  File "/home/airflow/.local/lib/python3.7/site-packages/airflow/operators/python.py", line 175, in execute
    return_value = self.execute_callable()
  File "/home/airflow/.local/lib/python3.7/site-packages/airflow/operators/python.py", line 192, in execute_callable
    return self.python_callable(*self.op_args, **self.op_kwargs)
  File "/opt/airflow/dags/age.py", line 35, in age_check
    birth_year = int(Variable.get('birth_year'))
  File "/home/airflow/.local/lib/python3.7/site-packages/airflow/models/variable.py", line 141, in get
    raise KeyError(f"Variable {key} does not exist")
KeyError: 'Variable birth_year does not exist'
[2023-04-19T12:37:30.440+0000] {taskinstance.py:1323} INFO - Marking task as FAILED. dag_id=age_check, task_id=age_check, execution_date=20220816T000000, start_date=20230419T123730, end_date=20230419T123730
[2023-04-19T12:37:30.458+0000] {standard_task_runner.py:105} ERROR - Failed to execute job 658 for task age_check ('Variable birth_year does not exist'; 21630)
[2023-04-19T12:37:30.480+0000] {local_task_job.py:208} INFO - Task exited with return code 1
[2023-04-19T12:37:30.511+0000] {taskinstance.py:2578} INFO - 0 downstream tasks scheduled from follow-on schedule check
[2023-05-17T09:53:10.900+0000] {taskinstance.py:1083} INFO - Dependencies all met for <TaskInstance: age_check.age_check scheduled__2022-08-16T00:00:00+00:00 [queued]>
[2023-05-17T09:53:10.912+0000] {taskinstance.py:1083} INFO - Dependencies all met for <TaskInstance: age_check.age_check scheduled__2022-08-16T00:00:00+00:00 [queued]>
[2023-05-17T09:53:10.915+0000] {taskinstance.py:1279} INFO - 
--------------------------------------------------------------------------------
[2023-05-17T09:53:10.916+0000] {taskinstance.py:1280} INFO - Starting attempt 4 of 4
[2023-05-17T09:53:10.917+0000] {taskinstance.py:1281} INFO - 
--------------------------------------------------------------------------------
[2023-05-17T09:53:10.953+0000] {taskinstance.py:1300} INFO - Executing <Task(PythonOperator): age_check> on 2022-08-16 00:00:00+00:00
[2023-05-17T09:53:10.962+0000] {standard_task_runner.py:55} INFO - Started process 4291 to run task
[2023-05-17T09:53:10.975+0000] {standard_task_runner.py:82} INFO - Running: ['***', 'tasks', 'run', 'age_check', 'age_check', 'scheduled__2022-08-16T00:00:00+00:00', '--job-id', '213', '--raw', '--subdir', 'DAGS_FOLDER/age.py', '--cfg-path', '/tmp/tmpc5zhmycb']
[2023-05-17T09:53:10.980+0000] {standard_task_runner.py:83} INFO - Job 213: Subtask age_check
[2023-05-17T09:53:11.096+0000] {task_command.py:388} INFO - Running <TaskInstance: age_check.age_check scheduled__2022-08-16T00:00:00+00:00 [running]> on host 242f95e3e8a8
[2023-05-17T09:53:11.205+0000] {taskinstance.py:1509} INFO - Exporting the following env vars:
AIRFLOW_CTX_DAG_OWNER=***
AIRFLOW_CTX_DAG_ID=age_check
AIRFLOW_CTX_TASK_ID=age_check
AIRFLOW_CTX_EXECUTION_DATE=2022-08-16T00:00:00+00:00
AIRFLOW_CTX_TRY_NUMBER=4
AIRFLOW_CTX_DAG_RUN_ID=scheduled__2022-08-16T00:00:00+00:00
[2023-05-17T09:53:11.222+0000] {taskinstance.py:1768} ERROR - Task failed with exception
Traceback (most recent call last):
  File "/home/airflow/.local/lib/python3.7/site-packages/airflow/operators/python.py", line 175, in execute
    return_value = self.execute_callable()
  File "/home/airflow/.local/lib/python3.7/site-packages/airflow/operators/python.py", line 192, in execute_callable
    return self.python_callable(*self.op_args, **self.op_kwargs)
  File "/opt/airflow/dags/age.py", line 35, in age_check
    birth_year = int(Variable.get('birth_year'))
  File "/home/airflow/.local/lib/python3.7/site-packages/airflow/models/variable.py", line 141, in get
    raise KeyError(f"Variable {key} does not exist")
KeyError: 'Variable birth_year does not exist'
[2023-05-17T09:53:11.241+0000] {taskinstance.py:1323} INFO - Marking task as FAILED. dag_id=age_check, task_id=age_check, execution_date=20220816T000000, start_date=20230517T095310, end_date=20230517T095311
[2023-05-17T09:53:11.260+0000] {standard_task_runner.py:105} ERROR - Failed to execute job 213 for task age_check ('Variable birth_year does not exist'; 4291)
[2023-05-17T09:53:11.305+0000] {local_task_job.py:208} INFO - Task exited with return code 1
[2023-05-17T09:53:11.333+0000] {taskinstance.py:2578} INFO - 0 downstream tasks scheduled from follow-on schedule check
