[2023-04-26T02:10:46.753+0000] {taskinstance.py:1083} INFO - Dependencies all met for <TaskInstance: age_check.age_check scheduled__2023-04-25T00:00:00+00:00 [queued]>
[2023-04-26T02:10:46.764+0000] {taskinstance.py:1083} INFO - Dependencies all met for <TaskInstance: age_check.age_check scheduled__2023-04-25T00:00:00+00:00 [queued]>
[2023-04-26T02:10:46.766+0000] {taskinstance.py:1279} INFO - 
--------------------------------------------------------------------------------
[2023-04-26T02:10:46.767+0000] {taskinstance.py:1280} INFO - Starting attempt 4 of 4
[2023-04-26T02:10:46.767+0000] {taskinstance.py:1281} INFO - 
--------------------------------------------------------------------------------
[2023-04-26T02:10:46.777+0000] {taskinstance.py:1300} INFO - Executing <Task(PythonOperator): age_check> on 2023-04-25 00:00:00+00:00
[2023-04-26T02:10:46.784+0000] {standard_task_runner.py:55} INFO - Started process 44130 to run task
[2023-04-26T02:10:46.788+0000] {standard_task_runner.py:82} INFO - Running: ['***', 'tasks', 'run', 'age_check', 'age_check', 'scheduled__2023-04-25T00:00:00+00:00', '--job-id', '4639', '--raw', '--subdir', 'DAGS_FOLDER/age.py', '--cfg-path', '/tmp/tmp__ojs62e']
[2023-04-26T02:10:46.789+0000] {standard_task_runner.py:83} INFO - Job 4639: Subtask age_check
[2023-04-26T02:10:46.888+0000] {task_command.py:388} INFO - Running <TaskInstance: age_check.age_check scheduled__2023-04-25T00:00:00+00:00 [running]> on host fe34f61acbb3
[2023-04-26T02:10:46.945+0000] {taskinstance.py:1509} INFO - Exporting the following env vars:
AIRFLOW_CTX_DAG_OWNER=***
AIRFLOW_CTX_DAG_ID=age_check
AIRFLOW_CTX_TASK_ID=age_check
AIRFLOW_CTX_EXECUTION_DATE=2023-04-25T00:00:00+00:00
AIRFLOW_CTX_TRY_NUMBER=4
AIRFLOW_CTX_DAG_RUN_ID=scheduled__2023-04-25T00:00:00+00:00
[2023-04-26T02:10:46.953+0000] {taskinstance.py:1768} ERROR - Task failed with exception
Traceback (most recent call last):
  File "/home/airflow/.local/lib/python3.7/site-packages/airflow/operators/python.py", line 175, in execute
    return_value = self.execute_callable()
  File "/home/airflow/.local/lib/python3.7/site-packages/airflow/operators/python.py", line 192, in execute_callable
    return self.python_callable(*self.op_args, **self.op_kwargs)
  File "/opt/airflow/dags/age.py", line 35, in age_check
    birth_year = int(Variable.get('birth_year'))
  File "/home/airflow/.local/lib/python3.7/site-packages/airflow/models/variable.py", line 141, in get
    raise KeyError(f"Variable {key} does not exist")
KeyError: 'Variable birth_year does not exist'
[2023-04-26T02:10:46.974+0000] {taskinstance.py:1323} INFO - Marking task as FAILED. dag_id=age_check, task_id=age_check, execution_date=20230425T000000, start_date=20230426T021046, end_date=20230426T021046
[2023-04-26T02:10:46.983+0000] {standard_task_runner.py:105} ERROR - Failed to execute job 4639 for task age_check ('Variable birth_year does not exist'; 44130)
[2023-04-26T02:10:47.005+0000] {local_task_job.py:208} INFO - Task exited with return code 1
[2023-04-26T02:10:47.022+0000] {taskinstance.py:2578} INFO - 0 downstream tasks scheduled from follow-on schedule check
[2023-05-20T21:51:21.489+0000] {taskinstance.py:1083} INFO - Dependencies all met for <TaskInstance: age_check.age_check scheduled__2023-04-25T00:00:00+00:00 [queued]>
[2023-05-20T21:51:21.519+0000] {taskinstance.py:1083} INFO - Dependencies all met for <TaskInstance: age_check.age_check scheduled__2023-04-25T00:00:00+00:00 [queued]>
[2023-05-20T21:51:21.520+0000] {taskinstance.py:1279} INFO - 
--------------------------------------------------------------------------------
[2023-05-20T21:51:21.521+0000] {taskinstance.py:1280} INFO - Starting attempt 4 of 4
[2023-05-20T21:51:21.522+0000] {taskinstance.py:1281} INFO - 
--------------------------------------------------------------------------------
[2023-05-20T21:51:21.547+0000] {taskinstance.py:1300} INFO - Executing <Task(PythonOperator): age_check> on 2023-04-25 00:00:00+00:00
[2023-05-20T21:51:21.552+0000] {standard_task_runner.py:55} INFO - Started process 2571 to run task
[2023-05-20T21:51:21.560+0000] {standard_task_runner.py:82} INFO - Running: ['***', 'tasks', 'run', 'age_check', 'age_check', 'scheduled__2023-04-25T00:00:00+00:00', '--job-id', '1933', '--raw', '--subdir', 'DAGS_FOLDER/age.py', '--cfg-path', '/tmp/tmpz785uwcs']
[2023-05-20T21:51:21.562+0000] {standard_task_runner.py:83} INFO - Job 1933: Subtask age_check
[2023-05-20T21:51:21.708+0000] {task_command.py:388} INFO - Running <TaskInstance: age_check.age_check scheduled__2023-04-25T00:00:00+00:00 [running]> on host 242f95e3e8a8
[2023-05-20T21:51:21.895+0000] {taskinstance.py:1509} INFO - Exporting the following env vars:
AIRFLOW_CTX_DAG_OWNER=***
AIRFLOW_CTX_DAG_ID=age_check
AIRFLOW_CTX_TASK_ID=age_check
AIRFLOW_CTX_EXECUTION_DATE=2023-04-25T00:00:00+00:00
AIRFLOW_CTX_TRY_NUMBER=4
AIRFLOW_CTX_DAG_RUN_ID=scheduled__2023-04-25T00:00:00+00:00
[2023-05-20T21:51:21.906+0000] {taskinstance.py:1768} ERROR - Task failed with exception
Traceback (most recent call last):
  File "/home/airflow/.local/lib/python3.7/site-packages/airflow/operators/python.py", line 175, in execute
    return_value = self.execute_callable()
  File "/home/airflow/.local/lib/python3.7/site-packages/airflow/operators/python.py", line 192, in execute_callable
    return self.python_callable(*self.op_args, **self.op_kwargs)
  File "/opt/airflow/dags/age.py", line 35, in age_check
    birth_year = int(Variable.get('birth_year'))
  File "/home/airflow/.local/lib/python3.7/site-packages/airflow/models/variable.py", line 141, in get
    raise KeyError(f"Variable {key} does not exist")
KeyError: 'Variable birth_year does not exist'
[2023-05-20T21:51:21.937+0000] {taskinstance.py:1323} INFO - Marking task as FAILED. dag_id=age_check, task_id=age_check, execution_date=20230425T000000, start_date=20230520T215121, end_date=20230520T215121
[2023-05-20T21:51:21.951+0000] {standard_task_runner.py:105} ERROR - Failed to execute job 1933 for task age_check ('Variable birth_year does not exist'; 2571)
[2023-05-20T21:51:22.036+0000] {local_task_job.py:208} INFO - Task exited with return code 1
[2023-05-20T21:51:22.074+0000] {taskinstance.py:2578} INFO - 0 downstream tasks scheduled from follow-on schedule check
