[2023-04-19T12:37:11.613+0000] {taskinstance.py:1083} INFO - Dependencies all met for <TaskInstance: age_check.age_check manual__2023-04-19T12:35:40.479859+00:00 [queued]>
[2023-04-19T12:37:11.627+0000] {taskinstance.py:1083} INFO - Dependencies all met for <TaskInstance: age_check.age_check manual__2023-04-19T12:35:40.479859+00:00 [queued]>
[2023-04-19T12:37:11.628+0000] {taskinstance.py:1279} INFO - 
--------------------------------------------------------------------------------
[2023-04-19T12:37:11.630+0000] {taskinstance.py:1280} INFO - Starting attempt 4 of 4
[2023-04-19T12:37:11.631+0000] {taskinstance.py:1281} INFO - 
--------------------------------------------------------------------------------
[2023-04-19T12:37:11.654+0000] {taskinstance.py:1300} INFO - Executing <Task(PythonOperator): age_check> on 2023-04-19 12:35:40.479859+00:00
[2023-04-19T12:37:11.665+0000] {standard_task_runner.py:55} INFO - Started process 21547 to run task
[2023-04-19T12:37:11.679+0000] {standard_task_runner.py:82} INFO - Running: ['***', 'tasks', 'run', 'age_check', 'age_check', 'manual__2023-04-19T12:35:40.479859+00:00', '--job-id', '629', '--raw', '--subdir', 'DAGS_FOLDER/age.py', '--cfg-path', '/tmp/tmp5ff2vmkr']
[2023-04-19T12:37:11.685+0000] {standard_task_runner.py:83} INFO - Job 629: Subtask age_check
[2023-04-19T12:37:11.860+0000] {task_command.py:388} INFO - Running <TaskInstance: age_check.age_check manual__2023-04-19T12:35:40.479859+00:00 [running]> on host fe34f61acbb3
[2023-04-19T12:37:11.955+0000] {taskinstance.py:1509} INFO - Exporting the following env vars:
AIRFLOW_CTX_DAG_OWNER=***
AIRFLOW_CTX_DAG_ID=age_check
AIRFLOW_CTX_TASK_ID=age_check
AIRFLOW_CTX_EXECUTION_DATE=2023-04-19T12:35:40.479859+00:00
AIRFLOW_CTX_TRY_NUMBER=4
AIRFLOW_CTX_DAG_RUN_ID=manual__2023-04-19T12:35:40.479859+00:00
[2023-04-19T12:37:11.986+0000] {taskinstance.py:1768} ERROR - Task failed with exception
Traceback (most recent call last):
  File "/home/airflow/.local/lib/python3.7/site-packages/airflow/operators/python.py", line 175, in execute
    return_value = self.execute_callable()
  File "/home/airflow/.local/lib/python3.7/site-packages/airflow/operators/python.py", line 192, in execute_callable
    return self.python_callable(*self.op_args, **self.op_kwargs)
  File "/opt/airflow/dags/age.py", line 35, in age_check
    birth_year = int(Variable.get('birth_year'))
  File "/home/airflow/.local/lib/python3.7/site-packages/airflow/models/variable.py", line 141, in get
    raise KeyError(f"Variable {key} does not exist")
KeyError: 'Variable birth_year does not exist'
[2023-04-19T12:37:12.046+0000] {taskinstance.py:1323} INFO - Marking task as FAILED. dag_id=age_check, task_id=age_check, execution_date=20230419T123540, start_date=20230419T123711, end_date=20230419T123712
[2023-04-19T12:37:12.084+0000] {standard_task_runner.py:105} ERROR - Failed to execute job 629 for task age_check ('Variable birth_year does not exist'; 21547)
[2023-04-19T12:37:12.137+0000] {local_task_job.py:208} INFO - Task exited with return code 1
[2023-04-19T12:37:12.178+0000] {taskinstance.py:2578} INFO - 0 downstream tasks scheduled from follow-on schedule check
