[2024-02-03T19:45:00.449+0000] {taskinstance.py:1157} INFO - Dependencies all met for dep_context=non-requeueable deps ti=<TaskInstance: api-file-extract-and-upload.upload_file_to_s3 scheduled__2023-06-23T00:00:00+00:00 [queued]>
[2024-02-03T19:45:00.474+0000] {taskinstance.py:1157} INFO - Dependencies all met for dep_context=requeueable deps ti=<TaskInstance: api-file-extract-and-upload.upload_file_to_s3 scheduled__2023-06-23T00:00:00+00:00 [queued]>
[2024-02-03T19:45:00.481+0000] {taskinstance.py:1359} INFO - Starting attempt 4 of 4
[2024-02-03T19:45:00.543+0000] {taskinstance.py:1380} INFO - Executing <Task(PythonOperator): upload_file_to_s3> on 2023-06-23 00:00:00+00:00
[2024-02-03T19:45:00.602+0000] {standard_task_runner.py:57} INFO - Started process 3917 to run task
[2024-02-03T19:45:00.656+0000] {standard_task_runner.py:84} INFO - Running: ['***', 'tasks', 'run', 'api-file-extract-and-upload', 'upload_file_to_s3', 'scheduled__2023-06-23T00:00:00+00:00', '--job-id', '4919', '--raw', '--subdir', 'DAGS_FOLDER/api_extract.py', '--cfg-path', '/tmp/tmpe4itbtgn']
[2024-02-03T19:45:00.688+0000] {standard_task_runner.py:85} INFO - Job 4919: Subtask upload_file_to_s3
[2024-02-03T19:45:01.231+0000] {task_command.py:415} INFO - Running <TaskInstance: api-file-extract-and-upload.upload_file_to_s3 scheduled__2023-06-23T00:00:00+00:00 [running]> on host dbb3489df186
[2024-02-03T19:45:01.852+0000] {taskinstance.py:1660} INFO - Exporting env vars: AIRFLOW_CTX_DAG_OWNER='***' AIRFLOW_CTX_DAG_ID='api-file-extract-and-upload' AIRFLOW_CTX_TASK_ID='upload_file_to_s3' AIRFLOW_CTX_EXECUTION_DATE='2023-06-23T00:00:00+00:00' AIRFLOW_CTX_TRY_NUMBER='4' AIRFLOW_CTX_DAG_RUN_ID='scheduled__2023-06-23T00:00:00+00:00'
[2024-02-03T19:45:02.957+0000] {taskinstance.py:1935} ERROR - Task failed with exception
Traceback (most recent call last):
  File "/home/airflow/.local/lib/python3.11/site-packages/airflow/operators/python.py", line 192, in execute
    return_value = self.execute_callable()
                   ^^^^^^^^^^^^^^^^^^^^^^^
  File "/home/airflow/.local/lib/python3.11/site-packages/airflow/operators/python.py", line 209, in execute_callable
    return self.python_callable(*self.op_args, **self.op_kwargs)
           ^^^^^^^^^^^^^^^^^^^^^^^^^^^^^^^^^^^^^^^^^^^^^^^^^^^^^
  File "/opt/airflow/dags/api_extract.py", line 58, in upload_file_to_s3
    transfer.upload_file('../test/uni.parquet', 'staging-olist', 'uni.parquet',
  File "/home/airflow/.local/lib/python3.11/site-packages/boto3/s3/transfer.py", line 292, in upload_file
    future.result()
  File "/home/airflow/.local/lib/python3.11/site-packages/s3transfer/futures.py", line 103, in result
    return self._coordinator.result()
           ^^^^^^^^^^^^^^^^^^^^^^^^^^
  File "/home/airflow/.local/lib/python3.11/site-packages/s3transfer/futures.py", line 266, in result
    raise self._exception
  File "/home/airflow/.local/lib/python3.11/site-packages/s3transfer/tasks.py", line 269, in _main
    self._submit(transfer_future=transfer_future, **kwargs)
  File "/home/airflow/.local/lib/python3.11/site-packages/s3transfer/upload.py", line 585, in _submit
    upload_input_manager.provide_transfer_size(transfer_future)
  File "/home/airflow/.local/lib/python3.11/site-packages/s3transfer/upload.py", line 244, in provide_transfer_size
    self._osutil.get_file_size(transfer_future.meta.call_args.fileobj)
  File "/home/airflow/.local/lib/python3.11/site-packages/s3transfer/utils.py", line 247, in get_file_size
    return os.path.getsize(filename)
           ^^^^^^^^^^^^^^^^^^^^^^^^^
  File "<frozen genericpath>", line 50, in getsize
FileNotFoundError: [Errno 2] No such file or directory: '../test/uni.parquet'
[2024-02-03T19:45:03.129+0000] {taskinstance.py:1398} INFO - Marking task as FAILED. dag_id=api-file-extract-and-upload, task_id=upload_file_to_s3, execution_date=20230623T000000, start_date=20240203T194500, end_date=20240203T194503
[2024-02-03T19:45:03.256+0000] {standard_task_runner.py:104} ERROR - Failed to execute job 4919 for task upload_file_to_s3 ([Errno 2] No such file or directory: '../test/uni.parquet'; 3917)
[2024-02-03T19:45:03.334+0000] {local_task_job_runner.py:228} INFO - Task exited with return code 1
[2024-02-03T19:45:03.785+0000] {taskinstance.py:2776} INFO - 0 downstream tasks scheduled from follow-on schedule check
