[2023-04-19T12:52:29.152+0000] {taskinstance.py:1083} INFO - Dependencies all met for <TaskInstance: age_check.age_check scheduled__2023-04-02T00:00:00+00:00 [queued]>
[2023-04-19T12:52:29.181+0000] {taskinstance.py:1083} INFO - Dependencies all met for <TaskInstance: age_check.age_check scheduled__2023-04-02T00:00:00+00:00 [queued]>
[2023-04-19T12:52:29.189+0000] {taskinstance.py:1279} INFO - 
--------------------------------------------------------------------------------
[2023-04-19T12:52:29.196+0000] {taskinstance.py:1280} INFO - Starting attempt 3 of 4
[2023-04-19T12:52:29.199+0000] {taskinstance.py:1281} INFO - 
--------------------------------------------------------------------------------
[2023-04-19T12:52:29.222+0000] {taskinstance.py:1300} INFO - Executing <Task(PythonOperator): age_check> on 2023-04-02 00:00:00+00:00
[2023-04-19T12:52:29.242+0000] {standard_task_runner.py:55} INFO - Started process 25667 to run task
[2023-04-19T12:52:29.263+0000] {standard_task_runner.py:82} INFO - Running: ['***', 'tasks', 'run', 'age_check', 'age_check', 'scheduled__2023-04-02T00:00:00+00:00', '--job-id', '2323', '--raw', '--subdir', 'DAGS_FOLDER/age.py', '--cfg-path', '/tmp/tmpu3nmpa_n']
[2023-04-19T12:52:29.265+0000] {standard_task_runner.py:83} INFO - Job 2323: Subtask age_check
[2023-04-19T12:52:29.442+0000] {task_command.py:388} INFO - Running <TaskInstance: age_check.age_check scheduled__2023-04-02T00:00:00+00:00 [running]> on host fe34f61acbb3
[2023-04-19T12:52:29.599+0000] {taskinstance.py:1509} INFO - Exporting the following env vars:
AIRFLOW_CTX_DAG_OWNER=***
AIRFLOW_CTX_DAG_ID=age_check
AIRFLOW_CTX_TASK_ID=age_check
AIRFLOW_CTX_EXECUTION_DATE=2023-04-02T00:00:00+00:00
AIRFLOW_CTX_TRY_NUMBER=3
AIRFLOW_CTX_DAG_RUN_ID=scheduled__2023-04-02T00:00:00+00:00
[2023-04-19T12:52:29.628+0000] {taskinstance.py:1768} ERROR - Task failed with exception
Traceback (most recent call last):
  File "/home/airflow/.local/lib/python3.7/site-packages/airflow/operators/python.py", line 175, in execute
    return_value = self.execute_callable()
  File "/home/airflow/.local/lib/python3.7/site-packages/airflow/operators/python.py", line 192, in execute_callable
    return self.python_callable(*self.op_args, **self.op_kwargs)
  File "/opt/airflow/dags/age.py", line 35, in age_check
    birth_year = int(Variable.get('birth_year'))
  File "/home/airflow/.local/lib/python3.7/site-packages/airflow/models/variable.py", line 141, in get
    raise KeyError(f"Variable {key} does not exist")
KeyError: 'Variable birth_year does not exist'
[2023-04-19T12:52:29.650+0000] {taskinstance.py:1323} INFO - Marking task as UP_FOR_RETRY. dag_id=age_check, task_id=age_check, execution_date=20230402T000000, start_date=20230419T125229, end_date=20230419T125229
[2023-04-19T12:52:29.699+0000] {standard_task_runner.py:105} ERROR - Failed to execute job 2323 for task age_check ('Variable birth_year does not exist'; 25667)
[2023-04-19T12:52:29.777+0000] {local_task_job.py:208} INFO - Task exited with return code 1
[2023-04-19T12:52:29.978+0000] {taskinstance.py:2578} INFO - 0 downstream tasks scheduled from follow-on schedule check
[2023-05-20T21:50:11.414+0000] {taskinstance.py:1083} INFO - Dependencies all met for <TaskInstance: age_check.age_check scheduled__2023-04-02T00:00:00+00:00 [queued]>
[2023-05-20T21:50:11.433+0000] {taskinstance.py:1083} INFO - Dependencies all met for <TaskInstance: age_check.age_check scheduled__2023-04-02T00:00:00+00:00 [queued]>
[2023-05-20T21:50:11.434+0000] {taskinstance.py:1279} INFO - 
--------------------------------------------------------------------------------
[2023-05-20T21:50:11.435+0000] {taskinstance.py:1280} INFO - Starting attempt 3 of 4
[2023-05-20T21:50:11.436+0000] {taskinstance.py:1281} INFO - 
--------------------------------------------------------------------------------
[2023-05-20T21:50:11.455+0000] {taskinstance.py:1300} INFO - Executing <Task(PythonOperator): age_check> on 2023-04-02 00:00:00+00:00
[2023-05-20T21:50:11.461+0000] {standard_task_runner.py:55} INFO - Started process 2239 to run task
[2023-05-20T21:50:11.470+0000] {standard_task_runner.py:82} INFO - Running: ['***', 'tasks', 'run', 'age_check', 'age_check', 'scheduled__2023-04-02T00:00:00+00:00', '--job-id', '1799', '--raw', '--subdir', 'DAGS_FOLDER/age.py', '--cfg-path', '/tmp/tmplwdg343t']
[2023-05-20T21:50:11.479+0000] {standard_task_runner.py:83} INFO - Job 1799: Subtask age_check
[2023-05-20T21:50:11.569+0000] {task_command.py:388} INFO - Running <TaskInstance: age_check.age_check scheduled__2023-04-02T00:00:00+00:00 [running]> on host 242f95e3e8a8
[2023-05-20T21:50:11.703+0000] {taskinstance.py:1509} INFO - Exporting the following env vars:
AIRFLOW_CTX_DAG_OWNER=***
AIRFLOW_CTX_DAG_ID=age_check
AIRFLOW_CTX_TASK_ID=age_check
AIRFLOW_CTX_EXECUTION_DATE=2023-04-02T00:00:00+00:00
AIRFLOW_CTX_TRY_NUMBER=3
AIRFLOW_CTX_DAG_RUN_ID=scheduled__2023-04-02T00:00:00+00:00
[2023-05-20T21:50:11.721+0000] {taskinstance.py:1768} ERROR - Task failed with exception
Traceback (most recent call last):
  File "/home/airflow/.local/lib/python3.7/site-packages/airflow/operators/python.py", line 175, in execute
    return_value = self.execute_callable()
  File "/home/airflow/.local/lib/python3.7/site-packages/airflow/operators/python.py", line 192, in execute_callable
    return self.python_callable(*self.op_args, **self.op_kwargs)
  File "/opt/airflow/dags/age.py", line 35, in age_check
    birth_year = int(Variable.get('birth_year'))
  File "/home/airflow/.local/lib/python3.7/site-packages/airflow/models/variable.py", line 141, in get
    raise KeyError(f"Variable {key} does not exist")
KeyError: 'Variable birth_year does not exist'
[2023-05-20T21:50:11.736+0000] {taskinstance.py:1323} INFO - Marking task as UP_FOR_RETRY. dag_id=age_check, task_id=age_check, execution_date=20230402T000000, start_date=20230520T215011, end_date=20230520T215011
[2023-05-20T21:50:11.750+0000] {standard_task_runner.py:105} ERROR - Failed to execute job 1799 for task age_check ('Variable birth_year does not exist'; 2239)
[2023-05-20T21:50:11.803+0000] {local_task_job.py:208} INFO - Task exited with return code 1
[2023-05-20T21:50:11.843+0000] {taskinstance.py:2578} INFO - 0 downstream tasks scheduled from follow-on schedule check
