[2023-04-19T12:49:20.139+0000] {taskinstance.py:1083} INFO - Dependencies all met for <TaskInstance: age_check.age_check scheduled__2023-02-20T00:00:00+00:00 [queued]>
[2023-04-19T12:49:20.209+0000] {taskinstance.py:1083} INFO - Dependencies all met for <TaskInstance: age_check.age_check scheduled__2023-02-20T00:00:00+00:00 [queued]>
[2023-04-19T12:49:20.221+0000] {taskinstance.py:1279} INFO - 
--------------------------------------------------------------------------------
[2023-04-19T12:49:20.227+0000] {taskinstance.py:1280} INFO - Starting attempt 3 of 4
[2023-04-19T12:49:20.230+0000] {taskinstance.py:1281} INFO - 
--------------------------------------------------------------------------------
[2023-04-19T12:49:20.279+0000] {taskinstance.py:1300} INFO - Executing <Task(PythonOperator): age_check> on 2023-02-20 00:00:00+00:00
[2023-04-19T12:49:20.292+0000] {standard_task_runner.py:55} INFO - Started process 24704 to run task
[2023-04-19T12:49:20.314+0000] {standard_task_runner.py:82} INFO - Running: ['***', 'tasks', 'run', 'age_check', 'age_check', 'scheduled__2023-02-20T00:00:00+00:00', '--job-id', '1904', '--raw', '--subdir', 'DAGS_FOLDER/age.py', '--cfg-path', '/tmp/tmpcsxmzxp4']
[2023-04-19T12:49:20.322+0000] {standard_task_runner.py:83} INFO - Job 1904: Subtask age_check
[2023-04-19T12:49:20.601+0000] {task_command.py:388} INFO - Running <TaskInstance: age_check.age_check scheduled__2023-02-20T00:00:00+00:00 [running]> on host fe34f61acbb3
[2023-04-19T12:49:21.009+0000] {taskinstance.py:1509} INFO - Exporting the following env vars:
AIRFLOW_CTX_DAG_OWNER=***
AIRFLOW_CTX_DAG_ID=age_check
AIRFLOW_CTX_TASK_ID=age_check
AIRFLOW_CTX_EXECUTION_DATE=2023-02-20T00:00:00+00:00
AIRFLOW_CTX_TRY_NUMBER=3
AIRFLOW_CTX_DAG_RUN_ID=scheduled__2023-02-20T00:00:00+00:00
[2023-04-19T12:49:21.027+0000] {taskinstance.py:1768} ERROR - Task failed with exception
Traceback (most recent call last):
  File "/home/airflow/.local/lib/python3.7/site-packages/airflow/operators/python.py", line 175, in execute
    return_value = self.execute_callable()
  File "/home/airflow/.local/lib/python3.7/site-packages/airflow/operators/python.py", line 192, in execute_callable
    return self.python_callable(*self.op_args, **self.op_kwargs)
  File "/opt/airflow/dags/age.py", line 35, in age_check
    birth_year = int(Variable.get('birth_year'))
  File "/home/airflow/.local/lib/python3.7/site-packages/airflow/models/variable.py", line 141, in get
    raise KeyError(f"Variable {key} does not exist")
KeyError: 'Variable birth_year does not exist'
[2023-04-19T12:49:21.073+0000] {taskinstance.py:1323} INFO - Marking task as UP_FOR_RETRY. dag_id=age_check, task_id=age_check, execution_date=20230220T000000, start_date=20230419T124920, end_date=20230419T124921
[2023-04-19T12:49:21.151+0000] {standard_task_runner.py:105} ERROR - Failed to execute job 1904 for task age_check ('Variable birth_year does not exist'; 24704)
[2023-04-19T12:49:21.238+0000] {local_task_job.py:208} INFO - Task exited with return code 1
[2023-04-19T12:49:21.644+0000] {taskinstance.py:2578} INFO - 0 downstream tasks scheduled from follow-on schedule check
[2023-05-20T21:00:18.848+0000] {taskinstance.py:1083} INFO - Dependencies all met for <TaskInstance: age_check.age_check scheduled__2023-02-20T00:00:00+00:00 [queued]>
[2023-05-20T21:00:18.882+0000] {taskinstance.py:1083} INFO - Dependencies all met for <TaskInstance: age_check.age_check scheduled__2023-02-20T00:00:00+00:00 [queued]>
[2023-05-20T21:00:18.884+0000] {taskinstance.py:1279} INFO - 
--------------------------------------------------------------------------------
[2023-05-20T21:00:18.885+0000] {taskinstance.py:1280} INFO - Starting attempt 3 of 4
[2023-05-20T21:00:18.886+0000] {taskinstance.py:1281} INFO - 
--------------------------------------------------------------------------------
[2023-05-20T21:00:18.912+0000] {taskinstance.py:1300} INFO - Executing <Task(PythonOperator): age_check> on 2023-02-20 00:00:00+00:00
[2023-05-20T21:00:18.917+0000] {standard_task_runner.py:55} INFO - Started process 1436 to run task
[2023-05-20T21:00:18.931+0000] {standard_task_runner.py:82} INFO - Running: ['***', 'tasks', 'run', 'age_check', 'age_check', 'scheduled__2023-02-20T00:00:00+00:00', '--job-id', '1470', '--raw', '--subdir', 'DAGS_FOLDER/age.py', '--cfg-path', '/tmp/tmpeg0egow6']
[2023-05-20T21:00:18.933+0000] {standard_task_runner.py:83} INFO - Job 1470: Subtask age_check
[2023-05-20T21:00:19.037+0000] {task_command.py:388} INFO - Running <TaskInstance: age_check.age_check scheduled__2023-02-20T00:00:00+00:00 [running]> on host 242f95e3e8a8
[2023-05-20T21:00:19.158+0000] {taskinstance.py:1509} INFO - Exporting the following env vars:
AIRFLOW_CTX_DAG_OWNER=***
AIRFLOW_CTX_DAG_ID=age_check
AIRFLOW_CTX_TASK_ID=age_check
AIRFLOW_CTX_EXECUTION_DATE=2023-02-20T00:00:00+00:00
AIRFLOW_CTX_TRY_NUMBER=3
AIRFLOW_CTX_DAG_RUN_ID=scheduled__2023-02-20T00:00:00+00:00
[2023-05-20T21:00:19.171+0000] {taskinstance.py:1768} ERROR - Task failed with exception
Traceback (most recent call last):
  File "/home/airflow/.local/lib/python3.7/site-packages/airflow/operators/python.py", line 175, in execute
    return_value = self.execute_callable()
  File "/home/airflow/.local/lib/python3.7/site-packages/airflow/operators/python.py", line 192, in execute_callable
    return self.python_callable(*self.op_args, **self.op_kwargs)
  File "/opt/airflow/dags/age.py", line 35, in age_check
    birth_year = int(Variable.get('birth_year'))
  File "/home/airflow/.local/lib/python3.7/site-packages/airflow/models/variable.py", line 141, in get
    raise KeyError(f"Variable {key} does not exist")
KeyError: 'Variable birth_year does not exist'
[2023-05-20T21:00:19.185+0000] {taskinstance.py:1323} INFO - Marking task as UP_FOR_RETRY. dag_id=age_check, task_id=age_check, execution_date=20230220T000000, start_date=20230520T210018, end_date=20230520T210019
[2023-05-20T21:00:19.211+0000] {standard_task_runner.py:105} ERROR - Failed to execute job 1470 for task age_check ('Variable birth_year does not exist'; 1436)
[2023-05-20T21:00:19.265+0000] {local_task_job.py:208} INFO - Task exited with return code 1
[2023-05-20T21:00:19.292+0000] {taskinstance.py:2578} INFO - 0 downstream tasks scheduled from follow-on schedule check
