[2023-04-19T12:49:31.498+0000] {taskinstance.py:1083} INFO - Dependencies all met for <TaskInstance: age_check.age_check scheduled__2023-02-20T00:00:00+00:00 [queued]>
[2023-04-19T12:49:31.506+0000] {taskinstance.py:1083} INFO - Dependencies all met for <TaskInstance: age_check.age_check scheduled__2023-02-20T00:00:00+00:00 [queued]>
[2023-04-19T12:49:31.506+0000] {taskinstance.py:1279} INFO - 
--------------------------------------------------------------------------------
[2023-04-19T12:49:31.507+0000] {taskinstance.py:1280} INFO - Starting attempt 4 of 4
[2023-04-19T12:49:31.508+0000] {taskinstance.py:1281} INFO - 
--------------------------------------------------------------------------------
[2023-04-19T12:49:31.516+0000] {taskinstance.py:1300} INFO - Executing <Task(PythonOperator): age_check> on 2023-02-20 00:00:00+00:00
[2023-04-19T12:49:31.521+0000] {standard_task_runner.py:55} INFO - Started process 24761 to run task
[2023-04-19T12:49:31.524+0000] {standard_task_runner.py:82} INFO - Running: ['***', 'tasks', 'run', 'age_check', 'age_check', 'scheduled__2023-02-20T00:00:00+00:00', '--job-id', '1933', '--raw', '--subdir', 'DAGS_FOLDER/age.py', '--cfg-path', '/tmp/tmp3uvuiqf3']
[2023-04-19T12:49:31.525+0000] {standard_task_runner.py:83} INFO - Job 1933: Subtask age_check
[2023-04-19T12:49:31.568+0000] {task_command.py:388} INFO - Running <TaskInstance: age_check.age_check scheduled__2023-02-20T00:00:00+00:00 [running]> on host fe34f61acbb3
[2023-04-19T12:49:31.608+0000] {taskinstance.py:1509} INFO - Exporting the following env vars:
AIRFLOW_CTX_DAG_OWNER=***
AIRFLOW_CTX_DAG_ID=age_check
AIRFLOW_CTX_TASK_ID=age_check
AIRFLOW_CTX_EXECUTION_DATE=2023-02-20T00:00:00+00:00
AIRFLOW_CTX_TRY_NUMBER=4
AIRFLOW_CTX_DAG_RUN_ID=scheduled__2023-02-20T00:00:00+00:00
[2023-04-19T12:49:31.614+0000] {taskinstance.py:1768} ERROR - Task failed with exception
Traceback (most recent call last):
  File "/home/airflow/.local/lib/python3.7/site-packages/airflow/operators/python.py", line 175, in execute
    return_value = self.execute_callable()
  File "/home/airflow/.local/lib/python3.7/site-packages/airflow/operators/python.py", line 192, in execute_callable
    return self.python_callable(*self.op_args, **self.op_kwargs)
  File "/opt/airflow/dags/age.py", line 35, in age_check
    birth_year = int(Variable.get('birth_year'))
  File "/home/airflow/.local/lib/python3.7/site-packages/airflow/models/variable.py", line 141, in get
    raise KeyError(f"Variable {key} does not exist")
KeyError: 'Variable birth_year does not exist'
[2023-04-19T12:49:31.639+0000] {taskinstance.py:1323} INFO - Marking task as FAILED. dag_id=age_check, task_id=age_check, execution_date=20230220T000000, start_date=20230419T124931, end_date=20230419T124931
[2023-04-19T12:49:31.647+0000] {standard_task_runner.py:105} ERROR - Failed to execute job 1933 for task age_check ('Variable birth_year does not exist'; 24761)
[2023-04-19T12:49:31.703+0000] {local_task_job.py:208} INFO - Task exited with return code 1
[2023-04-19T12:49:31.721+0000] {taskinstance.py:2578} INFO - 0 downstream tasks scheduled from follow-on schedule check
[2023-05-20T21:00:31.144+0000] {taskinstance.py:1083} INFO - Dependencies all met for <TaskInstance: age_check.age_check scheduled__2023-02-20T00:00:00+00:00 [queued]>
[2023-05-20T21:00:31.177+0000] {taskinstance.py:1083} INFO - Dependencies all met for <TaskInstance: age_check.age_check scheduled__2023-02-20T00:00:00+00:00 [queued]>
[2023-05-20T21:00:31.178+0000] {taskinstance.py:1279} INFO - 
--------------------------------------------------------------------------------
[2023-05-20T21:00:31.179+0000] {taskinstance.py:1280} INFO - Starting attempt 4 of 4
[2023-05-20T21:00:31.185+0000] {taskinstance.py:1281} INFO - 
--------------------------------------------------------------------------------
[2023-05-20T21:00:31.212+0000] {taskinstance.py:1300} INFO - Executing <Task(PythonOperator): age_check> on 2023-02-20 00:00:00+00:00
[2023-05-20T21:00:31.218+0000] {standard_task_runner.py:55} INFO - Started process 1485 to run task
[2023-05-20T21:00:31.237+0000] {standard_task_runner.py:82} INFO - Running: ['***', 'tasks', 'run', 'age_check', 'age_check', 'scheduled__2023-02-20T00:00:00+00:00', '--job-id', '1488', '--raw', '--subdir', 'DAGS_FOLDER/age.py', '--cfg-path', '/tmp/tmpewuyf2s4']
[2023-05-20T21:00:31.246+0000] {standard_task_runner.py:83} INFO - Job 1488: Subtask age_check
[2023-05-20T21:00:31.424+0000] {task_command.py:388} INFO - Running <TaskInstance: age_check.age_check scheduled__2023-02-20T00:00:00+00:00 [running]> on host 242f95e3e8a8
[2023-05-20T21:00:31.561+0000] {taskinstance.py:1509} INFO - Exporting the following env vars:
AIRFLOW_CTX_DAG_OWNER=***
AIRFLOW_CTX_DAG_ID=age_check
AIRFLOW_CTX_TASK_ID=age_check
AIRFLOW_CTX_EXECUTION_DATE=2023-02-20T00:00:00+00:00
AIRFLOW_CTX_TRY_NUMBER=4
AIRFLOW_CTX_DAG_RUN_ID=scheduled__2023-02-20T00:00:00+00:00
[2023-05-20T21:00:31.586+0000] {taskinstance.py:1768} ERROR - Task failed with exception
Traceback (most recent call last):
  File "/home/airflow/.local/lib/python3.7/site-packages/airflow/operators/python.py", line 175, in execute
    return_value = self.execute_callable()
  File "/home/airflow/.local/lib/python3.7/site-packages/airflow/operators/python.py", line 192, in execute_callable
    return self.python_callable(*self.op_args, **self.op_kwargs)
  File "/opt/airflow/dags/age.py", line 35, in age_check
    birth_year = int(Variable.get('birth_year'))
  File "/home/airflow/.local/lib/python3.7/site-packages/airflow/models/variable.py", line 141, in get
    raise KeyError(f"Variable {key} does not exist")
KeyError: 'Variable birth_year does not exist'
[2023-05-20T21:00:31.622+0000] {taskinstance.py:1323} INFO - Marking task as FAILED. dag_id=age_check, task_id=age_check, execution_date=20230220T000000, start_date=20230520T210031, end_date=20230520T210031
[2023-05-20T21:00:31.647+0000] {standard_task_runner.py:105} ERROR - Failed to execute job 1488 for task age_check ('Variable birth_year does not exist'; 1485)
[2023-05-20T21:00:31.706+0000] {local_task_job.py:208} INFO - Task exited with return code 1
[2023-05-20T21:00:31.793+0000] {taskinstance.py:2578} INFO - 0 downstream tasks scheduled from follow-on schedule check
