[2023-04-19T12:52:37.258+0000] {taskinstance.py:1083} INFO - Dependencies all met for <TaskInstance: age_check.age_check scheduled__2023-04-07T00:00:00+00:00 [queued]>
[2023-04-19T12:52:37.270+0000] {taskinstance.py:1083} INFO - Dependencies all met for <TaskInstance: age_check.age_check scheduled__2023-04-07T00:00:00+00:00 [queued]>
[2023-04-19T12:52:37.271+0000] {taskinstance.py:1279} INFO - 
--------------------------------------------------------------------------------
[2023-04-19T12:52:37.272+0000] {taskinstance.py:1280} INFO - Starting attempt 2 of 4
[2023-04-19T12:52:37.273+0000] {taskinstance.py:1281} INFO - 
--------------------------------------------------------------------------------
[2023-04-19T12:52:37.286+0000] {taskinstance.py:1300} INFO - Executing <Task(PythonOperator): age_check> on 2023-04-07 00:00:00+00:00
[2023-04-19T12:52:37.293+0000] {standard_task_runner.py:55} INFO - Started process 25712 to run task
[2023-04-19T12:52:37.297+0000] {standard_task_runner.py:82} INFO - Running: ['***', 'tasks', 'run', 'age_check', 'age_check', 'scheduled__2023-04-07T00:00:00+00:00', '--job-id', '2343', '--raw', '--subdir', 'DAGS_FOLDER/age.py', '--cfg-path', '/tmp/tmpo_ji7z73']
[2023-04-19T12:52:37.299+0000] {standard_task_runner.py:83} INFO - Job 2343: Subtask age_check
[2023-04-19T12:52:37.369+0000] {task_command.py:388} INFO - Running <TaskInstance: age_check.age_check scheduled__2023-04-07T00:00:00+00:00 [running]> on host fe34f61acbb3
[2023-04-19T12:52:37.429+0000] {taskinstance.py:1509} INFO - Exporting the following env vars:
AIRFLOW_CTX_DAG_OWNER=***
AIRFLOW_CTX_DAG_ID=age_check
AIRFLOW_CTX_TASK_ID=age_check
AIRFLOW_CTX_EXECUTION_DATE=2023-04-07T00:00:00+00:00
AIRFLOW_CTX_TRY_NUMBER=2
AIRFLOW_CTX_DAG_RUN_ID=scheduled__2023-04-07T00:00:00+00:00
[2023-04-19T12:52:37.439+0000] {taskinstance.py:1768} ERROR - Task failed with exception
Traceback (most recent call last):
  File "/home/airflow/.local/lib/python3.7/site-packages/airflow/operators/python.py", line 175, in execute
    return_value = self.execute_callable()
  File "/home/airflow/.local/lib/python3.7/site-packages/airflow/operators/python.py", line 192, in execute_callable
    return self.python_callable(*self.op_args, **self.op_kwargs)
  File "/opt/airflow/dags/age.py", line 35, in age_check
    birth_year = int(Variable.get('birth_year'))
  File "/home/airflow/.local/lib/python3.7/site-packages/airflow/models/variable.py", line 141, in get
    raise KeyError(f"Variable {key} does not exist")
KeyError: 'Variable birth_year does not exist'
[2023-04-19T12:52:37.472+0000] {taskinstance.py:1323} INFO - Marking task as UP_FOR_RETRY. dag_id=age_check, task_id=age_check, execution_date=20230407T000000, start_date=20230419T125237, end_date=20230419T125237
[2023-04-19T12:52:37.484+0000] {standard_task_runner.py:105} ERROR - Failed to execute job 2343 for task age_check ('Variable birth_year does not exist'; 25712)
[2023-04-19T12:52:37.513+0000] {local_task_job.py:208} INFO - Task exited with return code 1
[2023-04-19T12:52:37.549+0000] {taskinstance.py:2578} INFO - 0 downstream tasks scheduled from follow-on schedule check
[2023-05-20T21:50:04.163+0000] {taskinstance.py:1083} INFO - Dependencies all met for <TaskInstance: age_check.age_check scheduled__2023-04-07T00:00:00+00:00 [queued]>
[2023-05-20T21:50:04.200+0000] {taskinstance.py:1083} INFO - Dependencies all met for <TaskInstance: age_check.age_check scheduled__2023-04-07T00:00:00+00:00 [queued]>
[2023-05-20T21:50:04.204+0000] {taskinstance.py:1279} INFO - 
--------------------------------------------------------------------------------
[2023-05-20T21:50:04.205+0000] {taskinstance.py:1280} INFO - Starting attempt 2 of 4
[2023-05-20T21:50:04.206+0000] {taskinstance.py:1281} INFO - 
--------------------------------------------------------------------------------
[2023-05-20T21:50:04.229+0000] {taskinstance.py:1300} INFO - Executing <Task(PythonOperator): age_check> on 2023-04-07 00:00:00+00:00
[2023-05-20T21:50:04.245+0000] {standard_task_runner.py:55} INFO - Started process 2229 to run task
[2023-05-20T21:50:04.273+0000] {standard_task_runner.py:82} INFO - Running: ['***', 'tasks', 'run', 'age_check', 'age_check', 'scheduled__2023-04-07T00:00:00+00:00', '--job-id', '1795', '--raw', '--subdir', 'DAGS_FOLDER/age.py', '--cfg-path', '/tmp/tmp6ami31gx']
[2023-05-20T21:50:04.276+0000] {standard_task_runner.py:83} INFO - Job 1795: Subtask age_check
[2023-05-20T21:50:04.449+0000] {task_command.py:388} INFO - Running <TaskInstance: age_check.age_check scheduled__2023-04-07T00:00:00+00:00 [running]> on host 242f95e3e8a8
[2023-05-20T21:50:04.594+0000] {taskinstance.py:1509} INFO - Exporting the following env vars:
AIRFLOW_CTX_DAG_OWNER=***
AIRFLOW_CTX_DAG_ID=age_check
AIRFLOW_CTX_TASK_ID=age_check
AIRFLOW_CTX_EXECUTION_DATE=2023-04-07T00:00:00+00:00
AIRFLOW_CTX_TRY_NUMBER=2
AIRFLOW_CTX_DAG_RUN_ID=scheduled__2023-04-07T00:00:00+00:00
[2023-05-20T21:50:04.624+0000] {taskinstance.py:1768} ERROR - Task failed with exception
Traceback (most recent call last):
  File "/home/airflow/.local/lib/python3.7/site-packages/airflow/operators/python.py", line 175, in execute
    return_value = self.execute_callable()
  File "/home/airflow/.local/lib/python3.7/site-packages/airflow/operators/python.py", line 192, in execute_callable
    return self.python_callable(*self.op_args, **self.op_kwargs)
  File "/opt/airflow/dags/age.py", line 35, in age_check
    birth_year = int(Variable.get('birth_year'))
  File "/home/airflow/.local/lib/python3.7/site-packages/airflow/models/variable.py", line 141, in get
    raise KeyError(f"Variable {key} does not exist")
KeyError: 'Variable birth_year does not exist'
[2023-05-20T21:50:04.644+0000] {taskinstance.py:1323} INFO - Marking task as UP_FOR_RETRY. dag_id=age_check, task_id=age_check, execution_date=20230407T000000, start_date=20230520T215004, end_date=20230520T215004
[2023-05-20T21:50:04.659+0000] {standard_task_runner.py:105} ERROR - Failed to execute job 1795 for task age_check ('Variable birth_year does not exist'; 2229)
[2023-05-20T21:50:04.685+0000] {local_task_job.py:208} INFO - Task exited with return code 1
[2023-05-20T21:50:04.706+0000] {taskinstance.py:2578} INFO - 0 downstream tasks scheduled from follow-on schedule check
