[2023-04-19T12:39:28.285+0000] {taskinstance.py:1083} INFO - Dependencies all met for <TaskInstance: age_check.age_check scheduled__2022-09-17T00:00:00+00:00 [queued]>
[2023-04-19T12:39:28.295+0000] {taskinstance.py:1083} INFO - Dependencies all met for <TaskInstance: age_check.age_check scheduled__2022-09-17T00:00:00+00:00 [queued]>
[2023-04-19T12:39:28.297+0000] {taskinstance.py:1279} INFO - 
--------------------------------------------------------------------------------
[2023-04-19T12:39:28.298+0000] {taskinstance.py:1280} INFO - Starting attempt 4 of 4
[2023-04-19T12:39:28.299+0000] {taskinstance.py:1281} INFO - 
--------------------------------------------------------------------------------
[2023-04-19T12:39:28.316+0000] {taskinstance.py:1300} INFO - Executing <Task(PythonOperator): age_check> on 2022-09-17 00:00:00+00:00
[2023-04-19T12:39:28.322+0000] {standard_task_runner.py:55} INFO - Started process 22168 to run task
[2023-04-19T12:39:28.328+0000] {standard_task_runner.py:82} INFO - Running: ['***', 'tasks', 'run', 'age_check', 'age_check', 'scheduled__2022-09-17T00:00:00+00:00', '--job-id', '881', '--raw', '--subdir', 'DAGS_FOLDER/age.py', '--cfg-path', '/tmp/tmpomak1boh']
[2023-04-19T12:39:28.330+0000] {standard_task_runner.py:83} INFO - Job 881: Subtask age_check
[2023-04-19T12:39:28.408+0000] {task_command.py:388} INFO - Running <TaskInstance: age_check.age_check scheduled__2022-09-17T00:00:00+00:00 [running]> on host fe34f61acbb3
[2023-04-19T12:39:28.493+0000] {taskinstance.py:1509} INFO - Exporting the following env vars:
AIRFLOW_CTX_DAG_OWNER=***
AIRFLOW_CTX_DAG_ID=age_check
AIRFLOW_CTX_TASK_ID=age_check
AIRFLOW_CTX_EXECUTION_DATE=2022-09-17T00:00:00+00:00
AIRFLOW_CTX_TRY_NUMBER=4
AIRFLOW_CTX_DAG_RUN_ID=scheduled__2022-09-17T00:00:00+00:00
[2023-04-19T12:39:28.504+0000] {taskinstance.py:1768} ERROR - Task failed with exception
Traceback (most recent call last):
  File "/home/airflow/.local/lib/python3.7/site-packages/airflow/operators/python.py", line 175, in execute
    return_value = self.execute_callable()
  File "/home/airflow/.local/lib/python3.7/site-packages/airflow/operators/python.py", line 192, in execute_callable
    return self.python_callable(*self.op_args, **self.op_kwargs)
  File "/opt/airflow/dags/age.py", line 35, in age_check
    birth_year = int(Variable.get('birth_year'))
  File "/home/airflow/.local/lib/python3.7/site-packages/airflow/models/variable.py", line 141, in get
    raise KeyError(f"Variable {key} does not exist")
KeyError: 'Variable birth_year does not exist'
[2023-04-19T12:39:28.551+0000] {taskinstance.py:1323} INFO - Marking task as FAILED. dag_id=age_check, task_id=age_check, execution_date=20220917T000000, start_date=20230419T123928, end_date=20230419T123928
[2023-04-19T12:39:28.581+0000] {standard_task_runner.py:105} ERROR - Failed to execute job 881 for task age_check ('Variable birth_year does not exist'; 22168)
[2023-04-19T12:39:28.619+0000] {local_task_job.py:208} INFO - Task exited with return code 1
[2023-04-19T12:39:28.638+0000] {taskinstance.py:2578} INFO - 0 downstream tasks scheduled from follow-on schedule check
[2023-05-17T09:55:12.091+0000] {taskinstance.py:1083} INFO - Dependencies all met for <TaskInstance: age_check.age_check scheduled__2022-09-17T00:00:00+00:00 [queued]>
[2023-05-17T09:55:12.100+0000] {taskinstance.py:1083} INFO - Dependencies all met for <TaskInstance: age_check.age_check scheduled__2022-09-17T00:00:00+00:00 [queued]>
[2023-05-17T09:55:12.102+0000] {taskinstance.py:1279} INFO - 
--------------------------------------------------------------------------------
[2023-05-17T09:55:12.102+0000] {taskinstance.py:1280} INFO - Starting attempt 4 of 4
[2023-05-17T09:55:12.103+0000] {taskinstance.py:1281} INFO - 
--------------------------------------------------------------------------------
[2023-05-17T09:55:12.119+0000] {taskinstance.py:1300} INFO - Executing <Task(PythonOperator): age_check> on 2022-09-17 00:00:00+00:00
[2023-05-17T09:55:12.124+0000] {standard_task_runner.py:55} INFO - Started process 4835 to run task
[2023-05-17T09:55:12.130+0000] {standard_task_runner.py:82} INFO - Running: ['***', 'tasks', 'run', 'age_check', 'age_check', 'scheduled__2022-09-17T00:00:00+00:00', '--job-id', '437', '--raw', '--subdir', 'DAGS_FOLDER/age.py', '--cfg-path', '/tmp/tmpap2r3bcf']
[2023-05-17T09:55:12.132+0000] {standard_task_runner.py:83} INFO - Job 437: Subtask age_check
[2023-05-17T09:55:12.211+0000] {task_command.py:388} INFO - Running <TaskInstance: age_check.age_check scheduled__2022-09-17T00:00:00+00:00 [running]> on host 242f95e3e8a8
[2023-05-17T09:55:12.271+0000] {taskinstance.py:1509} INFO - Exporting the following env vars:
AIRFLOW_CTX_DAG_OWNER=***
AIRFLOW_CTX_DAG_ID=age_check
AIRFLOW_CTX_TASK_ID=age_check
AIRFLOW_CTX_EXECUTION_DATE=2022-09-17T00:00:00+00:00
AIRFLOW_CTX_TRY_NUMBER=4
AIRFLOW_CTX_DAG_RUN_ID=scheduled__2022-09-17T00:00:00+00:00
[2023-05-17T09:55:12.281+0000] {taskinstance.py:1768} ERROR - Task failed with exception
Traceback (most recent call last):
  File "/home/airflow/.local/lib/python3.7/site-packages/airflow/operators/python.py", line 175, in execute
    return_value = self.execute_callable()
  File "/home/airflow/.local/lib/python3.7/site-packages/airflow/operators/python.py", line 192, in execute_callable
    return self.python_callable(*self.op_args, **self.op_kwargs)
  File "/opt/airflow/dags/age.py", line 35, in age_check
    birth_year = int(Variable.get('birth_year'))
  File "/home/airflow/.local/lib/python3.7/site-packages/airflow/models/variable.py", line 141, in get
    raise KeyError(f"Variable {key} does not exist")
KeyError: 'Variable birth_year does not exist'
[2023-05-17T09:55:12.293+0000] {taskinstance.py:1323} INFO - Marking task as FAILED. dag_id=age_check, task_id=age_check, execution_date=20220917T000000, start_date=20230517T095512, end_date=20230517T095512
[2023-05-17T09:55:12.306+0000] {standard_task_runner.py:105} ERROR - Failed to execute job 437 for task age_check ('Variable birth_year does not exist'; 4835)
[2023-05-17T09:55:12.343+0000] {local_task_job.py:208} INFO - Task exited with return code 1
[2023-05-17T09:55:12.402+0000] {taskinstance.py:2578} INFO - 0 downstream tasks scheduled from follow-on schedule check
