[2023-04-19T12:43:36.739+0000] {taskinstance.py:1083} INFO - Dependencies all met for <TaskInstance: age_check.age_check scheduled__2022-11-27T00:00:00+00:00 [queued]>
[2023-04-19T12:43:36.897+0000] {taskinstance.py:1083} INFO - Dependencies all met for <TaskInstance: age_check.age_check scheduled__2022-11-27T00:00:00+00:00 [queued]>
[2023-04-19T12:43:36.902+0000] {taskinstance.py:1279} INFO - 
--------------------------------------------------------------------------------
[2023-04-19T12:43:36.904+0000] {taskinstance.py:1280} INFO - Starting attempt 2 of 4
[2023-04-19T12:43:36.910+0000] {taskinstance.py:1281} INFO - 
--------------------------------------------------------------------------------
[2023-04-19T12:43:36.972+0000] {taskinstance.py:1300} INFO - Executing <Task(PythonOperator): age_check> on 2022-11-27 00:00:00+00:00
[2023-04-19T12:43:36.985+0000] {standard_task_runner.py:55} INFO - Started process 23221 to run task
[2023-04-19T12:43:36.996+0000] {standard_task_runner.py:82} INFO - Running: ['***', 'tasks', 'run', 'age_check', 'age_check', 'scheduled__2022-11-27T00:00:00+00:00', '--job-id', '1303', '--raw', '--subdir', 'DAGS_FOLDER/age.py', '--cfg-path', '/tmp/tmpvxulffbn']
[2023-04-19T12:43:37.001+0000] {standard_task_runner.py:83} INFO - Job 1303: Subtask age_check
[2023-04-19T12:43:37.180+0000] {task_command.py:388} INFO - Running <TaskInstance: age_check.age_check scheduled__2022-11-27T00:00:00+00:00 [running]> on host fe34f61acbb3
[2023-04-19T12:43:37.319+0000] {taskinstance.py:1509} INFO - Exporting the following env vars:
AIRFLOW_CTX_DAG_OWNER=***
AIRFLOW_CTX_DAG_ID=age_check
AIRFLOW_CTX_TASK_ID=age_check
AIRFLOW_CTX_EXECUTION_DATE=2022-11-27T00:00:00+00:00
AIRFLOW_CTX_TRY_NUMBER=2
AIRFLOW_CTX_DAG_RUN_ID=scheduled__2022-11-27T00:00:00+00:00
[2023-04-19T12:43:37.367+0000] {taskinstance.py:1768} ERROR - Task failed with exception
Traceback (most recent call last):
  File "/home/airflow/.local/lib/python3.7/site-packages/airflow/operators/python.py", line 175, in execute
    return_value = self.execute_callable()
  File "/home/airflow/.local/lib/python3.7/site-packages/airflow/operators/python.py", line 192, in execute_callable
    return self.python_callable(*self.op_args, **self.op_kwargs)
  File "/opt/airflow/dags/age.py", line 35, in age_check
    birth_year = int(Variable.get('birth_year'))
  File "/home/airflow/.local/lib/python3.7/site-packages/airflow/models/variable.py", line 141, in get
    raise KeyError(f"Variable {key} does not exist")
KeyError: 'Variable birth_year does not exist'
[2023-04-19T12:43:37.393+0000] {taskinstance.py:1323} INFO - Marking task as UP_FOR_RETRY. dag_id=age_check, task_id=age_check, execution_date=20221127T000000, start_date=20230419T124336, end_date=20230419T124337
[2023-04-19T12:43:37.445+0000] {standard_task_runner.py:105} ERROR - Failed to execute job 1303 for task age_check ('Variable birth_year does not exist'; 23221)
[2023-04-19T12:43:37.567+0000] {local_task_job.py:208} INFO - Task exited with return code 1
[2023-04-19T12:43:37.628+0000] {taskinstance.py:2578} INFO - 0 downstream tasks scheduled from follow-on schedule check
[2023-05-17T10:15:24.336+0000] {taskinstance.py:1083} INFO - Dependencies all met for <TaskInstance: age_check.age_check scheduled__2022-11-27T00:00:00+00:00 [queued]>
[2023-05-17T10:15:24.377+0000] {taskinstance.py:1083} INFO - Dependencies all met for <TaskInstance: age_check.age_check scheduled__2022-11-27T00:00:00+00:00 [queued]>
[2023-05-17T10:15:24.380+0000] {taskinstance.py:1279} INFO - 
--------------------------------------------------------------------------------
[2023-05-17T10:15:24.382+0000] {taskinstance.py:1280} INFO - Starting attempt 2 of 4
[2023-05-17T10:15:24.384+0000] {taskinstance.py:1281} INFO - 
--------------------------------------------------------------------------------
[2023-05-17T10:15:24.418+0000] {taskinstance.py:1300} INFO - Executing <Task(PythonOperator): age_check> on 2022-11-27 00:00:00+00:00
[2023-05-17T10:15:24.445+0000] {standard_task_runner.py:55} INFO - Started process 5886 to run task
[2023-05-17T10:15:24.477+0000] {standard_task_runner.py:82} INFO - Running: ['***', 'tasks', 'run', 'age_check', 'age_check', 'scheduled__2022-11-27T00:00:00+00:00', '--job-id', '863', '--raw', '--subdir', 'DAGS_FOLDER/age.py', '--cfg-path', '/tmp/tmpv67a7h09']
[2023-05-17T10:15:24.482+0000] {standard_task_runner.py:83} INFO - Job 863: Subtask age_check
[2023-05-17T10:15:25.268+0000] {task_command.py:388} INFO - Running <TaskInstance: age_check.age_check scheduled__2022-11-27T00:00:00+00:00 [running]> on host 242f95e3e8a8
[2023-05-17T10:15:25.465+0000] {taskinstance.py:1509} INFO - Exporting the following env vars:
AIRFLOW_CTX_DAG_OWNER=***
AIRFLOW_CTX_DAG_ID=age_check
AIRFLOW_CTX_TASK_ID=age_check
AIRFLOW_CTX_EXECUTION_DATE=2022-11-27T00:00:00+00:00
AIRFLOW_CTX_TRY_NUMBER=2
AIRFLOW_CTX_DAG_RUN_ID=scheduled__2022-11-27T00:00:00+00:00
[2023-05-17T10:15:25.482+0000] {taskinstance.py:1768} ERROR - Task failed with exception
Traceback (most recent call last):
  File "/home/airflow/.local/lib/python3.7/site-packages/airflow/operators/python.py", line 175, in execute
    return_value = self.execute_callable()
  File "/home/airflow/.local/lib/python3.7/site-packages/airflow/operators/python.py", line 192, in execute_callable
    return self.python_callable(*self.op_args, **self.op_kwargs)
  File "/opt/airflow/dags/age.py", line 35, in age_check
    birth_year = int(Variable.get('birth_year'))
  File "/home/airflow/.local/lib/python3.7/site-packages/airflow/models/variable.py", line 141, in get
    raise KeyError(f"Variable {key} does not exist")
KeyError: 'Variable birth_year does not exist'
[2023-05-17T10:15:25.508+0000] {taskinstance.py:1323} INFO - Marking task as UP_FOR_RETRY. dag_id=age_check, task_id=age_check, execution_date=20221127T000000, start_date=20230517T101524, end_date=20230517T101525
[2023-05-17T10:15:25.538+0000] {standard_task_runner.py:105} ERROR - Failed to execute job 863 for task age_check ('Variable birth_year does not exist'; 5886)
[2023-05-17T10:15:25.594+0000] {local_task_job.py:208} INFO - Task exited with return code 1
[2023-05-17T10:15:25.665+0000] {taskinstance.py:2578} INFO - 0 downstream tasks scheduled from follow-on schedule check
