[2023-04-19T12:53:04.821+0000] {taskinstance.py:1083} INFO - Dependencies all met for <TaskInstance: age_check.age_check scheduled__2023-04-15T00:00:00+00:00 [queued]>
[2023-04-19T12:53:04.877+0000] {taskinstance.py:1083} INFO - Dependencies all met for <TaskInstance: age_check.age_check scheduled__2023-04-15T00:00:00+00:00 [queued]>
[2023-04-19T12:53:04.881+0000] {taskinstance.py:1279} INFO - 
--------------------------------------------------------------------------------
[2023-04-19T12:53:04.885+0000] {taskinstance.py:1280} INFO - Starting attempt 1 of 4
[2023-04-19T12:53:04.887+0000] {taskinstance.py:1281} INFO - 
--------------------------------------------------------------------------------
[2023-04-19T12:53:04.953+0000] {taskinstance.py:1300} INFO - Executing <Task(PythonOperator): age_check> on 2023-04-15 00:00:00+00:00
[2023-04-19T12:53:04.960+0000] {standard_task_runner.py:55} INFO - Started process 25875 to run task
[2023-04-19T12:53:04.987+0000] {standard_task_runner.py:82} INFO - Running: ['***', 'tasks', 'run', 'age_check', 'age_check', 'scheduled__2023-04-15T00:00:00+00:00', '--job-id', '2411', '--raw', '--subdir', 'DAGS_FOLDER/age.py', '--cfg-path', '/tmp/tmpt4vdvtx2']
[2023-04-19T12:53:04.991+0000] {standard_task_runner.py:83} INFO - Job 2411: Subtask age_check
[2023-04-19T12:53:05.292+0000] {task_command.py:388} INFO - Running <TaskInstance: age_check.age_check scheduled__2023-04-15T00:00:00+00:00 [running]> on host fe34f61acbb3
[2023-04-19T12:53:05.562+0000] {taskinstance.py:1509} INFO - Exporting the following env vars:
AIRFLOW_CTX_DAG_OWNER=***
AIRFLOW_CTX_DAG_ID=age_check
AIRFLOW_CTX_TASK_ID=age_check
AIRFLOW_CTX_EXECUTION_DATE=2023-04-15T00:00:00+00:00
AIRFLOW_CTX_TRY_NUMBER=1
AIRFLOW_CTX_DAG_RUN_ID=scheduled__2023-04-15T00:00:00+00:00
[2023-04-19T12:53:05.597+0000] {taskinstance.py:1768} ERROR - Task failed with exception
Traceback (most recent call last):
  File "/home/airflow/.local/lib/python3.7/site-packages/airflow/operators/python.py", line 175, in execute
    return_value = self.execute_callable()
  File "/home/airflow/.local/lib/python3.7/site-packages/airflow/operators/python.py", line 192, in execute_callable
    return self.python_callable(*self.op_args, **self.op_kwargs)
  File "/opt/airflow/dags/age.py", line 35, in age_check
    birth_year = int(Variable.get('birth_year'))
  File "/home/airflow/.local/lib/python3.7/site-packages/airflow/models/variable.py", line 141, in get
    raise KeyError(f"Variable {key} does not exist")
KeyError: 'Variable birth_year does not exist'
[2023-04-19T12:53:05.634+0000] {taskinstance.py:1323} INFO - Marking task as UP_FOR_RETRY. dag_id=age_check, task_id=age_check, execution_date=20230415T000000, start_date=20230419T125304, end_date=20230419T125305
[2023-04-19T12:53:05.701+0000] {standard_task_runner.py:105} ERROR - Failed to execute job 2411 for task age_check ('Variable birth_year does not exist'; 25875)
[2023-04-19T12:53:05.893+0000] {local_task_job.py:208} INFO - Task exited with return code 1
[2023-04-19T12:53:06.012+0000] {taskinstance.py:2578} INFO - 0 downstream tasks scheduled from follow-on schedule check
[2023-05-20T21:50:41.425+0000] {taskinstance.py:1083} INFO - Dependencies all met for <TaskInstance: age_check.age_check scheduled__2023-04-15T00:00:00+00:00 [queued]>
[2023-05-20T21:50:41.490+0000] {taskinstance.py:1083} INFO - Dependencies all met for <TaskInstance: age_check.age_check scheduled__2023-04-15T00:00:00+00:00 [queued]>
[2023-05-20T21:50:41.503+0000] {taskinstance.py:1279} INFO - 
--------------------------------------------------------------------------------
[2023-05-20T21:50:41.507+0000] {taskinstance.py:1280} INFO - Starting attempt 1 of 4
[2023-05-20T21:50:41.508+0000] {taskinstance.py:1281} INFO - 
--------------------------------------------------------------------------------
[2023-05-20T21:50:41.617+0000] {taskinstance.py:1300} INFO - Executing <Task(PythonOperator): age_check> on 2023-04-15 00:00:00+00:00
[2023-05-20T21:50:41.625+0000] {standard_task_runner.py:55} INFO - Started process 2406 to run task
[2023-05-20T21:50:41.672+0000] {standard_task_runner.py:82} INFO - Running: ['***', 'tasks', 'run', 'age_check', 'age_check', 'scheduled__2023-04-15T00:00:00+00:00', '--job-id', '1865', '--raw', '--subdir', 'DAGS_FOLDER/age.py', '--cfg-path', '/tmp/tmp88wt36by']
[2023-05-20T21:50:41.692+0000] {standard_task_runner.py:83} INFO - Job 1865: Subtask age_check
[2023-05-20T21:50:41.935+0000] {task_command.py:388} INFO - Running <TaskInstance: age_check.age_check scheduled__2023-04-15T00:00:00+00:00 [running]> on host 242f95e3e8a8
[2023-05-20T21:50:42.115+0000] {taskinstance.py:1509} INFO - Exporting the following env vars:
AIRFLOW_CTX_DAG_OWNER=***
AIRFLOW_CTX_DAG_ID=age_check
AIRFLOW_CTX_TASK_ID=age_check
AIRFLOW_CTX_EXECUTION_DATE=2023-04-15T00:00:00+00:00
AIRFLOW_CTX_TRY_NUMBER=1
AIRFLOW_CTX_DAG_RUN_ID=scheduled__2023-04-15T00:00:00+00:00
[2023-05-20T21:50:42.166+0000] {taskinstance.py:1768} ERROR - Task failed with exception
Traceback (most recent call last):
  File "/home/airflow/.local/lib/python3.7/site-packages/airflow/operators/python.py", line 175, in execute
    return_value = self.execute_callable()
  File "/home/airflow/.local/lib/python3.7/site-packages/airflow/operators/python.py", line 192, in execute_callable
    return self.python_callable(*self.op_args, **self.op_kwargs)
  File "/opt/airflow/dags/age.py", line 35, in age_check
    birth_year = int(Variable.get('birth_year'))
  File "/home/airflow/.local/lib/python3.7/site-packages/airflow/models/variable.py", line 141, in get
    raise KeyError(f"Variable {key} does not exist")
KeyError: 'Variable birth_year does not exist'
[2023-05-20T21:50:42.181+0000] {taskinstance.py:1323} INFO - Marking task as UP_FOR_RETRY. dag_id=age_check, task_id=age_check, execution_date=20230415T000000, start_date=20230520T215041, end_date=20230520T215042
[2023-05-20T21:50:42.210+0000] {standard_task_runner.py:105} ERROR - Failed to execute job 1865 for task age_check ('Variable birth_year does not exist'; 2406)
[2023-05-20T21:50:42.251+0000] {local_task_job.py:208} INFO - Task exited with return code 1
[2023-05-20T21:50:42.315+0000] {taskinstance.py:2578} INFO - 0 downstream tasks scheduled from follow-on schedule check
