[2023-04-19T12:52:27.887+0000] {taskinstance.py:1083} INFO - Dependencies all met for <TaskInstance: age_check.age_check scheduled__2023-04-09T00:00:00+00:00 [queued]>
[2023-04-19T12:52:27.961+0000] {taskinstance.py:1083} INFO - Dependencies all met for <TaskInstance: age_check.age_check scheduled__2023-04-09T00:00:00+00:00 [queued]>
[2023-04-19T12:52:27.965+0000] {taskinstance.py:1279} INFO - 
--------------------------------------------------------------------------------
[2023-04-19T12:52:27.967+0000] {taskinstance.py:1280} INFO - Starting attempt 1 of 4
[2023-04-19T12:52:27.968+0000] {taskinstance.py:1281} INFO - 
--------------------------------------------------------------------------------
[2023-04-19T12:52:28.020+0000] {taskinstance.py:1300} INFO - Executing <Task(PythonOperator): age_check> on 2023-04-09 00:00:00+00:00
[2023-04-19T12:52:28.034+0000] {standard_task_runner.py:55} INFO - Started process 25653 to run task
[2023-04-19T12:52:28.057+0000] {standard_task_runner.py:82} INFO - Running: ['***', 'tasks', 'run', 'age_check', 'age_check', 'scheduled__2023-04-09T00:00:00+00:00', '--job-id', '2317', '--raw', '--subdir', 'DAGS_FOLDER/age.py', '--cfg-path', '/tmp/tmpyjsplkm4']
[2023-04-19T12:52:28.066+0000] {standard_task_runner.py:83} INFO - Job 2317: Subtask age_check
[2023-04-19T12:52:28.274+0000] {task_command.py:388} INFO - Running <TaskInstance: age_check.age_check scheduled__2023-04-09T00:00:00+00:00 [running]> on host fe34f61acbb3
[2023-04-19T12:52:28.587+0000] {taskinstance.py:1509} INFO - Exporting the following env vars:
AIRFLOW_CTX_DAG_OWNER=***
AIRFLOW_CTX_DAG_ID=age_check
AIRFLOW_CTX_TASK_ID=age_check
AIRFLOW_CTX_EXECUTION_DATE=2023-04-09T00:00:00+00:00
AIRFLOW_CTX_TRY_NUMBER=1
AIRFLOW_CTX_DAG_RUN_ID=scheduled__2023-04-09T00:00:00+00:00
[2023-04-19T12:52:28.617+0000] {taskinstance.py:1768} ERROR - Task failed with exception
Traceback (most recent call last):
  File "/home/airflow/.local/lib/python3.7/site-packages/airflow/operators/python.py", line 175, in execute
    return_value = self.execute_callable()
  File "/home/airflow/.local/lib/python3.7/site-packages/airflow/operators/python.py", line 192, in execute_callable
    return self.python_callable(*self.op_args, **self.op_kwargs)
  File "/opt/airflow/dags/age.py", line 35, in age_check
    birth_year = int(Variable.get('birth_year'))
  File "/home/airflow/.local/lib/python3.7/site-packages/airflow/models/variable.py", line 141, in get
    raise KeyError(f"Variable {key} does not exist")
KeyError: 'Variable birth_year does not exist'
[2023-04-19T12:52:28.644+0000] {taskinstance.py:1323} INFO - Marking task as UP_FOR_RETRY. dag_id=age_check, task_id=age_check, execution_date=20230409T000000, start_date=20230419T125227, end_date=20230419T125228
[2023-04-19T12:52:28.689+0000] {standard_task_runner.py:105} ERROR - Failed to execute job 2317 for task age_check ('Variable birth_year does not exist'; 25653)
[2023-04-19T12:52:28.744+0000] {local_task_job.py:208} INFO - Task exited with return code 1
[2023-04-19T12:52:28.806+0000] {taskinstance.py:2578} INFO - 0 downstream tasks scheduled from follow-on schedule check
[2023-05-20T21:49:51.741+0000] {taskinstance.py:1083} INFO - Dependencies all met for <TaskInstance: age_check.age_check scheduled__2023-04-09T00:00:00+00:00 [queued]>
[2023-05-20T21:49:51.754+0000] {taskinstance.py:1083} INFO - Dependencies all met for <TaskInstance: age_check.age_check scheduled__2023-04-09T00:00:00+00:00 [queued]>
[2023-05-20T21:49:51.755+0000] {taskinstance.py:1279} INFO - 
--------------------------------------------------------------------------------
[2023-05-20T21:49:51.756+0000] {taskinstance.py:1280} INFO - Starting attempt 1 of 4
[2023-05-20T21:49:51.759+0000] {taskinstance.py:1281} INFO - 
--------------------------------------------------------------------------------
[2023-05-20T21:49:51.777+0000] {taskinstance.py:1300} INFO - Executing <Task(PythonOperator): age_check> on 2023-04-09 00:00:00+00:00
[2023-05-20T21:49:51.789+0000] {standard_task_runner.py:55} INFO - Started process 2182 to run task
[2023-05-20T21:49:51.810+0000] {standard_task_runner.py:82} INFO - Running: ['***', 'tasks', 'run', 'age_check', 'age_check', 'scheduled__2023-04-09T00:00:00+00:00', '--job-id', '1777', '--raw', '--subdir', 'DAGS_FOLDER/age.py', '--cfg-path', '/tmp/tmpxb7614xl']
[2023-05-20T21:49:51.814+0000] {standard_task_runner.py:83} INFO - Job 1777: Subtask age_check
[2023-05-20T21:49:51.923+0000] {task_command.py:388} INFO - Running <TaskInstance: age_check.age_check scheduled__2023-04-09T00:00:00+00:00 [running]> on host 242f95e3e8a8
[2023-05-20T21:49:52.075+0000] {taskinstance.py:1509} INFO - Exporting the following env vars:
AIRFLOW_CTX_DAG_OWNER=***
AIRFLOW_CTX_DAG_ID=age_check
AIRFLOW_CTX_TASK_ID=age_check
AIRFLOW_CTX_EXECUTION_DATE=2023-04-09T00:00:00+00:00
AIRFLOW_CTX_TRY_NUMBER=1
AIRFLOW_CTX_DAG_RUN_ID=scheduled__2023-04-09T00:00:00+00:00
[2023-05-20T21:49:52.092+0000] {taskinstance.py:1768} ERROR - Task failed with exception
Traceback (most recent call last):
  File "/home/airflow/.local/lib/python3.7/site-packages/airflow/operators/python.py", line 175, in execute
    return_value = self.execute_callable()
  File "/home/airflow/.local/lib/python3.7/site-packages/airflow/operators/python.py", line 192, in execute_callable
    return self.python_callable(*self.op_args, **self.op_kwargs)
  File "/opt/airflow/dags/age.py", line 35, in age_check
    birth_year = int(Variable.get('birth_year'))
  File "/home/airflow/.local/lib/python3.7/site-packages/airflow/models/variable.py", line 141, in get
    raise KeyError(f"Variable {key} does not exist")
KeyError: 'Variable birth_year does not exist'
[2023-05-20T21:49:52.106+0000] {taskinstance.py:1323} INFO - Marking task as UP_FOR_RETRY. dag_id=age_check, task_id=age_check, execution_date=20230409T000000, start_date=20230520T214951, end_date=20230520T214952
[2023-05-20T21:49:52.120+0000] {standard_task_runner.py:105} ERROR - Failed to execute job 1777 for task age_check ('Variable birth_year does not exist'; 2182)
[2023-05-20T21:49:52.180+0000] {local_task_job.py:208} INFO - Task exited with return code 1
[2023-05-20T21:49:52.212+0000] {taskinstance.py:2578} INFO - 0 downstream tasks scheduled from follow-on schedule check
