[2023-04-19T12:46:07.438+0000] {taskinstance.py:1083} INFO - Dependencies all met for <TaskInstance: age_check.age_check scheduled__2023-01-02T00:00:00+00:00 [queued]>
[2023-04-19T12:46:07.451+0000] {taskinstance.py:1083} INFO - Dependencies all met for <TaskInstance: age_check.age_check scheduled__2023-01-02T00:00:00+00:00 [queued]>
[2023-04-19T12:46:07.459+0000] {taskinstance.py:1279} INFO - 
--------------------------------------------------------------------------------
[2023-04-19T12:46:07.460+0000] {taskinstance.py:1280} INFO - Starting attempt 2 of 4
[2023-04-19T12:46:07.461+0000] {taskinstance.py:1281} INFO - 
--------------------------------------------------------------------------------
[2023-04-19T12:46:07.481+0000] {taskinstance.py:1300} INFO - Executing <Task(PythonOperator): age_check> on 2023-01-02 00:00:00+00:00
[2023-04-19T12:46:07.490+0000] {standard_task_runner.py:55} INFO - Started process 23830 to run task
[2023-04-19T12:46:07.502+0000] {standard_task_runner.py:82} INFO - Running: ['***', 'tasks', 'run', 'age_check', 'age_check', 'scheduled__2023-01-02T00:00:00+00:00', '--job-id', '1547', '--raw', '--subdir', 'DAGS_FOLDER/age.py', '--cfg-path', '/tmp/tmpoxqz8zfe']
[2023-04-19T12:46:07.503+0000] {standard_task_runner.py:83} INFO - Job 1547: Subtask age_check
[2023-04-19T12:46:07.687+0000] {task_command.py:388} INFO - Running <TaskInstance: age_check.age_check scheduled__2023-01-02T00:00:00+00:00 [running]> on host fe34f61acbb3
[2023-04-19T12:46:07.869+0000] {taskinstance.py:1509} INFO - Exporting the following env vars:
AIRFLOW_CTX_DAG_OWNER=***
AIRFLOW_CTX_DAG_ID=age_check
AIRFLOW_CTX_TASK_ID=age_check
AIRFLOW_CTX_EXECUTION_DATE=2023-01-02T00:00:00+00:00
AIRFLOW_CTX_TRY_NUMBER=2
AIRFLOW_CTX_DAG_RUN_ID=scheduled__2023-01-02T00:00:00+00:00
[2023-04-19T12:46:07.881+0000] {taskinstance.py:1768} ERROR - Task failed with exception
Traceback (most recent call last):
  File "/home/airflow/.local/lib/python3.7/site-packages/airflow/operators/python.py", line 175, in execute
    return_value = self.execute_callable()
  File "/home/airflow/.local/lib/python3.7/site-packages/airflow/operators/python.py", line 192, in execute_callable
    return self.python_callable(*self.op_args, **self.op_kwargs)
  File "/opt/airflow/dags/age.py", line 35, in age_check
    birth_year = int(Variable.get('birth_year'))
  File "/home/airflow/.local/lib/python3.7/site-packages/airflow/models/variable.py", line 141, in get
    raise KeyError(f"Variable {key} does not exist")
KeyError: 'Variable birth_year does not exist'
[2023-04-19T12:46:07.941+0000] {taskinstance.py:1323} INFO - Marking task as UP_FOR_RETRY. dag_id=age_check, task_id=age_check, execution_date=20230102T000000, start_date=20230419T124607, end_date=20230419T124607
[2023-04-19T12:46:07.964+0000] {standard_task_runner.py:105} ERROR - Failed to execute job 1547 for task age_check ('Variable birth_year does not exist'; 23830)
[2023-04-19T12:46:08.007+0000] {local_task_job.py:208} INFO - Task exited with return code 1
[2023-04-19T12:46:08.079+0000] {taskinstance.py:2578} INFO - 0 downstream tasks scheduled from follow-on schedule check
[2023-05-20T20:57:16.304+0000] {taskinstance.py:1083} INFO - Dependencies all met for <TaskInstance: age_check.age_check scheduled__2023-01-02T00:00:00+00:00 [queued]>
[2023-05-20T20:57:16.315+0000] {taskinstance.py:1083} INFO - Dependencies all met for <TaskInstance: age_check.age_check scheduled__2023-01-02T00:00:00+00:00 [queued]>
[2023-05-20T20:57:16.316+0000] {taskinstance.py:1279} INFO - 
--------------------------------------------------------------------------------
[2023-05-20T20:57:16.317+0000] {taskinstance.py:1280} INFO - Starting attempt 2 of 4
[2023-05-20T20:57:16.318+0000] {taskinstance.py:1281} INFO - 
--------------------------------------------------------------------------------
[2023-05-20T20:57:16.332+0000] {taskinstance.py:1300} INFO - Executing <Task(PythonOperator): age_check> on 2023-01-02 00:00:00+00:00
[2023-05-20T20:57:16.338+0000] {standard_task_runner.py:55} INFO - Started process 553 to run task
[2023-05-20T20:57:16.346+0000] {standard_task_runner.py:82} INFO - Running: ['***', 'tasks', 'run', 'age_check', 'age_check', 'scheduled__2023-01-02T00:00:00+00:00', '--job-id', '1112', '--raw', '--subdir', 'DAGS_FOLDER/age.py', '--cfg-path', '/tmp/tmppo89oooj']
[2023-05-20T20:57:16.348+0000] {standard_task_runner.py:83} INFO - Job 1112: Subtask age_check
[2023-05-20T20:57:16.430+0000] {task_command.py:388} INFO - Running <TaskInstance: age_check.age_check scheduled__2023-01-02T00:00:00+00:00 [running]> on host 242f95e3e8a8
[2023-05-20T20:57:16.500+0000] {taskinstance.py:1509} INFO - Exporting the following env vars:
AIRFLOW_CTX_DAG_OWNER=***
AIRFLOW_CTX_DAG_ID=age_check
AIRFLOW_CTX_TASK_ID=age_check
AIRFLOW_CTX_EXECUTION_DATE=2023-01-02T00:00:00+00:00
AIRFLOW_CTX_TRY_NUMBER=2
AIRFLOW_CTX_DAG_RUN_ID=scheduled__2023-01-02T00:00:00+00:00
[2023-05-20T20:57:16.515+0000] {taskinstance.py:1768} ERROR - Task failed with exception
Traceback (most recent call last):
  File "/home/airflow/.local/lib/python3.7/site-packages/airflow/operators/python.py", line 175, in execute
    return_value = self.execute_callable()
  File "/home/airflow/.local/lib/python3.7/site-packages/airflow/operators/python.py", line 192, in execute_callable
    return self.python_callable(*self.op_args, **self.op_kwargs)
  File "/opt/airflow/dags/age.py", line 35, in age_check
    birth_year = int(Variable.get('birth_year'))
  File "/home/airflow/.local/lib/python3.7/site-packages/airflow/models/variable.py", line 141, in get
    raise KeyError(f"Variable {key} does not exist")
KeyError: 'Variable birth_year does not exist'
[2023-05-20T20:57:16.528+0000] {taskinstance.py:1323} INFO - Marking task as UP_FOR_RETRY. dag_id=age_check, task_id=age_check, execution_date=20230102T000000, start_date=20230520T205716, end_date=20230520T205716
[2023-05-20T20:57:16.539+0000] {standard_task_runner.py:105} ERROR - Failed to execute job 1112 for task age_check ('Variable birth_year does not exist'; 553)
[2023-05-20T20:57:16.554+0000] {local_task_job.py:208} INFO - Task exited with return code 1
[2023-05-20T20:57:16.576+0000] {taskinstance.py:2578} INFO - 0 downstream tasks scheduled from follow-on schedule check
