[2023-04-19T12:46:19.698+0000] {taskinstance.py:1083} INFO - Dependencies all met for <TaskInstance: age_check.age_check scheduled__2023-01-02T00:00:00+00:00 [queued]>
[2023-04-19T12:46:19.723+0000] {taskinstance.py:1083} INFO - Dependencies all met for <TaskInstance: age_check.age_check scheduled__2023-01-02T00:00:00+00:00 [queued]>
[2023-04-19T12:46:19.724+0000] {taskinstance.py:1279} INFO - 
--------------------------------------------------------------------------------
[2023-04-19T12:46:19.725+0000] {taskinstance.py:1280} INFO - Starting attempt 3 of 4
[2023-04-19T12:46:19.726+0000] {taskinstance.py:1281} INFO - 
--------------------------------------------------------------------------------
[2023-04-19T12:46:19.758+0000] {taskinstance.py:1300} INFO - Executing <Task(PythonOperator): age_check> on 2023-01-02 00:00:00+00:00
[2023-04-19T12:46:19.776+0000] {standard_task_runner.py:55} INFO - Started process 23895 to run task
[2023-04-19T12:46:19.802+0000] {standard_task_runner.py:82} INFO - Running: ['***', 'tasks', 'run', 'age_check', 'age_check', 'scheduled__2023-01-02T00:00:00+00:00', '--job-id', '1572', '--raw', '--subdir', 'DAGS_FOLDER/age.py', '--cfg-path', '/tmp/tmp28r5hone']
[2023-04-19T12:46:19.806+0000] {standard_task_runner.py:83} INFO - Job 1572: Subtask age_check
[2023-04-19T12:46:20.040+0000] {task_command.py:388} INFO - Running <TaskInstance: age_check.age_check scheduled__2023-01-02T00:00:00+00:00 [running]> on host fe34f61acbb3
[2023-04-19T12:46:20.238+0000] {taskinstance.py:1509} INFO - Exporting the following env vars:
AIRFLOW_CTX_DAG_OWNER=***
AIRFLOW_CTX_DAG_ID=age_check
AIRFLOW_CTX_TASK_ID=age_check
AIRFLOW_CTX_EXECUTION_DATE=2023-01-02T00:00:00+00:00
AIRFLOW_CTX_TRY_NUMBER=3
AIRFLOW_CTX_DAG_RUN_ID=scheduled__2023-01-02T00:00:00+00:00
[2023-04-19T12:46:20.261+0000] {taskinstance.py:1768} ERROR - Task failed with exception
Traceback (most recent call last):
  File "/home/airflow/.local/lib/python3.7/site-packages/airflow/operators/python.py", line 175, in execute
    return_value = self.execute_callable()
  File "/home/airflow/.local/lib/python3.7/site-packages/airflow/operators/python.py", line 192, in execute_callable
    return self.python_callable(*self.op_args, **self.op_kwargs)
  File "/opt/airflow/dags/age.py", line 35, in age_check
    birth_year = int(Variable.get('birth_year'))
  File "/home/airflow/.local/lib/python3.7/site-packages/airflow/models/variable.py", line 141, in get
    raise KeyError(f"Variable {key} does not exist")
KeyError: 'Variable birth_year does not exist'
[2023-04-19T12:46:20.289+0000] {taskinstance.py:1323} INFO - Marking task as UP_FOR_RETRY. dag_id=age_check, task_id=age_check, execution_date=20230102T000000, start_date=20230419T124619, end_date=20230419T124620
[2023-04-19T12:46:20.316+0000] {standard_task_runner.py:105} ERROR - Failed to execute job 1572 for task age_check ('Variable birth_year does not exist'; 23895)
[2023-04-19T12:46:20.392+0000] {local_task_job.py:208} INFO - Task exited with return code 1
[2023-04-19T12:46:20.509+0000] {taskinstance.py:2578} INFO - 0 downstream tasks scheduled from follow-on schedule check
[2023-05-20T20:57:27.780+0000] {taskinstance.py:1083} INFO - Dependencies all met for <TaskInstance: age_check.age_check scheduled__2023-01-02T00:00:00+00:00 [queued]>
[2023-05-20T20:57:27.787+0000] {taskinstance.py:1083} INFO - Dependencies all met for <TaskInstance: age_check.age_check scheduled__2023-01-02T00:00:00+00:00 [queued]>
[2023-05-20T20:57:27.788+0000] {taskinstance.py:1279} INFO - 
--------------------------------------------------------------------------------
[2023-05-20T20:57:27.788+0000] {taskinstance.py:1280} INFO - Starting attempt 3 of 4
[2023-05-20T20:57:27.789+0000] {taskinstance.py:1281} INFO - 
--------------------------------------------------------------------------------
[2023-05-20T20:57:27.798+0000] {taskinstance.py:1300} INFO - Executing <Task(PythonOperator): age_check> on 2023-01-02 00:00:00+00:00
[2023-05-20T20:57:27.802+0000] {standard_task_runner.py:55} INFO - Started process 607 to run task
[2023-05-20T20:57:27.806+0000] {standard_task_runner.py:82} INFO - Running: ['***', 'tasks', 'run', 'age_check', 'age_check', 'scheduled__2023-01-02T00:00:00+00:00', '--job-id', '1133', '--raw', '--subdir', 'DAGS_FOLDER/age.py', '--cfg-path', '/tmp/tmpmlrurbee']
[2023-05-20T20:57:27.808+0000] {standard_task_runner.py:83} INFO - Job 1133: Subtask age_check
[2023-05-20T20:57:27.863+0000] {task_command.py:388} INFO - Running <TaskInstance: age_check.age_check scheduled__2023-01-02T00:00:00+00:00 [running]> on host 242f95e3e8a8
[2023-05-20T20:57:27.918+0000] {taskinstance.py:1509} INFO - Exporting the following env vars:
AIRFLOW_CTX_DAG_OWNER=***
AIRFLOW_CTX_DAG_ID=age_check
AIRFLOW_CTX_TASK_ID=age_check
AIRFLOW_CTX_EXECUTION_DATE=2023-01-02T00:00:00+00:00
AIRFLOW_CTX_TRY_NUMBER=3
AIRFLOW_CTX_DAG_RUN_ID=scheduled__2023-01-02T00:00:00+00:00
[2023-05-20T20:57:27.930+0000] {taskinstance.py:1768} ERROR - Task failed with exception
Traceback (most recent call last):
  File "/home/airflow/.local/lib/python3.7/site-packages/airflow/operators/python.py", line 175, in execute
    return_value = self.execute_callable()
  File "/home/airflow/.local/lib/python3.7/site-packages/airflow/operators/python.py", line 192, in execute_callable
    return self.python_callable(*self.op_args, **self.op_kwargs)
  File "/opt/airflow/dags/age.py", line 35, in age_check
    birth_year = int(Variable.get('birth_year'))
  File "/home/airflow/.local/lib/python3.7/site-packages/airflow/models/variable.py", line 141, in get
    raise KeyError(f"Variable {key} does not exist")
KeyError: 'Variable birth_year does not exist'
[2023-05-20T20:57:27.945+0000] {taskinstance.py:1323} INFO - Marking task as UP_FOR_RETRY. dag_id=age_check, task_id=age_check, execution_date=20230102T000000, start_date=20230520T205727, end_date=20230520T205727
[2023-05-20T20:57:27.954+0000] {standard_task_runner.py:105} ERROR - Failed to execute job 1133 for task age_check ('Variable birth_year does not exist'; 607)
[2023-05-20T20:57:27.979+0000] {local_task_job.py:208} INFO - Task exited with return code 1
[2023-05-20T20:57:28.003+0000] {taskinstance.py:2578} INFO - 0 downstream tasks scheduled from follow-on schedule check
