[2023-04-19T12:46:53.530+0000] {taskinstance.py:1083} INFO - Dependencies all met for <TaskInstance: age_check.age_check scheduled__2023-01-15T00:00:00+00:00 [queued]>
[2023-04-19T12:46:53.585+0000] {taskinstance.py:1083} INFO - Dependencies all met for <TaskInstance: age_check.age_check scheduled__2023-01-15T00:00:00+00:00 [queued]>
[2023-04-19T12:46:53.587+0000] {taskinstance.py:1279} INFO - 
--------------------------------------------------------------------------------
[2023-04-19T12:46:53.602+0000] {taskinstance.py:1280} INFO - Starting attempt 1 of 4
[2023-04-19T12:46:53.604+0000] {taskinstance.py:1281} INFO - 
--------------------------------------------------------------------------------
[2023-04-19T12:46:53.704+0000] {taskinstance.py:1300} INFO - Executing <Task(PythonOperator): age_check> on 2023-01-15 00:00:00+00:00
[2023-04-19T12:46:53.809+0000] {standard_task_runner.py:55} INFO - Started process 24054 to run task
[2023-04-19T12:46:53.835+0000] {standard_task_runner.py:82} INFO - Running: ['***', 'tasks', 'run', 'age_check', 'age_check', 'scheduled__2023-01-15T00:00:00+00:00', '--job-id', '1641', '--raw', '--subdir', 'DAGS_FOLDER/age.py', '--cfg-path', '/tmp/tmpc2zi6am5']
[2023-04-19T12:46:53.844+0000] {standard_task_runner.py:83} INFO - Job 1641: Subtask age_check
[2023-04-19T12:46:54.079+0000] {task_command.py:388} INFO - Running <TaskInstance: age_check.age_check scheduled__2023-01-15T00:00:00+00:00 [running]> on host fe34f61acbb3
[2023-04-19T12:46:54.411+0000] {taskinstance.py:1509} INFO - Exporting the following env vars:
AIRFLOW_CTX_DAG_OWNER=***
AIRFLOW_CTX_DAG_ID=age_check
AIRFLOW_CTX_TASK_ID=age_check
AIRFLOW_CTX_EXECUTION_DATE=2023-01-15T00:00:00+00:00
AIRFLOW_CTX_TRY_NUMBER=1
AIRFLOW_CTX_DAG_RUN_ID=scheduled__2023-01-15T00:00:00+00:00
[2023-04-19T12:46:54.443+0000] {taskinstance.py:1768} ERROR - Task failed with exception
Traceback (most recent call last):
  File "/home/airflow/.local/lib/python3.7/site-packages/airflow/operators/python.py", line 175, in execute
    return_value = self.execute_callable()
  File "/home/airflow/.local/lib/python3.7/site-packages/airflow/operators/python.py", line 192, in execute_callable
    return self.python_callable(*self.op_args, **self.op_kwargs)
  File "/opt/airflow/dags/age.py", line 35, in age_check
    birth_year = int(Variable.get('birth_year'))
  File "/home/airflow/.local/lib/python3.7/site-packages/airflow/models/variable.py", line 141, in get
    raise KeyError(f"Variable {key} does not exist")
KeyError: 'Variable birth_year does not exist'
[2023-04-19T12:46:54.459+0000] {taskinstance.py:1323} INFO - Marking task as UP_FOR_RETRY. dag_id=age_check, task_id=age_check, execution_date=20230115T000000, start_date=20230419T124653, end_date=20230419T124654
[2023-04-19T12:46:54.641+0000] {standard_task_runner.py:105} ERROR - Failed to execute job 1641 for task age_check ('Variable birth_year does not exist'; 24054)
[2023-04-19T12:46:54.732+0000] {local_task_job.py:208} INFO - Task exited with return code 1
[2023-04-19T12:46:54.814+0000] {taskinstance.py:2578} INFO - 0 downstream tasks scheduled from follow-on schedule check
[2023-05-20T20:58:04.856+0000] {taskinstance.py:1083} INFO - Dependencies all met for <TaskInstance: age_check.age_check scheduled__2023-01-15T00:00:00+00:00 [queued]>
[2023-05-20T20:58:04.945+0000] {taskinstance.py:1083} INFO - Dependencies all met for <TaskInstance: age_check.age_check scheduled__2023-01-15T00:00:00+00:00 [queued]>
[2023-05-20T20:58:04.946+0000] {taskinstance.py:1279} INFO - 
--------------------------------------------------------------------------------
[2023-05-20T20:58:04.947+0000] {taskinstance.py:1280} INFO - Starting attempt 1 of 4
[2023-05-20T20:58:04.948+0000] {taskinstance.py:1281} INFO - 
--------------------------------------------------------------------------------
[2023-05-20T20:58:05.086+0000] {taskinstance.py:1300} INFO - Executing <Task(PythonOperator): age_check> on 2023-01-15 00:00:00+00:00
[2023-05-20T20:58:05.096+0000] {standard_task_runner.py:55} INFO - Started process 777 to run task
[2023-05-20T20:58:05.117+0000] {standard_task_runner.py:82} INFO - Running: ['***', 'tasks', 'run', 'age_check', 'age_check', 'scheduled__2023-01-15T00:00:00+00:00', '--job-id', '1205', '--raw', '--subdir', 'DAGS_FOLDER/age.py', '--cfg-path', '/tmp/tmp12dur9sn']
[2023-05-20T20:58:05.123+0000] {standard_task_runner.py:83} INFO - Job 1205: Subtask age_check
[2023-05-20T20:58:05.414+0000] {task_command.py:388} INFO - Running <TaskInstance: age_check.age_check scheduled__2023-01-15T00:00:00+00:00 [running]> on host 242f95e3e8a8
[2023-05-20T20:58:05.526+0000] {taskinstance.py:1509} INFO - Exporting the following env vars:
AIRFLOW_CTX_DAG_OWNER=***
AIRFLOW_CTX_DAG_ID=age_check
AIRFLOW_CTX_TASK_ID=age_check
AIRFLOW_CTX_EXECUTION_DATE=2023-01-15T00:00:00+00:00
AIRFLOW_CTX_TRY_NUMBER=1
AIRFLOW_CTX_DAG_RUN_ID=scheduled__2023-01-15T00:00:00+00:00
[2023-05-20T20:58:05.546+0000] {taskinstance.py:1768} ERROR - Task failed with exception
Traceback (most recent call last):
  File "/home/airflow/.local/lib/python3.7/site-packages/airflow/operators/python.py", line 175, in execute
    return_value = self.execute_callable()
  File "/home/airflow/.local/lib/python3.7/site-packages/airflow/operators/python.py", line 192, in execute_callable
    return self.python_callable(*self.op_args, **self.op_kwargs)
  File "/opt/airflow/dags/age.py", line 35, in age_check
    birth_year = int(Variable.get('birth_year'))
  File "/home/airflow/.local/lib/python3.7/site-packages/airflow/models/variable.py", line 141, in get
    raise KeyError(f"Variable {key} does not exist")
KeyError: 'Variable birth_year does not exist'
[2023-05-20T20:58:05.570+0000] {taskinstance.py:1323} INFO - Marking task as UP_FOR_RETRY. dag_id=age_check, task_id=age_check, execution_date=20230115T000000, start_date=20230520T205804, end_date=20230520T205805
[2023-05-20T20:58:05.593+0000] {standard_task_runner.py:105} ERROR - Failed to execute job 1205 for task age_check ('Variable birth_year does not exist'; 777)
[2023-05-20T20:58:05.653+0000] {local_task_job.py:208} INFO - Task exited with return code 1
[2023-05-20T20:58:05.702+0000] {taskinstance.py:2578} INFO - 0 downstream tasks scheduled from follow-on schedule check
