[2023-04-19T12:41:45.218+0000] {taskinstance.py:1083} INFO - Dependencies all met for <TaskInstance: age_check.age_check scheduled__2022-10-19T00:00:00+00:00 [queued]>
[2023-04-19T12:41:45.229+0000] {taskinstance.py:1083} INFO - Dependencies all met for <TaskInstance: age_check.age_check scheduled__2022-10-19T00:00:00+00:00 [queued]>
[2023-04-19T12:41:45.230+0000] {taskinstance.py:1279} INFO - 
--------------------------------------------------------------------------------
[2023-04-19T12:41:45.231+0000] {taskinstance.py:1280} INFO - Starting attempt 4 of 4
[2023-04-19T12:41:45.232+0000] {taskinstance.py:1281} INFO - 
--------------------------------------------------------------------------------
[2023-04-19T12:41:45.244+0000] {taskinstance.py:1300} INFO - Executing <Task(PythonOperator): age_check> on 2022-10-19 00:00:00+00:00
[2023-04-19T12:41:45.250+0000] {standard_task_runner.py:55} INFO - Started process 22735 to run task
[2023-04-19T12:41:45.254+0000] {standard_task_runner.py:82} INFO - Running: ['***', 'tasks', 'run', 'age_check', 'age_check', 'scheduled__2022-10-19T00:00:00+00:00', '--job-id', '1106', '--raw', '--subdir', 'DAGS_FOLDER/age.py', '--cfg-path', '/tmp/tmp2ys_6ty8']
[2023-04-19T12:41:45.256+0000] {standard_task_runner.py:83} INFO - Job 1106: Subtask age_check
[2023-04-19T12:41:45.334+0000] {task_command.py:388} INFO - Running <TaskInstance: age_check.age_check scheduled__2022-10-19T00:00:00+00:00 [running]> on host fe34f61acbb3
[2023-04-19T12:41:45.380+0000] {taskinstance.py:1509} INFO - Exporting the following env vars:
AIRFLOW_CTX_DAG_OWNER=***
AIRFLOW_CTX_DAG_ID=age_check
AIRFLOW_CTX_TASK_ID=age_check
AIRFLOW_CTX_EXECUTION_DATE=2022-10-19T00:00:00+00:00
AIRFLOW_CTX_TRY_NUMBER=4
AIRFLOW_CTX_DAG_RUN_ID=scheduled__2022-10-19T00:00:00+00:00
[2023-04-19T12:41:45.387+0000] {taskinstance.py:1768} ERROR - Task failed with exception
Traceback (most recent call last):
  File "/home/airflow/.local/lib/python3.7/site-packages/airflow/operators/python.py", line 175, in execute
    return_value = self.execute_callable()
  File "/home/airflow/.local/lib/python3.7/site-packages/airflow/operators/python.py", line 192, in execute_callable
    return self.python_callable(*self.op_args, **self.op_kwargs)
  File "/opt/airflow/dags/age.py", line 35, in age_check
    birth_year = int(Variable.get('birth_year'))
  File "/home/airflow/.local/lib/python3.7/site-packages/airflow/models/variable.py", line 141, in get
    raise KeyError(f"Variable {key} does not exist")
KeyError: 'Variable birth_year does not exist'
[2023-04-19T12:41:45.408+0000] {taskinstance.py:1323} INFO - Marking task as FAILED. dag_id=age_check, task_id=age_check, execution_date=20221019T000000, start_date=20230419T124145, end_date=20230419T124145
[2023-04-19T12:41:45.417+0000] {standard_task_runner.py:105} ERROR - Failed to execute job 1106 for task age_check ('Variable birth_year does not exist'; 22735)
[2023-04-19T12:41:45.468+0000] {local_task_job.py:208} INFO - Task exited with return code 1
[2023-04-19T12:41:45.488+0000] {taskinstance.py:2578} INFO - 0 downstream tasks scheduled from follow-on schedule check
[2023-05-17T10:13:38.794+0000] {taskinstance.py:1083} INFO - Dependencies all met for <TaskInstance: age_check.age_check scheduled__2022-10-19T00:00:00+00:00 [queued]>
[2023-05-17T10:13:38.841+0000] {taskinstance.py:1083} INFO - Dependencies all met for <TaskInstance: age_check.age_check scheduled__2022-10-19T00:00:00+00:00 [queued]>
[2023-05-17T10:13:38.843+0000] {taskinstance.py:1279} INFO - 
--------------------------------------------------------------------------------
[2023-05-17T10:13:38.844+0000] {taskinstance.py:1280} INFO - Starting attempt 4 of 4
[2023-05-17T10:13:38.847+0000] {taskinstance.py:1281} INFO - 
--------------------------------------------------------------------------------
[2023-05-17T10:13:38.934+0000] {taskinstance.py:1300} INFO - Executing <Task(PythonOperator): age_check> on 2022-10-19 00:00:00+00:00
[2023-05-17T10:13:38.943+0000] {standard_task_runner.py:55} INFO - Started process 5396 to run task
[2023-05-17T10:13:39.030+0000] {standard_task_runner.py:82} INFO - Running: ['***', 'tasks', 'run', 'age_check', 'age_check', 'scheduled__2022-10-19T00:00:00+00:00', '--job-id', '661', '--raw', '--subdir', 'DAGS_FOLDER/age.py', '--cfg-path', '/tmp/tmp0acwsxtv']
[2023-05-17T10:13:39.038+0000] {standard_task_runner.py:83} INFO - Job 661: Subtask age_check
[2023-05-17T10:13:39.220+0000] {task_command.py:388} INFO - Running <TaskInstance: age_check.age_check scheduled__2022-10-19T00:00:00+00:00 [running]> on host 242f95e3e8a8
[2023-05-17T10:13:39.400+0000] {taskinstance.py:1509} INFO - Exporting the following env vars:
AIRFLOW_CTX_DAG_OWNER=***
AIRFLOW_CTX_DAG_ID=age_check
AIRFLOW_CTX_TASK_ID=age_check
AIRFLOW_CTX_EXECUTION_DATE=2022-10-19T00:00:00+00:00
AIRFLOW_CTX_TRY_NUMBER=4
AIRFLOW_CTX_DAG_RUN_ID=scheduled__2022-10-19T00:00:00+00:00
[2023-05-17T10:13:39.444+0000] {taskinstance.py:1768} ERROR - Task failed with exception
Traceback (most recent call last):
  File "/home/airflow/.local/lib/python3.7/site-packages/airflow/operators/python.py", line 175, in execute
    return_value = self.execute_callable()
  File "/home/airflow/.local/lib/python3.7/site-packages/airflow/operators/python.py", line 192, in execute_callable
    return self.python_callable(*self.op_args, **self.op_kwargs)
  File "/opt/airflow/dags/age.py", line 35, in age_check
    birth_year = int(Variable.get('birth_year'))
  File "/home/airflow/.local/lib/python3.7/site-packages/airflow/models/variable.py", line 141, in get
    raise KeyError(f"Variable {key} does not exist")
KeyError: 'Variable birth_year does not exist'
[2023-05-17T10:13:39.496+0000] {taskinstance.py:1323} INFO - Marking task as FAILED. dag_id=age_check, task_id=age_check, execution_date=20221019T000000, start_date=20230517T101338, end_date=20230517T101339
[2023-05-17T10:13:39.508+0000] {standard_task_runner.py:105} ERROR - Failed to execute job 661 for task age_check ('Variable birth_year does not exist'; 5396)
[2023-05-17T10:13:39.542+0000] {local_task_job.py:208} INFO - Task exited with return code 1
[2023-05-17T10:13:39.663+0000] {taskinstance.py:2578} INFO - 0 downstream tasks scheduled from follow-on schedule check
