[2023-04-19T12:41:09.320+0000] {taskinstance.py:1083} INFO - Dependencies all met for <TaskInstance: age_check.age_check scheduled__2022-10-19T00:00:00+00:00 [queued]>
[2023-04-19T12:41:09.495+0000] {taskinstance.py:1083} INFO - Dependencies all met for <TaskInstance: age_check.age_check scheduled__2022-10-19T00:00:00+00:00 [queued]>
[2023-04-19T12:41:09.508+0000] {taskinstance.py:1279} INFO - 
--------------------------------------------------------------------------------
[2023-04-19T12:41:09.510+0000] {taskinstance.py:1280} INFO - Starting attempt 1 of 4
[2023-04-19T12:41:09.511+0000] {taskinstance.py:1281} INFO - 
--------------------------------------------------------------------------------
[2023-04-19T12:41:09.614+0000] {taskinstance.py:1300} INFO - Executing <Task(PythonOperator): age_check> on 2022-10-19 00:00:00+00:00
[2023-04-19T12:41:09.667+0000] {standard_task_runner.py:55} INFO - Started process 22599 to run task
[2023-04-19T12:41:09.704+0000] {standard_task_runner.py:82} INFO - Running: ['***', 'tasks', 'run', 'age_check', 'age_check', 'scheduled__2022-10-19T00:00:00+00:00', '--job-id', '1051', '--raw', '--subdir', 'DAGS_FOLDER/age.py', '--cfg-path', '/tmp/tmpn1b4u0zj']
[2023-04-19T12:41:09.731+0000] {standard_task_runner.py:83} INFO - Job 1051: Subtask age_check
[2023-04-19T12:41:10.204+0000] {task_command.py:388} INFO - Running <TaskInstance: age_check.age_check scheduled__2022-10-19T00:00:00+00:00 [running]> on host fe34f61acbb3
[2023-04-19T12:41:10.714+0000] {taskinstance.py:1509} INFO - Exporting the following env vars:
AIRFLOW_CTX_DAG_OWNER=***
AIRFLOW_CTX_DAG_ID=age_check
AIRFLOW_CTX_TASK_ID=age_check
AIRFLOW_CTX_EXECUTION_DATE=2022-10-19T00:00:00+00:00
AIRFLOW_CTX_TRY_NUMBER=1
AIRFLOW_CTX_DAG_RUN_ID=scheduled__2022-10-19T00:00:00+00:00
[2023-04-19T12:41:10.741+0000] {taskinstance.py:1768} ERROR - Task failed with exception
Traceback (most recent call last):
  File "/home/airflow/.local/lib/python3.7/site-packages/airflow/operators/python.py", line 175, in execute
    return_value = self.execute_callable()
  File "/home/airflow/.local/lib/python3.7/site-packages/airflow/operators/python.py", line 192, in execute_callable
    return self.python_callable(*self.op_args, **self.op_kwargs)
  File "/opt/airflow/dags/age.py", line 35, in age_check
    birth_year = int(Variable.get('birth_year'))
  File "/home/airflow/.local/lib/python3.7/site-packages/airflow/models/variable.py", line 141, in get
    raise KeyError(f"Variable {key} does not exist")
KeyError: 'Variable birth_year does not exist'
[2023-04-19T12:41:10.768+0000] {taskinstance.py:1323} INFO - Marking task as UP_FOR_RETRY. dag_id=age_check, task_id=age_check, execution_date=20221019T000000, start_date=20230419T124109, end_date=20230419T124110
[2023-04-19T12:41:10.809+0000] {standard_task_runner.py:105} ERROR - Failed to execute job 1051 for task age_check ('Variable birth_year does not exist'; 22599)
[2023-04-19T12:41:10.913+0000] {local_task_job.py:208} INFO - Task exited with return code 1
[2023-04-19T12:41:11.123+0000] {taskinstance.py:2578} INFO - 0 downstream tasks scheduled from follow-on schedule check
[2023-05-17T09:56:45.194+0000] {taskinstance.py:1083} INFO - Dependencies all met for <TaskInstance: age_check.age_check scheduled__2022-10-19T00:00:00+00:00 [queued]>
[2023-05-17T09:56:45.231+0000] {taskinstance.py:1083} INFO - Dependencies all met for <TaskInstance: age_check.age_check scheduled__2022-10-19T00:00:00+00:00 [queued]>
[2023-05-17T09:56:45.234+0000] {taskinstance.py:1279} INFO - 
--------------------------------------------------------------------------------
[2023-05-17T09:56:45.236+0000] {taskinstance.py:1280} INFO - Starting attempt 1 of 4
[2023-05-17T09:56:45.237+0000] {taskinstance.py:1281} INFO - 
--------------------------------------------------------------------------------
[2023-05-17T10:13:00.305+0000] {taskinstance.py:1300} INFO - Executing <Task(PythonOperator): age_check> on 2022-10-19 00:00:00+00:00
[2023-05-17T10:13:00.353+0000] {standard_task_runner.py:55} INFO - Started process 5258 to run task
[2023-05-17T10:13:00.386+0000] {standard_task_runner.py:82} INFO - Running: ['***', 'tasks', 'run', 'age_check', 'age_check', 'scheduled__2022-10-19T00:00:00+00:00', '--job-id', '606', '--raw', '--subdir', 'DAGS_FOLDER/age.py', '--cfg-path', '/tmp/tmpztaaolr1']
[2023-05-17T10:13:00.400+0000] {standard_task_runner.py:83} INFO - Job 606: Subtask age_check
[2023-05-17T10:13:01.770+0000] {task_command.py:388} INFO - Running <TaskInstance: age_check.age_check scheduled__2022-10-19T00:00:00+00:00 [running]> on host 242f95e3e8a8
[2023-05-17T10:13:03.145+0000] {taskinstance.py:1509} INFO - Exporting the following env vars:
AIRFLOW_CTX_DAG_OWNER=***
AIRFLOW_CTX_DAG_ID=age_check
AIRFLOW_CTX_TASK_ID=age_check
AIRFLOW_CTX_EXECUTION_DATE=2022-10-19T00:00:00+00:00
AIRFLOW_CTX_TRY_NUMBER=1
AIRFLOW_CTX_DAG_RUN_ID=scheduled__2022-10-19T00:00:00+00:00
[2023-05-17T10:13:03.295+0000] {taskinstance.py:1768} ERROR - Task failed with exception
Traceback (most recent call last):
  File "/home/airflow/.local/lib/python3.7/site-packages/airflow/operators/python.py", line 175, in execute
    return_value = self.execute_callable()
  File "/home/airflow/.local/lib/python3.7/site-packages/airflow/operators/python.py", line 192, in execute_callable
    return self.python_callable(*self.op_args, **self.op_kwargs)
  File "/opt/airflow/dags/age.py", line 35, in age_check
    birth_year = int(Variable.get('birth_year'))
  File "/home/airflow/.local/lib/python3.7/site-packages/airflow/models/variable.py", line 141, in get
    raise KeyError(f"Variable {key} does not exist")
KeyError: 'Variable birth_year does not exist'
[2023-05-17T10:13:03.389+0000] {taskinstance.py:1323} INFO - Marking task as UP_FOR_RETRY. dag_id=age_check, task_id=age_check, execution_date=20221019T000000, start_date=20230517T095645, end_date=20230517T101303
[2023-05-17T10:13:03.497+0000] {standard_task_runner.py:105} ERROR - Failed to execute job 606 for task age_check ('Variable birth_year does not exist'; 5258)
[2023-05-17T10:13:03.651+0000] {local_task_job.py:208} INFO - Task exited with return code 1
[2023-05-17T10:13:03.845+0000] {taskinstance.py:2578} INFO - 0 downstream tasks scheduled from follow-on schedule check
