[2023-04-19T12:47:30.817+0000] {taskinstance.py:1083} INFO - Dependencies all met for <TaskInstance: age_check.age_check scheduled__2023-01-18T00:00:00+00:00 [queued]>
[2023-04-19T12:47:30.833+0000] {taskinstance.py:1083} INFO - Dependencies all met for <TaskInstance: age_check.age_check scheduled__2023-01-18T00:00:00+00:00 [queued]>
[2023-04-19T12:47:30.835+0000] {taskinstance.py:1279} INFO - 
--------------------------------------------------------------------------------
[2023-04-19T12:47:30.836+0000] {taskinstance.py:1280} INFO - Starting attempt 4 of 4
[2023-04-19T12:47:30.837+0000] {taskinstance.py:1281} INFO - 
--------------------------------------------------------------------------------
[2023-04-19T12:47:30.863+0000] {taskinstance.py:1300} INFO - Executing <Task(PythonOperator): age_check> on 2023-01-18 00:00:00+00:00
[2023-04-19T12:47:30.883+0000] {standard_task_runner.py:55} INFO - Started process 24222 to run task
[2023-04-19T12:47:30.899+0000] {standard_task_runner.py:82} INFO - Running: ['***', 'tasks', 'run', 'age_check', 'age_check', 'scheduled__2023-01-18T00:00:00+00:00', '--job-id', '1709', '--raw', '--subdir', 'DAGS_FOLDER/age.py', '--cfg-path', '/tmp/tmpl5mwsoxh']
[2023-04-19T12:47:30.904+0000] {standard_task_runner.py:83} INFO - Job 1709: Subtask age_check
[2023-04-19T12:47:31.032+0000] {task_command.py:388} INFO - Running <TaskInstance: age_check.age_check scheduled__2023-01-18T00:00:00+00:00 [running]> on host fe34f61acbb3
[2023-04-19T12:47:31.139+0000] {taskinstance.py:1509} INFO - Exporting the following env vars:
AIRFLOW_CTX_DAG_OWNER=***
AIRFLOW_CTX_DAG_ID=age_check
AIRFLOW_CTX_TASK_ID=age_check
AIRFLOW_CTX_EXECUTION_DATE=2023-01-18T00:00:00+00:00
AIRFLOW_CTX_TRY_NUMBER=4
AIRFLOW_CTX_DAG_RUN_ID=scheduled__2023-01-18T00:00:00+00:00
[2023-04-19T12:47:31.159+0000] {taskinstance.py:1768} ERROR - Task failed with exception
Traceback (most recent call last):
  File "/home/airflow/.local/lib/python3.7/site-packages/airflow/operators/python.py", line 175, in execute
    return_value = self.execute_callable()
  File "/home/airflow/.local/lib/python3.7/site-packages/airflow/operators/python.py", line 192, in execute_callable
    return self.python_callable(*self.op_args, **self.op_kwargs)
  File "/opt/airflow/dags/age.py", line 35, in age_check
    birth_year = int(Variable.get('birth_year'))
  File "/home/airflow/.local/lib/python3.7/site-packages/airflow/models/variable.py", line 141, in get
    raise KeyError(f"Variable {key} does not exist")
KeyError: 'Variable birth_year does not exist'
[2023-04-19T12:47:31.190+0000] {taskinstance.py:1323} INFO - Marking task as FAILED. dag_id=age_check, task_id=age_check, execution_date=20230118T000000, start_date=20230419T124730, end_date=20230419T124731
[2023-04-19T12:47:31.206+0000] {standard_task_runner.py:105} ERROR - Failed to execute job 1709 for task age_check ('Variable birth_year does not exist'; 24222)
[2023-04-19T12:47:31.269+0000] {local_task_job.py:208} INFO - Task exited with return code 1
[2023-04-19T12:47:31.309+0000] {taskinstance.py:2578} INFO - 0 downstream tasks scheduled from follow-on schedule check
[2023-05-20T20:58:41.165+0000] {taskinstance.py:1083} INFO - Dependencies all met for <TaskInstance: age_check.age_check scheduled__2023-01-18T00:00:00+00:00 [queued]>
[2023-05-20T20:58:41.182+0000] {taskinstance.py:1083} INFO - Dependencies all met for <TaskInstance: age_check.age_check scheduled__2023-01-18T00:00:00+00:00 [queued]>
[2023-05-20T20:58:41.183+0000] {taskinstance.py:1279} INFO - 
--------------------------------------------------------------------------------
[2023-05-20T20:58:41.184+0000] {taskinstance.py:1280} INFO - Starting attempt 4 of 4
[2023-05-20T20:58:41.186+0000] {taskinstance.py:1281} INFO - 
--------------------------------------------------------------------------------
[2023-05-20T20:58:41.215+0000] {taskinstance.py:1300} INFO - Executing <Task(PythonOperator): age_check> on 2023-01-18 00:00:00+00:00
[2023-05-20T20:58:41.229+0000] {standard_task_runner.py:55} INFO - Started process 924 to run task
[2023-05-20T20:58:41.244+0000] {standard_task_runner.py:82} INFO - Running: ['***', 'tasks', 'run', 'age_check', 'age_check', 'scheduled__2023-01-18T00:00:00+00:00', '--job-id', '1262', '--raw', '--subdir', 'DAGS_FOLDER/age.py', '--cfg-path', '/tmp/tmp5pbw1r5x']
[2023-05-20T20:58:41.273+0000] {standard_task_runner.py:83} INFO - Job 1262: Subtask age_check
[2023-05-20T20:58:41.508+0000] {task_command.py:388} INFO - Running <TaskInstance: age_check.age_check scheduled__2023-01-18T00:00:00+00:00 [running]> on host 242f95e3e8a8
[2023-05-20T20:58:41.737+0000] {taskinstance.py:1509} INFO - Exporting the following env vars:
AIRFLOW_CTX_DAG_OWNER=***
AIRFLOW_CTX_DAG_ID=age_check
AIRFLOW_CTX_TASK_ID=age_check
AIRFLOW_CTX_EXECUTION_DATE=2023-01-18T00:00:00+00:00
AIRFLOW_CTX_TRY_NUMBER=4
AIRFLOW_CTX_DAG_RUN_ID=scheduled__2023-01-18T00:00:00+00:00
[2023-05-20T20:58:41.769+0000] {taskinstance.py:1768} ERROR - Task failed with exception
Traceback (most recent call last):
  File "/home/airflow/.local/lib/python3.7/site-packages/airflow/operators/python.py", line 175, in execute
    return_value = self.execute_callable()
  File "/home/airflow/.local/lib/python3.7/site-packages/airflow/operators/python.py", line 192, in execute_callable
    return self.python_callable(*self.op_args, **self.op_kwargs)
  File "/opt/airflow/dags/age.py", line 35, in age_check
    birth_year = int(Variable.get('birth_year'))
  File "/home/airflow/.local/lib/python3.7/site-packages/airflow/models/variable.py", line 141, in get
    raise KeyError(f"Variable {key} does not exist")
KeyError: 'Variable birth_year does not exist'
[2023-05-20T20:58:41.808+0000] {taskinstance.py:1323} INFO - Marking task as FAILED. dag_id=age_check, task_id=age_check, execution_date=20230118T000000, start_date=20230520T205841, end_date=20230520T205841
[2023-05-20T20:58:41.852+0000] {standard_task_runner.py:105} ERROR - Failed to execute job 1262 for task age_check ('Variable birth_year does not exist'; 924)
[2023-05-20T20:58:41.951+0000] {local_task_job.py:208} INFO - Task exited with return code 1
[2023-05-20T20:58:42.034+0000] {taskinstance.py:2578} INFO - 0 downstream tasks scheduled from follow-on schedule check
