[2023-10-26T17:53:58.155+0000] {taskinstance.py:1083} INFO - Dependencies all met for <TaskInstance: read_s3_file.read_s3_file scheduled__2023-10-25T16:20:36.384064+00:00 [queued]>
[2023-10-26T17:53:58.191+0000] {taskinstance.py:1083} INFO - Dependencies all met for <TaskInstance: read_s3_file.read_s3_file scheduled__2023-10-25T16:20:36.384064+00:00 [queued]>
[2023-10-26T17:53:58.193+0000] {taskinstance.py:1279} INFO - 
--------------------------------------------------------------------------------
[2023-10-26T17:53:58.194+0000] {taskinstance.py:1280} INFO - Starting attempt 4 of 4
[2023-10-26T17:53:58.196+0000] {taskinstance.py:1281} INFO - 
--------------------------------------------------------------------------------
[2023-10-26T17:53:58.243+0000] {taskinstance.py:1300} INFO - Executing <Task(PythonOperator): read_s3_file> on 2023-10-25 16:20:36.384064+00:00
[2023-10-26T17:53:58.260+0000] {standard_task_runner.py:55} INFO - Started process 115204 to run task
[2023-10-26T17:53:58.271+0000] {standard_task_runner.py:82} INFO - Running: ['***', 'tasks', 'run', 'read_s3_file', 'read_s3_file', 'scheduled__2023-10-25T16:20:36.384064+00:00', '--job-id', '5286', '--raw', '--subdir', 'DAGS_FOLDER/desmond.py', '--cfg-path', '/tmp/tmpemdtz4q8']
[2023-10-26T17:53:58.273+0000] {standard_task_runner.py:83} INFO - Job 5286: Subtask read_s3_file
[2023-10-26T17:53:58.406+0000] {task_command.py:388} INFO - Running <TaskInstance: read_s3_file.read_s3_file scheduled__2023-10-25T16:20:36.384064+00:00 [running]> on host 25f6b46723d1
[2023-10-26T17:53:58.531+0000] {taskinstance.py:1509} INFO - Exporting the following env vars:
AIRFLOW_CTX_DAG_OWNER=***
AIRFLOW_CTX_DAG_ID=read_s3_file
AIRFLOW_CTX_TASK_ID=read_s3_file
AIRFLOW_CTX_EXECUTION_DATE=2023-10-25T16:20:36.384064+00:00
AIRFLOW_CTX_TRY_NUMBER=4
AIRFLOW_CTX_DAG_RUN_ID=scheduled__2023-10-25T16:20:36.384064+00:00
[2023-10-26T17:53:58.535+0000] {taskinstance.py:1768} ERROR - Task failed with exception
Traceback (most recent call last):
  File "/home/airflow/.local/lib/python3.7/site-packages/airflow/operators/python.py", line 175, in execute
    return_value = self.execute_callable()
  File "/home/airflow/.local/lib/python3.7/site-packages/airflow/operators/python.py", line 192, in execute_callable
    return self.python_callable(*self.op_args, **self.op_kwargs)
TypeError: generic_s3_client() missing 2 required positional arguments: 'ACCESS_KEY' and 'SECRET_KEY'
[2023-10-26T17:53:58.558+0000] {taskinstance.py:1323} INFO - Marking task as FAILED. dag_id=read_s3_file, task_id=read_s3_file, execution_date=20231025T162036, start_date=20231026T175358, end_date=20231026T175358
[2023-10-26T17:53:58.572+0000] {standard_task_runner.py:105} ERROR - Failed to execute job 5286 for task read_s3_file (generic_s3_client() missing 2 required positional arguments: 'ACCESS_KEY' and 'SECRET_KEY'; 115204)
[2023-10-26T17:53:58.604+0000] {local_task_job.py:208} INFO - Task exited with return code 1
[2023-10-26T17:53:58.644+0000] {taskinstance.py:2578} INFO - 0 downstream tasks scheduled from follow-on schedule check
