[2023-04-19T12:43:53.927+0000] {taskinstance.py:1083} INFO - Dependencies all met for <TaskInstance: age_check.age_check scheduled__2022-11-18T00:00:00+00:00 [queued]>
[2023-04-19T12:43:53.935+0000] {taskinstance.py:1083} INFO - Dependencies all met for <TaskInstance: age_check.age_check scheduled__2022-11-18T00:00:00+00:00 [queued]>
[2023-04-19T12:43:53.936+0000] {taskinstance.py:1279} INFO - 
--------------------------------------------------------------------------------
[2023-04-19T12:43:53.937+0000] {taskinstance.py:1280} INFO - Starting attempt 4 of 4
[2023-04-19T12:43:53.938+0000] {taskinstance.py:1281} INFO - 
--------------------------------------------------------------------------------
[2023-04-19T12:43:53.949+0000] {taskinstance.py:1300} INFO - Executing <Task(PythonOperator): age_check> on 2022-11-18 00:00:00+00:00
[2023-04-19T12:43:53.956+0000] {standard_task_runner.py:55} INFO - Started process 23292 to run task
[2023-04-19T12:43:53.959+0000] {standard_task_runner.py:82} INFO - Running: ['***', 'tasks', 'run', 'age_check', 'age_check', 'scheduled__2022-11-18T00:00:00+00:00', '--job-id', '1331', '--raw', '--subdir', 'DAGS_FOLDER/age.py', '--cfg-path', '/tmp/tmpq3v054pn']
[2023-04-19T12:43:53.960+0000] {standard_task_runner.py:83} INFO - Job 1331: Subtask age_check
[2023-04-19T12:43:54.012+0000] {task_command.py:388} INFO - Running <TaskInstance: age_check.age_check scheduled__2022-11-18T00:00:00+00:00 [running]> on host fe34f61acbb3
[2023-04-19T12:43:54.057+0000] {taskinstance.py:1509} INFO - Exporting the following env vars:
AIRFLOW_CTX_DAG_OWNER=***
AIRFLOW_CTX_DAG_ID=age_check
AIRFLOW_CTX_TASK_ID=age_check
AIRFLOW_CTX_EXECUTION_DATE=2022-11-18T00:00:00+00:00
AIRFLOW_CTX_TRY_NUMBER=4
AIRFLOW_CTX_DAG_RUN_ID=scheduled__2022-11-18T00:00:00+00:00
[2023-04-19T12:43:54.063+0000] {taskinstance.py:1768} ERROR - Task failed with exception
Traceback (most recent call last):
  File "/home/airflow/.local/lib/python3.7/site-packages/airflow/operators/python.py", line 175, in execute
    return_value = self.execute_callable()
  File "/home/airflow/.local/lib/python3.7/site-packages/airflow/operators/python.py", line 192, in execute_callable
    return self.python_callable(*self.op_args, **self.op_kwargs)
  File "/opt/airflow/dags/age.py", line 35, in age_check
    birth_year = int(Variable.get('birth_year'))
  File "/home/airflow/.local/lib/python3.7/site-packages/airflow/models/variable.py", line 141, in get
    raise KeyError(f"Variable {key} does not exist")
KeyError: 'Variable birth_year does not exist'
[2023-04-19T12:43:54.101+0000] {taskinstance.py:1323} INFO - Marking task as FAILED. dag_id=age_check, task_id=age_check, execution_date=20221118T000000, start_date=20230419T124353, end_date=20230419T124354
[2023-04-19T12:43:54.111+0000] {standard_task_runner.py:105} ERROR - Failed to execute job 1331 for task age_check ('Variable birth_year does not exist'; 23292)
[2023-04-19T12:43:54.131+0000] {local_task_job.py:208} INFO - Task exited with return code 1
[2023-04-19T12:43:54.150+0000] {taskinstance.py:2578} INFO - 0 downstream tasks scheduled from follow-on schedule check
[2023-05-17T11:01:16.097+0000] {taskinstance.py:1083} INFO - Dependencies all met for <TaskInstance: age_check.age_check scheduled__2022-11-18T00:00:00+00:00 [queued]>
[2023-05-17T11:01:16.125+0000] {taskinstance.py:1083} INFO - Dependencies all met for <TaskInstance: age_check.age_check scheduled__2022-11-18T00:00:00+00:00 [queued]>
[2023-05-17T11:01:16.127+0000] {taskinstance.py:1279} INFO - 
--------------------------------------------------------------------------------
[2023-05-17T11:01:16.129+0000] {taskinstance.py:1280} INFO - Starting attempt 4 of 4
[2023-05-17T11:01:16.131+0000] {taskinstance.py:1281} INFO - 
--------------------------------------------------------------------------------
[2023-05-17T11:01:16.216+0000] {taskinstance.py:1300} INFO - Executing <Task(PythonOperator): age_check> on 2022-11-18 00:00:00+00:00
[2023-05-17T11:01:16.230+0000] {standard_task_runner.py:55} INFO - Started process 5971 to run task
[2023-05-17T11:01:16.242+0000] {standard_task_runner.py:82} INFO - Running: ['***', 'tasks', 'run', 'age_check', 'age_check', 'scheduled__2022-11-18T00:00:00+00:00', '--job-id', '895', '--raw', '--subdir', 'DAGS_FOLDER/age.py', '--cfg-path', '/tmp/tmpqosmni3i']
[2023-05-17T11:01:16.247+0000] {standard_task_runner.py:83} INFO - Job 895: Subtask age_check
[2023-05-17T11:01:16.652+0000] {task_command.py:388} INFO - Running <TaskInstance: age_check.age_check scheduled__2022-11-18T00:00:00+00:00 [running]> on host 242f95e3e8a8
[2023-05-17T11:01:17.246+0000] {taskinstance.py:1509} INFO - Exporting the following env vars:
AIRFLOW_CTX_DAG_OWNER=***
AIRFLOW_CTX_DAG_ID=age_check
AIRFLOW_CTX_TASK_ID=age_check
AIRFLOW_CTX_EXECUTION_DATE=2022-11-18T00:00:00+00:00
AIRFLOW_CTX_TRY_NUMBER=4
AIRFLOW_CTX_DAG_RUN_ID=scheduled__2022-11-18T00:00:00+00:00
[2023-05-17T11:01:17.296+0000] {taskinstance.py:1768} ERROR - Task failed with exception
Traceback (most recent call last):
  File "/home/airflow/.local/lib/python3.7/site-packages/airflow/operators/python.py", line 175, in execute
    return_value = self.execute_callable()
  File "/home/airflow/.local/lib/python3.7/site-packages/airflow/operators/python.py", line 192, in execute_callable
    return self.python_callable(*self.op_args, **self.op_kwargs)
  File "/opt/airflow/dags/age.py", line 35, in age_check
    birth_year = int(Variable.get('birth_year'))
  File "/home/airflow/.local/lib/python3.7/site-packages/airflow/models/variable.py", line 141, in get
    raise KeyError(f"Variable {key} does not exist")
KeyError: 'Variable birth_year does not exist'
[2023-05-17T11:01:17.335+0000] {taskinstance.py:1323} INFO - Marking task as FAILED. dag_id=age_check, task_id=age_check, execution_date=20221118T000000, start_date=20230517T110116, end_date=20230517T110117
[2023-05-17T11:01:17.374+0000] {standard_task_runner.py:105} ERROR - Failed to execute job 895 for task age_check ('Variable birth_year does not exist'; 5971)
[2023-05-17T11:01:17.509+0000] {local_task_job.py:208} INFO - Task exited with return code 1
[2023-05-17T11:01:17.696+0000] {taskinstance.py:2578} INFO - 0 downstream tasks scheduled from follow-on schedule check
