[2023-04-19T12:35:50.381+0000] {taskinstance.py:1083} INFO - Dependencies all met for <TaskInstance: age_check.age_check scheduled__2022-08-01T00:00:00+00:00 [queued]>
[2023-04-19T12:35:50.527+0000] {taskinstance.py:1083} INFO - Dependencies all met for <TaskInstance: age_check.age_check scheduled__2022-08-01T00:00:00+00:00 [queued]>
[2023-04-19T12:35:50.539+0000] {taskinstance.py:1279} INFO - 
--------------------------------------------------------------------------------
[2023-04-19T12:35:50.541+0000] {taskinstance.py:1280} INFO - Starting attempt 1 of 4
[2023-04-19T12:35:50.543+0000] {taskinstance.py:1281} INFO - 
--------------------------------------------------------------------------------
[2023-04-19T12:35:50.626+0000] {taskinstance.py:1300} INFO - Executing <Task(PythonOperator): age_check> on 2022-08-01 00:00:00+00:00
[2023-04-19T12:35:50.657+0000] {standard_task_runner.py:55} INFO - Started process 21205 to run task
[2023-04-19T12:35:50.792+0000] {standard_task_runner.py:82} INFO - Running: ['***', 'tasks', 'run', 'age_check', 'age_check', 'scheduled__2022-08-01T00:00:00+00:00', '--job-id', '487', '--raw', '--subdir', 'DAGS_FOLDER/age.py', '--cfg-path', '/tmp/tmpud5kh45i']
[2023-04-19T12:35:50.805+0000] {standard_task_runner.py:83} INFO - Job 487: Subtask age_check
[2023-04-19T12:35:51.080+0000] {task_command.py:388} INFO - Running <TaskInstance: age_check.age_check scheduled__2022-08-01T00:00:00+00:00 [running]> on host fe34f61acbb3
[2023-04-19T12:35:51.503+0000] {taskinstance.py:1509} INFO - Exporting the following env vars:
AIRFLOW_CTX_DAG_OWNER=***
AIRFLOW_CTX_DAG_ID=age_check
AIRFLOW_CTX_TASK_ID=age_check
AIRFLOW_CTX_EXECUTION_DATE=2022-08-01T00:00:00+00:00
AIRFLOW_CTX_TRY_NUMBER=1
AIRFLOW_CTX_DAG_RUN_ID=scheduled__2022-08-01T00:00:00+00:00
[2023-04-19T12:35:51.577+0000] {taskinstance.py:1768} ERROR - Task failed with exception
Traceback (most recent call last):
  File "/home/airflow/.local/lib/python3.7/site-packages/airflow/operators/python.py", line 175, in execute
    return_value = self.execute_callable()
  File "/home/airflow/.local/lib/python3.7/site-packages/airflow/operators/python.py", line 192, in execute_callable
    return self.python_callable(*self.op_args, **self.op_kwargs)
  File "/opt/airflow/dags/age.py", line 35, in age_check
    birth_year = int(Variable.get('birth_year'))
  File "/home/airflow/.local/lib/python3.7/site-packages/airflow/models/variable.py", line 141, in get
    raise KeyError(f"Variable {key} does not exist")
KeyError: 'Variable birth_year does not exist'
[2023-04-19T12:35:51.607+0000] {taskinstance.py:1323} INFO - Marking task as UP_FOR_RETRY. dag_id=age_check, task_id=age_check, execution_date=20220801T000000, start_date=20230419T123550, end_date=20230419T123551
[2023-04-19T12:35:51.737+0000] {standard_task_runner.py:105} ERROR - Failed to execute job 487 for task age_check ('Variable birth_year does not exist'; 21205)
[2023-04-19T12:35:51.875+0000] {local_task_job.py:208} INFO - Task exited with return code 1
[2023-04-19T12:35:52.034+0000] {taskinstance.py:2578} INFO - 0 downstream tasks scheduled from follow-on schedule check
[2023-05-17T09:51:40.187+0000] {taskinstance.py:1083} INFO - Dependencies all met for <TaskInstance: age_check.age_check scheduled__2022-08-01T00:00:00+00:00 [queued]>
[2023-05-17T09:51:40.233+0000] {taskinstance.py:1083} INFO - Dependencies all met for <TaskInstance: age_check.age_check scheduled__2022-08-01T00:00:00+00:00 [queued]>
[2023-05-17T09:51:40.237+0000] {taskinstance.py:1279} INFO - 
--------------------------------------------------------------------------------
[2023-05-17T09:51:40.267+0000] {taskinstance.py:1280} INFO - Starting attempt 1 of 4
[2023-05-17T09:51:40.271+0000] {taskinstance.py:1281} INFO - 
--------------------------------------------------------------------------------
[2023-05-17T09:51:40.365+0000] {taskinstance.py:1300} INFO - Executing <Task(PythonOperator): age_check> on 2022-08-01 00:00:00+00:00
[2023-05-17T09:51:40.387+0000] {standard_task_runner.py:55} INFO - Started process 3894 to run task
[2023-05-17T09:51:40.416+0000] {standard_task_runner.py:82} INFO - Running: ['***', 'tasks', 'run', 'age_check', 'age_check', 'scheduled__2022-08-01T00:00:00+00:00', '--job-id', '55', '--raw', '--subdir', 'DAGS_FOLDER/age.py', '--cfg-path', '/tmp/tmppzv0fgq3']
[2023-05-17T09:51:40.425+0000] {standard_task_runner.py:83} INFO - Job 55: Subtask age_check
[2023-05-17T09:51:40.844+0000] {task_command.py:388} INFO - Running <TaskInstance: age_check.age_check scheduled__2022-08-01T00:00:00+00:00 [running]> on host 242f95e3e8a8
[2023-05-17T09:51:41.088+0000] {taskinstance.py:1509} INFO - Exporting the following env vars:
AIRFLOW_CTX_DAG_OWNER=***
AIRFLOW_CTX_DAG_ID=age_check
AIRFLOW_CTX_TASK_ID=age_check
AIRFLOW_CTX_EXECUTION_DATE=2022-08-01T00:00:00+00:00
AIRFLOW_CTX_TRY_NUMBER=1
AIRFLOW_CTX_DAG_RUN_ID=scheduled__2022-08-01T00:00:00+00:00
[2023-05-17T09:51:41.188+0000] {taskinstance.py:1768} ERROR - Task failed with exception
Traceback (most recent call last):
  File "/home/airflow/.local/lib/python3.7/site-packages/airflow/operators/python.py", line 175, in execute
    return_value = self.execute_callable()
  File "/home/airflow/.local/lib/python3.7/site-packages/airflow/operators/python.py", line 192, in execute_callable
    return self.python_callable(*self.op_args, **self.op_kwargs)
  File "/opt/airflow/dags/age.py", line 35, in age_check
    birth_year = int(Variable.get('birth_year'))
  File "/home/airflow/.local/lib/python3.7/site-packages/airflow/models/variable.py", line 141, in get
    raise KeyError(f"Variable {key} does not exist")
KeyError: 'Variable birth_year does not exist'
[2023-05-17T09:51:41.226+0000] {taskinstance.py:1323} INFO - Marking task as UP_FOR_RETRY. dag_id=age_check, task_id=age_check, execution_date=20220801T000000, start_date=20230517T095140, end_date=20230517T095141
[2023-05-17T09:51:41.360+0000] {standard_task_runner.py:105} ERROR - Failed to execute job 55 for task age_check ('Variable birth_year does not exist'; 3894)
[2023-05-17T09:51:41.538+0000] {local_task_job.py:208} INFO - Task exited with return code 1
[2023-05-17T09:51:41.794+0000] {taskinstance.py:2578} INFO - 0 downstream tasks scheduled from follow-on schedule check
