[2023-04-19T12:46:54.517+0000] {taskinstance.py:1083} INFO - Dependencies all met for <TaskInstance: age_check.age_check scheduled__2023-01-10T00:00:00+00:00 [queued]>
[2023-04-19T12:46:54.568+0000] {taskinstance.py:1083} INFO - Dependencies all met for <TaskInstance: age_check.age_check scheduled__2023-01-10T00:00:00+00:00 [queued]>
[2023-04-19T12:46:54.570+0000] {taskinstance.py:1279} INFO - 
--------------------------------------------------------------------------------
[2023-04-19T12:46:54.571+0000] {taskinstance.py:1280} INFO - Starting attempt 3 of 4
[2023-04-19T12:46:54.572+0000] {taskinstance.py:1281} INFO - 
--------------------------------------------------------------------------------
[2023-04-19T12:46:54.662+0000] {taskinstance.py:1300} INFO - Executing <Task(PythonOperator): age_check> on 2023-01-10 00:00:00+00:00
[2023-04-19T12:46:54.678+0000] {standard_task_runner.py:55} INFO - Started process 24062 to run task
[2023-04-19T12:46:54.703+0000] {standard_task_runner.py:82} INFO - Running: ['***', 'tasks', 'run', 'age_check', 'age_check', 'scheduled__2023-01-10T00:00:00+00:00', '--job-id', '1647', '--raw', '--subdir', 'DAGS_FOLDER/age.py', '--cfg-path', '/tmp/tmpp82llm8_']
[2023-04-19T12:46:54.706+0000] {standard_task_runner.py:83} INFO - Job 1647: Subtask age_check
[2023-04-19T12:46:54.968+0000] {task_command.py:388} INFO - Running <TaskInstance: age_check.age_check scheduled__2023-01-10T00:00:00+00:00 [running]> on host fe34f61acbb3
[2023-04-19T12:46:55.099+0000] {taskinstance.py:1509} INFO - Exporting the following env vars:
AIRFLOW_CTX_DAG_OWNER=***
AIRFLOW_CTX_DAG_ID=age_check
AIRFLOW_CTX_TASK_ID=age_check
AIRFLOW_CTX_EXECUTION_DATE=2023-01-10T00:00:00+00:00
AIRFLOW_CTX_TRY_NUMBER=3
AIRFLOW_CTX_DAG_RUN_ID=scheduled__2023-01-10T00:00:00+00:00
[2023-04-19T12:46:55.109+0000] {taskinstance.py:1768} ERROR - Task failed with exception
Traceback (most recent call last):
  File "/home/airflow/.local/lib/python3.7/site-packages/airflow/operators/python.py", line 175, in execute
    return_value = self.execute_callable()
  File "/home/airflow/.local/lib/python3.7/site-packages/airflow/operators/python.py", line 192, in execute_callable
    return self.python_callable(*self.op_args, **self.op_kwargs)
  File "/opt/airflow/dags/age.py", line 35, in age_check
    birth_year = int(Variable.get('birth_year'))
  File "/home/airflow/.local/lib/python3.7/site-packages/airflow/models/variable.py", line 141, in get
    raise KeyError(f"Variable {key} does not exist")
KeyError: 'Variable birth_year does not exist'
[2023-04-19T12:46:55.147+0000] {taskinstance.py:1323} INFO - Marking task as UP_FOR_RETRY. dag_id=age_check, task_id=age_check, execution_date=20230110T000000, start_date=20230419T124654, end_date=20230419T124655
[2023-04-19T12:46:55.167+0000] {standard_task_runner.py:105} ERROR - Failed to execute job 1647 for task age_check ('Variable birth_year does not exist'; 24062)
[2023-04-19T12:46:55.197+0000] {local_task_job.py:208} INFO - Task exited with return code 1
[2023-04-19T12:46:55.223+0000] {taskinstance.py:2578} INFO - 0 downstream tasks scheduled from follow-on schedule check
[2023-05-20T20:58:25.349+0000] {taskinstance.py:1083} INFO - Dependencies all met for <TaskInstance: age_check.age_check scheduled__2023-01-10T00:00:00+00:00 [queued]>
[2023-05-20T20:58:25.362+0000] {taskinstance.py:1083} INFO - Dependencies all met for <TaskInstance: age_check.age_check scheduled__2023-01-10T00:00:00+00:00 [queued]>
[2023-05-20T20:58:25.364+0000] {taskinstance.py:1279} INFO - 
--------------------------------------------------------------------------------
[2023-05-20T20:58:25.365+0000] {taskinstance.py:1280} INFO - Starting attempt 3 of 4
[2023-05-20T20:58:25.366+0000] {taskinstance.py:1281} INFO - 
--------------------------------------------------------------------------------
[2023-05-20T20:58:25.381+0000] {taskinstance.py:1300} INFO - Executing <Task(PythonOperator): age_check> on 2023-01-10 00:00:00+00:00
[2023-05-20T20:58:25.387+0000] {standard_task_runner.py:55} INFO - Started process 857 to run task
[2023-05-20T20:58:25.394+0000] {standard_task_runner.py:82} INFO - Running: ['***', 'tasks', 'run', 'age_check', 'age_check', 'scheduled__2023-01-10T00:00:00+00:00', '--job-id', '1233', '--raw', '--subdir', 'DAGS_FOLDER/age.py', '--cfg-path', '/tmp/tmp68qkg42c']
[2023-05-20T20:58:25.398+0000] {standard_task_runner.py:83} INFO - Job 1233: Subtask age_check
[2023-05-20T20:58:25.562+0000] {task_command.py:388} INFO - Running <TaskInstance: age_check.age_check scheduled__2023-01-10T00:00:00+00:00 [running]> on host 242f95e3e8a8
[2023-05-20T20:58:25.672+0000] {taskinstance.py:1509} INFO - Exporting the following env vars:
AIRFLOW_CTX_DAG_OWNER=***
AIRFLOW_CTX_DAG_ID=age_check
AIRFLOW_CTX_TASK_ID=age_check
AIRFLOW_CTX_EXECUTION_DATE=2023-01-10T00:00:00+00:00
AIRFLOW_CTX_TRY_NUMBER=3
AIRFLOW_CTX_DAG_RUN_ID=scheduled__2023-01-10T00:00:00+00:00
[2023-05-20T20:58:25.689+0000] {taskinstance.py:1768} ERROR - Task failed with exception
Traceback (most recent call last):
  File "/home/airflow/.local/lib/python3.7/site-packages/airflow/operators/python.py", line 175, in execute
    return_value = self.execute_callable()
  File "/home/airflow/.local/lib/python3.7/site-packages/airflow/operators/python.py", line 192, in execute_callable
    return self.python_callable(*self.op_args, **self.op_kwargs)
  File "/opt/airflow/dags/age.py", line 35, in age_check
    birth_year = int(Variable.get('birth_year'))
  File "/home/airflow/.local/lib/python3.7/site-packages/airflow/models/variable.py", line 141, in get
    raise KeyError(f"Variable {key} does not exist")
KeyError: 'Variable birth_year does not exist'
[2023-05-20T20:58:25.703+0000] {taskinstance.py:1323} INFO - Marking task as UP_FOR_RETRY. dag_id=age_check, task_id=age_check, execution_date=20230110T000000, start_date=20230520T205825, end_date=20230520T205825
[2023-05-20T20:58:25.717+0000] {standard_task_runner.py:105} ERROR - Failed to execute job 1233 for task age_check ('Variable birth_year does not exist'; 857)
[2023-05-20T20:58:25.769+0000] {local_task_job.py:208} INFO - Task exited with return code 1
[2023-05-20T20:58:25.796+0000] {taskinstance.py:2578} INFO - 0 downstream tasks scheduled from follow-on schedule check
