[2023-04-19T12:42:29.923+0000] {taskinstance.py:1083} INFO - Dependencies all met for <TaskInstance: age_check.age_check scheduled__2022-11-09T00:00:00+00:00 [queued]>
[2023-04-19T12:42:29.931+0000] {taskinstance.py:1083} INFO - Dependencies all met for <TaskInstance: age_check.age_check scheduled__2022-11-09T00:00:00+00:00 [queued]>
[2023-04-19T12:42:29.933+0000] {taskinstance.py:1279} INFO - 
--------------------------------------------------------------------------------
[2023-04-19T12:42:29.934+0000] {taskinstance.py:1280} INFO - Starting attempt 2 of 4
[2023-04-19T12:42:29.935+0000] {taskinstance.py:1281} INFO - 
--------------------------------------------------------------------------------
[2023-04-19T12:42:29.945+0000] {taskinstance.py:1300} INFO - Executing <Task(PythonOperator): age_check> on 2022-11-09 00:00:00+00:00
[2023-04-19T12:42:29.953+0000] {standard_task_runner.py:55} INFO - Started process 22924 to run task
[2023-04-19T12:42:29.956+0000] {standard_task_runner.py:82} INFO - Running: ['***', 'tasks', 'run', 'age_check', 'age_check', 'scheduled__2022-11-09T00:00:00+00:00', '--job-id', '1186', '--raw', '--subdir', 'DAGS_FOLDER/age.py', '--cfg-path', '/tmp/tmp0qrg53_4']
[2023-04-19T12:42:29.957+0000] {standard_task_runner.py:83} INFO - Job 1186: Subtask age_check
[2023-04-19T12:42:30.014+0000] {task_command.py:388} INFO - Running <TaskInstance: age_check.age_check scheduled__2022-11-09T00:00:00+00:00 [running]> on host fe34f61acbb3
[2023-04-19T12:42:30.075+0000] {taskinstance.py:1509} INFO - Exporting the following env vars:
AIRFLOW_CTX_DAG_OWNER=***
AIRFLOW_CTX_DAG_ID=age_check
AIRFLOW_CTX_TASK_ID=age_check
AIRFLOW_CTX_EXECUTION_DATE=2022-11-09T00:00:00+00:00
AIRFLOW_CTX_TRY_NUMBER=2
AIRFLOW_CTX_DAG_RUN_ID=scheduled__2022-11-09T00:00:00+00:00
[2023-04-19T12:42:30.082+0000] {taskinstance.py:1768} ERROR - Task failed with exception
Traceback (most recent call last):
  File "/home/airflow/.local/lib/python3.7/site-packages/airflow/operators/python.py", line 175, in execute
    return_value = self.execute_callable()
  File "/home/airflow/.local/lib/python3.7/site-packages/airflow/operators/python.py", line 192, in execute_callable
    return self.python_callable(*self.op_args, **self.op_kwargs)
  File "/opt/airflow/dags/age.py", line 35, in age_check
    birth_year = int(Variable.get('birth_year'))
  File "/home/airflow/.local/lib/python3.7/site-packages/airflow/models/variable.py", line 141, in get
    raise KeyError(f"Variable {key} does not exist")
KeyError: 'Variable birth_year does not exist'
[2023-04-19T12:42:30.107+0000] {taskinstance.py:1323} INFO - Marking task as UP_FOR_RETRY. dag_id=age_check, task_id=age_check, execution_date=20221109T000000, start_date=20230419T124229, end_date=20230419T124230
[2023-04-19T12:42:30.116+0000] {standard_task_runner.py:105} ERROR - Failed to execute job 1186 for task age_check ('Variable birth_year does not exist'; 22924)
[2023-04-19T12:42:30.168+0000] {local_task_job.py:208} INFO - Task exited with return code 1
[2023-04-19T12:42:30.191+0000] {taskinstance.py:2578} INFO - 0 downstream tasks scheduled from follow-on schedule check
[2023-05-17T10:14:24.457+0000] {taskinstance.py:1083} INFO - Dependencies all met for <TaskInstance: age_check.age_check scheduled__2022-11-09T00:00:00+00:00 [queued]>
[2023-05-17T10:14:24.465+0000] {taskinstance.py:1083} INFO - Dependencies all met for <TaskInstance: age_check.age_check scheduled__2022-11-09T00:00:00+00:00 [queued]>
[2023-05-17T10:14:24.466+0000] {taskinstance.py:1279} INFO - 
--------------------------------------------------------------------------------
[2023-05-17T10:14:24.467+0000] {taskinstance.py:1280} INFO - Starting attempt 2 of 4
[2023-05-17T10:14:24.468+0000] {taskinstance.py:1281} INFO - 
--------------------------------------------------------------------------------
[2023-05-17T10:14:24.479+0000] {taskinstance.py:1300} INFO - Executing <Task(PythonOperator): age_check> on 2022-11-09 00:00:00+00:00
[2023-05-17T10:14:24.484+0000] {standard_task_runner.py:55} INFO - Started process 5608 to run task
[2023-05-17T10:14:24.487+0000] {standard_task_runner.py:82} INFO - Running: ['***', 'tasks', 'run', 'age_check', 'age_check', 'scheduled__2022-11-09T00:00:00+00:00', '--job-id', '749', '--raw', '--subdir', 'DAGS_FOLDER/age.py', '--cfg-path', '/tmp/tmpcd3wl4v6']
[2023-05-17T10:14:24.489+0000] {standard_task_runner.py:83} INFO - Job 749: Subtask age_check
[2023-05-17T10:14:24.550+0000] {task_command.py:388} INFO - Running <TaskInstance: age_check.age_check scheduled__2022-11-09T00:00:00+00:00 [running]> on host 242f95e3e8a8
[2023-05-17T10:14:24.612+0000] {taskinstance.py:1509} INFO - Exporting the following env vars:
AIRFLOW_CTX_DAG_OWNER=***
AIRFLOW_CTX_DAG_ID=age_check
AIRFLOW_CTX_TASK_ID=age_check
AIRFLOW_CTX_EXECUTION_DATE=2022-11-09T00:00:00+00:00
AIRFLOW_CTX_TRY_NUMBER=2
AIRFLOW_CTX_DAG_RUN_ID=scheduled__2022-11-09T00:00:00+00:00
[2023-05-17T10:14:24.621+0000] {taskinstance.py:1768} ERROR - Task failed with exception
Traceback (most recent call last):
  File "/home/airflow/.local/lib/python3.7/site-packages/airflow/operators/python.py", line 175, in execute
    return_value = self.execute_callable()
  File "/home/airflow/.local/lib/python3.7/site-packages/airflow/operators/python.py", line 192, in execute_callable
    return self.python_callable(*self.op_args, **self.op_kwargs)
  File "/opt/airflow/dags/age.py", line 35, in age_check
    birth_year = int(Variable.get('birth_year'))
  File "/home/airflow/.local/lib/python3.7/site-packages/airflow/models/variable.py", line 141, in get
    raise KeyError(f"Variable {key} does not exist")
KeyError: 'Variable birth_year does not exist'
[2023-05-17T10:14:24.631+0000] {taskinstance.py:1323} INFO - Marking task as UP_FOR_RETRY. dag_id=age_check, task_id=age_check, execution_date=20221109T000000, start_date=20230517T101424, end_date=20230517T101424
[2023-05-17T10:14:24.640+0000] {standard_task_runner.py:105} ERROR - Failed to execute job 749 for task age_check ('Variable birth_year does not exist'; 5608)
[2023-05-17T10:14:24.660+0000] {local_task_job.py:208} INFO - Task exited with return code 1
[2023-05-17T10:14:24.680+0000] {taskinstance.py:2578} INFO - 0 downstream tasks scheduled from follow-on schedule check
