[2023-04-19T12:51:24.301+0000] {taskinstance.py:1083} INFO - Dependencies all met for <TaskInstance: age_check.age_check scheduled__2023-03-22T00:00:00+00:00 [queued]>
[2023-04-19T12:51:24.313+0000] {taskinstance.py:1083} INFO - Dependencies all met for <TaskInstance: age_check.age_check scheduled__2023-03-22T00:00:00+00:00 [queued]>
[2023-04-19T12:51:24.315+0000] {taskinstance.py:1279} INFO - 
--------------------------------------------------------------------------------
[2023-04-19T12:51:24.315+0000] {taskinstance.py:1280} INFO - Starting attempt 2 of 4
[2023-04-19T12:51:24.317+0000] {taskinstance.py:1281} INFO - 
--------------------------------------------------------------------------------
[2023-04-19T12:51:24.333+0000] {taskinstance.py:1300} INFO - Executing <Task(PythonOperator): age_check> on 2023-03-22 00:00:00+00:00
[2023-04-19T12:51:24.340+0000] {standard_task_runner.py:55} INFO - Started process 25313 to run task
[2023-04-19T12:51:24.344+0000] {standard_task_runner.py:82} INFO - Running: ['***', 'tasks', 'run', 'age_check', 'age_check', 'scheduled__2023-03-22T00:00:00+00:00', '--job-id', '2168', '--raw', '--subdir', 'DAGS_FOLDER/age.py', '--cfg-path', '/tmp/tmp8089vbnh']
[2023-04-19T12:51:24.346+0000] {standard_task_runner.py:83} INFO - Job 2168: Subtask age_check
[2023-04-19T12:51:24.424+0000] {task_command.py:388} INFO - Running <TaskInstance: age_check.age_check scheduled__2023-03-22T00:00:00+00:00 [running]> on host fe34f61acbb3
[2023-04-19T12:51:24.492+0000] {taskinstance.py:1509} INFO - Exporting the following env vars:
AIRFLOW_CTX_DAG_OWNER=***
AIRFLOW_CTX_DAG_ID=age_check
AIRFLOW_CTX_TASK_ID=age_check
AIRFLOW_CTX_EXECUTION_DATE=2023-03-22T00:00:00+00:00
AIRFLOW_CTX_TRY_NUMBER=2
AIRFLOW_CTX_DAG_RUN_ID=scheduled__2023-03-22T00:00:00+00:00
[2023-04-19T12:51:24.503+0000] {taskinstance.py:1768} ERROR - Task failed with exception
Traceback (most recent call last):
  File "/home/airflow/.local/lib/python3.7/site-packages/airflow/operators/python.py", line 175, in execute
    return_value = self.execute_callable()
  File "/home/airflow/.local/lib/python3.7/site-packages/airflow/operators/python.py", line 192, in execute_callable
    return self.python_callable(*self.op_args, **self.op_kwargs)
  File "/opt/airflow/dags/age.py", line 35, in age_check
    birth_year = int(Variable.get('birth_year'))
  File "/home/airflow/.local/lib/python3.7/site-packages/airflow/models/variable.py", line 141, in get
    raise KeyError(f"Variable {key} does not exist")
KeyError: 'Variable birth_year does not exist'
[2023-04-19T12:51:24.517+0000] {taskinstance.py:1323} INFO - Marking task as UP_FOR_RETRY. dag_id=age_check, task_id=age_check, execution_date=20230322T000000, start_date=20230419T125124, end_date=20230419T125124
[2023-04-19T12:51:24.526+0000] {standard_task_runner.py:105} ERROR - Failed to execute job 2168 for task age_check ('Variable birth_year does not exist'; 25313)
[2023-04-19T12:51:24.559+0000] {local_task_job.py:208} INFO - Task exited with return code 1
[2023-04-19T12:51:24.582+0000] {taskinstance.py:2578} INFO - 0 downstream tasks scheduled from follow-on schedule check
[2023-05-20T21:49:08.963+0000] {taskinstance.py:1083} INFO - Dependencies all met for <TaskInstance: age_check.age_check scheduled__2023-03-22T00:00:00+00:00 [queued]>
[2023-05-20T21:49:08.993+0000] {taskinstance.py:1083} INFO - Dependencies all met for <TaskInstance: age_check.age_check scheduled__2023-03-22T00:00:00+00:00 [queued]>
[2023-05-20T21:49:08.997+0000] {taskinstance.py:1279} INFO - 
--------------------------------------------------------------------------------
[2023-05-20T21:49:09.000+0000] {taskinstance.py:1280} INFO - Starting attempt 2 of 4
[2023-05-20T21:49:09.003+0000] {taskinstance.py:1281} INFO - 
--------------------------------------------------------------------------------
[2023-05-20T21:49:09.058+0000] {taskinstance.py:1300} INFO - Executing <Task(PythonOperator): age_check> on 2023-03-22 00:00:00+00:00
[2023-05-20T21:49:09.066+0000] {standard_task_runner.py:55} INFO - Started process 1953 to run task
[2023-05-20T21:49:09.082+0000] {standard_task_runner.py:82} INFO - Running: ['***', 'tasks', 'run', 'age_check', 'age_check', 'scheduled__2023-03-22T00:00:00+00:00', '--job-id', '1681', '--raw', '--subdir', 'DAGS_FOLDER/age.py', '--cfg-path', '/tmp/tmpivo8anwf']
[2023-05-20T21:49:09.091+0000] {standard_task_runner.py:83} INFO - Job 1681: Subtask age_check
[2023-05-20T21:49:09.214+0000] {task_command.py:388} INFO - Running <TaskInstance: age_check.age_check scheduled__2023-03-22T00:00:00+00:00 [running]> on host 242f95e3e8a8
[2023-05-20T21:49:09.322+0000] {taskinstance.py:1509} INFO - Exporting the following env vars:
AIRFLOW_CTX_DAG_OWNER=***
AIRFLOW_CTX_DAG_ID=age_check
AIRFLOW_CTX_TASK_ID=age_check
AIRFLOW_CTX_EXECUTION_DATE=2023-03-22T00:00:00+00:00
AIRFLOW_CTX_TRY_NUMBER=2
AIRFLOW_CTX_DAG_RUN_ID=scheduled__2023-03-22T00:00:00+00:00
[2023-05-20T21:49:09.367+0000] {taskinstance.py:1768} ERROR - Task failed with exception
Traceback (most recent call last):
  File "/home/airflow/.local/lib/python3.7/site-packages/airflow/operators/python.py", line 175, in execute
    return_value = self.execute_callable()
  File "/home/airflow/.local/lib/python3.7/site-packages/airflow/operators/python.py", line 192, in execute_callable
    return self.python_callable(*self.op_args, **self.op_kwargs)
  File "/opt/airflow/dags/age.py", line 35, in age_check
    birth_year = int(Variable.get('birth_year'))
  File "/home/airflow/.local/lib/python3.7/site-packages/airflow/models/variable.py", line 141, in get
    raise KeyError(f"Variable {key} does not exist")
KeyError: 'Variable birth_year does not exist'
[2023-05-20T21:49:09.393+0000] {taskinstance.py:1323} INFO - Marking task as UP_FOR_RETRY. dag_id=age_check, task_id=age_check, execution_date=20230322T000000, start_date=20230520T214908, end_date=20230520T214909
[2023-05-20T21:49:09.411+0000] {standard_task_runner.py:105} ERROR - Failed to execute job 1681 for task age_check ('Variable birth_year does not exist'; 1953)
[2023-05-20T21:49:09.464+0000] {local_task_job.py:208} INFO - Task exited with return code 1
[2023-05-20T21:49:09.522+0000] {taskinstance.py:2578} INFO - 0 downstream tasks scheduled from follow-on schedule check
