[2023-04-19T12:51:54.915+0000] {taskinstance.py:1083} INFO - Dependencies all met for <TaskInstance: age_check.age_check scheduled__2023-03-22T00:00:00+00:00 [queued]>
[2023-04-19T12:51:54.989+0000] {taskinstance.py:1083} INFO - Dependencies all met for <TaskInstance: age_check.age_check scheduled__2023-03-22T00:00:00+00:00 [queued]>
[2023-04-19T12:51:54.994+0000] {taskinstance.py:1279} INFO - 
--------------------------------------------------------------------------------
[2023-04-19T12:51:55.000+0000] {taskinstance.py:1280} INFO - Starting attempt 4 of 4
[2023-04-19T12:51:55.007+0000] {taskinstance.py:1281} INFO - 
--------------------------------------------------------------------------------
[2023-04-19T12:51:55.056+0000] {taskinstance.py:1300} INFO - Executing <Task(PythonOperator): age_check> on 2023-03-22 00:00:00+00:00
[2023-04-19T12:51:55.076+0000] {standard_task_runner.py:55} INFO - Started process 25476 to run task
[2023-04-19T12:51:55.087+0000] {standard_task_runner.py:82} INFO - Running: ['***', 'tasks', 'run', 'age_check', 'age_check', 'scheduled__2023-03-22T00:00:00+00:00', '--job-id', '2238', '--raw', '--subdir', 'DAGS_FOLDER/age.py', '--cfg-path', '/tmp/tmpb_io91wb']
[2023-04-19T12:51:55.088+0000] {standard_task_runner.py:83} INFO - Job 2238: Subtask age_check
[2023-04-19T12:51:55.262+0000] {task_command.py:388} INFO - Running <TaskInstance: age_check.age_check scheduled__2023-03-22T00:00:00+00:00 [running]> on host fe34f61acbb3
[2023-04-19T12:51:55.626+0000] {taskinstance.py:1509} INFO - Exporting the following env vars:
AIRFLOW_CTX_DAG_OWNER=***
AIRFLOW_CTX_DAG_ID=age_check
AIRFLOW_CTX_TASK_ID=age_check
AIRFLOW_CTX_EXECUTION_DATE=2023-03-22T00:00:00+00:00
AIRFLOW_CTX_TRY_NUMBER=4
AIRFLOW_CTX_DAG_RUN_ID=scheduled__2023-03-22T00:00:00+00:00
[2023-04-19T12:51:55.690+0000] {taskinstance.py:1768} ERROR - Task failed with exception
Traceback (most recent call last):
  File "/home/airflow/.local/lib/python3.7/site-packages/airflow/operators/python.py", line 175, in execute
    return_value = self.execute_callable()
  File "/home/airflow/.local/lib/python3.7/site-packages/airflow/operators/python.py", line 192, in execute_callable
    return self.python_callable(*self.op_args, **self.op_kwargs)
  File "/opt/airflow/dags/age.py", line 35, in age_check
    birth_year = int(Variable.get('birth_year'))
  File "/home/airflow/.local/lib/python3.7/site-packages/airflow/models/variable.py", line 141, in get
    raise KeyError(f"Variable {key} does not exist")
KeyError: 'Variable birth_year does not exist'
[2023-04-19T12:51:55.744+0000] {taskinstance.py:1323} INFO - Marking task as FAILED. dag_id=age_check, task_id=age_check, execution_date=20230322T000000, start_date=20230419T125154, end_date=20230419T125155
[2023-04-19T12:51:55.830+0000] {standard_task_runner.py:105} ERROR - Failed to execute job 2238 for task age_check ('Variable birth_year does not exist'; 25476)
[2023-04-19T12:51:55.985+0000] {local_task_job.py:208} INFO - Task exited with return code 1
[2023-04-19T12:51:56.291+0000] {taskinstance.py:2578} INFO - 0 downstream tasks scheduled from follow-on schedule check
[2023-05-20T21:49:31.256+0000] {taskinstance.py:1083} INFO - Dependencies all met for <TaskInstance: age_check.age_check scheduled__2023-03-22T00:00:00+00:00 [queued]>
[2023-05-20T21:49:31.273+0000] {taskinstance.py:1083} INFO - Dependencies all met for <TaskInstance: age_check.age_check scheduled__2023-03-22T00:00:00+00:00 [queued]>
[2023-05-20T21:49:31.277+0000] {taskinstance.py:1279} INFO - 
--------------------------------------------------------------------------------
[2023-05-20T21:49:31.280+0000] {taskinstance.py:1280} INFO - Starting attempt 4 of 4
[2023-05-20T21:49:31.281+0000] {taskinstance.py:1281} INFO - 
--------------------------------------------------------------------------------
[2023-05-20T21:49:31.302+0000] {taskinstance.py:1300} INFO - Executing <Task(PythonOperator): age_check> on 2023-03-22 00:00:00+00:00
[2023-05-20T21:49:31.308+0000] {standard_task_runner.py:55} INFO - Started process 2018 to run task
[2023-05-20T21:49:31.312+0000] {standard_task_runner.py:82} INFO - Running: ['***', 'tasks', 'run', 'age_check', 'age_check', 'scheduled__2023-03-22T00:00:00+00:00', '--job-id', '1705', '--raw', '--subdir', 'DAGS_FOLDER/age.py', '--cfg-path', '/tmp/tmpwcnx0_91']
[2023-05-20T21:49:31.314+0000] {standard_task_runner.py:83} INFO - Job 1705: Subtask age_check
[2023-05-20T21:49:31.432+0000] {task_command.py:388} INFO - Running <TaskInstance: age_check.age_check scheduled__2023-03-22T00:00:00+00:00 [running]> on host 242f95e3e8a8
[2023-05-20T21:49:31.533+0000] {taskinstance.py:1509} INFO - Exporting the following env vars:
AIRFLOW_CTX_DAG_OWNER=***
AIRFLOW_CTX_DAG_ID=age_check
AIRFLOW_CTX_TASK_ID=age_check
AIRFLOW_CTX_EXECUTION_DATE=2023-03-22T00:00:00+00:00
AIRFLOW_CTX_TRY_NUMBER=4
AIRFLOW_CTX_DAG_RUN_ID=scheduled__2023-03-22T00:00:00+00:00
[2023-05-20T21:49:31.556+0000] {taskinstance.py:1768} ERROR - Task failed with exception
Traceback (most recent call last):
  File "/home/airflow/.local/lib/python3.7/site-packages/airflow/operators/python.py", line 175, in execute
    return_value = self.execute_callable()
  File "/home/airflow/.local/lib/python3.7/site-packages/airflow/operators/python.py", line 192, in execute_callable
    return self.python_callable(*self.op_args, **self.op_kwargs)
  File "/opt/airflow/dags/age.py", line 35, in age_check
    birth_year = int(Variable.get('birth_year'))
  File "/home/airflow/.local/lib/python3.7/site-packages/airflow/models/variable.py", line 141, in get
    raise KeyError(f"Variable {key} does not exist")
KeyError: 'Variable birth_year does not exist'
[2023-05-20T21:49:31.570+0000] {taskinstance.py:1323} INFO - Marking task as FAILED. dag_id=age_check, task_id=age_check, execution_date=20230322T000000, start_date=20230520T214931, end_date=20230520T214931
[2023-05-20T21:49:31.587+0000] {standard_task_runner.py:105} ERROR - Failed to execute job 1705 for task age_check ('Variable birth_year does not exist'; 2018)
[2023-05-20T21:49:31.612+0000] {local_task_job.py:208} INFO - Task exited with return code 1
[2023-05-20T21:49:31.635+0000] {taskinstance.py:2578} INFO - 0 downstream tasks scheduled from follow-on schedule check
