[2023-04-19T12:45:00.614+0000] {taskinstance.py:1083} INFO - Dependencies all met for <TaskInstance: age_check.age_check scheduled__2022-12-09T00:00:00+00:00 [queued]>
[2023-04-19T12:45:00.633+0000] {taskinstance.py:1083} INFO - Dependencies all met for <TaskInstance: age_check.age_check scheduled__2022-12-09T00:00:00+00:00 [queued]>
[2023-04-19T12:45:00.635+0000] {taskinstance.py:1279} INFO - 
--------------------------------------------------------------------------------
[2023-04-19T12:45:00.636+0000] {taskinstance.py:1280} INFO - Starting attempt 4 of 4
[2023-04-19T12:45:00.637+0000] {taskinstance.py:1281} INFO - 
--------------------------------------------------------------------------------
[2023-04-19T12:45:00.651+0000] {taskinstance.py:1300} INFO - Executing <Task(PythonOperator): age_check> on 2022-12-09 00:00:00+00:00
[2023-04-19T12:45:00.658+0000] {standard_task_runner.py:55} INFO - Started process 23575 to run task
[2023-04-19T12:45:00.663+0000] {standard_task_runner.py:82} INFO - Running: ['***', 'tasks', 'run', 'age_check', 'age_check', 'scheduled__2022-12-09T00:00:00+00:00', '--job-id', '1447', '--raw', '--subdir', 'DAGS_FOLDER/age.py', '--cfg-path', '/tmp/tmpisg93wum']
[2023-04-19T12:45:00.665+0000] {standard_task_runner.py:83} INFO - Job 1447: Subtask age_check
[2023-04-19T12:45:00.755+0000] {task_command.py:388} INFO - Running <TaskInstance: age_check.age_check scheduled__2022-12-09T00:00:00+00:00 [running]> on host fe34f61acbb3
[2023-04-19T12:45:00.811+0000] {taskinstance.py:1509} INFO - Exporting the following env vars:
AIRFLOW_CTX_DAG_OWNER=***
AIRFLOW_CTX_DAG_ID=age_check
AIRFLOW_CTX_TASK_ID=age_check
AIRFLOW_CTX_EXECUTION_DATE=2022-12-09T00:00:00+00:00
AIRFLOW_CTX_TRY_NUMBER=4
AIRFLOW_CTX_DAG_RUN_ID=scheduled__2022-12-09T00:00:00+00:00
[2023-04-19T12:45:00.821+0000] {taskinstance.py:1768} ERROR - Task failed with exception
Traceback (most recent call last):
  File "/home/airflow/.local/lib/python3.7/site-packages/airflow/operators/python.py", line 175, in execute
    return_value = self.execute_callable()
  File "/home/airflow/.local/lib/python3.7/site-packages/airflow/operators/python.py", line 192, in execute_callable
    return self.python_callable(*self.op_args, **self.op_kwargs)
  File "/opt/airflow/dags/age.py", line 35, in age_check
    birth_year = int(Variable.get('birth_year'))
  File "/home/airflow/.local/lib/python3.7/site-packages/airflow/models/variable.py", line 141, in get
    raise KeyError(f"Variable {key} does not exist")
KeyError: 'Variable birth_year does not exist'
[2023-04-19T12:45:00.859+0000] {taskinstance.py:1323} INFO - Marking task as FAILED. dag_id=age_check, task_id=age_check, execution_date=20221209T000000, start_date=20230419T124500, end_date=20230419T124500
[2023-04-19T12:45:00.871+0000] {standard_task_runner.py:105} ERROR - Failed to execute job 1447 for task age_check ('Variable birth_year does not exist'; 23575)
[2023-04-19T12:45:00.917+0000] {local_task_job.py:208} INFO - Task exited with return code 1
[2023-04-19T12:45:00.940+0000] {taskinstance.py:2578} INFO - 0 downstream tasks scheduled from follow-on schedule check
[2023-05-20T20:56:33.885+0000] {taskinstance.py:1083} INFO - Dependencies all met for <TaskInstance: age_check.age_check scheduled__2022-12-09T00:00:00+00:00 [queued]>
[2023-05-20T20:56:33.908+0000] {taskinstance.py:1083} INFO - Dependencies all met for <TaskInstance: age_check.age_check scheduled__2022-12-09T00:00:00+00:00 [queued]>
[2023-05-20T20:56:33.909+0000] {taskinstance.py:1279} INFO - 
--------------------------------------------------------------------------------
[2023-05-20T20:56:33.914+0000] {taskinstance.py:1280} INFO - Starting attempt 4 of 4
[2023-05-20T20:56:33.916+0000] {taskinstance.py:1281} INFO - 
--------------------------------------------------------------------------------
[2023-05-20T20:56:33.962+0000] {taskinstance.py:1300} INFO - Executing <Task(PythonOperator): age_check> on 2022-12-09 00:00:00+00:00
[2023-05-20T20:56:33.967+0000] {standard_task_runner.py:55} INFO - Started process 335 to run task
[2023-05-20T20:56:33.975+0000] {standard_task_runner.py:82} INFO - Running: ['***', 'tasks', 'run', 'age_check', 'age_check', 'scheduled__2022-12-09T00:00:00+00:00', '--job-id', '1020', '--raw', '--subdir', 'DAGS_FOLDER/age.py', '--cfg-path', '/tmp/tmp9274dmiu']
[2023-05-20T20:56:33.978+0000] {standard_task_runner.py:83} INFO - Job 1020: Subtask age_check
[2023-05-20T20:56:34.107+0000] {task_command.py:388} INFO - Running <TaskInstance: age_check.age_check scheduled__2022-12-09T00:00:00+00:00 [running]> on host 242f95e3e8a8
[2023-05-20T20:56:34.222+0000] {taskinstance.py:1509} INFO - Exporting the following env vars:
AIRFLOW_CTX_DAG_OWNER=***
AIRFLOW_CTX_DAG_ID=age_check
AIRFLOW_CTX_TASK_ID=age_check
AIRFLOW_CTX_EXECUTION_DATE=2022-12-09T00:00:00+00:00
AIRFLOW_CTX_TRY_NUMBER=4
AIRFLOW_CTX_DAG_RUN_ID=scheduled__2022-12-09T00:00:00+00:00
[2023-05-20T20:56:34.256+0000] {taskinstance.py:1768} ERROR - Task failed with exception
Traceback (most recent call last):
  File "/home/airflow/.local/lib/python3.7/site-packages/airflow/operators/python.py", line 175, in execute
    return_value = self.execute_callable()
  File "/home/airflow/.local/lib/python3.7/site-packages/airflow/operators/python.py", line 192, in execute_callable
    return self.python_callable(*self.op_args, **self.op_kwargs)
  File "/opt/airflow/dags/age.py", line 35, in age_check
    birth_year = int(Variable.get('birth_year'))
  File "/home/airflow/.local/lib/python3.7/site-packages/airflow/models/variable.py", line 141, in get
    raise KeyError(f"Variable {key} does not exist")
KeyError: 'Variable birth_year does not exist'
[2023-05-20T20:56:34.276+0000] {taskinstance.py:1323} INFO - Marking task as FAILED. dag_id=age_check, task_id=age_check, execution_date=20221209T000000, start_date=20230520T205633, end_date=20230520T205634
[2023-05-20T20:56:34.291+0000] {standard_task_runner.py:105} ERROR - Failed to execute job 1020 for task age_check ('Variable birth_year does not exist'; 335)
[2023-05-20T20:56:34.319+0000] {local_task_job.py:208} INFO - Task exited with return code 1
[2023-05-20T20:56:34.584+0000] {taskinstance.py:2578} INFO - 0 downstream tasks scheduled from follow-on schedule check
