[2023-04-19T12:44:38.032+0000] {taskinstance.py:1083} INFO - Dependencies all met for <TaskInstance: age_check.age_check scheduled__2022-12-09T00:00:00+00:00 [queued]>
[2023-04-19T12:44:38.043+0000] {taskinstance.py:1083} INFO - Dependencies all met for <TaskInstance: age_check.age_check scheduled__2022-12-09T00:00:00+00:00 [queued]>
[2023-04-19T12:44:38.045+0000] {taskinstance.py:1279} INFO - 
--------------------------------------------------------------------------------
[2023-04-19T12:44:38.046+0000] {taskinstance.py:1280} INFO - Starting attempt 2 of 4
[2023-04-19T12:44:38.047+0000] {taskinstance.py:1281} INFO - 
--------------------------------------------------------------------------------
[2023-04-19T12:44:38.061+0000] {taskinstance.py:1300} INFO - Executing <Task(PythonOperator): age_check> on 2022-12-09 00:00:00+00:00
[2023-04-19T12:44:38.067+0000] {standard_task_runner.py:55} INFO - Started process 23486 to run task
[2023-04-19T12:44:38.071+0000] {standard_task_runner.py:82} INFO - Running: ['***', 'tasks', 'run', 'age_check', 'age_check', 'scheduled__2022-12-09T00:00:00+00:00', '--job-id', '1413', '--raw', '--subdir', 'DAGS_FOLDER/age.py', '--cfg-path', '/tmp/tmpystw8358']
[2023-04-19T12:44:38.072+0000] {standard_task_runner.py:83} INFO - Job 1413: Subtask age_check
[2023-04-19T12:44:38.124+0000] {task_command.py:388} INFO - Running <TaskInstance: age_check.age_check scheduled__2022-12-09T00:00:00+00:00 [running]> on host fe34f61acbb3
[2023-04-19T12:44:38.176+0000] {taskinstance.py:1509} INFO - Exporting the following env vars:
AIRFLOW_CTX_DAG_OWNER=***
AIRFLOW_CTX_DAG_ID=age_check
AIRFLOW_CTX_TASK_ID=age_check
AIRFLOW_CTX_EXECUTION_DATE=2022-12-09T00:00:00+00:00
AIRFLOW_CTX_TRY_NUMBER=2
AIRFLOW_CTX_DAG_RUN_ID=scheduled__2022-12-09T00:00:00+00:00
[2023-04-19T12:44:38.186+0000] {taskinstance.py:1768} ERROR - Task failed with exception
Traceback (most recent call last):
  File "/home/airflow/.local/lib/python3.7/site-packages/airflow/operators/python.py", line 175, in execute
    return_value = self.execute_callable()
  File "/home/airflow/.local/lib/python3.7/site-packages/airflow/operators/python.py", line 192, in execute_callable
    return self.python_callable(*self.op_args, **self.op_kwargs)
  File "/opt/airflow/dags/age.py", line 35, in age_check
    birth_year = int(Variable.get('birth_year'))
  File "/home/airflow/.local/lib/python3.7/site-packages/airflow/models/variable.py", line 141, in get
    raise KeyError(f"Variable {key} does not exist")
KeyError: 'Variable birth_year does not exist'
[2023-04-19T12:44:38.197+0000] {taskinstance.py:1323} INFO - Marking task as UP_FOR_RETRY. dag_id=age_check, task_id=age_check, execution_date=20221209T000000, start_date=20230419T124438, end_date=20230419T124438
[2023-04-19T12:44:38.207+0000] {standard_task_runner.py:105} ERROR - Failed to execute job 1413 for task age_check ('Variable birth_year does not exist'; 23486)
[2023-04-19T12:44:38.242+0000] {local_task_job.py:208} INFO - Task exited with return code 1
[2023-04-19T12:44:38.259+0000] {taskinstance.py:2578} INFO - 0 downstream tasks scheduled from follow-on schedule check
[2023-05-20T20:56:10.413+0000] {taskinstance.py:1083} INFO - Dependencies all met for <TaskInstance: age_check.age_check scheduled__2022-12-09T00:00:00+00:00 [queued]>
[2023-05-20T20:56:10.427+0000] {taskinstance.py:1083} INFO - Dependencies all met for <TaskInstance: age_check.age_check scheduled__2022-12-09T00:00:00+00:00 [queued]>
[2023-05-20T20:56:10.432+0000] {taskinstance.py:1279} INFO - 
--------------------------------------------------------------------------------
[2023-05-20T20:56:10.433+0000] {taskinstance.py:1280} INFO - Starting attempt 2 of 4
[2023-05-20T20:56:10.435+0000] {taskinstance.py:1281} INFO - 
--------------------------------------------------------------------------------
[2023-05-20T20:56:10.466+0000] {taskinstance.py:1300} INFO - Executing <Task(PythonOperator): age_check> on 2022-12-09 00:00:00+00:00
[2023-05-20T20:56:10.471+0000] {standard_task_runner.py:55} INFO - Started process 230 to run task
[2023-05-20T20:56:10.475+0000] {standard_task_runner.py:82} INFO - Running: ['***', 'tasks', 'run', 'age_check', 'age_check', 'scheduled__2022-12-09T00:00:00+00:00', '--job-id', '981', '--raw', '--subdir', 'DAGS_FOLDER/age.py', '--cfg-path', '/tmp/tmpr9hl5f8n']
[2023-05-20T20:56:10.482+0000] {standard_task_runner.py:83} INFO - Job 981: Subtask age_check
[2023-05-20T20:56:10.606+0000] {task_command.py:388} INFO - Running <TaskInstance: age_check.age_check scheduled__2022-12-09T00:00:00+00:00 [running]> on host 242f95e3e8a8
[2023-05-20T20:56:10.818+0000] {taskinstance.py:1509} INFO - Exporting the following env vars:
AIRFLOW_CTX_DAG_OWNER=***
AIRFLOW_CTX_DAG_ID=age_check
AIRFLOW_CTX_TASK_ID=age_check
AIRFLOW_CTX_EXECUTION_DATE=2022-12-09T00:00:00+00:00
AIRFLOW_CTX_TRY_NUMBER=2
AIRFLOW_CTX_DAG_RUN_ID=scheduled__2022-12-09T00:00:00+00:00
[2023-05-20T20:56:10.835+0000] {taskinstance.py:1768} ERROR - Task failed with exception
Traceback (most recent call last):
  File "/home/airflow/.local/lib/python3.7/site-packages/airflow/operators/python.py", line 175, in execute
    return_value = self.execute_callable()
  File "/home/airflow/.local/lib/python3.7/site-packages/airflow/operators/python.py", line 192, in execute_callable
    return self.python_callable(*self.op_args, **self.op_kwargs)
  File "/opt/airflow/dags/age.py", line 35, in age_check
    birth_year = int(Variable.get('birth_year'))
  File "/home/airflow/.local/lib/python3.7/site-packages/airflow/models/variable.py", line 141, in get
    raise KeyError(f"Variable {key} does not exist")
KeyError: 'Variable birth_year does not exist'
[2023-05-20T20:56:10.858+0000] {taskinstance.py:1323} INFO - Marking task as UP_FOR_RETRY. dag_id=age_check, task_id=age_check, execution_date=20221209T000000, start_date=20230520T205610, end_date=20230520T205610
[2023-05-20T20:56:10.874+0000] {standard_task_runner.py:105} ERROR - Failed to execute job 981 for task age_check ('Variable birth_year does not exist'; 230)
[2023-05-20T20:56:10.925+0000] {local_task_job.py:208} INFO - Task exited with return code 1
[2023-05-20T20:56:11.052+0000] {taskinstance.py:2578} INFO - 0 downstream tasks scheduled from follow-on schedule check
