[2023-04-19T12:49:36.628+0000] {taskinstance.py:1083} INFO - Dependencies all met for <TaskInstance: age_check.age_check scheduled__2023-02-22T00:00:00+00:00 [queued]>
[2023-04-19T12:49:36.638+0000] {taskinstance.py:1083} INFO - Dependencies all met for <TaskInstance: age_check.age_check scheduled__2023-02-22T00:00:00+00:00 [queued]>
[2023-04-19T12:49:36.639+0000] {taskinstance.py:1279} INFO - 
--------------------------------------------------------------------------------
[2023-04-19T12:49:36.640+0000] {taskinstance.py:1280} INFO - Starting attempt 3 of 4
[2023-04-19T12:49:36.641+0000] {taskinstance.py:1281} INFO - 
--------------------------------------------------------------------------------
[2023-04-19T12:49:36.656+0000] {taskinstance.py:1300} INFO - Executing <Task(PythonOperator): age_check> on 2023-02-22 00:00:00+00:00
[2023-04-19T12:49:36.663+0000] {standard_task_runner.py:55} INFO - Started process 24777 to run task
[2023-04-19T12:49:36.667+0000] {standard_task_runner.py:82} INFO - Running: ['***', 'tasks', 'run', 'age_check', 'age_check', 'scheduled__2023-02-22T00:00:00+00:00', '--job-id', '1937', '--raw', '--subdir', 'DAGS_FOLDER/age.py', '--cfg-path', '/tmp/tmpfqoh3d9z']
[2023-04-19T12:49:36.669+0000] {standard_task_runner.py:83} INFO - Job 1937: Subtask age_check
[2023-04-19T12:49:36.732+0000] {task_command.py:388} INFO - Running <TaskInstance: age_check.age_check scheduled__2023-02-22T00:00:00+00:00 [running]> on host fe34f61acbb3
[2023-04-19T12:49:36.794+0000] {taskinstance.py:1509} INFO - Exporting the following env vars:
AIRFLOW_CTX_DAG_OWNER=***
AIRFLOW_CTX_DAG_ID=age_check
AIRFLOW_CTX_TASK_ID=age_check
AIRFLOW_CTX_EXECUTION_DATE=2023-02-22T00:00:00+00:00
AIRFLOW_CTX_TRY_NUMBER=3
AIRFLOW_CTX_DAG_RUN_ID=scheduled__2023-02-22T00:00:00+00:00
[2023-04-19T12:49:36.804+0000] {taskinstance.py:1768} ERROR - Task failed with exception
Traceback (most recent call last):
  File "/home/airflow/.local/lib/python3.7/site-packages/airflow/operators/python.py", line 175, in execute
    return_value = self.execute_callable()
  File "/home/airflow/.local/lib/python3.7/site-packages/airflow/operators/python.py", line 192, in execute_callable
    return self.python_callable(*self.op_args, **self.op_kwargs)
  File "/opt/airflow/dags/age.py", line 35, in age_check
    birth_year = int(Variable.get('birth_year'))
  File "/home/airflow/.local/lib/python3.7/site-packages/airflow/models/variable.py", line 141, in get
    raise KeyError(f"Variable {key} does not exist")
KeyError: 'Variable birth_year does not exist'
[2023-04-19T12:49:36.817+0000] {taskinstance.py:1323} INFO - Marking task as UP_FOR_RETRY. dag_id=age_check, task_id=age_check, execution_date=20230222T000000, start_date=20230419T124936, end_date=20230419T124936
[2023-04-19T12:49:36.825+0000] {standard_task_runner.py:105} ERROR - Failed to execute job 1937 for task age_check ('Variable birth_year does not exist'; 24777)
[2023-04-19T12:49:36.839+0000] {local_task_job.py:208} INFO - Task exited with return code 1
[2023-04-19T12:49:36.861+0000] {taskinstance.py:2578} INFO - 0 downstream tasks scheduled from follow-on schedule check
[2023-05-20T21:00:18.898+0000] {taskinstance.py:1083} INFO - Dependencies all met for <TaskInstance: age_check.age_check scheduled__2023-02-22T00:00:00+00:00 [queued]>
[2023-05-20T21:00:18.911+0000] {taskinstance.py:1083} INFO - Dependencies all met for <TaskInstance: age_check.age_check scheduled__2023-02-22T00:00:00+00:00 [queued]>
[2023-05-20T21:00:18.923+0000] {taskinstance.py:1279} INFO - 
--------------------------------------------------------------------------------
[2023-05-20T21:00:18.929+0000] {taskinstance.py:1280} INFO - Starting attempt 3 of 4
[2023-05-20T21:00:18.931+0000] {taskinstance.py:1281} INFO - 
--------------------------------------------------------------------------------
[2023-05-20T21:00:18.961+0000] {taskinstance.py:1300} INFO - Executing <Task(PythonOperator): age_check> on 2023-02-22 00:00:00+00:00
[2023-05-20T21:00:18.966+0000] {standard_task_runner.py:55} INFO - Started process 1438 to run task
[2023-05-20T21:00:18.975+0000] {standard_task_runner.py:82} INFO - Running: ['***', 'tasks', 'run', 'age_check', 'age_check', 'scheduled__2023-02-22T00:00:00+00:00', '--job-id', '1472', '--raw', '--subdir', 'DAGS_FOLDER/age.py', '--cfg-path', '/tmp/tmp0gc7y9gh']
[2023-05-20T21:00:18.982+0000] {standard_task_runner.py:83} INFO - Job 1472: Subtask age_check
[2023-05-20T21:00:19.114+0000] {task_command.py:388} INFO - Running <TaskInstance: age_check.age_check scheduled__2023-02-22T00:00:00+00:00 [running]> on host 242f95e3e8a8
[2023-05-20T21:00:19.206+0000] {taskinstance.py:1509} INFO - Exporting the following env vars:
AIRFLOW_CTX_DAG_OWNER=***
AIRFLOW_CTX_DAG_ID=age_check
AIRFLOW_CTX_TASK_ID=age_check
AIRFLOW_CTX_EXECUTION_DATE=2023-02-22T00:00:00+00:00
AIRFLOW_CTX_TRY_NUMBER=3
AIRFLOW_CTX_DAG_RUN_ID=scheduled__2023-02-22T00:00:00+00:00
[2023-05-20T21:00:19.224+0000] {taskinstance.py:1768} ERROR - Task failed with exception
Traceback (most recent call last):
  File "/home/airflow/.local/lib/python3.7/site-packages/airflow/operators/python.py", line 175, in execute
    return_value = self.execute_callable()
  File "/home/airflow/.local/lib/python3.7/site-packages/airflow/operators/python.py", line 192, in execute_callable
    return self.python_callable(*self.op_args, **self.op_kwargs)
  File "/opt/airflow/dags/age.py", line 35, in age_check
    birth_year = int(Variable.get('birth_year'))
  File "/home/airflow/.local/lib/python3.7/site-packages/airflow/models/variable.py", line 141, in get
    raise KeyError(f"Variable {key} does not exist")
KeyError: 'Variable birth_year does not exist'
[2023-05-20T21:00:19.249+0000] {taskinstance.py:1323} INFO - Marking task as UP_FOR_RETRY. dag_id=age_check, task_id=age_check, execution_date=20230222T000000, start_date=20230520T210018, end_date=20230520T210019
[2023-05-20T21:00:19.262+0000] {standard_task_runner.py:105} ERROR - Failed to execute job 1472 for task age_check ('Variable birth_year does not exist'; 1438)
[2023-05-20T21:00:19.313+0000] {local_task_job.py:208} INFO - Task exited with return code 1
[2023-05-20T21:00:19.346+0000] {taskinstance.py:2578} INFO - 0 downstream tasks scheduled from follow-on schedule check
