[2023-08-14T15:09:56.159+0000] {taskinstance.py:1083} INFO - Dependencies all met for <TaskInstance: age_check.age_check scheduled__2023-08-08T00:00:00+00:00 [queued]>
[2023-08-14T15:09:56.177+0000] {taskinstance.py:1083} INFO - Dependencies all met for <TaskInstance: age_check.age_check scheduled__2023-08-08T00:00:00+00:00 [queued]>
[2023-08-14T15:09:56.178+0000] {taskinstance.py:1279} INFO - 
--------------------------------------------------------------------------------
[2023-08-14T15:09:56.183+0000] {taskinstance.py:1280} INFO - Starting attempt 4 of 4
[2023-08-14T15:09:56.184+0000] {taskinstance.py:1281} INFO - 
--------------------------------------------------------------------------------
[2023-08-14T15:09:56.204+0000] {taskinstance.py:1300} INFO - Executing <Task(PythonOperator): age_check> on 2023-08-08 00:00:00+00:00
[2023-08-14T15:09:56.212+0000] {standard_task_runner.py:55} INFO - Started process 329 to run task
[2023-08-14T15:09:56.219+0000] {standard_task_runner.py:82} INFO - Running: ['***', 'tasks', 'run', 'age_check', 'age_check', 'scheduled__2023-08-08T00:00:00+00:00', '--job-id', '4070', '--raw', '--subdir', 'DAGS_FOLDER/age.py', '--cfg-path', '/tmp/tmpp0akj2zi']
[2023-08-14T15:09:56.221+0000] {standard_task_runner.py:83} INFO - Job 4070: Subtask age_check
[2023-08-14T15:09:56.436+0000] {task_command.py:388} INFO - Running <TaskInstance: age_check.age_check scheduled__2023-08-08T00:00:00+00:00 [running]> on host 25f6b46723d1
[2023-08-14T15:09:56.629+0000] {taskinstance.py:1509} INFO - Exporting the following env vars:
AIRFLOW_CTX_DAG_OWNER=***
AIRFLOW_CTX_DAG_ID=age_check
AIRFLOW_CTX_TASK_ID=age_check
AIRFLOW_CTX_EXECUTION_DATE=2023-08-08T00:00:00+00:00
AIRFLOW_CTX_TRY_NUMBER=4
AIRFLOW_CTX_DAG_RUN_ID=scheduled__2023-08-08T00:00:00+00:00
[2023-08-14T15:09:56.656+0000] {taskinstance.py:1768} ERROR - Task failed with exception
Traceback (most recent call last):
  File "/home/airflow/.local/lib/python3.7/site-packages/airflow/operators/python.py", line 175, in execute
    return_value = self.execute_callable()
  File "/home/airflow/.local/lib/python3.7/site-packages/airflow/operators/python.py", line 192, in execute_callable
    return self.python_callable(*self.op_args, **self.op_kwargs)
  File "/opt/airflow/dags/age.py", line 35, in age_check
    birth_year = int(Variable.get('birth_year'))
  File "/home/airflow/.local/lib/python3.7/site-packages/airflow/models/variable.py", line 141, in get
    raise KeyError(f"Variable {key} does not exist")
KeyError: 'Variable birth_year does not exist'
[2023-08-14T15:09:56.668+0000] {taskinstance.py:1323} INFO - Marking task as FAILED. dag_id=age_check, task_id=age_check, execution_date=20230808T000000, start_date=20230814T150956, end_date=20230814T150956
[2023-08-14T15:09:56.682+0000] {standard_task_runner.py:105} ERROR - Failed to execute job 4070 for task age_check ('Variable birth_year does not exist'; 329)
[2023-08-14T15:09:56.712+0000] {local_task_job.py:208} INFO - Task exited with return code 1
[2023-08-14T15:09:56.748+0000] {taskinstance.py:2578} INFO - 0 downstream tasks scheduled from follow-on schedule check
