[2023-04-19T12:48:32.992+0000] {taskinstance.py:1083} INFO - Dependencies all met for <TaskInstance: age_check.age_check scheduled__2023-02-02T00:00:00+00:00 [queued]>
[2023-04-19T12:48:33.035+0000] {taskinstance.py:1083} INFO - Dependencies all met for <TaskInstance: age_check.age_check scheduled__2023-02-02T00:00:00+00:00 [queued]>
[2023-04-19T12:48:33.036+0000] {taskinstance.py:1279} INFO - 
--------------------------------------------------------------------------------
[2023-04-19T12:48:33.037+0000] {taskinstance.py:1280} INFO - Starting attempt 4 of 4
[2023-04-19T12:48:33.047+0000] {taskinstance.py:1281} INFO - 
--------------------------------------------------------------------------------
[2023-04-19T12:48:33.098+0000] {taskinstance.py:1300} INFO - Executing <Task(PythonOperator): age_check> on 2023-02-02 00:00:00+00:00
[2023-04-19T12:48:33.137+0000] {standard_task_runner.py:55} INFO - Started process 24495 to run task
[2023-04-19T12:48:33.166+0000] {standard_task_runner.py:82} INFO - Running: ['***', 'tasks', 'run', 'age_check', 'age_check', 'scheduled__2023-02-02T00:00:00+00:00', '--job-id', '1822', '--raw', '--subdir', 'DAGS_FOLDER/age.py', '--cfg-path', '/tmp/tmpqzvh8304']
[2023-04-19T12:48:33.176+0000] {standard_task_runner.py:83} INFO - Job 1822: Subtask age_check
[2023-04-19T12:48:33.270+0000] {task_command.py:388} INFO - Running <TaskInstance: age_check.age_check scheduled__2023-02-02T00:00:00+00:00 [running]> on host fe34f61acbb3
[2023-04-19T12:48:33.426+0000] {taskinstance.py:1509} INFO - Exporting the following env vars:
AIRFLOW_CTX_DAG_OWNER=***
AIRFLOW_CTX_DAG_ID=age_check
AIRFLOW_CTX_TASK_ID=age_check
AIRFLOW_CTX_EXECUTION_DATE=2023-02-02T00:00:00+00:00
AIRFLOW_CTX_TRY_NUMBER=4
AIRFLOW_CTX_DAG_RUN_ID=scheduled__2023-02-02T00:00:00+00:00
[2023-04-19T12:48:33.438+0000] {taskinstance.py:1768} ERROR - Task failed with exception
Traceback (most recent call last):
  File "/home/airflow/.local/lib/python3.7/site-packages/airflow/operators/python.py", line 175, in execute
    return_value = self.execute_callable()
  File "/home/airflow/.local/lib/python3.7/site-packages/airflow/operators/python.py", line 192, in execute_callable
    return self.python_callable(*self.op_args, **self.op_kwargs)
  File "/opt/airflow/dags/age.py", line 35, in age_check
    birth_year = int(Variable.get('birth_year'))
  File "/home/airflow/.local/lib/python3.7/site-packages/airflow/models/variable.py", line 141, in get
    raise KeyError(f"Variable {key} does not exist")
KeyError: 'Variable birth_year does not exist'
[2023-04-19T12:48:33.463+0000] {taskinstance.py:1323} INFO - Marking task as FAILED. dag_id=age_check, task_id=age_check, execution_date=20230202T000000, start_date=20230419T124832, end_date=20230419T124833
[2023-04-19T12:48:33.501+0000] {standard_task_runner.py:105} ERROR - Failed to execute job 1822 for task age_check ('Variable birth_year does not exist'; 24495)
[2023-04-19T12:48:33.543+0000] {local_task_job.py:208} INFO - Task exited with return code 1
[2023-04-19T12:48:33.608+0000] {taskinstance.py:2578} INFO - 0 downstream tasks scheduled from follow-on schedule check
[2023-05-20T20:59:33.333+0000] {taskinstance.py:1083} INFO - Dependencies all met for <TaskInstance: age_check.age_check scheduled__2023-02-02T00:00:00+00:00 [queued]>
[2023-05-20T20:59:33.341+0000] {taskinstance.py:1083} INFO - Dependencies all met for <TaskInstance: age_check.age_check scheduled__2023-02-02T00:00:00+00:00 [queued]>
[2023-05-20T20:59:33.343+0000] {taskinstance.py:1279} INFO - 
--------------------------------------------------------------------------------
[2023-05-20T20:59:33.345+0000] {taskinstance.py:1280} INFO - Starting attempt 4 of 4
[2023-05-20T20:59:33.346+0000] {taskinstance.py:1281} INFO - 
--------------------------------------------------------------------------------
[2023-05-20T20:59:33.359+0000] {taskinstance.py:1300} INFO - Executing <Task(PythonOperator): age_check> on 2023-02-02 00:00:00+00:00
[2023-05-20T20:59:33.363+0000] {standard_task_runner.py:55} INFO - Started process 1184 to run task
[2023-05-20T20:59:33.367+0000] {standard_task_runner.py:82} INFO - Running: ['***', 'tasks', 'run', 'age_check', 'age_check', 'scheduled__2023-02-02T00:00:00+00:00', '--job-id', '1367', '--raw', '--subdir', 'DAGS_FOLDER/age.py', '--cfg-path', '/tmp/tmp_r1ylep7']
[2023-05-20T20:59:33.371+0000] {standard_task_runner.py:83} INFO - Job 1367: Subtask age_check
[2023-05-20T20:59:33.448+0000] {task_command.py:388} INFO - Running <TaskInstance: age_check.age_check scheduled__2023-02-02T00:00:00+00:00 [running]> on host 242f95e3e8a8
[2023-05-20T20:59:33.526+0000] {taskinstance.py:1509} INFO - Exporting the following env vars:
AIRFLOW_CTX_DAG_OWNER=***
AIRFLOW_CTX_DAG_ID=age_check
AIRFLOW_CTX_TASK_ID=age_check
AIRFLOW_CTX_EXECUTION_DATE=2023-02-02T00:00:00+00:00
AIRFLOW_CTX_TRY_NUMBER=4
AIRFLOW_CTX_DAG_RUN_ID=scheduled__2023-02-02T00:00:00+00:00
[2023-05-20T20:59:33.542+0000] {taskinstance.py:1768} ERROR - Task failed with exception
Traceback (most recent call last):
  File "/home/airflow/.local/lib/python3.7/site-packages/airflow/operators/python.py", line 175, in execute
    return_value = self.execute_callable()
  File "/home/airflow/.local/lib/python3.7/site-packages/airflow/operators/python.py", line 192, in execute_callable
    return self.python_callable(*self.op_args, **self.op_kwargs)
  File "/opt/airflow/dags/age.py", line 35, in age_check
    birth_year = int(Variable.get('birth_year'))
  File "/home/airflow/.local/lib/python3.7/site-packages/airflow/models/variable.py", line 141, in get
    raise KeyError(f"Variable {key} does not exist")
KeyError: 'Variable birth_year does not exist'
[2023-05-20T20:59:33.551+0000] {taskinstance.py:1323} INFO - Marking task as FAILED. dag_id=age_check, task_id=age_check, execution_date=20230202T000000, start_date=20230520T205933, end_date=20230520T205933
[2023-05-20T20:59:33.564+0000] {standard_task_runner.py:105} ERROR - Failed to execute job 1367 for task age_check ('Variable birth_year does not exist'; 1184)
[2023-05-20T20:59:33.584+0000] {local_task_job.py:208} INFO - Task exited with return code 1
[2023-05-20T20:59:33.608+0000] {taskinstance.py:2578} INFO - 0 downstream tasks scheduled from follow-on schedule check
