[2023-04-19T12:43:18.185+0000] {taskinstance.py:1083} INFO - Dependencies all met for <TaskInstance: age_check.age_check scheduled__2022-11-19T00:00:00+00:00 [queued]>
[2023-04-19T12:43:18.270+0000] {taskinstance.py:1083} INFO - Dependencies all met for <TaskInstance: age_check.age_check scheduled__2022-11-19T00:00:00+00:00 [queued]>
[2023-04-19T12:43:18.277+0000] {taskinstance.py:1279} INFO - 
--------------------------------------------------------------------------------
[2023-04-19T12:43:18.280+0000] {taskinstance.py:1280} INFO - Starting attempt 1 of 4
[2023-04-19T12:43:18.281+0000] {taskinstance.py:1281} INFO - 
--------------------------------------------------------------------------------
[2023-04-19T12:43:18.544+0000] {taskinstance.py:1300} INFO - Executing <Task(PythonOperator): age_check> on 2022-11-19 00:00:00+00:00
[2023-04-19T12:43:18.605+0000] {standard_task_runner.py:55} INFO - Started process 23138 to run task
[2023-04-19T12:43:18.712+0000] {standard_task_runner.py:82} INFO - Running: ['***', 'tasks', 'run', 'age_check', 'age_check', 'scheduled__2022-11-19T00:00:00+00:00', '--job-id', '1266', '--raw', '--subdir', 'DAGS_FOLDER/age.py', '--cfg-path', '/tmp/tmpad_wfz86']
[2023-04-19T12:43:18.746+0000] {standard_task_runner.py:83} INFO - Job 1266: Subtask age_check
[2023-04-19T12:43:19.044+0000] {task_command.py:388} INFO - Running <TaskInstance: age_check.age_check scheduled__2022-11-19T00:00:00+00:00 [running]> on host fe34f61acbb3
[2023-04-19T12:43:19.334+0000] {taskinstance.py:1509} INFO - Exporting the following env vars:
AIRFLOW_CTX_DAG_OWNER=***
AIRFLOW_CTX_DAG_ID=age_check
AIRFLOW_CTX_TASK_ID=age_check
AIRFLOW_CTX_EXECUTION_DATE=2022-11-19T00:00:00+00:00
AIRFLOW_CTX_TRY_NUMBER=1
AIRFLOW_CTX_DAG_RUN_ID=scheduled__2022-11-19T00:00:00+00:00
[2023-04-19T12:43:19.383+0000] {taskinstance.py:1768} ERROR - Task failed with exception
Traceback (most recent call last):
  File "/home/airflow/.local/lib/python3.7/site-packages/airflow/operators/python.py", line 175, in execute
    return_value = self.execute_callable()
  File "/home/airflow/.local/lib/python3.7/site-packages/airflow/operators/python.py", line 192, in execute_callable
    return self.python_callable(*self.op_args, **self.op_kwargs)
  File "/opt/airflow/dags/age.py", line 35, in age_check
    birth_year = int(Variable.get('birth_year'))
  File "/home/airflow/.local/lib/python3.7/site-packages/airflow/models/variable.py", line 141, in get
    raise KeyError(f"Variable {key} does not exist")
KeyError: 'Variable birth_year does not exist'
[2023-04-19T12:43:19.425+0000] {taskinstance.py:1323} INFO - Marking task as UP_FOR_RETRY. dag_id=age_check, task_id=age_check, execution_date=20221119T000000, start_date=20230419T124318, end_date=20230419T124319
[2023-04-19T12:43:19.468+0000] {standard_task_runner.py:105} ERROR - Failed to execute job 1266 for task age_check ('Variable birth_year does not exist'; 23138)
[2023-04-19T12:43:19.531+0000] {local_task_job.py:208} INFO - Task exited with return code 1
[2023-04-19T12:43:19.631+0000] {taskinstance.py:2578} INFO - 0 downstream tasks scheduled from follow-on schedule check
[2023-05-17T10:15:07.117+0000] {taskinstance.py:1083} INFO - Dependencies all met for <TaskInstance: age_check.age_check scheduled__2022-11-19T00:00:00+00:00 [queued]>
[2023-05-17T10:15:07.160+0000] {taskinstance.py:1083} INFO - Dependencies all met for <TaskInstance: age_check.age_check scheduled__2022-11-19T00:00:00+00:00 [queued]>
[2023-05-17T10:15:07.163+0000] {taskinstance.py:1279} INFO - 
--------------------------------------------------------------------------------
[2023-05-17T10:15:07.164+0000] {taskinstance.py:1280} INFO - Starting attempt 1 of 4
[2023-05-17T10:15:07.166+0000] {taskinstance.py:1281} INFO - 
--------------------------------------------------------------------------------
[2023-05-17T10:15:07.228+0000] {taskinstance.py:1300} INFO - Executing <Task(PythonOperator): age_check> on 2022-11-19 00:00:00+00:00
[2023-05-17T10:15:07.248+0000] {standard_task_runner.py:55} INFO - Started process 5811 to run task
[2023-05-17T10:15:07.269+0000] {standard_task_runner.py:82} INFO - Running: ['***', 'tasks', 'run', 'age_check', 'age_check', 'scheduled__2022-11-19T00:00:00+00:00', '--job-id', '830', '--raw', '--subdir', 'DAGS_FOLDER/age.py', '--cfg-path', '/tmp/tmpzzjp5ugq']
[2023-05-17T10:15:07.283+0000] {standard_task_runner.py:83} INFO - Job 830: Subtask age_check
[2023-05-17T10:15:07.568+0000] {task_command.py:388} INFO - Running <TaskInstance: age_check.age_check scheduled__2022-11-19T00:00:00+00:00 [running]> on host 242f95e3e8a8
[2023-05-17T10:15:07.948+0000] {taskinstance.py:1509} INFO - Exporting the following env vars:
AIRFLOW_CTX_DAG_OWNER=***
AIRFLOW_CTX_DAG_ID=age_check
AIRFLOW_CTX_TASK_ID=age_check
AIRFLOW_CTX_EXECUTION_DATE=2022-11-19T00:00:00+00:00
AIRFLOW_CTX_TRY_NUMBER=1
AIRFLOW_CTX_DAG_RUN_ID=scheduled__2022-11-19T00:00:00+00:00
[2023-05-17T10:15:07.995+0000] {taskinstance.py:1768} ERROR - Task failed with exception
Traceback (most recent call last):
  File "/home/airflow/.local/lib/python3.7/site-packages/airflow/operators/python.py", line 175, in execute
    return_value = self.execute_callable()
  File "/home/airflow/.local/lib/python3.7/site-packages/airflow/operators/python.py", line 192, in execute_callable
    return self.python_callable(*self.op_args, **self.op_kwargs)
  File "/opt/airflow/dags/age.py", line 35, in age_check
    birth_year = int(Variable.get('birth_year'))
  File "/home/airflow/.local/lib/python3.7/site-packages/airflow/models/variable.py", line 141, in get
    raise KeyError(f"Variable {key} does not exist")
KeyError: 'Variable birth_year does not exist'
[2023-05-17T10:15:08.026+0000] {taskinstance.py:1323} INFO - Marking task as UP_FOR_RETRY. dag_id=age_check, task_id=age_check, execution_date=20221119T000000, start_date=20230517T101507, end_date=20230517T101508
[2023-05-17T10:15:08.085+0000] {standard_task_runner.py:105} ERROR - Failed to execute job 830 for task age_check ('Variable birth_year does not exist'; 5811)
[2023-05-17T10:15:08.173+0000] {local_task_job.py:208} INFO - Task exited with return code 1
[2023-05-17T10:15:08.294+0000] {taskinstance.py:2578} INFO - 0 downstream tasks scheduled from follow-on schedule check
