[2023-04-19T12:49:39.872+0000] {taskinstance.py:1083} INFO - Dependencies all met for <TaskInstance: age_check.age_check scheduled__2023-02-28T00:00:00+00:00 [queued]>
[2023-04-19T12:49:39.880+0000] {taskinstance.py:1083} INFO - Dependencies all met for <TaskInstance: age_check.age_check scheduled__2023-02-28T00:00:00+00:00 [queued]>
[2023-04-19T12:49:39.881+0000] {taskinstance.py:1279} INFO - 
--------------------------------------------------------------------------------
[2023-04-19T12:49:39.882+0000] {taskinstance.py:1280} INFO - Starting attempt 2 of 4
[2023-04-19T12:49:39.883+0000] {taskinstance.py:1281} INFO - 
--------------------------------------------------------------------------------
[2023-04-19T12:49:39.891+0000] {taskinstance.py:1300} INFO - Executing <Task(PythonOperator): age_check> on 2023-02-28 00:00:00+00:00
[2023-04-19T12:49:39.897+0000] {standard_task_runner.py:55} INFO - Started process 24792 to run task
[2023-04-19T12:49:39.900+0000] {standard_task_runner.py:82} INFO - Running: ['***', 'tasks', 'run', 'age_check', 'age_check', 'scheduled__2023-02-28T00:00:00+00:00', '--job-id', '1943', '--raw', '--subdir', 'DAGS_FOLDER/age.py', '--cfg-path', '/tmp/tmpc0p3jsq_']
[2023-04-19T12:49:39.901+0000] {standard_task_runner.py:83} INFO - Job 1943: Subtask age_check
[2023-04-19T12:49:39.957+0000] {task_command.py:388} INFO - Running <TaskInstance: age_check.age_check scheduled__2023-02-28T00:00:00+00:00 [running]> on host fe34f61acbb3
[2023-04-19T12:49:40.001+0000] {taskinstance.py:1509} INFO - Exporting the following env vars:
AIRFLOW_CTX_DAG_OWNER=***
AIRFLOW_CTX_DAG_ID=age_check
AIRFLOW_CTX_TASK_ID=age_check
AIRFLOW_CTX_EXECUTION_DATE=2023-02-28T00:00:00+00:00
AIRFLOW_CTX_TRY_NUMBER=2
AIRFLOW_CTX_DAG_RUN_ID=scheduled__2023-02-28T00:00:00+00:00
[2023-04-19T12:49:40.009+0000] {taskinstance.py:1768} ERROR - Task failed with exception
Traceback (most recent call last):
  File "/home/airflow/.local/lib/python3.7/site-packages/airflow/operators/python.py", line 175, in execute
    return_value = self.execute_callable()
  File "/home/airflow/.local/lib/python3.7/site-packages/airflow/operators/python.py", line 192, in execute_callable
    return self.python_callable(*self.op_args, **self.op_kwargs)
  File "/opt/airflow/dags/age.py", line 35, in age_check
    birth_year = int(Variable.get('birth_year'))
  File "/home/airflow/.local/lib/python3.7/site-packages/airflow/models/variable.py", line 141, in get
    raise KeyError(f"Variable {key} does not exist")
KeyError: 'Variable birth_year does not exist'
[2023-04-19T12:49:40.028+0000] {taskinstance.py:1323} INFO - Marking task as UP_FOR_RETRY. dag_id=age_check, task_id=age_check, execution_date=20230228T000000, start_date=20230419T124939, end_date=20230419T124940
[2023-04-19T12:49:40.035+0000] {standard_task_runner.py:105} ERROR - Failed to execute job 1943 for task age_check ('Variable birth_year does not exist'; 24792)
[2023-04-19T12:49:40.073+0000] {local_task_job.py:208} INFO - Task exited with return code 1
[2023-04-19T12:49:40.092+0000] {taskinstance.py:2578} INFO - 0 downstream tasks scheduled from follow-on schedule check
[2023-05-20T21:00:48.442+0000] {taskinstance.py:1083} INFO - Dependencies all met for <TaskInstance: age_check.age_check scheduled__2023-02-28T00:00:00+00:00 [queued]>
[2023-05-20T21:00:48.500+0000] {taskinstance.py:1083} INFO - Dependencies all met for <TaskInstance: age_check.age_check scheduled__2023-02-28T00:00:00+00:00 [queued]>
[2023-05-20T21:00:48.505+0000] {taskinstance.py:1279} INFO - 
--------------------------------------------------------------------------------
[2023-05-20T21:00:48.506+0000] {taskinstance.py:1280} INFO - Starting attempt 2 of 4
[2023-05-20T21:00:48.507+0000] {taskinstance.py:1281} INFO - 
--------------------------------------------------------------------------------
[2023-05-20T21:00:48.559+0000] {taskinstance.py:1300} INFO - Executing <Task(PythonOperator): age_check> on 2023-02-28 00:00:00+00:00
[2023-05-20T21:00:48.585+0000] {standard_task_runner.py:55} INFO - Started process 1570 to run task
[2023-05-20T21:00:48.639+0000] {standard_task_runner.py:82} INFO - Running: ['***', 'tasks', 'run', 'age_check', 'age_check', 'scheduled__2023-02-28T00:00:00+00:00', '--job-id', '1522', '--raw', '--subdir', 'DAGS_FOLDER/age.py', '--cfg-path', '/tmp/tmph9vwvyt0']
[2023-05-20T21:00:48.660+0000] {standard_task_runner.py:83} INFO - Job 1522: Subtask age_check
[2023-05-20T21:00:49.246+0000] {task_command.py:388} INFO - Running <TaskInstance: age_check.age_check scheduled__2023-02-28T00:00:00+00:00 [running]> on host 242f95e3e8a8
[2023-05-20T21:00:49.463+0000] {taskinstance.py:1509} INFO - Exporting the following env vars:
AIRFLOW_CTX_DAG_OWNER=***
AIRFLOW_CTX_DAG_ID=age_check
AIRFLOW_CTX_TASK_ID=age_check
AIRFLOW_CTX_EXECUTION_DATE=2023-02-28T00:00:00+00:00
AIRFLOW_CTX_TRY_NUMBER=2
AIRFLOW_CTX_DAG_RUN_ID=scheduled__2023-02-28T00:00:00+00:00
[2023-05-20T21:00:49.496+0000] {taskinstance.py:1768} ERROR - Task failed with exception
Traceback (most recent call last):
  File "/home/airflow/.local/lib/python3.7/site-packages/airflow/operators/python.py", line 175, in execute
    return_value = self.execute_callable()
  File "/home/airflow/.local/lib/python3.7/site-packages/airflow/operators/python.py", line 192, in execute_callable
    return self.python_callable(*self.op_args, **self.op_kwargs)
  File "/opt/airflow/dags/age.py", line 35, in age_check
    birth_year = int(Variable.get('birth_year'))
  File "/home/airflow/.local/lib/python3.7/site-packages/airflow/models/variable.py", line 141, in get
    raise KeyError(f"Variable {key} does not exist")
KeyError: 'Variable birth_year does not exist'
[2023-05-20T21:00:49.522+0000] {taskinstance.py:1323} INFO - Marking task as UP_FOR_RETRY. dag_id=age_check, task_id=age_check, execution_date=20230228T000000, start_date=20230520T210048, end_date=20230520T210049
[2023-05-20T21:00:49.561+0000] {standard_task_runner.py:105} ERROR - Failed to execute job 1522 for task age_check ('Variable birth_year does not exist'; 1570)
[2023-05-20T21:00:49.727+0000] {local_task_job.py:208} INFO - Task exited with return code 1
[2023-05-20T21:00:49.901+0000] {taskinstance.py:2578} INFO - 0 downstream tasks scheduled from follow-on schedule check
