[2023-04-19T12:50:06.357+0000] {taskinstance.py:1083} INFO - Dependencies all met for <TaskInstance: age_check.age_check scheduled__2023-02-28T00:00:00+00:00 [queued]>
[2023-04-19T12:50:06.386+0000] {taskinstance.py:1083} INFO - Dependencies all met for <TaskInstance: age_check.age_check scheduled__2023-02-28T00:00:00+00:00 [queued]>
[2023-04-19T12:50:06.390+0000] {taskinstance.py:1279} INFO - 
--------------------------------------------------------------------------------
[2023-04-19T12:50:06.392+0000] {taskinstance.py:1280} INFO - Starting attempt 4 of 4
[2023-04-19T12:50:06.392+0000] {taskinstance.py:1281} INFO - 
--------------------------------------------------------------------------------
[2023-04-19T12:50:06.409+0000] {taskinstance.py:1300} INFO - Executing <Task(PythonOperator): age_check> on 2023-02-28 00:00:00+00:00
[2023-04-19T12:50:06.430+0000] {standard_task_runner.py:55} INFO - Started process 24925 to run task
[2023-04-19T12:50:06.459+0000] {standard_task_runner.py:82} INFO - Running: ['***', 'tasks', 'run', 'age_check', 'age_check', 'scheduled__2023-02-28T00:00:00+00:00', '--job-id', '1998', '--raw', '--subdir', 'DAGS_FOLDER/age.py', '--cfg-path', '/tmp/tmp5l4ik8_o']
[2023-04-19T12:50:06.467+0000] {standard_task_runner.py:83} INFO - Job 1998: Subtask age_check
[2023-04-19T12:50:06.571+0000] {task_command.py:388} INFO - Running <TaskInstance: age_check.age_check scheduled__2023-02-28T00:00:00+00:00 [running]> on host fe34f61acbb3
[2023-04-19T12:50:06.687+0000] {taskinstance.py:1509} INFO - Exporting the following env vars:
AIRFLOW_CTX_DAG_OWNER=***
AIRFLOW_CTX_DAG_ID=age_check
AIRFLOW_CTX_TASK_ID=age_check
AIRFLOW_CTX_EXECUTION_DATE=2023-02-28T00:00:00+00:00
AIRFLOW_CTX_TRY_NUMBER=4
AIRFLOW_CTX_DAG_RUN_ID=scheduled__2023-02-28T00:00:00+00:00
[2023-04-19T12:50:06.700+0000] {taskinstance.py:1768} ERROR - Task failed with exception
Traceback (most recent call last):
  File "/home/airflow/.local/lib/python3.7/site-packages/airflow/operators/python.py", line 175, in execute
    return_value = self.execute_callable()
  File "/home/airflow/.local/lib/python3.7/site-packages/airflow/operators/python.py", line 192, in execute_callable
    return self.python_callable(*self.op_args, **self.op_kwargs)
  File "/opt/airflow/dags/age.py", line 35, in age_check
    birth_year = int(Variable.get('birth_year'))
  File "/home/airflow/.local/lib/python3.7/site-packages/airflow/models/variable.py", line 141, in get
    raise KeyError(f"Variable {key} does not exist")
KeyError: 'Variable birth_year does not exist'
[2023-04-19T12:50:06.719+0000] {taskinstance.py:1323} INFO - Marking task as FAILED. dag_id=age_check, task_id=age_check, execution_date=20230228T000000, start_date=20230419T125006, end_date=20230419T125006
[2023-04-19T12:50:06.736+0000] {standard_task_runner.py:105} ERROR - Failed to execute job 1998 for task age_check ('Variable birth_year does not exist'; 24925)
[2023-04-19T12:50:06.779+0000] {local_task_job.py:208} INFO - Task exited with return code 1
[2023-04-19T12:50:06.813+0000] {taskinstance.py:2578} INFO - 0 downstream tasks scheduled from follow-on schedule check
[2023-05-20T21:35:43.563+0000] {taskinstance.py:1083} INFO - Dependencies all met for <TaskInstance: age_check.age_check scheduled__2023-02-28T00:00:00+00:00 [queued]>
[2023-05-20T21:35:43.605+0000] {taskinstance.py:1083} INFO - Dependencies all met for <TaskInstance: age_check.age_check scheduled__2023-02-28T00:00:00+00:00 [queued]>
[2023-05-20T21:35:43.609+0000] {taskinstance.py:1279} INFO - 
--------------------------------------------------------------------------------
[2023-05-20T21:35:43.610+0000] {taskinstance.py:1280} INFO - Starting attempt 4 of 4
[2023-05-20T21:35:43.616+0000] {taskinstance.py:1281} INFO - 
--------------------------------------------------------------------------------
[2023-05-20T21:35:43.711+0000] {taskinstance.py:1300} INFO - Executing <Task(PythonOperator): age_check> on 2023-02-28 00:00:00+00:00
[2023-05-20T21:35:43.734+0000] {standard_task_runner.py:55} INFO - Started process 1705 to run task
[2023-05-20T21:35:43.766+0000] {standard_task_runner.py:82} INFO - Running: ['***', 'tasks', 'run', 'age_check', 'age_check', 'scheduled__2023-02-28T00:00:00+00:00', '--job-id', '1583', '--raw', '--subdir', 'DAGS_FOLDER/age.py', '--cfg-path', '/tmp/tmp6m_2nkwn']
[2023-05-20T21:35:43.793+0000] {standard_task_runner.py:83} INFO - Job 1583: Subtask age_check
[2023-05-20T21:35:43.961+0000] {task_command.py:388} INFO - Running <TaskInstance: age_check.age_check scheduled__2023-02-28T00:00:00+00:00 [running]> on host 242f95e3e8a8
[2023-05-20T21:35:44.119+0000] {taskinstance.py:1509} INFO - Exporting the following env vars:
AIRFLOW_CTX_DAG_OWNER=***
AIRFLOW_CTX_DAG_ID=age_check
AIRFLOW_CTX_TASK_ID=age_check
AIRFLOW_CTX_EXECUTION_DATE=2023-02-28T00:00:00+00:00
AIRFLOW_CTX_TRY_NUMBER=4
AIRFLOW_CTX_DAG_RUN_ID=scheduled__2023-02-28T00:00:00+00:00
[2023-05-20T21:35:44.132+0000] {taskinstance.py:1768} ERROR - Task failed with exception
Traceback (most recent call last):
  File "/home/airflow/.local/lib/python3.7/site-packages/airflow/operators/python.py", line 175, in execute
    return_value = self.execute_callable()
  File "/home/airflow/.local/lib/python3.7/site-packages/airflow/operators/python.py", line 192, in execute_callable
    return self.python_callable(*self.op_args, **self.op_kwargs)
  File "/opt/airflow/dags/age.py", line 35, in age_check
    birth_year = int(Variable.get('birth_year'))
  File "/home/airflow/.local/lib/python3.7/site-packages/airflow/models/variable.py", line 141, in get
    raise KeyError(f"Variable {key} does not exist")
KeyError: 'Variable birth_year does not exist'
[2023-05-20T21:35:44.172+0000] {taskinstance.py:1323} INFO - Marking task as FAILED. dag_id=age_check, task_id=age_check, execution_date=20230228T000000, start_date=20230520T213543, end_date=20230520T213544
[2023-05-20T21:35:44.210+0000] {standard_task_runner.py:105} ERROR - Failed to execute job 1583 for task age_check ('Variable birth_year does not exist'; 1705)
[2023-05-20T21:35:44.271+0000] {local_task_job.py:208} INFO - Task exited with return code 1
[2023-05-20T21:35:44.299+0000] {taskinstance.py:2578} INFO - 0 downstream tasks scheduled from follow-on schedule check
