[2023-04-19T12:46:04.725+0000] {taskinstance.py:1083} INFO - Dependencies all met for <TaskInstance: age_check.age_check scheduled__2022-12-23T00:00:00+00:00 [queued]>
[2023-04-19T12:46:04.750+0000] {taskinstance.py:1083} INFO - Dependencies all met for <TaskInstance: age_check.age_check scheduled__2022-12-23T00:00:00+00:00 [queued]>
[2023-04-19T12:46:04.752+0000] {taskinstance.py:1279} INFO - 
--------------------------------------------------------------------------------
[2023-04-19T12:46:04.754+0000] {taskinstance.py:1280} INFO - Starting attempt 4 of 4
[2023-04-19T12:46:04.755+0000] {taskinstance.py:1281} INFO - 
--------------------------------------------------------------------------------
[2023-04-19T12:46:04.780+0000] {taskinstance.py:1300} INFO - Executing <Task(PythonOperator): age_check> on 2022-12-23 00:00:00+00:00
[2023-04-19T12:46:04.786+0000] {standard_task_runner.py:55} INFO - Started process 23817 to run task
[2023-04-19T12:46:04.798+0000] {standard_task_runner.py:82} INFO - Running: ['***', 'tasks', 'run', 'age_check', 'age_check', 'scheduled__2022-12-23T00:00:00+00:00', '--job-id', '1542', '--raw', '--subdir', 'DAGS_FOLDER/age.py', '--cfg-path', '/tmp/tmpjyn5xgxq']
[2023-04-19T12:46:04.800+0000] {standard_task_runner.py:83} INFO - Job 1542: Subtask age_check
[2023-04-19T12:46:04.888+0000] {task_command.py:388} INFO - Running <TaskInstance: age_check.age_check scheduled__2022-12-23T00:00:00+00:00 [running]> on host fe34f61acbb3
[2023-04-19T12:46:04.976+0000] {taskinstance.py:1509} INFO - Exporting the following env vars:
AIRFLOW_CTX_DAG_OWNER=***
AIRFLOW_CTX_DAG_ID=age_check
AIRFLOW_CTX_TASK_ID=age_check
AIRFLOW_CTX_EXECUTION_DATE=2022-12-23T00:00:00+00:00
AIRFLOW_CTX_TRY_NUMBER=4
AIRFLOW_CTX_DAG_RUN_ID=scheduled__2022-12-23T00:00:00+00:00
[2023-04-19T12:46:04.993+0000] {taskinstance.py:1768} ERROR - Task failed with exception
Traceback (most recent call last):
  File "/home/airflow/.local/lib/python3.7/site-packages/airflow/operators/python.py", line 175, in execute
    return_value = self.execute_callable()
  File "/home/airflow/.local/lib/python3.7/site-packages/airflow/operators/python.py", line 192, in execute_callable
    return self.python_callable(*self.op_args, **self.op_kwargs)
  File "/opt/airflow/dags/age.py", line 35, in age_check
    birth_year = int(Variable.get('birth_year'))
  File "/home/airflow/.local/lib/python3.7/site-packages/airflow/models/variable.py", line 141, in get
    raise KeyError(f"Variable {key} does not exist")
KeyError: 'Variable birth_year does not exist'
[2023-04-19T12:46:05.022+0000] {taskinstance.py:1323} INFO - Marking task as FAILED. dag_id=age_check, task_id=age_check, execution_date=20221223T000000, start_date=20230419T124604, end_date=20230419T124605
[2023-04-19T12:46:05.044+0000] {standard_task_runner.py:105} ERROR - Failed to execute job 1542 for task age_check ('Variable birth_year does not exist'; 23817)
[2023-04-19T12:46:05.091+0000] {local_task_job.py:208} INFO - Task exited with return code 1
[2023-04-19T12:46:05.125+0000] {taskinstance.py:2578} INFO - 0 downstream tasks scheduled from follow-on schedule check
[2023-05-20T20:57:32.963+0000] {taskinstance.py:1083} INFO - Dependencies all met for <TaskInstance: age_check.age_check scheduled__2022-12-23T00:00:00+00:00 [queued]>
[2023-05-20T20:57:32.971+0000] {taskinstance.py:1083} INFO - Dependencies all met for <TaskInstance: age_check.age_check scheduled__2022-12-23T00:00:00+00:00 [queued]>
[2023-05-20T20:57:32.973+0000] {taskinstance.py:1279} INFO - 
--------------------------------------------------------------------------------
[2023-05-20T20:57:32.974+0000] {taskinstance.py:1280} INFO - Starting attempt 4 of 4
[2023-05-20T20:57:32.975+0000] {taskinstance.py:1281} INFO - 
--------------------------------------------------------------------------------
[2023-05-20T20:57:32.985+0000] {taskinstance.py:1300} INFO - Executing <Task(PythonOperator): age_check> on 2022-12-23 00:00:00+00:00
[2023-05-20T20:57:32.993+0000] {standard_task_runner.py:55} INFO - Started process 617 to run task
[2023-05-20T20:57:32.996+0000] {standard_task_runner.py:82} INFO - Running: ['***', 'tasks', 'run', 'age_check', 'age_check', 'scheduled__2022-12-23T00:00:00+00:00', '--job-id', '1137', '--raw', '--subdir', 'DAGS_FOLDER/age.py', '--cfg-path', '/tmp/tmpy24lfn8f']
[2023-05-20T20:57:32.998+0000] {standard_task_runner.py:83} INFO - Job 1137: Subtask age_check
[2023-05-20T20:57:33.073+0000] {task_command.py:388} INFO - Running <TaskInstance: age_check.age_check scheduled__2022-12-23T00:00:00+00:00 [running]> on host 242f95e3e8a8
[2023-05-20T20:57:33.147+0000] {taskinstance.py:1509} INFO - Exporting the following env vars:
AIRFLOW_CTX_DAG_OWNER=***
AIRFLOW_CTX_DAG_ID=age_check
AIRFLOW_CTX_TASK_ID=age_check
AIRFLOW_CTX_EXECUTION_DATE=2022-12-23T00:00:00+00:00
AIRFLOW_CTX_TRY_NUMBER=4
AIRFLOW_CTX_DAG_RUN_ID=scheduled__2022-12-23T00:00:00+00:00
[2023-05-20T20:57:33.158+0000] {taskinstance.py:1768} ERROR - Task failed with exception
Traceback (most recent call last):
  File "/home/airflow/.local/lib/python3.7/site-packages/airflow/operators/python.py", line 175, in execute
    return_value = self.execute_callable()
  File "/home/airflow/.local/lib/python3.7/site-packages/airflow/operators/python.py", line 192, in execute_callable
    return self.python_callable(*self.op_args, **self.op_kwargs)
  File "/opt/airflow/dags/age.py", line 35, in age_check
    birth_year = int(Variable.get('birth_year'))
  File "/home/airflow/.local/lib/python3.7/site-packages/airflow/models/variable.py", line 141, in get
    raise KeyError(f"Variable {key} does not exist")
KeyError: 'Variable birth_year does not exist'
[2023-05-20T20:57:33.174+0000] {taskinstance.py:1323} INFO - Marking task as FAILED. dag_id=age_check, task_id=age_check, execution_date=20221223T000000, start_date=20230520T205732, end_date=20230520T205733
[2023-05-20T20:57:33.185+0000] {standard_task_runner.py:105} ERROR - Failed to execute job 1137 for task age_check ('Variable birth_year does not exist'; 617)
[2023-05-20T20:57:33.211+0000] {local_task_job.py:208} INFO - Task exited with return code 1
[2023-05-20T20:57:33.232+0000] {taskinstance.py:2578} INFO - 0 downstream tasks scheduled from follow-on schedule check
