[2023-04-19T12:36:17.006+0000] {taskinstance.py:1083} INFO - Dependencies all met for <TaskInstance: age_check.age_check scheduled__2022-08-02T00:00:00+00:00 [queued]>
[2023-04-19T12:36:17.038+0000] {taskinstance.py:1083} INFO - Dependencies all met for <TaskInstance: age_check.age_check scheduled__2022-08-02T00:00:00+00:00 [queued]>
[2023-04-19T12:36:17.040+0000] {taskinstance.py:1279} INFO - 
--------------------------------------------------------------------------------
[2023-04-19T12:36:17.041+0000] {taskinstance.py:1280} INFO - Starting attempt 3 of 4
[2023-04-19T12:36:17.042+0000] {taskinstance.py:1281} INFO - 
--------------------------------------------------------------------------------
[2023-04-19T12:36:17.087+0000] {taskinstance.py:1300} INFO - Executing <Task(PythonOperator): age_check> on 2022-08-02 00:00:00+00:00
[2023-04-19T12:36:17.095+0000] {standard_task_runner.py:55} INFO - Started process 21293 to run task
[2023-04-19T12:36:17.103+0000] {standard_task_runner.py:82} INFO - Running: ['***', 'tasks', 'run', 'age_check', 'age_check', 'scheduled__2022-08-02T00:00:00+00:00', '--job-id', '527', '--raw', '--subdir', 'DAGS_FOLDER/age.py', '--cfg-path', '/tmp/tmpjg8pudjc']
[2023-04-19T12:36:17.106+0000] {standard_task_runner.py:83} INFO - Job 527: Subtask age_check
[2023-04-19T12:36:17.225+0000] {task_command.py:388} INFO - Running <TaskInstance: age_check.age_check scheduled__2022-08-02T00:00:00+00:00 [running]> on host fe34f61acbb3
[2023-04-19T12:36:17.336+0000] {taskinstance.py:1509} INFO - Exporting the following env vars:
AIRFLOW_CTX_DAG_OWNER=***
AIRFLOW_CTX_DAG_ID=age_check
AIRFLOW_CTX_TASK_ID=age_check
AIRFLOW_CTX_EXECUTION_DATE=2022-08-02T00:00:00+00:00
AIRFLOW_CTX_TRY_NUMBER=3
AIRFLOW_CTX_DAG_RUN_ID=scheduled__2022-08-02T00:00:00+00:00
[2023-04-19T12:36:17.355+0000] {taskinstance.py:1768} ERROR - Task failed with exception
Traceback (most recent call last):
  File "/home/airflow/.local/lib/python3.7/site-packages/airflow/operators/python.py", line 175, in execute
    return_value = self.execute_callable()
  File "/home/airflow/.local/lib/python3.7/site-packages/airflow/operators/python.py", line 192, in execute_callable
    return self.python_callable(*self.op_args, **self.op_kwargs)
  File "/opt/airflow/dags/age.py", line 35, in age_check
    birth_year = int(Variable.get('birth_year'))
  File "/home/airflow/.local/lib/python3.7/site-packages/airflow/models/variable.py", line 141, in get
    raise KeyError(f"Variable {key} does not exist")
KeyError: 'Variable birth_year does not exist'
[2023-04-19T12:36:17.376+0000] {taskinstance.py:1323} INFO - Marking task as UP_FOR_RETRY. dag_id=age_check, task_id=age_check, execution_date=20220802T000000, start_date=20230419T123617, end_date=20230419T123617
[2023-04-19T12:36:17.388+0000] {standard_task_runner.py:105} ERROR - Failed to execute job 527 for task age_check ('Variable birth_year does not exist'; 21293)
[2023-04-19T12:36:17.438+0000] {local_task_job.py:208} INFO - Task exited with return code 1
[2023-04-19T12:36:17.546+0000] {taskinstance.py:2578} INFO - 0 downstream tasks scheduled from follow-on schedule check
[2023-05-17T09:52:02.254+0000] {taskinstance.py:1083} INFO - Dependencies all met for <TaskInstance: age_check.age_check scheduled__2022-08-02T00:00:00+00:00 [queued]>
[2023-05-17T09:52:02.266+0000] {taskinstance.py:1083} INFO - Dependencies all met for <TaskInstance: age_check.age_check scheduled__2022-08-02T00:00:00+00:00 [queued]>
[2023-05-17T09:52:02.268+0000] {taskinstance.py:1279} INFO - 
--------------------------------------------------------------------------------
[2023-05-17T09:52:02.269+0000] {taskinstance.py:1280} INFO - Starting attempt 3 of 4
[2023-05-17T09:52:02.272+0000] {taskinstance.py:1281} INFO - 
--------------------------------------------------------------------------------
[2023-05-17T09:52:02.288+0000] {taskinstance.py:1300} INFO - Executing <Task(PythonOperator): age_check> on 2022-08-02 00:00:00+00:00
[2023-05-17T09:52:02.293+0000] {standard_task_runner.py:55} INFO - Started process 3972 to run task
[2023-05-17T09:52:02.307+0000] {standard_task_runner.py:82} INFO - Running: ['***', 'tasks', 'run', 'age_check', 'age_check', 'scheduled__2022-08-02T00:00:00+00:00', '--job-id', '84', '--raw', '--subdir', 'DAGS_FOLDER/age.py', '--cfg-path', '/tmp/tmpjbvabj4z']
[2023-05-17T09:52:02.309+0000] {standard_task_runner.py:83} INFO - Job 84: Subtask age_check
[2023-05-17T09:52:02.420+0000] {task_command.py:388} INFO - Running <TaskInstance: age_check.age_check scheduled__2022-08-02T00:00:00+00:00 [running]> on host 242f95e3e8a8
[2023-05-17T09:52:02.524+0000] {taskinstance.py:1509} INFO - Exporting the following env vars:
AIRFLOW_CTX_DAG_OWNER=***
AIRFLOW_CTX_DAG_ID=age_check
AIRFLOW_CTX_TASK_ID=age_check
AIRFLOW_CTX_EXECUTION_DATE=2022-08-02T00:00:00+00:00
AIRFLOW_CTX_TRY_NUMBER=3
AIRFLOW_CTX_DAG_RUN_ID=scheduled__2022-08-02T00:00:00+00:00
[2023-05-17T09:52:02.537+0000] {taskinstance.py:1768} ERROR - Task failed with exception
Traceback (most recent call last):
  File "/home/airflow/.local/lib/python3.7/site-packages/airflow/operators/python.py", line 175, in execute
    return_value = self.execute_callable()
  File "/home/airflow/.local/lib/python3.7/site-packages/airflow/operators/python.py", line 192, in execute_callable
    return self.python_callable(*self.op_args, **self.op_kwargs)
  File "/opt/airflow/dags/age.py", line 35, in age_check
    birth_year = int(Variable.get('birth_year'))
  File "/home/airflow/.local/lib/python3.7/site-packages/airflow/models/variable.py", line 141, in get
    raise KeyError(f"Variable {key} does not exist")
KeyError: 'Variable birth_year does not exist'
[2023-05-17T09:52:02.572+0000] {taskinstance.py:1323} INFO - Marking task as UP_FOR_RETRY. dag_id=age_check, task_id=age_check, execution_date=20220802T000000, start_date=20230517T095202, end_date=20230517T095202
[2023-05-17T09:52:02.590+0000] {standard_task_runner.py:105} ERROR - Failed to execute job 84 for task age_check ('Variable birth_year does not exist'; 3972)
[2023-05-17T09:52:02.631+0000] {local_task_job.py:208} INFO - Task exited with return code 1
[2023-05-17T09:52:02.656+0000] {taskinstance.py:2578} INFO - 0 downstream tasks scheduled from follow-on schedule check
