[2023-04-19T12:38:58.434+0000] {taskinstance.py:1083} INFO - Dependencies all met for <TaskInstance: age_check.age_check scheduled__2022-09-21T00:00:00+00:00 [queued]>
[2023-04-19T12:38:58.470+0000] {taskinstance.py:1083} INFO - Dependencies all met for <TaskInstance: age_check.age_check scheduled__2022-09-21T00:00:00+00:00 [queued]>
[2023-04-19T12:38:58.472+0000] {taskinstance.py:1279} INFO - 
--------------------------------------------------------------------------------
[2023-04-19T12:38:58.473+0000] {taskinstance.py:1280} INFO - Starting attempt 1 of 4
[2023-04-19T12:38:58.474+0000] {taskinstance.py:1281} INFO - 
--------------------------------------------------------------------------------
[2023-04-19T12:38:58.509+0000] {taskinstance.py:1300} INFO - Executing <Task(PythonOperator): age_check> on 2022-09-21 00:00:00+00:00
[2023-04-19T12:38:58.546+0000] {standard_task_runner.py:55} INFO - Started process 22048 to run task
[2023-04-19T12:38:58.611+0000] {standard_task_runner.py:82} INFO - Running: ['***', 'tasks', 'run', 'age_check', 'age_check', 'scheduled__2022-09-21T00:00:00+00:00', '--job-id', '835', '--raw', '--subdir', 'DAGS_FOLDER/age.py', '--cfg-path', '/tmp/tmpt9ku13cz']
[2023-04-19T12:38:58.618+0000] {standard_task_runner.py:83} INFO - Job 835: Subtask age_check
[2023-04-19T12:38:58.987+0000] {task_command.py:388} INFO - Running <TaskInstance: age_check.age_check scheduled__2022-09-21T00:00:00+00:00 [running]> on host fe34f61acbb3
[2023-04-19T12:38:59.289+0000] {taskinstance.py:1509} INFO - Exporting the following env vars:
AIRFLOW_CTX_DAG_OWNER=***
AIRFLOW_CTX_DAG_ID=age_check
AIRFLOW_CTX_TASK_ID=age_check
AIRFLOW_CTX_EXECUTION_DATE=2022-09-21T00:00:00+00:00
AIRFLOW_CTX_TRY_NUMBER=1
AIRFLOW_CTX_DAG_RUN_ID=scheduled__2022-09-21T00:00:00+00:00
[2023-04-19T12:38:59.319+0000] {taskinstance.py:1768} ERROR - Task failed with exception
Traceback (most recent call last):
  File "/home/airflow/.local/lib/python3.7/site-packages/airflow/operators/python.py", line 175, in execute
    return_value = self.execute_callable()
  File "/home/airflow/.local/lib/python3.7/site-packages/airflow/operators/python.py", line 192, in execute_callable
    return self.python_callable(*self.op_args, **self.op_kwargs)
  File "/opt/airflow/dags/age.py", line 35, in age_check
    birth_year = int(Variable.get('birth_year'))
  File "/home/airflow/.local/lib/python3.7/site-packages/airflow/models/variable.py", line 141, in get
    raise KeyError(f"Variable {key} does not exist")
KeyError: 'Variable birth_year does not exist'
[2023-04-19T12:38:59.353+0000] {taskinstance.py:1323} INFO - Marking task as UP_FOR_RETRY. dag_id=age_check, task_id=age_check, execution_date=20220921T000000, start_date=20230419T123858, end_date=20230419T123859
[2023-04-19T12:38:59.391+0000] {standard_task_runner.py:105} ERROR - Failed to execute job 835 for task age_check ('Variable birth_year does not exist'; 22048)
[2023-04-19T12:38:59.454+0000] {local_task_job.py:208} INFO - Task exited with return code 1
[2023-04-19T12:38:59.484+0000] {taskinstance.py:2578} INFO - 0 downstream tasks scheduled from follow-on schedule check
[2023-05-17T09:54:39.187+0000] {taskinstance.py:1083} INFO - Dependencies all met for <TaskInstance: age_check.age_check scheduled__2022-09-21T00:00:00+00:00 [queued]>
[2023-05-17T09:54:39.244+0000] {taskinstance.py:1083} INFO - Dependencies all met for <TaskInstance: age_check.age_check scheduled__2022-09-21T00:00:00+00:00 [queued]>
[2023-05-17T09:54:39.259+0000] {taskinstance.py:1279} INFO - 
--------------------------------------------------------------------------------
[2023-05-17T09:54:39.293+0000] {taskinstance.py:1280} INFO - Starting attempt 1 of 4
[2023-05-17T09:54:39.328+0000] {taskinstance.py:1281} INFO - 
--------------------------------------------------------------------------------
[2023-05-17T09:54:39.472+0000] {taskinstance.py:1300} INFO - Executing <Task(PythonOperator): age_check> on 2022-09-21 00:00:00+00:00
[2023-05-17T09:54:39.513+0000] {standard_task_runner.py:82} INFO - Running: ['***', 'tasks', 'run', 'age_check', 'age_check', 'scheduled__2022-09-21T00:00:00+00:00', '--job-id', '393', '--raw', '--subdir', 'DAGS_FOLDER/age.py', '--cfg-path', '/tmp/tmpjvl34obx']
[2023-05-17T09:54:39.521+0000] {standard_task_runner.py:83} INFO - Job 393: Subtask age_check
[2023-05-17T09:54:39.506+0000] {standard_task_runner.py:55} INFO - Started process 4726 to run task
[2023-05-17T09:54:39.697+0000] {task_command.py:388} INFO - Running <TaskInstance: age_check.age_check scheduled__2022-09-21T00:00:00+00:00 [running]> on host 242f95e3e8a8
[2023-05-17T09:54:39.868+0000] {taskinstance.py:1509} INFO - Exporting the following env vars:
AIRFLOW_CTX_DAG_OWNER=***
AIRFLOW_CTX_DAG_ID=age_check
AIRFLOW_CTX_TASK_ID=age_check
AIRFLOW_CTX_EXECUTION_DATE=2022-09-21T00:00:00+00:00
AIRFLOW_CTX_TRY_NUMBER=1
AIRFLOW_CTX_DAG_RUN_ID=scheduled__2022-09-21T00:00:00+00:00
[2023-05-17T09:54:39.901+0000] {taskinstance.py:1768} ERROR - Task failed with exception
Traceback (most recent call last):
  File "/home/airflow/.local/lib/python3.7/site-packages/airflow/operators/python.py", line 175, in execute
    return_value = self.execute_callable()
  File "/home/airflow/.local/lib/python3.7/site-packages/airflow/operators/python.py", line 192, in execute_callable
    return self.python_callable(*self.op_args, **self.op_kwargs)
  File "/opt/airflow/dags/age.py", line 35, in age_check
    birth_year = int(Variable.get('birth_year'))
  File "/home/airflow/.local/lib/python3.7/site-packages/airflow/models/variable.py", line 141, in get
    raise KeyError(f"Variable {key} does not exist")
KeyError: 'Variable birth_year does not exist'
[2023-05-17T09:54:39.936+0000] {taskinstance.py:1323} INFO - Marking task as UP_FOR_RETRY. dag_id=age_check, task_id=age_check, execution_date=20220921T000000, start_date=20230517T095439, end_date=20230517T095439
[2023-05-17T09:54:39.965+0000] {standard_task_runner.py:105} ERROR - Failed to execute job 393 for task age_check ('Variable birth_year does not exist'; 4726)
[2023-05-17T09:54:40.020+0000] {local_task_job.py:208} INFO - Task exited with return code 1
[2023-05-17T09:54:40.063+0000] {taskinstance.py:2578} INFO - 0 downstream tasks scheduled from follow-on schedule check
