[2023-04-19T12:45:38.955+0000] {taskinstance.py:1083} INFO - Dependencies all met for <TaskInstance: age_check.age_check scheduled__2022-12-26T00:00:00+00:00 [queued]>
[2023-04-19T12:45:39.020+0000] {taskinstance.py:1083} INFO - Dependencies all met for <TaskInstance: age_check.age_check scheduled__2022-12-26T00:00:00+00:00 [queued]>
[2023-04-19T12:45:39.024+0000] {taskinstance.py:1279} INFO - 
--------------------------------------------------------------------------------
[2023-04-19T12:45:39.026+0000] {taskinstance.py:1280} INFO - Starting attempt 2 of 4
[2023-04-19T12:45:39.028+0000] {taskinstance.py:1281} INFO - 
--------------------------------------------------------------------------------
[2023-04-19T12:45:39.150+0000] {taskinstance.py:1300} INFO - Executing <Task(PythonOperator): age_check> on 2022-12-26 00:00:00+00:00
[2023-04-19T12:45:39.165+0000] {standard_task_runner.py:55} INFO - Started process 23704 to run task
[2023-04-19T12:45:39.184+0000] {standard_task_runner.py:82} INFO - Running: ['***', 'tasks', 'run', 'age_check', 'age_check', 'scheduled__2022-12-26T00:00:00+00:00', '--job-id', '1497', '--raw', '--subdir', 'DAGS_FOLDER/age.py', '--cfg-path', '/tmp/tmpr78_hcdl']
[2023-04-19T12:45:39.198+0000] {standard_task_runner.py:83} INFO - Job 1497: Subtask age_check
[2023-04-19T12:45:39.458+0000] {task_command.py:388} INFO - Running <TaskInstance: age_check.age_check scheduled__2022-12-26T00:00:00+00:00 [running]> on host fe34f61acbb3
[2023-04-19T12:45:39.625+0000] {taskinstance.py:1509} INFO - Exporting the following env vars:
AIRFLOW_CTX_DAG_OWNER=***
AIRFLOW_CTX_DAG_ID=age_check
AIRFLOW_CTX_TASK_ID=age_check
AIRFLOW_CTX_EXECUTION_DATE=2022-12-26T00:00:00+00:00
AIRFLOW_CTX_TRY_NUMBER=2
AIRFLOW_CTX_DAG_RUN_ID=scheduled__2022-12-26T00:00:00+00:00
[2023-04-19T12:45:39.657+0000] {taskinstance.py:1768} ERROR - Task failed with exception
Traceback (most recent call last):
  File "/home/airflow/.local/lib/python3.7/site-packages/airflow/operators/python.py", line 175, in execute
    return_value = self.execute_callable()
  File "/home/airflow/.local/lib/python3.7/site-packages/airflow/operators/python.py", line 192, in execute_callable
    return self.python_callable(*self.op_args, **self.op_kwargs)
  File "/opt/airflow/dags/age.py", line 35, in age_check
    birth_year = int(Variable.get('birth_year'))
  File "/home/airflow/.local/lib/python3.7/site-packages/airflow/models/variable.py", line 141, in get
    raise KeyError(f"Variable {key} does not exist")
KeyError: 'Variable birth_year does not exist'
[2023-04-19T12:45:39.694+0000] {taskinstance.py:1323} INFO - Marking task as UP_FOR_RETRY. dag_id=age_check, task_id=age_check, execution_date=20221226T000000, start_date=20230419T124538, end_date=20230419T124539
[2023-04-19T12:45:39.778+0000] {standard_task_runner.py:105} ERROR - Failed to execute job 1497 for task age_check ('Variable birth_year does not exist'; 23704)
[2023-04-19T12:45:39.826+0000] {local_task_job.py:208} INFO - Task exited with return code 1
[2023-04-19T12:45:40.037+0000] {taskinstance.py:2578} INFO - 0 downstream tasks scheduled from follow-on schedule check
[2023-05-20T20:57:13.080+0000] {taskinstance.py:1083} INFO - Dependencies all met for <TaskInstance: age_check.age_check scheduled__2022-12-26T00:00:00+00:00 [queued]>
[2023-05-20T20:57:13.105+0000] {taskinstance.py:1083} INFO - Dependencies all met for <TaskInstance: age_check.age_check scheduled__2022-12-26T00:00:00+00:00 [queued]>
[2023-05-20T20:57:13.106+0000] {taskinstance.py:1279} INFO - 
--------------------------------------------------------------------------------
[2023-05-20T20:57:13.107+0000] {taskinstance.py:1280} INFO - Starting attempt 2 of 4
[2023-05-20T20:57:13.108+0000] {taskinstance.py:1281} INFO - 
--------------------------------------------------------------------------------
[2023-05-20T20:57:13.124+0000] {taskinstance.py:1300} INFO - Executing <Task(PythonOperator): age_check> on 2022-12-26 00:00:00+00:00
[2023-05-20T20:57:13.132+0000] {standard_task_runner.py:55} INFO - Started process 539 to run task
[2023-05-20T20:57:13.141+0000] {standard_task_runner.py:82} INFO - Running: ['***', 'tasks', 'run', 'age_check', 'age_check', 'scheduled__2022-12-26T00:00:00+00:00', '--job-id', '1105', '--raw', '--subdir', 'DAGS_FOLDER/age.py', '--cfg-path', '/tmp/tmpxielc77z']
[2023-05-20T20:57:13.143+0000] {standard_task_runner.py:83} INFO - Job 1105: Subtask age_check
[2023-05-20T20:57:13.266+0000] {task_command.py:388} INFO - Running <TaskInstance: age_check.age_check scheduled__2022-12-26T00:00:00+00:00 [running]> on host 242f95e3e8a8
[2023-05-20T20:57:13.347+0000] {taskinstance.py:1509} INFO - Exporting the following env vars:
AIRFLOW_CTX_DAG_OWNER=***
AIRFLOW_CTX_DAG_ID=age_check
AIRFLOW_CTX_TASK_ID=age_check
AIRFLOW_CTX_EXECUTION_DATE=2022-12-26T00:00:00+00:00
AIRFLOW_CTX_TRY_NUMBER=2
AIRFLOW_CTX_DAG_RUN_ID=scheduled__2022-12-26T00:00:00+00:00
[2023-05-20T20:57:13.364+0000] {taskinstance.py:1768} ERROR - Task failed with exception
Traceback (most recent call last):
  File "/home/airflow/.local/lib/python3.7/site-packages/airflow/operators/python.py", line 175, in execute
    return_value = self.execute_callable()
  File "/home/airflow/.local/lib/python3.7/site-packages/airflow/operators/python.py", line 192, in execute_callable
    return self.python_callable(*self.op_args, **self.op_kwargs)
  File "/opt/airflow/dags/age.py", line 35, in age_check
    birth_year = int(Variable.get('birth_year'))
  File "/home/airflow/.local/lib/python3.7/site-packages/airflow/models/variable.py", line 141, in get
    raise KeyError(f"Variable {key} does not exist")
KeyError: 'Variable birth_year does not exist'
[2023-05-20T20:57:13.379+0000] {taskinstance.py:1323} INFO - Marking task as UP_FOR_RETRY. dag_id=age_check, task_id=age_check, execution_date=20221226T000000, start_date=20230520T205713, end_date=20230520T205713
[2023-05-20T20:57:13.387+0000] {standard_task_runner.py:105} ERROR - Failed to execute job 1105 for task age_check ('Variable birth_year does not exist'; 539)
[2023-05-20T20:57:13.430+0000] {local_task_job.py:208} INFO - Task exited with return code 1
[2023-05-20T20:57:13.455+0000] {taskinstance.py:2578} INFO - 0 downstream tasks scheduled from follow-on schedule check
