[2023-04-19T12:46:07.798+0000] {taskinstance.py:1083} INFO - Dependencies all met for <TaskInstance: age_check.age_check scheduled__2022-12-26T00:00:00+00:00 [queued]>
[2023-04-19T12:46:07.812+0000] {taskinstance.py:1083} INFO - Dependencies all met for <TaskInstance: age_check.age_check scheduled__2022-12-26T00:00:00+00:00 [queued]>
[2023-04-19T12:46:07.813+0000] {taskinstance.py:1279} INFO - 
--------------------------------------------------------------------------------
[2023-04-19T12:46:07.815+0000] {taskinstance.py:1280} INFO - Starting attempt 4 of 4
[2023-04-19T12:46:07.816+0000] {taskinstance.py:1281} INFO - 
--------------------------------------------------------------------------------
[2023-04-19T12:46:07.828+0000] {taskinstance.py:1300} INFO - Executing <Task(PythonOperator): age_check> on 2022-12-26 00:00:00+00:00
[2023-04-19T12:46:07.837+0000] {standard_task_runner.py:55} INFO - Started process 23833 to run task
[2023-04-19T12:46:07.859+0000] {standard_task_runner.py:82} INFO - Running: ['***', 'tasks', 'run', 'age_check', 'age_check', 'scheduled__2022-12-26T00:00:00+00:00', '--job-id', '1551', '--raw', '--subdir', 'DAGS_FOLDER/age.py', '--cfg-path', '/tmp/tmp2kkro12d']
[2023-04-19T12:46:07.861+0000] {standard_task_runner.py:83} INFO - Job 1551: Subtask age_check
[2023-04-19T12:46:08.052+0000] {task_command.py:388} INFO - Running <TaskInstance: age_check.age_check scheduled__2022-12-26T00:00:00+00:00 [running]> on host fe34f61acbb3
[2023-04-19T12:46:08.286+0000] {taskinstance.py:1509} INFO - Exporting the following env vars:
AIRFLOW_CTX_DAG_OWNER=***
AIRFLOW_CTX_DAG_ID=age_check
AIRFLOW_CTX_TASK_ID=age_check
AIRFLOW_CTX_EXECUTION_DATE=2022-12-26T00:00:00+00:00
AIRFLOW_CTX_TRY_NUMBER=4
AIRFLOW_CTX_DAG_RUN_ID=scheduled__2022-12-26T00:00:00+00:00
[2023-04-19T12:46:08.305+0000] {taskinstance.py:1768} ERROR - Task failed with exception
Traceback (most recent call last):
  File "/home/airflow/.local/lib/python3.7/site-packages/airflow/operators/python.py", line 175, in execute
    return_value = self.execute_callable()
  File "/home/airflow/.local/lib/python3.7/site-packages/airflow/operators/python.py", line 192, in execute_callable
    return self.python_callable(*self.op_args, **self.op_kwargs)
  File "/opt/airflow/dags/age.py", line 35, in age_check
    birth_year = int(Variable.get('birth_year'))
  File "/home/airflow/.local/lib/python3.7/site-packages/airflow/models/variable.py", line 141, in get
    raise KeyError(f"Variable {key} does not exist")
KeyError: 'Variable birth_year does not exist'
[2023-04-19T12:46:08.345+0000] {taskinstance.py:1323} INFO - Marking task as FAILED. dag_id=age_check, task_id=age_check, execution_date=20221226T000000, start_date=20230419T124607, end_date=20230419T124608
[2023-04-19T12:46:08.371+0000] {standard_task_runner.py:105} ERROR - Failed to execute job 1551 for task age_check ('Variable birth_year does not exist'; 23833)
[2023-04-19T12:46:08.421+0000] {local_task_job.py:208} INFO - Task exited with return code 1
[2023-04-19T12:46:08.517+0000] {taskinstance.py:2578} INFO - 0 downstream tasks scheduled from follow-on schedule check
[2023-05-20T20:57:36.683+0000] {taskinstance.py:1083} INFO - Dependencies all met for <TaskInstance: age_check.age_check scheduled__2022-12-26T00:00:00+00:00 [queued]>
[2023-05-20T20:57:36.698+0000] {taskinstance.py:1083} INFO - Dependencies all met for <TaskInstance: age_check.age_check scheduled__2022-12-26T00:00:00+00:00 [queued]>
[2023-05-20T20:57:36.703+0000] {taskinstance.py:1279} INFO - 
--------------------------------------------------------------------------------
[2023-05-20T20:57:36.706+0000] {taskinstance.py:1280} INFO - Starting attempt 4 of 4
[2023-05-20T20:57:36.710+0000] {taskinstance.py:1281} INFO - 
--------------------------------------------------------------------------------
[2023-05-20T20:57:36.753+0000] {taskinstance.py:1300} INFO - Executing <Task(PythonOperator): age_check> on 2022-12-26 00:00:00+00:00
[2023-05-20T20:57:36.762+0000] {standard_task_runner.py:55} INFO - Started process 637 to run task
[2023-05-20T20:57:36.771+0000] {standard_task_runner.py:82} INFO - Running: ['***', 'tasks', 'run', 'age_check', 'age_check', 'scheduled__2022-12-26T00:00:00+00:00', '--job-id', '1142', '--raw', '--subdir', 'DAGS_FOLDER/age.py', '--cfg-path', '/tmp/tmpu9zh8eqw']
[2023-05-20T20:57:36.775+0000] {standard_task_runner.py:83} INFO - Job 1142: Subtask age_check
[2023-05-20T20:57:37.054+0000] {task_command.py:388} INFO - Running <TaskInstance: age_check.age_check scheduled__2022-12-26T00:00:00+00:00 [running]> on host 242f95e3e8a8
[2023-05-20T20:57:37.349+0000] {taskinstance.py:1509} INFO - Exporting the following env vars:
AIRFLOW_CTX_DAG_OWNER=***
AIRFLOW_CTX_DAG_ID=age_check
AIRFLOW_CTX_TASK_ID=age_check
AIRFLOW_CTX_EXECUTION_DATE=2022-12-26T00:00:00+00:00
AIRFLOW_CTX_TRY_NUMBER=4
AIRFLOW_CTX_DAG_RUN_ID=scheduled__2022-12-26T00:00:00+00:00
[2023-05-20T20:57:37.378+0000] {taskinstance.py:1768} ERROR - Task failed with exception
Traceback (most recent call last):
  File "/home/airflow/.local/lib/python3.7/site-packages/airflow/operators/python.py", line 175, in execute
    return_value = self.execute_callable()
  File "/home/airflow/.local/lib/python3.7/site-packages/airflow/operators/python.py", line 192, in execute_callable
    return self.python_callable(*self.op_args, **self.op_kwargs)
  File "/opt/airflow/dags/age.py", line 35, in age_check
    birth_year = int(Variable.get('birth_year'))
  File "/home/airflow/.local/lib/python3.7/site-packages/airflow/models/variable.py", line 141, in get
    raise KeyError(f"Variable {key} does not exist")
KeyError: 'Variable birth_year does not exist'
[2023-05-20T20:57:37.409+0000] {taskinstance.py:1323} INFO - Marking task as FAILED. dag_id=age_check, task_id=age_check, execution_date=20221226T000000, start_date=20230520T205736, end_date=20230520T205737
[2023-05-20T20:57:37.497+0000] {standard_task_runner.py:105} ERROR - Failed to execute job 1142 for task age_check ('Variable birth_year does not exist'; 637)
[2023-05-20T20:57:37.617+0000] {local_task_job.py:208} INFO - Task exited with return code 1
[2023-05-20T20:57:37.767+0000] {taskinstance.py:2578} INFO - 0 downstream tasks scheduled from follow-on schedule check
