[2023-04-19T12:40:13.381+0000] {taskinstance.py:1083} INFO - Dependencies all met for <TaskInstance: age_check.age_check scheduled__2022-10-03T00:00:00+00:00 [queued]>
[2023-04-19T12:40:13.389+0000] {taskinstance.py:1083} INFO - Dependencies all met for <TaskInstance: age_check.age_check scheduled__2022-10-03T00:00:00+00:00 [queued]>
[2023-04-19T12:40:13.391+0000] {taskinstance.py:1279} INFO - 
--------------------------------------------------------------------------------
[2023-04-19T12:40:13.392+0000] {taskinstance.py:1280} INFO - Starting attempt 2 of 4
[2023-04-19T12:40:13.393+0000] {taskinstance.py:1281} INFO - 
--------------------------------------------------------------------------------
[2023-04-19T12:40:13.406+0000] {taskinstance.py:1300} INFO - Executing <Task(PythonOperator): age_check> on 2022-10-03 00:00:00+00:00
[2023-04-19T12:40:13.415+0000] {standard_task_runner.py:55} INFO - Started process 22356 to run task
[2023-04-19T12:40:13.421+0000] {standard_task_runner.py:82} INFO - Running: ['***', 'tasks', 'run', 'age_check', 'age_check', 'scheduled__2022-10-03T00:00:00+00:00', '--job-id', '957', '--raw', '--subdir', 'DAGS_FOLDER/age.py', '--cfg-path', '/tmp/tmpm3qeanmu']
[2023-04-19T12:40:13.423+0000] {standard_task_runner.py:83} INFO - Job 957: Subtask age_check
[2023-04-19T12:40:13.495+0000] {task_command.py:388} INFO - Running <TaskInstance: age_check.age_check scheduled__2022-10-03T00:00:00+00:00 [running]> on host fe34f61acbb3
[2023-04-19T12:40:13.542+0000] {taskinstance.py:1509} INFO - Exporting the following env vars:
AIRFLOW_CTX_DAG_OWNER=***
AIRFLOW_CTX_DAG_ID=age_check
AIRFLOW_CTX_TASK_ID=age_check
AIRFLOW_CTX_EXECUTION_DATE=2022-10-03T00:00:00+00:00
AIRFLOW_CTX_TRY_NUMBER=2
AIRFLOW_CTX_DAG_RUN_ID=scheduled__2022-10-03T00:00:00+00:00
[2023-04-19T12:40:13.549+0000] {taskinstance.py:1768} ERROR - Task failed with exception
Traceback (most recent call last):
  File "/home/airflow/.local/lib/python3.7/site-packages/airflow/operators/python.py", line 175, in execute
    return_value = self.execute_callable()
  File "/home/airflow/.local/lib/python3.7/site-packages/airflow/operators/python.py", line 192, in execute_callable
    return self.python_callable(*self.op_args, **self.op_kwargs)
  File "/opt/airflow/dags/age.py", line 35, in age_check
    birth_year = int(Variable.get('birth_year'))
  File "/home/airflow/.local/lib/python3.7/site-packages/airflow/models/variable.py", line 141, in get
    raise KeyError(f"Variable {key} does not exist")
KeyError: 'Variable birth_year does not exist'
[2023-04-19T12:40:13.582+0000] {taskinstance.py:1323} INFO - Marking task as UP_FOR_RETRY. dag_id=age_check, task_id=age_check, execution_date=20221003T000000, start_date=20230419T124013, end_date=20230419T124013
[2023-04-19T12:40:13.592+0000] {standard_task_runner.py:105} ERROR - Failed to execute job 957 for task age_check ('Variable birth_year does not exist'; 22356)
[2023-04-19T12:40:13.639+0000] {local_task_job.py:208} INFO - Task exited with return code 1
[2023-04-19T12:40:13.658+0000] {taskinstance.py:2578} INFO - 0 downstream tasks scheduled from follow-on schedule check
[2023-05-17T09:55:47.323+0000] {taskinstance.py:1083} INFO - Dependencies all met for <TaskInstance: age_check.age_check scheduled__2022-10-03T00:00:00+00:00 [queued]>
[2023-05-17T09:55:47.330+0000] {taskinstance.py:1083} INFO - Dependencies all met for <TaskInstance: age_check.age_check scheduled__2022-10-03T00:00:00+00:00 [queued]>
[2023-05-17T09:55:47.331+0000] {taskinstance.py:1279} INFO - 
--------------------------------------------------------------------------------
[2023-05-17T09:55:47.332+0000] {taskinstance.py:1280} INFO - Starting attempt 2 of 4
[2023-05-17T09:55:47.334+0000] {taskinstance.py:1281} INFO - 
--------------------------------------------------------------------------------
[2023-05-17T09:55:47.343+0000] {taskinstance.py:1300} INFO - Executing <Task(PythonOperator): age_check> on 2022-10-03 00:00:00+00:00
[2023-05-17T09:55:47.348+0000] {standard_task_runner.py:55} INFO - Started process 5026 to run task
[2023-05-17T09:55:47.352+0000] {standard_task_runner.py:82} INFO - Running: ['***', 'tasks', 'run', 'age_check', 'age_check', 'scheduled__2022-10-03T00:00:00+00:00', '--job-id', '518', '--raw', '--subdir', 'DAGS_FOLDER/age.py', '--cfg-path', '/tmp/tmpbmmk7ofu']
[2023-05-17T09:55:47.354+0000] {standard_task_runner.py:83} INFO - Job 518: Subtask age_check
[2023-05-17T09:55:47.417+0000] {task_command.py:388} INFO - Running <TaskInstance: age_check.age_check scheduled__2022-10-03T00:00:00+00:00 [running]> on host 242f95e3e8a8
[2023-05-17T09:55:47.477+0000] {taskinstance.py:1509} INFO - Exporting the following env vars:
AIRFLOW_CTX_DAG_OWNER=***
AIRFLOW_CTX_DAG_ID=age_check
AIRFLOW_CTX_TASK_ID=age_check
AIRFLOW_CTX_EXECUTION_DATE=2022-10-03T00:00:00+00:00
AIRFLOW_CTX_TRY_NUMBER=2
AIRFLOW_CTX_DAG_RUN_ID=scheduled__2022-10-03T00:00:00+00:00
[2023-05-17T09:55:47.486+0000] {taskinstance.py:1768} ERROR - Task failed with exception
Traceback (most recent call last):
  File "/home/airflow/.local/lib/python3.7/site-packages/airflow/operators/python.py", line 175, in execute
    return_value = self.execute_callable()
  File "/home/airflow/.local/lib/python3.7/site-packages/airflow/operators/python.py", line 192, in execute_callable
    return self.python_callable(*self.op_args, **self.op_kwargs)
  File "/opt/airflow/dags/age.py", line 35, in age_check
    birth_year = int(Variable.get('birth_year'))
  File "/home/airflow/.local/lib/python3.7/site-packages/airflow/models/variable.py", line 141, in get
    raise KeyError(f"Variable {key} does not exist")
KeyError: 'Variable birth_year does not exist'
[2023-05-17T09:55:47.497+0000] {taskinstance.py:1323} INFO - Marking task as UP_FOR_RETRY. dag_id=age_check, task_id=age_check, execution_date=20221003T000000, start_date=20230517T095547, end_date=20230517T095547
[2023-05-17T09:55:47.507+0000] {standard_task_runner.py:105} ERROR - Failed to execute job 518 for task age_check ('Variable birth_year does not exist'; 5026)
[2023-05-17T09:55:47.524+0000] {local_task_job.py:208} INFO - Task exited with return code 1
[2023-05-17T09:55:47.544+0000] {taskinstance.py:2578} INFO - 0 downstream tasks scheduled from follow-on schedule check
