[2023-04-19T12:51:54.722+0000] {taskinstance.py:1083} INFO - Dependencies all met for <TaskInstance: age_check.age_check scheduled__2023-03-24T00:00:00+00:00 [queued]>
[2023-04-19T12:51:54.877+0000] {taskinstance.py:1083} INFO - Dependencies all met for <TaskInstance: age_check.age_check scheduled__2023-03-24T00:00:00+00:00 [queued]>
[2023-04-19T12:51:54.895+0000] {taskinstance.py:1279} INFO - 
--------------------------------------------------------------------------------
[2023-04-19T12:51:54.900+0000] {taskinstance.py:1280} INFO - Starting attempt 4 of 4
[2023-04-19T12:51:54.902+0000] {taskinstance.py:1281} INFO - 
--------------------------------------------------------------------------------
[2023-04-19T12:51:55.023+0000] {taskinstance.py:1300} INFO - Executing <Task(PythonOperator): age_check> on 2023-03-24 00:00:00+00:00
[2023-04-19T12:51:55.059+0000] {standard_task_runner.py:55} INFO - Started process 25474 to run task
[2023-04-19T12:51:55.101+0000] {standard_task_runner.py:82} INFO - Running: ['***', 'tasks', 'run', 'age_check', 'age_check', 'scheduled__2023-03-24T00:00:00+00:00', '--job-id', '2234', '--raw', '--subdir', 'DAGS_FOLDER/age.py', '--cfg-path', '/tmp/tmp1f8pdckr']
[2023-04-19T12:51:55.111+0000] {standard_task_runner.py:83} INFO - Job 2234: Subtask age_check
[2023-04-19T12:51:55.419+0000] {task_command.py:388} INFO - Running <TaskInstance: age_check.age_check scheduled__2023-03-24T00:00:00+00:00 [running]> on host fe34f61acbb3
[2023-04-19T12:51:55.775+0000] {taskinstance.py:1509} INFO - Exporting the following env vars:
AIRFLOW_CTX_DAG_OWNER=***
AIRFLOW_CTX_DAG_ID=age_check
AIRFLOW_CTX_TASK_ID=age_check
AIRFLOW_CTX_EXECUTION_DATE=2023-03-24T00:00:00+00:00
AIRFLOW_CTX_TRY_NUMBER=4
AIRFLOW_CTX_DAG_RUN_ID=scheduled__2023-03-24T00:00:00+00:00
[2023-04-19T12:51:55.823+0000] {taskinstance.py:1768} ERROR - Task failed with exception
Traceback (most recent call last):
  File "/home/airflow/.local/lib/python3.7/site-packages/airflow/operators/python.py", line 175, in execute
    return_value = self.execute_callable()
  File "/home/airflow/.local/lib/python3.7/site-packages/airflow/operators/python.py", line 192, in execute_callable
    return self.python_callable(*self.op_args, **self.op_kwargs)
  File "/opt/airflow/dags/age.py", line 35, in age_check
    birth_year = int(Variable.get('birth_year'))
  File "/home/airflow/.local/lib/python3.7/site-packages/airflow/models/variable.py", line 141, in get
    raise KeyError(f"Variable {key} does not exist")
KeyError: 'Variable birth_year does not exist'
[2023-04-19T12:51:55.907+0000] {taskinstance.py:1323} INFO - Marking task as FAILED. dag_id=age_check, task_id=age_check, execution_date=20230324T000000, start_date=20230419T125154, end_date=20230419T125155
[2023-04-19T12:51:55.929+0000] {standard_task_runner.py:105} ERROR - Failed to execute job 2234 for task age_check ('Variable birth_year does not exist'; 25474)
[2023-04-19T12:51:56.012+0000] {local_task_job.py:208} INFO - Task exited with return code 1
[2023-04-19T12:51:56.195+0000] {taskinstance.py:2578} INFO - 0 downstream tasks scheduled from follow-on schedule check
[2023-05-20T21:49:31.768+0000] {taskinstance.py:1083} INFO - Dependencies all met for <TaskInstance: age_check.age_check scheduled__2023-03-24T00:00:00+00:00 [queued]>
[2023-05-20T21:49:31.779+0000] {taskinstance.py:1083} INFO - Dependencies all met for <TaskInstance: age_check.age_check scheduled__2023-03-24T00:00:00+00:00 [queued]>
[2023-05-20T21:49:31.780+0000] {taskinstance.py:1279} INFO - 
--------------------------------------------------------------------------------
[2023-05-20T21:49:31.781+0000] {taskinstance.py:1280} INFO - Starting attempt 4 of 4
[2023-05-20T21:49:31.781+0000] {taskinstance.py:1281} INFO - 
--------------------------------------------------------------------------------
[2023-05-20T21:49:31.801+0000] {taskinstance.py:1300} INFO - Executing <Task(PythonOperator): age_check> on 2023-03-24 00:00:00+00:00
[2023-05-20T21:49:31.806+0000] {standard_task_runner.py:55} INFO - Started process 2022 to run task
[2023-05-20T21:49:31.811+0000] {standard_task_runner.py:82} INFO - Running: ['***', 'tasks', 'run', 'age_check', 'age_check', 'scheduled__2023-03-24T00:00:00+00:00', '--job-id', '1709', '--raw', '--subdir', 'DAGS_FOLDER/age.py', '--cfg-path', '/tmp/tmpo5sdz_pm']
[2023-05-20T21:49:31.814+0000] {standard_task_runner.py:83} INFO - Job 1709: Subtask age_check
[2023-05-20T21:49:31.912+0000] {task_command.py:388} INFO - Running <TaskInstance: age_check.age_check scheduled__2023-03-24T00:00:00+00:00 [running]> on host 242f95e3e8a8
[2023-05-20T21:49:32.013+0000] {taskinstance.py:1509} INFO - Exporting the following env vars:
AIRFLOW_CTX_DAG_OWNER=***
AIRFLOW_CTX_DAG_ID=age_check
AIRFLOW_CTX_TASK_ID=age_check
AIRFLOW_CTX_EXECUTION_DATE=2023-03-24T00:00:00+00:00
AIRFLOW_CTX_TRY_NUMBER=4
AIRFLOW_CTX_DAG_RUN_ID=scheduled__2023-03-24T00:00:00+00:00
[2023-05-20T21:49:32.025+0000] {taskinstance.py:1768} ERROR - Task failed with exception
Traceback (most recent call last):
  File "/home/airflow/.local/lib/python3.7/site-packages/airflow/operators/python.py", line 175, in execute
    return_value = self.execute_callable()
  File "/home/airflow/.local/lib/python3.7/site-packages/airflow/operators/python.py", line 192, in execute_callable
    return self.python_callable(*self.op_args, **self.op_kwargs)
  File "/opt/airflow/dags/age.py", line 35, in age_check
    birth_year = int(Variable.get('birth_year'))
  File "/home/airflow/.local/lib/python3.7/site-packages/airflow/models/variable.py", line 141, in get
    raise KeyError(f"Variable {key} does not exist")
KeyError: 'Variable birth_year does not exist'
[2023-05-20T21:49:32.038+0000] {taskinstance.py:1323} INFO - Marking task as FAILED. dag_id=age_check, task_id=age_check, execution_date=20230324T000000, start_date=20230520T214931, end_date=20230520T214932
[2023-05-20T21:49:32.047+0000] {standard_task_runner.py:105} ERROR - Failed to execute job 1709 for task age_check ('Variable birth_year does not exist'; 2022)
[2023-05-20T21:49:32.072+0000] {local_task_job.py:208} INFO - Task exited with return code 1
[2023-05-20T21:49:32.101+0000] {taskinstance.py:2578} INFO - 0 downstream tasks scheduled from follow-on schedule check
