[2023-04-19T12:51:38.690+0000] {taskinstance.py:1083} INFO - Dependencies all met for <TaskInstance: age_check.age_check scheduled__2023-03-24T00:00:00+00:00 [queued]>
[2023-04-19T12:51:38.817+0000] {taskinstance.py:1083} INFO - Dependencies all met for <TaskInstance: age_check.age_check scheduled__2023-03-24T00:00:00+00:00 [queued]>
[2023-04-19T12:51:38.819+0000] {taskinstance.py:1279} INFO - 
--------------------------------------------------------------------------------
[2023-04-19T12:51:38.820+0000] {taskinstance.py:1280} INFO - Starting attempt 3 of 4
[2023-04-19T12:51:38.824+0000] {taskinstance.py:1281} INFO - 
--------------------------------------------------------------------------------
[2023-04-19T12:51:38.946+0000] {taskinstance.py:1300} INFO - Executing <Task(PythonOperator): age_check> on 2023-03-24 00:00:00+00:00
[2023-04-19T12:51:38.987+0000] {standard_task_runner.py:55} INFO - Started process 25390 to run task
[2023-04-19T12:51:39.036+0000] {standard_task_runner.py:82} INFO - Running: ['***', 'tasks', 'run', 'age_check', 'age_check', 'scheduled__2023-03-24T00:00:00+00:00', '--job-id', '2197', '--raw', '--subdir', 'DAGS_FOLDER/age.py', '--cfg-path', '/tmp/tmpwirlebco']
[2023-04-19T12:51:39.046+0000] {standard_task_runner.py:83} INFO - Job 2197: Subtask age_check
[2023-04-19T12:51:39.336+0000] {task_command.py:388} INFO - Running <TaskInstance: age_check.age_check scheduled__2023-03-24T00:00:00+00:00 [running]> on host fe34f61acbb3
[2023-04-19T12:51:39.568+0000] {taskinstance.py:1509} INFO - Exporting the following env vars:
AIRFLOW_CTX_DAG_OWNER=***
AIRFLOW_CTX_DAG_ID=age_check
AIRFLOW_CTX_TASK_ID=age_check
AIRFLOW_CTX_EXECUTION_DATE=2023-03-24T00:00:00+00:00
AIRFLOW_CTX_TRY_NUMBER=3
AIRFLOW_CTX_DAG_RUN_ID=scheduled__2023-03-24T00:00:00+00:00
[2023-04-19T12:51:39.591+0000] {taskinstance.py:1768} ERROR - Task failed with exception
Traceback (most recent call last):
  File "/home/airflow/.local/lib/python3.7/site-packages/airflow/operators/python.py", line 175, in execute
    return_value = self.execute_callable()
  File "/home/airflow/.local/lib/python3.7/site-packages/airflow/operators/python.py", line 192, in execute_callable
    return self.python_callable(*self.op_args, **self.op_kwargs)
  File "/opt/airflow/dags/age.py", line 35, in age_check
    birth_year = int(Variable.get('birth_year'))
  File "/home/airflow/.local/lib/python3.7/site-packages/airflow/models/variable.py", line 141, in get
    raise KeyError(f"Variable {key} does not exist")
KeyError: 'Variable birth_year does not exist'
[2023-04-19T12:51:39.635+0000] {taskinstance.py:1323} INFO - Marking task as UP_FOR_RETRY. dag_id=age_check, task_id=age_check, execution_date=20230324T000000, start_date=20230419T125138, end_date=20230419T125139
[2023-04-19T12:51:39.657+0000] {standard_task_runner.py:105} ERROR - Failed to execute job 2197 for task age_check ('Variable birth_year does not exist'; 25390)
[2023-04-19T12:51:39.760+0000] {local_task_job.py:208} INFO - Task exited with return code 1
[2023-04-19T12:51:39.826+0000] {taskinstance.py:2578} INFO - 0 downstream tasks scheduled from follow-on schedule check
[2023-05-20T21:49:20.818+0000] {taskinstance.py:1083} INFO - Dependencies all met for <TaskInstance: age_check.age_check scheduled__2023-03-24T00:00:00+00:00 [queued]>
[2023-05-20T21:49:20.830+0000] {taskinstance.py:1083} INFO - Dependencies all met for <TaskInstance: age_check.age_check scheduled__2023-03-24T00:00:00+00:00 [queued]>
[2023-05-20T21:49:20.832+0000] {taskinstance.py:1279} INFO - 
--------------------------------------------------------------------------------
[2023-05-20T21:49:20.833+0000] {taskinstance.py:1280} INFO - Starting attempt 3 of 4
[2023-05-20T21:49:20.834+0000] {taskinstance.py:1281} INFO - 
--------------------------------------------------------------------------------
[2023-05-20T21:49:20.877+0000] {taskinstance.py:1300} INFO - Executing <Task(PythonOperator): age_check> on 2023-03-24 00:00:00+00:00
[2023-05-20T21:49:20.893+0000] {standard_task_runner.py:55} INFO - Started process 1991 to run task
[2023-05-20T21:49:20.907+0000] {standard_task_runner.py:82} INFO - Running: ['***', 'tasks', 'run', 'age_check', 'age_check', 'scheduled__2023-03-24T00:00:00+00:00', '--job-id', '1698', '--raw', '--subdir', 'DAGS_FOLDER/age.py', '--cfg-path', '/tmp/tmpu74xi7na']
[2023-05-20T21:49:20.913+0000] {standard_task_runner.py:83} INFO - Job 1698: Subtask age_check
[2023-05-20T21:49:21.026+0000] {task_command.py:388} INFO - Running <TaskInstance: age_check.age_check scheduled__2023-03-24T00:00:00+00:00 [running]> on host 242f95e3e8a8
[2023-05-20T21:49:21.153+0000] {taskinstance.py:1509} INFO - Exporting the following env vars:
AIRFLOW_CTX_DAG_OWNER=***
AIRFLOW_CTX_DAG_ID=age_check
AIRFLOW_CTX_TASK_ID=age_check
AIRFLOW_CTX_EXECUTION_DATE=2023-03-24T00:00:00+00:00
AIRFLOW_CTX_TRY_NUMBER=3
AIRFLOW_CTX_DAG_RUN_ID=scheduled__2023-03-24T00:00:00+00:00
[2023-05-20T21:49:21.177+0000] {taskinstance.py:1768} ERROR - Task failed with exception
Traceback (most recent call last):
  File "/home/airflow/.local/lib/python3.7/site-packages/airflow/operators/python.py", line 175, in execute
    return_value = self.execute_callable()
  File "/home/airflow/.local/lib/python3.7/site-packages/airflow/operators/python.py", line 192, in execute_callable
    return self.python_callable(*self.op_args, **self.op_kwargs)
  File "/opt/airflow/dags/age.py", line 35, in age_check
    birth_year = int(Variable.get('birth_year'))
  File "/home/airflow/.local/lib/python3.7/site-packages/airflow/models/variable.py", line 141, in get
    raise KeyError(f"Variable {key} does not exist")
KeyError: 'Variable birth_year does not exist'
[2023-05-20T21:49:21.190+0000] {taskinstance.py:1323} INFO - Marking task as UP_FOR_RETRY. dag_id=age_check, task_id=age_check, execution_date=20230324T000000, start_date=20230520T214920, end_date=20230520T214921
[2023-05-20T21:49:21.213+0000] {standard_task_runner.py:105} ERROR - Failed to execute job 1698 for task age_check ('Variable birth_year does not exist'; 1991)
[2023-05-20T21:49:21.280+0000] {local_task_job.py:208} INFO - Task exited with return code 1
[2023-05-20T21:49:21.368+0000] {taskinstance.py:2578} INFO - 0 downstream tasks scheduled from follow-on schedule check
