[2023-04-19T12:51:25.739+0000] {taskinstance.py:1083} INFO - Dependencies all met for <TaskInstance: age_check.age_check scheduled__2023-03-24T00:00:00+00:00 [queued]>
[2023-04-19T12:51:25.750+0000] {taskinstance.py:1083} INFO - Dependencies all met for <TaskInstance: age_check.age_check scheduled__2023-03-24T00:00:00+00:00 [queued]>
[2023-04-19T12:51:25.751+0000] {taskinstance.py:1279} INFO - 
--------------------------------------------------------------------------------
[2023-04-19T12:51:25.752+0000] {taskinstance.py:1280} INFO - Starting attempt 2 of 4
[2023-04-19T12:51:25.753+0000] {taskinstance.py:1281} INFO - 
--------------------------------------------------------------------------------
[2023-04-19T12:51:25.762+0000] {taskinstance.py:1300} INFO - Executing <Task(PythonOperator): age_check> on 2023-03-24 00:00:00+00:00
[2023-04-19T12:51:25.769+0000] {standard_task_runner.py:55} INFO - Started process 25319 to run task
[2023-04-19T12:51:25.772+0000] {standard_task_runner.py:82} INFO - Running: ['***', 'tasks', 'run', 'age_check', 'age_check', 'scheduled__2023-03-24T00:00:00+00:00', '--job-id', '2171', '--raw', '--subdir', 'DAGS_FOLDER/age.py', '--cfg-path', '/tmp/tmpdj_5rljv']
[2023-04-19T12:51:25.773+0000] {standard_task_runner.py:83} INFO - Job 2171: Subtask age_check
[2023-04-19T12:51:25.821+0000] {task_command.py:388} INFO - Running <TaskInstance: age_check.age_check scheduled__2023-03-24T00:00:00+00:00 [running]> on host fe34f61acbb3
[2023-04-19T12:51:25.870+0000] {taskinstance.py:1509} INFO - Exporting the following env vars:
AIRFLOW_CTX_DAG_OWNER=***
AIRFLOW_CTX_DAG_ID=age_check
AIRFLOW_CTX_TASK_ID=age_check
AIRFLOW_CTX_EXECUTION_DATE=2023-03-24T00:00:00+00:00
AIRFLOW_CTX_TRY_NUMBER=2
AIRFLOW_CTX_DAG_RUN_ID=scheduled__2023-03-24T00:00:00+00:00
[2023-04-19T12:51:25.877+0000] {taskinstance.py:1768} ERROR - Task failed with exception
Traceback (most recent call last):
  File "/home/airflow/.local/lib/python3.7/site-packages/airflow/operators/python.py", line 175, in execute
    return_value = self.execute_callable()
  File "/home/airflow/.local/lib/python3.7/site-packages/airflow/operators/python.py", line 192, in execute_callable
    return self.python_callable(*self.op_args, **self.op_kwargs)
  File "/opt/airflow/dags/age.py", line 35, in age_check
    birth_year = int(Variable.get('birth_year'))
  File "/home/airflow/.local/lib/python3.7/site-packages/airflow/models/variable.py", line 141, in get
    raise KeyError(f"Variable {key} does not exist")
KeyError: 'Variable birth_year does not exist'
[2023-04-19T12:51:25.885+0000] {taskinstance.py:1323} INFO - Marking task as UP_FOR_RETRY. dag_id=age_check, task_id=age_check, execution_date=20230324T000000, start_date=20230419T125125, end_date=20230419T125125
[2023-04-19T12:51:25.894+0000] {standard_task_runner.py:105} ERROR - Failed to execute job 2171 for task age_check ('Variable birth_year does not exist'; 25319)
[2023-04-19T12:51:25.906+0000] {local_task_job.py:208} INFO - Task exited with return code 1
[2023-04-19T12:51:25.925+0000] {taskinstance.py:2578} INFO - 0 downstream tasks scheduled from follow-on schedule check
[2023-05-20T21:49:09.061+0000] {taskinstance.py:1083} INFO - Dependencies all met for <TaskInstance: age_check.age_check scheduled__2023-03-24T00:00:00+00:00 [queued]>
[2023-05-20T21:49:09.089+0000] {taskinstance.py:1083} INFO - Dependencies all met for <TaskInstance: age_check.age_check scheduled__2023-03-24T00:00:00+00:00 [queued]>
[2023-05-20T21:49:09.091+0000] {taskinstance.py:1279} INFO - 
--------------------------------------------------------------------------------
[2023-05-20T21:49:09.092+0000] {taskinstance.py:1280} INFO - Starting attempt 2 of 4
[2023-05-20T21:49:09.092+0000] {taskinstance.py:1281} INFO - 
--------------------------------------------------------------------------------
[2023-05-20T21:49:09.187+0000] {taskinstance.py:1300} INFO - Executing <Task(PythonOperator): age_check> on 2023-03-24 00:00:00+00:00
[2023-05-20T21:49:09.194+0000] {standard_task_runner.py:55} INFO - Started process 1954 to run task
[2023-05-20T21:49:09.227+0000] {standard_task_runner.py:82} INFO - Running: ['***', 'tasks', 'run', 'age_check', 'age_check', 'scheduled__2023-03-24T00:00:00+00:00', '--job-id', '1682', '--raw', '--subdir', 'DAGS_FOLDER/age.py', '--cfg-path', '/tmp/tmpb7marzd7']
[2023-05-20T21:49:09.233+0000] {standard_task_runner.py:83} INFO - Job 1682: Subtask age_check
[2023-05-20T21:49:09.455+0000] {task_command.py:388} INFO - Running <TaskInstance: age_check.age_check scheduled__2023-03-24T00:00:00+00:00 [running]> on host 242f95e3e8a8
[2023-05-20T21:49:09.614+0000] {taskinstance.py:1509} INFO - Exporting the following env vars:
AIRFLOW_CTX_DAG_OWNER=***
AIRFLOW_CTX_DAG_ID=age_check
AIRFLOW_CTX_TASK_ID=age_check
AIRFLOW_CTX_EXECUTION_DATE=2023-03-24T00:00:00+00:00
AIRFLOW_CTX_TRY_NUMBER=2
AIRFLOW_CTX_DAG_RUN_ID=scheduled__2023-03-24T00:00:00+00:00
[2023-05-20T21:49:09.631+0000] {taskinstance.py:1768} ERROR - Task failed with exception
Traceback (most recent call last):
  File "/home/airflow/.local/lib/python3.7/site-packages/airflow/operators/python.py", line 175, in execute
    return_value = self.execute_callable()
  File "/home/airflow/.local/lib/python3.7/site-packages/airflow/operators/python.py", line 192, in execute_callable
    return self.python_callable(*self.op_args, **self.op_kwargs)
  File "/opt/airflow/dags/age.py", line 35, in age_check
    birth_year = int(Variable.get('birth_year'))
  File "/home/airflow/.local/lib/python3.7/site-packages/airflow/models/variable.py", line 141, in get
    raise KeyError(f"Variable {key} does not exist")
KeyError: 'Variable birth_year does not exist'
[2023-05-20T21:49:09.667+0000] {taskinstance.py:1323} INFO - Marking task as UP_FOR_RETRY. dag_id=age_check, task_id=age_check, execution_date=20230324T000000, start_date=20230520T214909, end_date=20230520T214909
[2023-05-20T21:49:09.689+0000] {standard_task_runner.py:105} ERROR - Failed to execute job 1682 for task age_check ('Variable birth_year does not exist'; 1954)
[2023-05-20T21:49:09.747+0000] {local_task_job.py:208} INFO - Task exited with return code 1
[2023-05-20T21:49:09.787+0000] {taskinstance.py:2578} INFO - 0 downstream tasks scheduled from follow-on schedule check
