[2023-04-19T12:52:14.924+0000] {taskinstance.py:1083} INFO - Dependencies all met for <TaskInstance: age_check.age_check scheduled__2023-03-27T00:00:00+00:00 [queued]>
[2023-04-19T12:52:14.989+0000] {taskinstance.py:1083} INFO - Dependencies all met for <TaskInstance: age_check.age_check scheduled__2023-03-27T00:00:00+00:00 [queued]>
[2023-04-19T12:52:14.993+0000] {taskinstance.py:1279} INFO - 
--------------------------------------------------------------------------------
[2023-04-19T12:52:14.994+0000] {taskinstance.py:1280} INFO - Starting attempt 3 of 4
[2023-04-19T12:52:14.995+0000] {taskinstance.py:1281} INFO - 
--------------------------------------------------------------------------------
[2023-04-19T12:52:15.052+0000] {taskinstance.py:1300} INFO - Executing <Task(PythonOperator): age_check> on 2023-03-27 00:00:00+00:00
[2023-04-19T12:52:15.075+0000] {standard_task_runner.py:55} INFO - Started process 25583 to run task
[2023-04-19T12:52:15.091+0000] {standard_task_runner.py:82} INFO - Running: ['***', 'tasks', 'run', 'age_check', 'age_check', 'scheduled__2023-03-27T00:00:00+00:00', '--job-id', '2284', '--raw', '--subdir', 'DAGS_FOLDER/age.py', '--cfg-path', '/tmp/tmpy1b05e1z']
[2023-04-19T12:52:15.093+0000] {standard_task_runner.py:83} INFO - Job 2284: Subtask age_check
[2023-04-19T12:52:15.201+0000] {task_command.py:388} INFO - Running <TaskInstance: age_check.age_check scheduled__2023-03-27T00:00:00+00:00 [running]> on host fe34f61acbb3
[2023-04-19T12:52:15.554+0000] {taskinstance.py:1509} INFO - Exporting the following env vars:
AIRFLOW_CTX_DAG_OWNER=***
AIRFLOW_CTX_DAG_ID=age_check
AIRFLOW_CTX_TASK_ID=age_check
AIRFLOW_CTX_EXECUTION_DATE=2023-03-27T00:00:00+00:00
AIRFLOW_CTX_TRY_NUMBER=3
AIRFLOW_CTX_DAG_RUN_ID=scheduled__2023-03-27T00:00:00+00:00
[2023-04-19T12:52:15.587+0000] {taskinstance.py:1768} ERROR - Task failed with exception
Traceback (most recent call last):
  File "/home/airflow/.local/lib/python3.7/site-packages/airflow/operators/python.py", line 175, in execute
    return_value = self.execute_callable()
  File "/home/airflow/.local/lib/python3.7/site-packages/airflow/operators/python.py", line 192, in execute_callable
    return self.python_callable(*self.op_args, **self.op_kwargs)
  File "/opt/airflow/dags/age.py", line 35, in age_check
    birth_year = int(Variable.get('birth_year'))
  File "/home/airflow/.local/lib/python3.7/site-packages/airflow/models/variable.py", line 141, in get
    raise KeyError(f"Variable {key} does not exist")
KeyError: 'Variable birth_year does not exist'
[2023-04-19T12:52:15.645+0000] {taskinstance.py:1323} INFO - Marking task as UP_FOR_RETRY. dag_id=age_check, task_id=age_check, execution_date=20230327T000000, start_date=20230419T125214, end_date=20230419T125215
[2023-04-19T12:52:15.671+0000] {standard_task_runner.py:105} ERROR - Failed to execute job 2284 for task age_check ('Variable birth_year does not exist'; 25583)
[2023-04-19T12:52:15.813+0000] {local_task_job.py:208} INFO - Task exited with return code 1
[2023-04-19T12:52:15.961+0000] {taskinstance.py:2578} INFO - 0 downstream tasks scheduled from follow-on schedule check
[2023-05-20T21:49:21.444+0000] {taskinstance.py:1083} INFO - Dependencies all met for <TaskInstance: age_check.age_check scheduled__2023-03-27T00:00:00+00:00 [queued]>
[2023-05-20T21:49:21.455+0000] {taskinstance.py:1083} INFO - Dependencies all met for <TaskInstance: age_check.age_check scheduled__2023-03-27T00:00:00+00:00 [queued]>
[2023-05-20T21:49:21.457+0000] {taskinstance.py:1279} INFO - 
--------------------------------------------------------------------------------
[2023-05-20T21:49:21.458+0000] {taskinstance.py:1280} INFO - Starting attempt 3 of 4
[2023-05-20T21:49:21.460+0000] {taskinstance.py:1281} INFO - 
--------------------------------------------------------------------------------
[2023-05-20T21:49:21.497+0000] {taskinstance.py:1300} INFO - Executing <Task(PythonOperator): age_check> on 2023-03-27 00:00:00+00:00
[2023-05-20T21:49:21.513+0000] {standard_task_runner.py:55} INFO - Started process 2001 to run task
[2023-05-20T21:49:21.526+0000] {standard_task_runner.py:82} INFO - Running: ['***', 'tasks', 'run', 'age_check', 'age_check', 'scheduled__2023-03-27T00:00:00+00:00', '--job-id', '1700', '--raw', '--subdir', 'DAGS_FOLDER/age.py', '--cfg-path', '/tmp/tmpadfsxyvd']
[2023-05-20T21:49:21.529+0000] {standard_task_runner.py:83} INFO - Job 1700: Subtask age_check
[2023-05-20T21:49:21.664+0000] {task_command.py:388} INFO - Running <TaskInstance: age_check.age_check scheduled__2023-03-27T00:00:00+00:00 [running]> on host 242f95e3e8a8
[2023-05-20T21:49:21.769+0000] {taskinstance.py:1509} INFO - Exporting the following env vars:
AIRFLOW_CTX_DAG_OWNER=***
AIRFLOW_CTX_DAG_ID=age_check
AIRFLOW_CTX_TASK_ID=age_check
AIRFLOW_CTX_EXECUTION_DATE=2023-03-27T00:00:00+00:00
AIRFLOW_CTX_TRY_NUMBER=3
AIRFLOW_CTX_DAG_RUN_ID=scheduled__2023-03-27T00:00:00+00:00
[2023-05-20T21:49:21.795+0000] {taskinstance.py:1768} ERROR - Task failed with exception
Traceback (most recent call last):
  File "/home/airflow/.local/lib/python3.7/site-packages/airflow/operators/python.py", line 175, in execute
    return_value = self.execute_callable()
  File "/home/airflow/.local/lib/python3.7/site-packages/airflow/operators/python.py", line 192, in execute_callable
    return self.python_callable(*self.op_args, **self.op_kwargs)
  File "/opt/airflow/dags/age.py", line 35, in age_check
    birth_year = int(Variable.get('birth_year'))
  File "/home/airflow/.local/lib/python3.7/site-packages/airflow/models/variable.py", line 141, in get
    raise KeyError(f"Variable {key} does not exist")
KeyError: 'Variable birth_year does not exist'
[2023-05-20T21:49:21.808+0000] {taskinstance.py:1323} INFO - Marking task as UP_FOR_RETRY. dag_id=age_check, task_id=age_check, execution_date=20230327T000000, start_date=20230520T214921, end_date=20230520T214921
[2023-05-20T21:49:21.833+0000] {standard_task_runner.py:105} ERROR - Failed to execute job 1700 for task age_check ('Variable birth_year does not exist'; 2001)
[2023-05-20T21:49:21.855+0000] {local_task_job.py:208} INFO - Task exited with return code 1
[2023-05-20T21:49:21.902+0000] {taskinstance.py:2578} INFO - 0 downstream tasks scheduled from follow-on schedule check
