[2023-04-19T12:36:28.794+0000] {taskinstance.py:1083} INFO - Dependencies all met for <TaskInstance: age_check.age_check scheduled__2022-08-05T00:00:00+00:00 [queued]>
[2023-04-19T12:36:28.834+0000] {taskinstance.py:1083} INFO - Dependencies all met for <TaskInstance: age_check.age_check scheduled__2022-08-05T00:00:00+00:00 [queued]>
[2023-04-19T12:36:28.835+0000] {taskinstance.py:1279} INFO - 
--------------------------------------------------------------------------------
[2023-04-19T12:36:28.836+0000] {taskinstance.py:1280} INFO - Starting attempt 4 of 4
[2023-04-19T12:36:28.837+0000] {taskinstance.py:1281} INFO - 
--------------------------------------------------------------------------------
[2023-04-19T12:36:28.869+0000] {taskinstance.py:1300} INFO - Executing <Task(PythonOperator): age_check> on 2022-08-05 00:00:00+00:00
[2023-04-19T12:36:28.882+0000] {standard_task_runner.py:55} INFO - Started process 21341 to run task
[2023-04-19T12:36:28.891+0000] {standard_task_runner.py:82} INFO - Running: ['***', 'tasks', 'run', 'age_check', 'age_check', 'scheduled__2022-08-05T00:00:00+00:00', '--job-id', '542', '--raw', '--subdir', 'DAGS_FOLDER/age.py', '--cfg-path', '/tmp/tmp2i93ke9o']
[2023-04-19T12:36:28.892+0000] {standard_task_runner.py:83} INFO - Job 542: Subtask age_check
[2023-04-19T12:36:29.032+0000] {task_command.py:388} INFO - Running <TaskInstance: age_check.age_check scheduled__2022-08-05T00:00:00+00:00 [running]> on host fe34f61acbb3
[2023-04-19T12:36:29.327+0000] {taskinstance.py:1509} INFO - Exporting the following env vars:
AIRFLOW_CTX_DAG_OWNER=***
AIRFLOW_CTX_DAG_ID=age_check
AIRFLOW_CTX_TASK_ID=age_check
AIRFLOW_CTX_EXECUTION_DATE=2022-08-05T00:00:00+00:00
AIRFLOW_CTX_TRY_NUMBER=4
AIRFLOW_CTX_DAG_RUN_ID=scheduled__2022-08-05T00:00:00+00:00
[2023-04-19T12:36:29.390+0000] {taskinstance.py:1768} ERROR - Task failed with exception
Traceback (most recent call last):
  File "/home/airflow/.local/lib/python3.7/site-packages/airflow/operators/python.py", line 175, in execute
    return_value = self.execute_callable()
  File "/home/airflow/.local/lib/python3.7/site-packages/airflow/operators/python.py", line 192, in execute_callable
    return self.python_callable(*self.op_args, **self.op_kwargs)
  File "/opt/airflow/dags/age.py", line 35, in age_check
    birth_year = int(Variable.get('birth_year'))
  File "/home/airflow/.local/lib/python3.7/site-packages/airflow/models/variable.py", line 141, in get
    raise KeyError(f"Variable {key} does not exist")
KeyError: 'Variable birth_year does not exist'
[2023-04-19T12:36:29.454+0000] {taskinstance.py:1323} INFO - Marking task as FAILED. dag_id=age_check, task_id=age_check, execution_date=20220805T000000, start_date=20230419T123628, end_date=20230419T123629
[2023-04-19T12:36:29.508+0000] {standard_task_runner.py:105} ERROR - Failed to execute job 542 for task age_check ('Variable birth_year does not exist'; 21341)
[2023-04-19T12:36:29.613+0000] {local_task_job.py:208} INFO - Task exited with return code 1
[2023-04-19T12:36:29.791+0000] {taskinstance.py:2578} INFO - 0 downstream tasks scheduled from follow-on schedule check
[2023-05-17T09:52:18.409+0000] {taskinstance.py:1083} INFO - Dependencies all met for <TaskInstance: age_check.age_check scheduled__2022-08-05T00:00:00+00:00 [queued]>
[2023-05-17T09:52:18.417+0000] {taskinstance.py:1083} INFO - Dependencies all met for <TaskInstance: age_check.age_check scheduled__2022-08-05T00:00:00+00:00 [queued]>
[2023-05-17T09:52:18.418+0000] {taskinstance.py:1279} INFO - 
--------------------------------------------------------------------------------
[2023-05-17T09:52:18.419+0000] {taskinstance.py:1280} INFO - Starting attempt 4 of 4
[2023-05-17T09:52:18.420+0000] {taskinstance.py:1281} INFO - 
--------------------------------------------------------------------------------
[2023-05-17T09:52:18.430+0000] {taskinstance.py:1300} INFO - Executing <Task(PythonOperator): age_check> on 2022-08-05 00:00:00+00:00
[2023-05-17T09:52:18.435+0000] {standard_task_runner.py:55} INFO - Started process 4031 to run task
[2023-05-17T09:52:18.439+0000] {standard_task_runner.py:82} INFO - Running: ['***', 'tasks', 'run', 'age_check', 'age_check', 'scheduled__2022-08-05T00:00:00+00:00', '--job-id', '108', '--raw', '--subdir', 'DAGS_FOLDER/age.py', '--cfg-path', '/tmp/tmp0k72hhm3']
[2023-05-17T09:52:18.441+0000] {standard_task_runner.py:83} INFO - Job 108: Subtask age_check
[2023-05-17T09:52:18.518+0000] {task_command.py:388} INFO - Running <TaskInstance: age_check.age_check scheduled__2022-08-05T00:00:00+00:00 [running]> on host 242f95e3e8a8
[2023-05-17T09:52:18.645+0000] {taskinstance.py:1509} INFO - Exporting the following env vars:
AIRFLOW_CTX_DAG_OWNER=***
AIRFLOW_CTX_DAG_ID=age_check
AIRFLOW_CTX_TASK_ID=age_check
AIRFLOW_CTX_EXECUTION_DATE=2022-08-05T00:00:00+00:00
AIRFLOW_CTX_TRY_NUMBER=4
AIRFLOW_CTX_DAG_RUN_ID=scheduled__2022-08-05T00:00:00+00:00
[2023-05-17T09:52:18.664+0000] {taskinstance.py:1768} ERROR - Task failed with exception
Traceback (most recent call last):
  File "/home/airflow/.local/lib/python3.7/site-packages/airflow/operators/python.py", line 175, in execute
    return_value = self.execute_callable()
  File "/home/airflow/.local/lib/python3.7/site-packages/airflow/operators/python.py", line 192, in execute_callable
    return self.python_callable(*self.op_args, **self.op_kwargs)
  File "/opt/airflow/dags/age.py", line 35, in age_check
    birth_year = int(Variable.get('birth_year'))
  File "/home/airflow/.local/lib/python3.7/site-packages/airflow/models/variable.py", line 141, in get
    raise KeyError(f"Variable {key} does not exist")
KeyError: 'Variable birth_year does not exist'
[2023-05-17T09:52:18.687+0000] {taskinstance.py:1323} INFO - Marking task as FAILED. dag_id=age_check, task_id=age_check, execution_date=20220805T000000, start_date=20230517T095218, end_date=20230517T095218
[2023-05-17T09:52:18.706+0000] {standard_task_runner.py:105} ERROR - Failed to execute job 108 for task age_check ('Variable birth_year does not exist'; 4031)
[2023-05-17T09:52:18.738+0000] {local_task_job.py:208} INFO - Task exited with return code 1
[2023-05-17T09:52:18.770+0000] {taskinstance.py:2578} INFO - 0 downstream tasks scheduled from follow-on schedule check
