[2023-04-19T12:35:52.275+0000] {taskinstance.py:1083} INFO - Dependencies all met for <TaskInstance: age_check.age_check scheduled__2022-08-05T00:00:00+00:00 [queued]>
[2023-04-19T12:35:52.316+0000] {taskinstance.py:1083} INFO - Dependencies all met for <TaskInstance: age_check.age_check scheduled__2022-08-05T00:00:00+00:00 [queued]>
[2023-04-19T12:35:52.318+0000] {taskinstance.py:1279} INFO - 
--------------------------------------------------------------------------------
[2023-04-19T12:35:52.332+0000] {taskinstance.py:1280} INFO - Starting attempt 1 of 4
[2023-04-19T12:35:52.335+0000] {taskinstance.py:1281} INFO - 
--------------------------------------------------------------------------------
[2023-04-19T12:35:52.427+0000] {taskinstance.py:1300} INFO - Executing <Task(PythonOperator): age_check> on 2022-08-05 00:00:00+00:00
[2023-04-19T12:35:52.471+0000] {standard_task_runner.py:55} INFO - Started process 21217 to run task
[2023-04-19T12:35:52.516+0000] {standard_task_runner.py:82} INFO - Running: ['***', 'tasks', 'run', 'age_check', 'age_check', 'scheduled__2022-08-05T00:00:00+00:00', '--job-id', '490', '--raw', '--subdir', 'DAGS_FOLDER/age.py', '--cfg-path', '/tmp/tmpc98dtfq6']
[2023-04-19T12:35:52.533+0000] {standard_task_runner.py:83} INFO - Job 490: Subtask age_check
[2023-04-19T12:35:52.921+0000] {task_command.py:388} INFO - Running <TaskInstance: age_check.age_check scheduled__2022-08-05T00:00:00+00:00 [running]> on host fe34f61acbb3
[2023-04-19T12:35:53.256+0000] {taskinstance.py:1509} INFO - Exporting the following env vars:
AIRFLOW_CTX_DAG_OWNER=***
AIRFLOW_CTX_DAG_ID=age_check
AIRFLOW_CTX_TASK_ID=age_check
AIRFLOW_CTX_EXECUTION_DATE=2022-08-05T00:00:00+00:00
AIRFLOW_CTX_TRY_NUMBER=1
AIRFLOW_CTX_DAG_RUN_ID=scheduled__2022-08-05T00:00:00+00:00
[2023-04-19T12:35:53.280+0000] {taskinstance.py:1768} ERROR - Task failed with exception
Traceback (most recent call last):
  File "/home/airflow/.local/lib/python3.7/site-packages/airflow/operators/python.py", line 175, in execute
    return_value = self.execute_callable()
  File "/home/airflow/.local/lib/python3.7/site-packages/airflow/operators/python.py", line 192, in execute_callable
    return self.python_callable(*self.op_args, **self.op_kwargs)
  File "/opt/airflow/dags/age.py", line 35, in age_check
    birth_year = int(Variable.get('birth_year'))
  File "/home/airflow/.local/lib/python3.7/site-packages/airflow/models/variable.py", line 141, in get
    raise KeyError(f"Variable {key} does not exist")
KeyError: 'Variable birth_year does not exist'
[2023-04-19T12:35:53.350+0000] {taskinstance.py:1323} INFO - Marking task as UP_FOR_RETRY. dag_id=age_check, task_id=age_check, execution_date=20220805T000000, start_date=20230419T123552, end_date=20230419T123553
[2023-04-19T12:35:53.442+0000] {standard_task_runner.py:105} ERROR - Failed to execute job 490 for task age_check ('Variable birth_year does not exist'; 21217)
[2023-04-19T12:35:53.632+0000] {local_task_job.py:208} INFO - Task exited with return code 1
[2023-04-19T12:35:53.783+0000] {taskinstance.py:2578} INFO - 0 downstream tasks scheduled from follow-on schedule check
[2023-05-17T09:51:40.942+0000] {taskinstance.py:1083} INFO - Dependencies all met for <TaskInstance: age_check.age_check scheduled__2022-08-05T00:00:00+00:00 [queued]>
[2023-05-17T09:51:41.042+0000] {taskinstance.py:1083} INFO - Dependencies all met for <TaskInstance: age_check.age_check scheduled__2022-08-05T00:00:00+00:00 [queued]>
[2023-05-17T09:51:41.048+0000] {taskinstance.py:1279} INFO - 
--------------------------------------------------------------------------------
[2023-05-17T09:51:41.051+0000] {taskinstance.py:1280} INFO - Starting attempt 1 of 4
[2023-05-17T09:51:41.053+0000] {taskinstance.py:1281} INFO - 
--------------------------------------------------------------------------------
[2023-05-17T09:51:41.159+0000] {taskinstance.py:1300} INFO - Executing <Task(PythonOperator): age_check> on 2022-08-05 00:00:00+00:00
[2023-05-17T09:51:41.214+0000] {standard_task_runner.py:55} INFO - Started process 3903 to run task
[2023-05-17T09:51:41.293+0000] {standard_task_runner.py:82} INFO - Running: ['***', 'tasks', 'run', 'age_check', 'age_check', 'scheduled__2022-08-05T00:00:00+00:00', '--job-id', '61', '--raw', '--subdir', 'DAGS_FOLDER/age.py', '--cfg-path', '/tmp/tmp86ki_vpf']
[2023-05-17T09:51:41.305+0000] {standard_task_runner.py:83} INFO - Job 61: Subtask age_check
[2023-05-17T09:51:41.652+0000] {task_command.py:388} INFO - Running <TaskInstance: age_check.age_check scheduled__2022-08-05T00:00:00+00:00 [running]> on host 242f95e3e8a8
[2023-05-17T09:51:42.100+0000] {taskinstance.py:1509} INFO - Exporting the following env vars:
AIRFLOW_CTX_DAG_OWNER=***
AIRFLOW_CTX_DAG_ID=age_check
AIRFLOW_CTX_TASK_ID=age_check
AIRFLOW_CTX_EXECUTION_DATE=2022-08-05T00:00:00+00:00
AIRFLOW_CTX_TRY_NUMBER=1
AIRFLOW_CTX_DAG_RUN_ID=scheduled__2022-08-05T00:00:00+00:00
[2023-05-17T09:51:42.158+0000] {taskinstance.py:1768} ERROR - Task failed with exception
Traceback (most recent call last):
  File "/home/airflow/.local/lib/python3.7/site-packages/airflow/operators/python.py", line 175, in execute
    return_value = self.execute_callable()
  File "/home/airflow/.local/lib/python3.7/site-packages/airflow/operators/python.py", line 192, in execute_callable
    return self.python_callable(*self.op_args, **self.op_kwargs)
  File "/opt/airflow/dags/age.py", line 35, in age_check
    birth_year = int(Variable.get('birth_year'))
  File "/home/airflow/.local/lib/python3.7/site-packages/airflow/models/variable.py", line 141, in get
    raise KeyError(f"Variable {key} does not exist")
KeyError: 'Variable birth_year does not exist'
[2023-05-17T09:51:42.230+0000] {taskinstance.py:1323} INFO - Marking task as UP_FOR_RETRY. dag_id=age_check, task_id=age_check, execution_date=20220805T000000, start_date=20230517T095140, end_date=20230517T095142
[2023-05-17T09:51:42.260+0000] {standard_task_runner.py:105} ERROR - Failed to execute job 61 for task age_check ('Variable birth_year does not exist'; 3903)
[2023-05-17T09:51:42.477+0000] {local_task_job.py:208} INFO - Task exited with return code 1
[2023-05-17T09:51:42.524+0000] {taskinstance.py:2578} INFO - 0 downstream tasks scheduled from follow-on schedule check
