[2023-04-19T12:53:10.103+0000] {taskinstance.py:1083} INFO - Dependencies all met for <TaskInstance: age_check.age_check scheduled__2023-04-17T00:00:00+00:00 [queued]>
[2023-04-19T12:53:10.209+0000] {taskinstance.py:1083} INFO - Dependencies all met for <TaskInstance: age_check.age_check scheduled__2023-04-17T00:00:00+00:00 [queued]>
[2023-04-19T12:53:10.217+0000] {taskinstance.py:1279} INFO - 
--------------------------------------------------------------------------------
[2023-04-19T12:53:10.220+0000] {taskinstance.py:1280} INFO - Starting attempt 1 of 4
[2023-04-19T12:53:10.226+0000] {taskinstance.py:1281} INFO - 
--------------------------------------------------------------------------------
[2023-04-19T12:53:10.357+0000] {taskinstance.py:1300} INFO - Executing <Task(PythonOperator): age_check> on 2023-04-17 00:00:00+00:00
[2023-04-19T12:53:10.388+0000] {standard_task_runner.py:55} INFO - Started process 25898 to run task
[2023-04-19T12:53:10.443+0000] {standard_task_runner.py:82} INFO - Running: ['***', 'tasks', 'run', 'age_check', 'age_check', 'scheduled__2023-04-17T00:00:00+00:00', '--job-id', '2421', '--raw', '--subdir', 'DAGS_FOLDER/age.py', '--cfg-path', '/tmp/tmpchqdikvu']
[2023-04-19T12:53:10.453+0000] {standard_task_runner.py:83} INFO - Job 2421: Subtask age_check
[2023-04-19T12:53:10.763+0000] {task_command.py:388} INFO - Running <TaskInstance: age_check.age_check scheduled__2023-04-17T00:00:00+00:00 [running]> on host fe34f61acbb3
[2023-04-19T12:53:11.015+0000] {taskinstance.py:1509} INFO - Exporting the following env vars:
AIRFLOW_CTX_DAG_OWNER=***
AIRFLOW_CTX_DAG_ID=age_check
AIRFLOW_CTX_TASK_ID=age_check
AIRFLOW_CTX_EXECUTION_DATE=2023-04-17T00:00:00+00:00
AIRFLOW_CTX_TRY_NUMBER=1
AIRFLOW_CTX_DAG_RUN_ID=scheduled__2023-04-17T00:00:00+00:00
[2023-04-19T12:53:11.067+0000] {taskinstance.py:1768} ERROR - Task failed with exception
Traceback (most recent call last):
  File "/home/airflow/.local/lib/python3.7/site-packages/airflow/operators/python.py", line 175, in execute
    return_value = self.execute_callable()
  File "/home/airflow/.local/lib/python3.7/site-packages/airflow/operators/python.py", line 192, in execute_callable
    return self.python_callable(*self.op_args, **self.op_kwargs)
  File "/opt/airflow/dags/age.py", line 35, in age_check
    birth_year = int(Variable.get('birth_year'))
  File "/home/airflow/.local/lib/python3.7/site-packages/airflow/models/variable.py", line 141, in get
    raise KeyError(f"Variable {key} does not exist")
KeyError: 'Variable birth_year does not exist'
[2023-04-19T12:53:11.103+0000] {taskinstance.py:1323} INFO - Marking task as UP_FOR_RETRY. dag_id=age_check, task_id=age_check, execution_date=20230417T000000, start_date=20230419T125310, end_date=20230419T125311
[2023-04-19T12:53:11.227+0000] {standard_task_runner.py:105} ERROR - Failed to execute job 2421 for task age_check ('Variable birth_year does not exist'; 25898)
[2023-04-19T12:53:11.337+0000] {local_task_job.py:208} INFO - Task exited with return code 1
[2023-04-19T12:53:11.598+0000] {taskinstance.py:2578} INFO - 0 downstream tasks scheduled from follow-on schedule check
[2023-05-20T21:50:42.350+0000] {taskinstance.py:1083} INFO - Dependencies all met for <TaskInstance: age_check.age_check scheduled__2023-04-17T00:00:00+00:00 [queued]>
[2023-05-20T21:50:42.394+0000] {taskinstance.py:1083} INFO - Dependencies all met for <TaskInstance: age_check.age_check scheduled__2023-04-17T00:00:00+00:00 [queued]>
[2023-05-20T21:50:42.395+0000] {taskinstance.py:1279} INFO - 
--------------------------------------------------------------------------------
[2023-05-20T21:50:42.399+0000] {taskinstance.py:1280} INFO - Starting attempt 1 of 4
[2023-05-20T21:50:42.400+0000] {taskinstance.py:1281} INFO - 
--------------------------------------------------------------------------------
[2023-05-20T21:50:42.516+0000] {taskinstance.py:1300} INFO - Executing <Task(PythonOperator): age_check> on 2023-04-17 00:00:00+00:00
[2023-05-20T21:50:42.527+0000] {standard_task_runner.py:55} INFO - Started process 2415 to run task
[2023-05-20T21:50:42.567+0000] {standard_task_runner.py:82} INFO - Running: ['***', 'tasks', 'run', 'age_check', 'age_check', 'scheduled__2023-04-17T00:00:00+00:00', '--job-id', '1868', '--raw', '--subdir', 'DAGS_FOLDER/age.py', '--cfg-path', '/tmp/tmp3t5k9m8n']
[2023-05-20T21:50:42.593+0000] {standard_task_runner.py:83} INFO - Job 1868: Subtask age_check
[2023-05-20T21:50:42.794+0000] {task_command.py:388} INFO - Running <TaskInstance: age_check.age_check scheduled__2023-04-17T00:00:00+00:00 [running]> on host 242f95e3e8a8
[2023-05-20T21:50:42.992+0000] {taskinstance.py:1509} INFO - Exporting the following env vars:
AIRFLOW_CTX_DAG_OWNER=***
AIRFLOW_CTX_DAG_ID=age_check
AIRFLOW_CTX_TASK_ID=age_check
AIRFLOW_CTX_EXECUTION_DATE=2023-04-17T00:00:00+00:00
AIRFLOW_CTX_TRY_NUMBER=1
AIRFLOW_CTX_DAG_RUN_ID=scheduled__2023-04-17T00:00:00+00:00
[2023-05-20T21:50:43.030+0000] {taskinstance.py:1768} ERROR - Task failed with exception
Traceback (most recent call last):
  File "/home/airflow/.local/lib/python3.7/site-packages/airflow/operators/python.py", line 175, in execute
    return_value = self.execute_callable()
  File "/home/airflow/.local/lib/python3.7/site-packages/airflow/operators/python.py", line 192, in execute_callable
    return self.python_callable(*self.op_args, **self.op_kwargs)
  File "/opt/airflow/dags/age.py", line 35, in age_check
    birth_year = int(Variable.get('birth_year'))
  File "/home/airflow/.local/lib/python3.7/site-packages/airflow/models/variable.py", line 141, in get
    raise KeyError(f"Variable {key} does not exist")
KeyError: 'Variable birth_year does not exist'
[2023-05-20T21:50:43.053+0000] {taskinstance.py:1323} INFO - Marking task as UP_FOR_RETRY. dag_id=age_check, task_id=age_check, execution_date=20230417T000000, start_date=20230520T215042, end_date=20230520T215043
[2023-05-20T21:50:43.151+0000] {standard_task_runner.py:105} ERROR - Failed to execute job 1868 for task age_check ('Variable birth_year does not exist'; 2415)
[2023-05-20T21:50:43.208+0000] {local_task_job.py:208} INFO - Task exited with return code 1
[2023-05-20T21:50:43.243+0000] {taskinstance.py:2578} INFO - 0 downstream tasks scheduled from follow-on schedule check
