[2023-04-19T12:53:46.038+0000] {taskinstance.py:1083} INFO - Dependencies all met for <TaskInstance: age_check.age_check scheduled__2023-04-17T00:00:00+00:00 [queued]>
[2023-04-19T12:53:46.097+0000] {taskinstance.py:1083} INFO - Dependencies all met for <TaskInstance: age_check.age_check scheduled__2023-04-17T00:00:00+00:00 [queued]>
[2023-04-19T12:53:46.099+0000] {taskinstance.py:1279} INFO - 
--------------------------------------------------------------------------------
[2023-04-19T12:53:46.101+0000] {taskinstance.py:1280} INFO - Starting attempt 4 of 4
[2023-04-19T12:53:46.103+0000] {taskinstance.py:1281} INFO - 
--------------------------------------------------------------------------------
[2023-04-19T12:53:46.163+0000] {taskinstance.py:1300} INFO - Executing <Task(PythonOperator): age_check> on 2023-04-17 00:00:00+00:00
[2023-04-19T12:53:46.175+0000] {standard_task_runner.py:55} INFO - Started process 26093 to run task
[2023-04-19T12:53:46.181+0000] {standard_task_runner.py:82} INFO - Running: ['***', 'tasks', 'run', 'age_check', 'age_check', 'scheduled__2023-04-17T00:00:00+00:00', '--job-id', '2506', '--raw', '--subdir', 'DAGS_FOLDER/age.py', '--cfg-path', '/tmp/tmpss4tmpcd']
[2023-04-19T12:53:46.184+0000] {standard_task_runner.py:83} INFO - Job 2506: Subtask age_check
[2023-04-19T12:53:46.303+0000] {task_command.py:388} INFO - Running <TaskInstance: age_check.age_check scheduled__2023-04-17T00:00:00+00:00 [running]> on host fe34f61acbb3
[2023-04-19T12:53:46.373+0000] {taskinstance.py:1509} INFO - Exporting the following env vars:
AIRFLOW_CTX_DAG_OWNER=***
AIRFLOW_CTX_DAG_ID=age_check
AIRFLOW_CTX_TASK_ID=age_check
AIRFLOW_CTX_EXECUTION_DATE=2023-04-17T00:00:00+00:00
AIRFLOW_CTX_TRY_NUMBER=4
AIRFLOW_CTX_DAG_RUN_ID=scheduled__2023-04-17T00:00:00+00:00
[2023-04-19T12:53:46.387+0000] {taskinstance.py:1768} ERROR - Task failed with exception
Traceback (most recent call last):
  File "/home/airflow/.local/lib/python3.7/site-packages/airflow/operators/python.py", line 175, in execute
    return_value = self.execute_callable()
  File "/home/airflow/.local/lib/python3.7/site-packages/airflow/operators/python.py", line 192, in execute_callable
    return self.python_callable(*self.op_args, **self.op_kwargs)
  File "/opt/airflow/dags/age.py", line 35, in age_check
    birth_year = int(Variable.get('birth_year'))
  File "/home/airflow/.local/lib/python3.7/site-packages/airflow/models/variable.py", line 141, in get
    raise KeyError(f"Variable {key} does not exist")
KeyError: 'Variable birth_year does not exist'
[2023-04-19T12:53:46.416+0000] {taskinstance.py:1323} INFO - Marking task as FAILED. dag_id=age_check, task_id=age_check, execution_date=20230417T000000, start_date=20230419T125346, end_date=20230419T125346
[2023-04-19T12:53:46.439+0000] {standard_task_runner.py:105} ERROR - Failed to execute job 2506 for task age_check ('Variable birth_year does not exist'; 26093)
[2023-04-19T12:53:46.486+0000] {local_task_job.py:208} INFO - Task exited with return code 1
[2023-04-19T12:53:46.548+0000] {taskinstance.py:2578} INFO - 0 downstream tasks scheduled from follow-on schedule check
[2023-05-20T21:51:15.778+0000] {taskinstance.py:1083} INFO - Dependencies all met for <TaskInstance: age_check.age_check scheduled__2023-04-17T00:00:00+00:00 [queued]>
[2023-05-20T21:51:15.786+0000] {taskinstance.py:1083} INFO - Dependencies all met for <TaskInstance: age_check.age_check scheduled__2023-04-17T00:00:00+00:00 [queued]>
[2023-05-20T21:51:15.787+0000] {taskinstance.py:1279} INFO - 
--------------------------------------------------------------------------------
[2023-05-20T21:51:15.788+0000] {taskinstance.py:1280} INFO - Starting attempt 4 of 4
[2023-05-20T21:51:15.789+0000] {taskinstance.py:1281} INFO - 
--------------------------------------------------------------------------------
[2023-05-20T21:51:15.798+0000] {taskinstance.py:1300} INFO - Executing <Task(PythonOperator): age_check> on 2023-04-17 00:00:00+00:00
[2023-05-20T21:51:15.802+0000] {standard_task_runner.py:55} INFO - Started process 2547 to run task
[2023-05-20T21:51:15.806+0000] {standard_task_runner.py:82} INFO - Running: ['***', 'tasks', 'run', 'age_check', 'age_check', 'scheduled__2023-04-17T00:00:00+00:00', '--job-id', '1925', '--raw', '--subdir', 'DAGS_FOLDER/age.py', '--cfg-path', '/tmp/tmpblmbitzd']
[2023-05-20T21:51:15.808+0000] {standard_task_runner.py:83} INFO - Job 1925: Subtask age_check
[2023-05-20T21:51:15.873+0000] {task_command.py:388} INFO - Running <TaskInstance: age_check.age_check scheduled__2023-04-17T00:00:00+00:00 [running]> on host 242f95e3e8a8
[2023-05-20T21:51:15.939+0000] {taskinstance.py:1509} INFO - Exporting the following env vars:
AIRFLOW_CTX_DAG_OWNER=***
AIRFLOW_CTX_DAG_ID=age_check
AIRFLOW_CTX_TASK_ID=age_check
AIRFLOW_CTX_EXECUTION_DATE=2023-04-17T00:00:00+00:00
AIRFLOW_CTX_TRY_NUMBER=4
AIRFLOW_CTX_DAG_RUN_ID=scheduled__2023-04-17T00:00:00+00:00
[2023-05-20T21:51:15.948+0000] {taskinstance.py:1768} ERROR - Task failed with exception
Traceback (most recent call last):
  File "/home/airflow/.local/lib/python3.7/site-packages/airflow/operators/python.py", line 175, in execute
    return_value = self.execute_callable()
  File "/home/airflow/.local/lib/python3.7/site-packages/airflow/operators/python.py", line 192, in execute_callable
    return self.python_callable(*self.op_args, **self.op_kwargs)
  File "/opt/airflow/dags/age.py", line 35, in age_check
    birth_year = int(Variable.get('birth_year'))
  File "/home/airflow/.local/lib/python3.7/site-packages/airflow/models/variable.py", line 141, in get
    raise KeyError(f"Variable {key} does not exist")
KeyError: 'Variable birth_year does not exist'
[2023-05-20T21:51:15.957+0000] {taskinstance.py:1323} INFO - Marking task as FAILED. dag_id=age_check, task_id=age_check, execution_date=20230417T000000, start_date=20230520T215115, end_date=20230520T215115
[2023-05-20T21:51:15.966+0000] {standard_task_runner.py:105} ERROR - Failed to execute job 1925 for task age_check ('Variable birth_year does not exist'; 2547)
[2023-05-20T21:51:15.982+0000] {local_task_job.py:208} INFO - Task exited with return code 1
[2023-05-20T21:51:16.001+0000] {taskinstance.py:2578} INFO - 0 downstream tasks scheduled from follow-on schedule check
