[2023-04-19T12:53:22.432+0000] {taskinstance.py:1083} INFO - Dependencies all met for <TaskInstance: age_check.age_check scheduled__2023-04-17T00:00:00+00:00 [queued]>
[2023-04-19T12:53:22.440+0000] {taskinstance.py:1083} INFO - Dependencies all met for <TaskInstance: age_check.age_check scheduled__2023-04-17T00:00:00+00:00 [queued]>
[2023-04-19T12:53:22.441+0000] {taskinstance.py:1279} INFO - 
--------------------------------------------------------------------------------
[2023-04-19T12:53:22.441+0000] {taskinstance.py:1280} INFO - Starting attempt 2 of 4
[2023-04-19T12:53:22.443+0000] {taskinstance.py:1281} INFO - 
--------------------------------------------------------------------------------
[2023-04-19T12:53:22.452+0000] {taskinstance.py:1300} INFO - Executing <Task(PythonOperator): age_check> on 2023-04-17 00:00:00+00:00
[2023-04-19T12:53:22.458+0000] {standard_task_runner.py:55} INFO - Started process 25957 to run task
[2023-04-19T12:53:22.463+0000] {standard_task_runner.py:82} INFO - Running: ['***', 'tasks', 'run', 'age_check', 'age_check', 'scheduled__2023-04-17T00:00:00+00:00', '--job-id', '2450', '--raw', '--subdir', 'DAGS_FOLDER/age.py', '--cfg-path', '/tmp/tmppuuigqg7']
[2023-04-19T12:53:22.465+0000] {standard_task_runner.py:83} INFO - Job 2450: Subtask age_check
[2023-04-19T12:53:22.510+0000] {task_command.py:388} INFO - Running <TaskInstance: age_check.age_check scheduled__2023-04-17T00:00:00+00:00 [running]> on host fe34f61acbb3
[2023-04-19T12:53:22.570+0000] {taskinstance.py:1509} INFO - Exporting the following env vars:
AIRFLOW_CTX_DAG_OWNER=***
AIRFLOW_CTX_DAG_ID=age_check
AIRFLOW_CTX_TASK_ID=age_check
AIRFLOW_CTX_EXECUTION_DATE=2023-04-17T00:00:00+00:00
AIRFLOW_CTX_TRY_NUMBER=2
AIRFLOW_CTX_DAG_RUN_ID=scheduled__2023-04-17T00:00:00+00:00
[2023-04-19T12:53:22.576+0000] {taskinstance.py:1768} ERROR - Task failed with exception
Traceback (most recent call last):
  File "/home/airflow/.local/lib/python3.7/site-packages/airflow/operators/python.py", line 175, in execute
    return_value = self.execute_callable()
  File "/home/airflow/.local/lib/python3.7/site-packages/airflow/operators/python.py", line 192, in execute_callable
    return self.python_callable(*self.op_args, **self.op_kwargs)
  File "/opt/airflow/dags/age.py", line 35, in age_check
    birth_year = int(Variable.get('birth_year'))
  File "/home/airflow/.local/lib/python3.7/site-packages/airflow/models/variable.py", line 141, in get
    raise KeyError(f"Variable {key} does not exist")
KeyError: 'Variable birth_year does not exist'
[2023-04-19T12:53:22.595+0000] {taskinstance.py:1323} INFO - Marking task as UP_FOR_RETRY. dag_id=age_check, task_id=age_check, execution_date=20230417T000000, start_date=20230419T125322, end_date=20230419T125322
[2023-04-19T12:53:22.604+0000] {standard_task_runner.py:105} ERROR - Failed to execute job 2450 for task age_check ('Variable birth_year does not exist'; 25957)
[2023-04-19T12:53:22.633+0000] {local_task_job.py:208} INFO - Task exited with return code 1
[2023-04-19T12:53:22.655+0000] {taskinstance.py:2578} INFO - 0 downstream tasks scheduled from follow-on schedule check
[2023-05-20T21:50:53.542+0000] {taskinstance.py:1083} INFO - Dependencies all met for <TaskInstance: age_check.age_check scheduled__2023-04-17T00:00:00+00:00 [queued]>
[2023-05-20T21:50:53.550+0000] {taskinstance.py:1083} INFO - Dependencies all met for <TaskInstance: age_check.age_check scheduled__2023-04-17T00:00:00+00:00 [queued]>
[2023-05-20T21:50:53.550+0000] {taskinstance.py:1279} INFO - 
--------------------------------------------------------------------------------
[2023-05-20T21:50:53.551+0000] {taskinstance.py:1280} INFO - Starting attempt 2 of 4
[2023-05-20T21:50:53.552+0000] {taskinstance.py:1281} INFO - 
--------------------------------------------------------------------------------
[2023-05-20T21:50:53.561+0000] {taskinstance.py:1300} INFO - Executing <Task(PythonOperator): age_check> on 2023-04-17 00:00:00+00:00
[2023-05-20T21:50:53.565+0000] {standard_task_runner.py:55} INFO - Started process 2460 to run task
[2023-05-20T21:50:53.569+0000] {standard_task_runner.py:82} INFO - Running: ['***', 'tasks', 'run', 'age_check', 'age_check', 'scheduled__2023-04-17T00:00:00+00:00', '--job-id', '1892', '--raw', '--subdir', 'DAGS_FOLDER/age.py', '--cfg-path', '/tmp/tmpb_zoak6h']
[2023-05-20T21:50:53.571+0000] {standard_task_runner.py:83} INFO - Job 1892: Subtask age_check
[2023-05-20T21:50:53.628+0000] {task_command.py:388} INFO - Running <TaskInstance: age_check.age_check scheduled__2023-04-17T00:00:00+00:00 [running]> on host 242f95e3e8a8
[2023-05-20T21:50:53.677+0000] {taskinstance.py:1509} INFO - Exporting the following env vars:
AIRFLOW_CTX_DAG_OWNER=***
AIRFLOW_CTX_DAG_ID=age_check
AIRFLOW_CTX_TASK_ID=age_check
AIRFLOW_CTX_EXECUTION_DATE=2023-04-17T00:00:00+00:00
AIRFLOW_CTX_TRY_NUMBER=2
AIRFLOW_CTX_DAG_RUN_ID=scheduled__2023-04-17T00:00:00+00:00
[2023-05-20T21:50:53.687+0000] {taskinstance.py:1768} ERROR - Task failed with exception
Traceback (most recent call last):
  File "/home/airflow/.local/lib/python3.7/site-packages/airflow/operators/python.py", line 175, in execute
    return_value = self.execute_callable()
  File "/home/airflow/.local/lib/python3.7/site-packages/airflow/operators/python.py", line 192, in execute_callable
    return self.python_callable(*self.op_args, **self.op_kwargs)
  File "/opt/airflow/dags/age.py", line 35, in age_check
    birth_year = int(Variable.get('birth_year'))
  File "/home/airflow/.local/lib/python3.7/site-packages/airflow/models/variable.py", line 141, in get
    raise KeyError(f"Variable {key} does not exist")
KeyError: 'Variable birth_year does not exist'
[2023-05-20T21:50:53.697+0000] {taskinstance.py:1323} INFO - Marking task as UP_FOR_RETRY. dag_id=age_check, task_id=age_check, execution_date=20230417T000000, start_date=20230520T215053, end_date=20230520T215053
[2023-05-20T21:50:53.705+0000] {standard_task_runner.py:105} ERROR - Failed to execute job 1892 for task age_check ('Variable birth_year does not exist'; 2460)
[2023-05-20T21:50:53.741+0000] {local_task_job.py:208} INFO - Task exited with return code 1
[2023-05-20T21:50:53.760+0000] {taskinstance.py:2578} INFO - 0 downstream tasks scheduled from follow-on schedule check
