[2023-04-19T12:47:40.859+0000] {taskinstance.py:1083} INFO - Dependencies all met for <TaskInstance: age_check.age_check scheduled__2023-01-26T00:00:00+00:00 [queued]>
[2023-04-19T12:47:40.911+0000] {taskinstance.py:1083} INFO - Dependencies all met for <TaskInstance: age_check.age_check scheduled__2023-01-26T00:00:00+00:00 [queued]>
[2023-04-19T12:47:40.914+0000] {taskinstance.py:1279} INFO - 
--------------------------------------------------------------------------------
[2023-04-19T12:47:40.916+0000] {taskinstance.py:1280} INFO - Starting attempt 2 of 4
[2023-04-19T12:47:40.918+0000] {taskinstance.py:1281} INFO - 
--------------------------------------------------------------------------------
[2023-04-19T12:47:41.007+0000] {taskinstance.py:1300} INFO - Executing <Task(PythonOperator): age_check> on 2023-01-26 00:00:00+00:00
[2023-04-19T12:47:41.014+0000] {standard_task_runner.py:55} INFO - Started process 24264 to run task
[2023-04-19T12:47:41.034+0000] {standard_task_runner.py:82} INFO - Running: ['***', 'tasks', 'run', 'age_check', 'age_check', 'scheduled__2023-01-26T00:00:00+00:00', '--job-id', '1723', '--raw', '--subdir', 'DAGS_FOLDER/age.py', '--cfg-path', '/tmp/tmp7sb2jlgr']
[2023-04-19T12:47:41.051+0000] {standard_task_runner.py:83} INFO - Job 1723: Subtask age_check
[2023-04-19T12:47:41.296+0000] {task_command.py:388} INFO - Running <TaskInstance: age_check.age_check scheduled__2023-01-26T00:00:00+00:00 [running]> on host fe34f61acbb3
[2023-04-19T12:47:41.500+0000] {taskinstance.py:1509} INFO - Exporting the following env vars:
AIRFLOW_CTX_DAG_OWNER=***
AIRFLOW_CTX_DAG_ID=age_check
AIRFLOW_CTX_TASK_ID=age_check
AIRFLOW_CTX_EXECUTION_DATE=2023-01-26T00:00:00+00:00
AIRFLOW_CTX_TRY_NUMBER=2
AIRFLOW_CTX_DAG_RUN_ID=scheduled__2023-01-26T00:00:00+00:00
[2023-04-19T12:47:41.526+0000] {taskinstance.py:1768} ERROR - Task failed with exception
Traceback (most recent call last):
  File "/home/airflow/.local/lib/python3.7/site-packages/airflow/operators/python.py", line 175, in execute
    return_value = self.execute_callable()
  File "/home/airflow/.local/lib/python3.7/site-packages/airflow/operators/python.py", line 192, in execute_callable
    return self.python_callable(*self.op_args, **self.op_kwargs)
  File "/opt/airflow/dags/age.py", line 35, in age_check
    birth_year = int(Variable.get('birth_year'))
  File "/home/airflow/.local/lib/python3.7/site-packages/airflow/models/variable.py", line 141, in get
    raise KeyError(f"Variable {key} does not exist")
KeyError: 'Variable birth_year does not exist'
[2023-04-19T12:47:41.575+0000] {taskinstance.py:1323} INFO - Marking task as UP_FOR_RETRY. dag_id=age_check, task_id=age_check, execution_date=20230126T000000, start_date=20230419T124740, end_date=20230419T124741
[2023-04-19T12:47:41.891+0000] {standard_task_runner.py:105} ERROR - Failed to execute job 1723 for task age_check ('Variable birth_year does not exist'; 24264)
[2023-04-19T12:47:41.982+0000] {local_task_job.py:208} INFO - Task exited with return code 1
[2023-04-19T12:47:42.075+0000] {taskinstance.py:2578} INFO - 0 downstream tasks scheduled from follow-on schedule check
[2023-05-20T20:59:08.388+0000] {taskinstance.py:1083} INFO - Dependencies all met for <TaskInstance: age_check.age_check scheduled__2023-01-26T00:00:00+00:00 [queued]>
[2023-05-20T20:59:08.400+0000] {taskinstance.py:1083} INFO - Dependencies all met for <TaskInstance: age_check.age_check scheduled__2023-01-26T00:00:00+00:00 [queued]>
[2023-05-20T20:59:08.402+0000] {taskinstance.py:1279} INFO - 
--------------------------------------------------------------------------------
[2023-05-20T20:59:08.403+0000] {taskinstance.py:1280} INFO - Starting attempt 2 of 4
[2023-05-20T20:59:08.404+0000] {taskinstance.py:1281} INFO - 
--------------------------------------------------------------------------------
[2023-05-20T20:59:08.415+0000] {taskinstance.py:1300} INFO - Executing <Task(PythonOperator): age_check> on 2023-01-26 00:00:00+00:00
[2023-05-20T20:59:08.420+0000] {standard_task_runner.py:55} INFO - Started process 1079 to run task
[2023-05-20T20:59:08.433+0000] {standard_task_runner.py:82} INFO - Running: ['***', 'tasks', 'run', 'age_check', 'age_check', 'scheduled__2023-01-26T00:00:00+00:00', '--job-id', '1328', '--raw', '--subdir', 'DAGS_FOLDER/age.py', '--cfg-path', '/tmp/tmpvg99g244']
[2023-05-20T20:59:08.435+0000] {standard_task_runner.py:83} INFO - Job 1328: Subtask age_check
[2023-05-20T20:59:08.517+0000] {task_command.py:388} INFO - Running <TaskInstance: age_check.age_check scheduled__2023-01-26T00:00:00+00:00 [running]> on host 242f95e3e8a8
[2023-05-20T20:59:08.593+0000] {taskinstance.py:1509} INFO - Exporting the following env vars:
AIRFLOW_CTX_DAG_OWNER=***
AIRFLOW_CTX_DAG_ID=age_check
AIRFLOW_CTX_TASK_ID=age_check
AIRFLOW_CTX_EXECUTION_DATE=2023-01-26T00:00:00+00:00
AIRFLOW_CTX_TRY_NUMBER=2
AIRFLOW_CTX_DAG_RUN_ID=scheduled__2023-01-26T00:00:00+00:00
[2023-05-20T20:59:08.606+0000] {taskinstance.py:1768} ERROR - Task failed with exception
Traceback (most recent call last):
  File "/home/airflow/.local/lib/python3.7/site-packages/airflow/operators/python.py", line 175, in execute
    return_value = self.execute_callable()
  File "/home/airflow/.local/lib/python3.7/site-packages/airflow/operators/python.py", line 192, in execute_callable
    return self.python_callable(*self.op_args, **self.op_kwargs)
  File "/opt/airflow/dags/age.py", line 35, in age_check
    birth_year = int(Variable.get('birth_year'))
  File "/home/airflow/.local/lib/python3.7/site-packages/airflow/models/variable.py", line 141, in get
    raise KeyError(f"Variable {key} does not exist")
KeyError: 'Variable birth_year does not exist'
[2023-05-20T20:59:08.623+0000] {taskinstance.py:1323} INFO - Marking task as UP_FOR_RETRY. dag_id=age_check, task_id=age_check, execution_date=20230126T000000, start_date=20230520T205908, end_date=20230520T205908
[2023-05-20T20:59:08.641+0000] {standard_task_runner.py:105} ERROR - Failed to execute job 1328 for task age_check ('Variable birth_year does not exist'; 1079)
[2023-05-20T20:59:08.679+0000] {local_task_job.py:208} INFO - Task exited with return code 1
[2023-05-20T20:59:08.715+0000] {taskinstance.py:2578} INFO - 0 downstream tasks scheduled from follow-on schedule check
