[2023-04-19T12:51:55.491+0000] {taskinstance.py:1083} INFO - Dependencies all met for <TaskInstance: age_check.age_check scheduled__2023-03-25T00:00:00+00:00 [queued]>
[2023-04-19T12:51:55.537+0000] {taskinstance.py:1083} INFO - Dependencies all met for <TaskInstance: age_check.age_check scheduled__2023-03-25T00:00:00+00:00 [queued]>
[2023-04-19T12:51:55.543+0000] {taskinstance.py:1279} INFO - 
--------------------------------------------------------------------------------
[2023-04-19T12:51:55.550+0000] {taskinstance.py:1280} INFO - Starting attempt 4 of 4
[2023-04-19T12:51:55.551+0000] {taskinstance.py:1281} INFO - 
--------------------------------------------------------------------------------
[2023-04-19T12:51:55.617+0000] {taskinstance.py:1300} INFO - Executing <Task(PythonOperator): age_check> on 2023-03-25 00:00:00+00:00
[2023-04-19T12:51:55.655+0000] {standard_task_runner.py:55} INFO - Started process 25479 to run task
[2023-04-19T12:51:55.743+0000] {standard_task_runner.py:82} INFO - Running: ['***', 'tasks', 'run', 'age_check', 'age_check', 'scheduled__2023-03-25T00:00:00+00:00', '--job-id', '2240', '--raw', '--subdir', 'DAGS_FOLDER/age.py', '--cfg-path', '/tmp/tmpoduj1pg7']
[2023-04-19T12:51:55.750+0000] {standard_task_runner.py:83} INFO - Job 2240: Subtask age_check
[2023-04-19T12:51:56.143+0000] {task_command.py:388} INFO - Running <TaskInstance: age_check.age_check scheduled__2023-03-25T00:00:00+00:00 [running]> on host fe34f61acbb3
[2023-04-19T12:51:56.488+0000] {taskinstance.py:1509} INFO - Exporting the following env vars:
AIRFLOW_CTX_DAG_OWNER=***
AIRFLOW_CTX_DAG_ID=age_check
AIRFLOW_CTX_TASK_ID=age_check
AIRFLOW_CTX_EXECUTION_DATE=2023-03-25T00:00:00+00:00
AIRFLOW_CTX_TRY_NUMBER=4
AIRFLOW_CTX_DAG_RUN_ID=scheduled__2023-03-25T00:00:00+00:00
[2023-04-19T12:51:56.525+0000] {taskinstance.py:1768} ERROR - Task failed with exception
Traceback (most recent call last):
  File "/home/airflow/.local/lib/python3.7/site-packages/airflow/operators/python.py", line 175, in execute
    return_value = self.execute_callable()
  File "/home/airflow/.local/lib/python3.7/site-packages/airflow/operators/python.py", line 192, in execute_callable
    return self.python_callable(*self.op_args, **self.op_kwargs)
  File "/opt/airflow/dags/age.py", line 35, in age_check
    birth_year = int(Variable.get('birth_year'))
  File "/home/airflow/.local/lib/python3.7/site-packages/airflow/models/variable.py", line 141, in get
    raise KeyError(f"Variable {key} does not exist")
KeyError: 'Variable birth_year does not exist'
[2023-04-19T12:51:56.576+0000] {taskinstance.py:1323} INFO - Marking task as FAILED. dag_id=age_check, task_id=age_check, execution_date=20230325T000000, start_date=20230419T125155, end_date=20230419T125156
[2023-04-19T12:51:56.606+0000] {standard_task_runner.py:105} ERROR - Failed to execute job 2240 for task age_check ('Variable birth_year does not exist'; 25479)
[2023-04-19T12:51:56.662+0000] {local_task_job.py:208} INFO - Task exited with return code 1
[2023-04-19T12:51:56.765+0000] {taskinstance.py:2578} INFO - 0 downstream tasks scheduled from follow-on schedule check
[2023-05-20T21:49:34.195+0000] {taskinstance.py:1083} INFO - Dependencies all met for <TaskInstance: age_check.age_check scheduled__2023-03-25T00:00:00+00:00 [queued]>
[2023-05-20T21:49:34.204+0000] {taskinstance.py:1083} INFO - Dependencies all met for <TaskInstance: age_check.age_check scheduled__2023-03-25T00:00:00+00:00 [queued]>
[2023-05-20T21:49:34.205+0000] {taskinstance.py:1279} INFO - 
--------------------------------------------------------------------------------
[2023-05-20T21:49:34.206+0000] {taskinstance.py:1280} INFO - Starting attempt 4 of 4
[2023-05-20T21:49:34.207+0000] {taskinstance.py:1281} INFO - 
--------------------------------------------------------------------------------
[2023-05-20T21:49:34.219+0000] {taskinstance.py:1300} INFO - Executing <Task(PythonOperator): age_check> on 2023-03-25 00:00:00+00:00
[2023-05-20T21:49:34.230+0000] {standard_task_runner.py:55} INFO - Started process 2041 to run task
[2023-05-20T21:49:34.231+0000] {standard_task_runner.py:82} INFO - Running: ['***', 'tasks', 'run', 'age_check', 'age_check', 'scheduled__2023-03-25T00:00:00+00:00', '--job-id', '1715', '--raw', '--subdir', 'DAGS_FOLDER/age.py', '--cfg-path', '/tmp/tmplcmj_ir6']
[2023-05-20T21:49:34.233+0000] {standard_task_runner.py:83} INFO - Job 1715: Subtask age_check
[2023-05-20T21:49:34.336+0000] {task_command.py:388} INFO - Running <TaskInstance: age_check.age_check scheduled__2023-03-25T00:00:00+00:00 [running]> on host 242f95e3e8a8
[2023-05-20T21:49:34.455+0000] {taskinstance.py:1509} INFO - Exporting the following env vars:
AIRFLOW_CTX_DAG_OWNER=***
AIRFLOW_CTX_DAG_ID=age_check
AIRFLOW_CTX_TASK_ID=age_check
AIRFLOW_CTX_EXECUTION_DATE=2023-03-25T00:00:00+00:00
AIRFLOW_CTX_TRY_NUMBER=4
AIRFLOW_CTX_DAG_RUN_ID=scheduled__2023-03-25T00:00:00+00:00
[2023-05-20T21:49:34.471+0000] {taskinstance.py:1768} ERROR - Task failed with exception
Traceback (most recent call last):
  File "/home/airflow/.local/lib/python3.7/site-packages/airflow/operators/python.py", line 175, in execute
    return_value = self.execute_callable()
  File "/home/airflow/.local/lib/python3.7/site-packages/airflow/operators/python.py", line 192, in execute_callable
    return self.python_callable(*self.op_args, **self.op_kwargs)
  File "/opt/airflow/dags/age.py", line 35, in age_check
    birth_year = int(Variable.get('birth_year'))
  File "/home/airflow/.local/lib/python3.7/site-packages/airflow/models/variable.py", line 141, in get
    raise KeyError(f"Variable {key} does not exist")
KeyError: 'Variable birth_year does not exist'
[2023-05-20T21:49:34.499+0000] {taskinstance.py:1323} INFO - Marking task as FAILED. dag_id=age_check, task_id=age_check, execution_date=20230325T000000, start_date=20230520T214934, end_date=20230520T214934
[2023-05-20T21:49:34.523+0000] {standard_task_runner.py:105} ERROR - Failed to execute job 1715 for task age_check ('Variable birth_year does not exist'; 2041)
[2023-05-20T21:49:34.582+0000] {local_task_job.py:208} INFO - Task exited with return code 1
[2023-05-20T21:49:34.614+0000] {taskinstance.py:2578} INFO - 0 downstream tasks scheduled from follow-on schedule check
