[2023-04-19T12:41:35.627+0000] {taskinstance.py:1083} INFO - Dependencies all met for <TaskInstance: age_check.age_check scheduled__2022-10-31T00:00:00+00:00 [queued]>
[2023-04-19T12:41:35.672+0000] {taskinstance.py:1083} INFO - Dependencies all met for <TaskInstance: age_check.age_check scheduled__2022-10-31T00:00:00+00:00 [queued]>
[2023-04-19T12:41:35.673+0000] {taskinstance.py:1279} INFO - 
--------------------------------------------------------------------------------
[2023-04-19T12:41:35.680+0000] {taskinstance.py:1280} INFO - Starting attempt 1 of 4
[2023-04-19T12:41:35.682+0000] {taskinstance.py:1281} INFO - 
--------------------------------------------------------------------------------
[2023-04-19T12:41:35.726+0000] {taskinstance.py:1300} INFO - Executing <Task(PythonOperator): age_check> on 2022-10-31 00:00:00+00:00
[2023-04-19T12:41:35.745+0000] {standard_task_runner.py:82} INFO - Running: ['***', 'tasks', 'run', 'age_check', 'age_check', 'scheduled__2022-10-31T00:00:00+00:00', '--job-id', '1092', '--raw', '--subdir', 'DAGS_FOLDER/age.py', '--cfg-path', '/tmp/tmpekl4j_4b']
[2023-04-19T12:41:35.747+0000] {standard_task_runner.py:83} INFO - Job 1092: Subtask age_check
[2023-04-19T12:41:35.737+0000] {standard_task_runner.py:55} INFO - Started process 22701 to run task
[2023-04-19T12:41:35.943+0000] {task_command.py:388} INFO - Running <TaskInstance: age_check.age_check scheduled__2022-10-31T00:00:00+00:00 [running]> on host fe34f61acbb3
[2023-04-19T12:41:36.162+0000] {taskinstance.py:1509} INFO - Exporting the following env vars:
AIRFLOW_CTX_DAG_OWNER=***
AIRFLOW_CTX_DAG_ID=age_check
AIRFLOW_CTX_TASK_ID=age_check
AIRFLOW_CTX_EXECUTION_DATE=2022-10-31T00:00:00+00:00
AIRFLOW_CTX_TRY_NUMBER=1
AIRFLOW_CTX_DAG_RUN_ID=scheduled__2022-10-31T00:00:00+00:00
[2023-04-19T12:41:36.170+0000] {taskinstance.py:1768} ERROR - Task failed with exception
Traceback (most recent call last):
  File "/home/airflow/.local/lib/python3.7/site-packages/airflow/operators/python.py", line 175, in execute
    return_value = self.execute_callable()
  File "/home/airflow/.local/lib/python3.7/site-packages/airflow/operators/python.py", line 192, in execute_callable
    return self.python_callable(*self.op_args, **self.op_kwargs)
  File "/opt/airflow/dags/age.py", line 35, in age_check
    birth_year = int(Variable.get('birth_year'))
  File "/home/airflow/.local/lib/python3.7/site-packages/airflow/models/variable.py", line 141, in get
    raise KeyError(f"Variable {key} does not exist")
KeyError: 'Variable birth_year does not exist'
[2023-04-19T12:41:36.181+0000] {taskinstance.py:1323} INFO - Marking task as UP_FOR_RETRY. dag_id=age_check, task_id=age_check, execution_date=20221031T000000, start_date=20230419T124135, end_date=20230419T124136
[2023-04-19T12:41:36.213+0000] {standard_task_runner.py:105} ERROR - Failed to execute job 1092 for task age_check ('Variable birth_year does not exist'; 22701)
[2023-04-19T12:41:36.291+0000] {local_task_job.py:208} INFO - Task exited with return code 1
[2023-04-19T12:41:36.350+0000] {taskinstance.py:2578} INFO - 0 downstream tasks scheduled from follow-on schedule check
[2023-05-17T10:13:14.903+0000] {taskinstance.py:1083} INFO - Dependencies all met for <TaskInstance: age_check.age_check scheduled__2022-10-31T00:00:00+00:00 [queued]>
[2023-05-17T10:13:14.945+0000] {taskinstance.py:1083} INFO - Dependencies all met for <TaskInstance: age_check.age_check scheduled__2022-10-31T00:00:00+00:00 [queued]>
[2023-05-17T10:13:14.947+0000] {taskinstance.py:1279} INFO - 
--------------------------------------------------------------------------------
[2023-05-17T10:13:14.951+0000] {taskinstance.py:1280} INFO - Starting attempt 1 of 4
[2023-05-17T10:13:14.953+0000] {taskinstance.py:1281} INFO - 
--------------------------------------------------------------------------------
[2023-05-17T10:13:15.000+0000] {taskinstance.py:1300} INFO - Executing <Task(PythonOperator): age_check> on 2022-10-31 00:00:00+00:00
[2023-05-17T10:13:15.012+0000] {standard_task_runner.py:55} INFO - Started process 5308 to run task
[2023-05-17T10:13:15.032+0000] {standard_task_runner.py:82} INFO - Running: ['***', 'tasks', 'run', 'age_check', 'age_check', 'scheduled__2022-10-31T00:00:00+00:00', '--job-id', '627', '--raw', '--subdir', 'DAGS_FOLDER/age.py', '--cfg-path', '/tmp/tmpjaptmeme']
[2023-05-17T10:13:15.037+0000] {standard_task_runner.py:83} INFO - Job 627: Subtask age_check
[2023-05-17T10:13:15.219+0000] {task_command.py:388} INFO - Running <TaskInstance: age_check.age_check scheduled__2022-10-31T00:00:00+00:00 [running]> on host 242f95e3e8a8
[2023-05-17T10:13:15.338+0000] {taskinstance.py:1509} INFO - Exporting the following env vars:
AIRFLOW_CTX_DAG_OWNER=***
AIRFLOW_CTX_DAG_ID=age_check
AIRFLOW_CTX_TASK_ID=age_check
AIRFLOW_CTX_EXECUTION_DATE=2022-10-31T00:00:00+00:00
AIRFLOW_CTX_TRY_NUMBER=1
AIRFLOW_CTX_DAG_RUN_ID=scheduled__2022-10-31T00:00:00+00:00
[2023-05-17T10:13:15.355+0000] {taskinstance.py:1768} ERROR - Task failed with exception
Traceback (most recent call last):
  File "/home/airflow/.local/lib/python3.7/site-packages/airflow/operators/python.py", line 175, in execute
    return_value = self.execute_callable()
  File "/home/airflow/.local/lib/python3.7/site-packages/airflow/operators/python.py", line 192, in execute_callable
    return self.python_callable(*self.op_args, **self.op_kwargs)
  File "/opt/airflow/dags/age.py", line 35, in age_check
    birth_year = int(Variable.get('birth_year'))
  File "/home/airflow/.local/lib/python3.7/site-packages/airflow/models/variable.py", line 141, in get
    raise KeyError(f"Variable {key} does not exist")
KeyError: 'Variable birth_year does not exist'
[2023-05-17T10:13:15.388+0000] {taskinstance.py:1323} INFO - Marking task as UP_FOR_RETRY. dag_id=age_check, task_id=age_check, execution_date=20221031T000000, start_date=20230517T101314, end_date=20230517T101315
[2023-05-17T10:13:15.401+0000] {standard_task_runner.py:105} ERROR - Failed to execute job 627 for task age_check ('Variable birth_year does not exist'; 5308)
[2023-05-17T10:13:15.456+0000] {local_task_job.py:208} INFO - Task exited with return code 1
[2023-05-17T10:13:15.491+0000] {taskinstance.py:2578} INFO - 0 downstream tasks scheduled from follow-on schedule check
