[2023-04-19T12:42:16.803+0000] {taskinstance.py:1083} INFO - Dependencies all met for <TaskInstance: age_check.age_check scheduled__2022-10-31T00:00:00+00:00 [queued]>
[2023-04-19T12:42:16.869+0000] {taskinstance.py:1083} INFO - Dependencies all met for <TaskInstance: age_check.age_check scheduled__2022-10-31T00:00:00+00:00 [queued]>
[2023-04-19T12:42:16.870+0000] {taskinstance.py:1279} INFO - 
--------------------------------------------------------------------------------
[2023-04-19T12:42:16.871+0000] {taskinstance.py:1280} INFO - Starting attempt 4 of 4
[2023-04-19T12:42:16.872+0000] {taskinstance.py:1281} INFO - 
--------------------------------------------------------------------------------
[2023-04-19T12:42:16.922+0000] {taskinstance.py:1300} INFO - Executing <Task(PythonOperator): age_check> on 2022-10-31 00:00:00+00:00
[2023-04-19T12:42:16.953+0000] {standard_task_runner.py:55} INFO - Started process 22881 to run task
[2023-04-19T12:42:16.988+0000] {standard_task_runner.py:82} INFO - Running: ['***', 'tasks', 'run', 'age_check', 'age_check', 'scheduled__2022-10-31T00:00:00+00:00', '--job-id', '1163', '--raw', '--subdir', 'DAGS_FOLDER/age.py', '--cfg-path', '/tmp/tmphzj8thvr']
[2023-04-19T12:42:17.003+0000] {standard_task_runner.py:83} INFO - Job 1163: Subtask age_check
[2023-04-19T12:42:17.353+0000] {task_command.py:388} INFO - Running <TaskInstance: age_check.age_check scheduled__2022-10-31T00:00:00+00:00 [running]> on host fe34f61acbb3
[2023-04-19T12:42:17.665+0000] {taskinstance.py:1509} INFO - Exporting the following env vars:
AIRFLOW_CTX_DAG_OWNER=***
AIRFLOW_CTX_DAG_ID=age_check
AIRFLOW_CTX_TASK_ID=age_check
AIRFLOW_CTX_EXECUTION_DATE=2022-10-31T00:00:00+00:00
AIRFLOW_CTX_TRY_NUMBER=4
AIRFLOW_CTX_DAG_RUN_ID=scheduled__2022-10-31T00:00:00+00:00
[2023-04-19T12:42:17.703+0000] {taskinstance.py:1768} ERROR - Task failed with exception
Traceback (most recent call last):
  File "/home/airflow/.local/lib/python3.7/site-packages/airflow/operators/python.py", line 175, in execute
    return_value = self.execute_callable()
  File "/home/airflow/.local/lib/python3.7/site-packages/airflow/operators/python.py", line 192, in execute_callable
    return self.python_callable(*self.op_args, **self.op_kwargs)
  File "/opt/airflow/dags/age.py", line 35, in age_check
    birth_year = int(Variable.get('birth_year'))
  File "/home/airflow/.local/lib/python3.7/site-packages/airflow/models/variable.py", line 141, in get
    raise KeyError(f"Variable {key} does not exist")
KeyError: 'Variable birth_year does not exist'
[2023-04-19T12:42:17.744+0000] {taskinstance.py:1323} INFO - Marking task as FAILED. dag_id=age_check, task_id=age_check, execution_date=20221031T000000, start_date=20230419T124216, end_date=20230419T124217
[2023-04-19T12:42:17.784+0000] {standard_task_runner.py:105} ERROR - Failed to execute job 1163 for task age_check ('Variable birth_year does not exist'; 22881)
[2023-04-19T12:42:17.882+0000] {local_task_job.py:208} INFO - Task exited with return code 1
[2023-04-19T12:42:17.965+0000] {taskinstance.py:2578} INFO - 0 downstream tasks scheduled from follow-on schedule check
[2023-05-17T10:13:50.233+0000] {taskinstance.py:1083} INFO - Dependencies all met for <TaskInstance: age_check.age_check scheduled__2022-10-31T00:00:00+00:00 [queued]>
[2023-05-17T10:13:50.241+0000] {taskinstance.py:1083} INFO - Dependencies all met for <TaskInstance: age_check.age_check scheduled__2022-10-31T00:00:00+00:00 [queued]>
[2023-05-17T10:13:50.242+0000] {taskinstance.py:1279} INFO - 
--------------------------------------------------------------------------------
[2023-05-17T10:13:50.243+0000] {taskinstance.py:1280} INFO - Starting attempt 4 of 4
[2023-05-17T10:13:50.244+0000] {taskinstance.py:1281} INFO - 
--------------------------------------------------------------------------------
[2023-05-17T10:13:50.253+0000] {taskinstance.py:1300} INFO - Executing <Task(PythonOperator): age_check> on 2022-10-31 00:00:00+00:00
[2023-05-17T10:13:50.258+0000] {standard_task_runner.py:55} INFO - Started process 5428 to run task
[2023-05-17T10:13:50.262+0000] {standard_task_runner.py:82} INFO - Running: ['***', 'tasks', 'run', 'age_check', 'age_check', 'scheduled__2022-10-31T00:00:00+00:00', '--job-id', '677', '--raw', '--subdir', 'DAGS_FOLDER/age.py', '--cfg-path', '/tmp/tmpoi7jigp_']
[2023-05-17T10:13:50.264+0000] {standard_task_runner.py:83} INFO - Job 677: Subtask age_check
[2023-05-17T10:13:50.330+0000] {task_command.py:388} INFO - Running <TaskInstance: age_check.age_check scheduled__2022-10-31T00:00:00+00:00 [running]> on host 242f95e3e8a8
[2023-05-17T10:13:50.388+0000] {taskinstance.py:1509} INFO - Exporting the following env vars:
AIRFLOW_CTX_DAG_OWNER=***
AIRFLOW_CTX_DAG_ID=age_check
AIRFLOW_CTX_TASK_ID=age_check
AIRFLOW_CTX_EXECUTION_DATE=2022-10-31T00:00:00+00:00
AIRFLOW_CTX_TRY_NUMBER=4
AIRFLOW_CTX_DAG_RUN_ID=scheduled__2022-10-31T00:00:00+00:00
[2023-05-17T10:13:50.398+0000] {taskinstance.py:1768} ERROR - Task failed with exception
Traceback (most recent call last):
  File "/home/airflow/.local/lib/python3.7/site-packages/airflow/operators/python.py", line 175, in execute
    return_value = self.execute_callable()
  File "/home/airflow/.local/lib/python3.7/site-packages/airflow/operators/python.py", line 192, in execute_callable
    return self.python_callable(*self.op_args, **self.op_kwargs)
  File "/opt/airflow/dags/age.py", line 35, in age_check
    birth_year = int(Variable.get('birth_year'))
  File "/home/airflow/.local/lib/python3.7/site-packages/airflow/models/variable.py", line 141, in get
    raise KeyError(f"Variable {key} does not exist")
KeyError: 'Variable birth_year does not exist'
[2023-05-17T10:13:50.410+0000] {taskinstance.py:1323} INFO - Marking task as FAILED. dag_id=age_check, task_id=age_check, execution_date=20221031T000000, start_date=20230517T101350, end_date=20230517T101350
[2023-05-17T10:13:50.419+0000] {standard_task_runner.py:105} ERROR - Failed to execute job 677 for task age_check ('Variable birth_year does not exist'; 5428)
[2023-05-17T10:13:50.433+0000] {local_task_job.py:208} INFO - Task exited with return code 1
[2023-05-17T10:13:50.456+0000] {taskinstance.py:2578} INFO - 0 downstream tasks scheduled from follow-on schedule check
