[2023-04-22T00:50:38.841+0000] {taskinstance.py:1083} INFO - Dependencies all met for <TaskInstance: age_check.age_check scheduled__2023-04-21T00:00:00+00:00 [queued]>
[2023-04-22T00:50:38.850+0000] {taskinstance.py:1083} INFO - Dependencies all met for <TaskInstance: age_check.age_check scheduled__2023-04-21T00:00:00+00:00 [queued]>
[2023-04-22T00:50:38.851+0000] {taskinstance.py:1279} INFO - 
--------------------------------------------------------------------------------
[2023-04-22T00:50:38.852+0000] {taskinstance.py:1280} INFO - Starting attempt 2 of 4
[2023-04-22T00:50:38.853+0000] {taskinstance.py:1281} INFO - 
--------------------------------------------------------------------------------
[2023-04-22T00:50:38.862+0000] {taskinstance.py:1300} INFO - Executing <Task(PythonOperator): age_check> on 2023-04-21 00:00:00+00:00
[2023-04-22T00:50:38.870+0000] {standard_task_runner.py:55} INFO - Started process 82600 to run task
[2023-04-22T00:50:38.873+0000] {standard_task_runner.py:82} INFO - Running: ['***', 'tasks', 'run', 'age_check', 'age_check', 'scheduled__2023-04-21T00:00:00+00:00', '--job-id', '4486', '--raw', '--subdir', 'DAGS_FOLDER/age.py', '--cfg-path', '/tmp/tmpmcj_9kct']
[2023-04-22T00:50:38.874+0000] {standard_task_runner.py:83} INFO - Job 4486: Subtask age_check
[2023-04-22T00:50:39.377+0000] {task_command.py:388} INFO - Running <TaskInstance: age_check.age_check scheduled__2023-04-21T00:00:00+00:00 [running]> on host fe34f61acbb3
[2023-04-22T00:50:39.431+0000] {taskinstance.py:1509} INFO - Exporting the following env vars:
AIRFLOW_CTX_DAG_OWNER=***
AIRFLOW_CTX_DAG_ID=age_check
AIRFLOW_CTX_TASK_ID=age_check
AIRFLOW_CTX_EXECUTION_DATE=2023-04-21T00:00:00+00:00
AIRFLOW_CTX_TRY_NUMBER=2
AIRFLOW_CTX_DAG_RUN_ID=scheduled__2023-04-21T00:00:00+00:00
[2023-04-22T00:50:39.441+0000] {taskinstance.py:1768} ERROR - Task failed with exception
Traceback (most recent call last):
  File "/home/airflow/.local/lib/python3.7/site-packages/airflow/operators/python.py", line 175, in execute
    return_value = self.execute_callable()
  File "/home/airflow/.local/lib/python3.7/site-packages/airflow/operators/python.py", line 192, in execute_callable
    return self.python_callable(*self.op_args, **self.op_kwargs)
  File "/opt/airflow/dags/age.py", line 35, in age_check
    birth_year = int(Variable.get('birth_year'))
  File "/home/airflow/.local/lib/python3.7/site-packages/airflow/models/variable.py", line 141, in get
    raise KeyError(f"Variable {key} does not exist")
KeyError: 'Variable birth_year does not exist'
[2023-04-22T00:50:39.453+0000] {taskinstance.py:1323} INFO - Marking task as UP_FOR_RETRY. dag_id=age_check, task_id=age_check, execution_date=20230421T000000, start_date=20230422T005038, end_date=20230422T005039
[2023-04-22T00:50:39.468+0000] {standard_task_runner.py:105} ERROR - Failed to execute job 4486 for task age_check ('Variable birth_year does not exist'; 82600)
[2023-04-22T00:50:39.528+0000] {local_task_job.py:208} INFO - Task exited with return code 1
[2023-04-22T00:50:39.548+0000] {taskinstance.py:2578} INFO - 0 downstream tasks scheduled from follow-on schedule check
[2023-05-20T21:50:55.019+0000] {taskinstance.py:1083} INFO - Dependencies all met for <TaskInstance: age_check.age_check scheduled__2023-04-21T00:00:00+00:00 [queued]>
[2023-05-20T21:50:55.034+0000] {taskinstance.py:1083} INFO - Dependencies all met for <TaskInstance: age_check.age_check scheduled__2023-04-21T00:00:00+00:00 [queued]>
[2023-05-20T21:50:55.036+0000] {taskinstance.py:1279} INFO - 
--------------------------------------------------------------------------------
[2023-05-20T21:50:55.037+0000] {taskinstance.py:1280} INFO - Starting attempt 2 of 4
[2023-05-20T21:50:55.038+0000] {taskinstance.py:1281} INFO - 
--------------------------------------------------------------------------------
[2023-05-20T21:50:55.049+0000] {taskinstance.py:1300} INFO - Executing <Task(PythonOperator): age_check> on 2023-04-21 00:00:00+00:00
[2023-05-20T21:50:55.059+0000] {standard_task_runner.py:55} INFO - Started process 2468 to run task
[2023-05-20T21:50:55.066+0000] {standard_task_runner.py:82} INFO - Running: ['***', 'tasks', 'run', 'age_check', 'age_check', 'scheduled__2023-04-21T00:00:00+00:00', '--job-id', '1897', '--raw', '--subdir', 'DAGS_FOLDER/age.py', '--cfg-path', '/tmp/tmp7ks6g7s2']
[2023-05-20T21:50:55.070+0000] {standard_task_runner.py:83} INFO - Job 1897: Subtask age_check
[2023-05-20T21:50:55.177+0000] {task_command.py:388} INFO - Running <TaskInstance: age_check.age_check scheduled__2023-04-21T00:00:00+00:00 [running]> on host 242f95e3e8a8
[2023-05-20T21:50:55.254+0000] {taskinstance.py:1509} INFO - Exporting the following env vars:
AIRFLOW_CTX_DAG_OWNER=***
AIRFLOW_CTX_DAG_ID=age_check
AIRFLOW_CTX_TASK_ID=age_check
AIRFLOW_CTX_EXECUTION_DATE=2023-04-21T00:00:00+00:00
AIRFLOW_CTX_TRY_NUMBER=2
AIRFLOW_CTX_DAG_RUN_ID=scheduled__2023-04-21T00:00:00+00:00
[2023-05-20T21:50:55.269+0000] {taskinstance.py:1768} ERROR - Task failed with exception
Traceback (most recent call last):
  File "/home/airflow/.local/lib/python3.7/site-packages/airflow/operators/python.py", line 175, in execute
    return_value = self.execute_callable()
  File "/home/airflow/.local/lib/python3.7/site-packages/airflow/operators/python.py", line 192, in execute_callable
    return self.python_callable(*self.op_args, **self.op_kwargs)
  File "/opt/airflow/dags/age.py", line 35, in age_check
    birth_year = int(Variable.get('birth_year'))
  File "/home/airflow/.local/lib/python3.7/site-packages/airflow/models/variable.py", line 141, in get
    raise KeyError(f"Variable {key} does not exist")
KeyError: 'Variable birth_year does not exist'
[2023-05-20T21:50:55.292+0000] {taskinstance.py:1323} INFO - Marking task as UP_FOR_RETRY. dag_id=age_check, task_id=age_check, execution_date=20230421T000000, start_date=20230520T215055, end_date=20230520T215055
[2023-05-20T21:50:55.312+0000] {standard_task_runner.py:105} ERROR - Failed to execute job 1897 for task age_check ('Variable birth_year does not exist'; 2468)
[2023-05-20T21:50:55.368+0000] {local_task_job.py:208} INFO - Task exited with return code 1
[2023-05-20T21:50:55.397+0000] {taskinstance.py:2578} INFO - 0 downstream tasks scheduled from follow-on schedule check
