[2023-04-19T12:47:38.965+0000] {taskinstance.py:1083} INFO - Dependencies all met for <TaskInstance: age_check.age_check scheduled__2023-01-27T00:00:00+00:00 [queued]>
[2023-04-19T12:47:39.049+0000] {taskinstance.py:1083} INFO - Dependencies all met for <TaskInstance: age_check.age_check scheduled__2023-01-27T00:00:00+00:00 [queued]>
[2023-04-19T12:47:39.056+0000] {taskinstance.py:1279} INFO - 
--------------------------------------------------------------------------------
[2023-04-19T12:47:39.064+0000] {taskinstance.py:1280} INFO - Starting attempt 2 of 4
[2023-04-19T12:47:39.076+0000] {taskinstance.py:1281} INFO - 
--------------------------------------------------------------------------------
[2023-04-19T12:47:39.136+0000] {taskinstance.py:1300} INFO - Executing <Task(PythonOperator): age_check> on 2023-01-27 00:00:00+00:00
[2023-04-19T12:47:39.156+0000] {standard_task_runner.py:55} INFO - Started process 24252 to run task
[2023-04-19T12:47:39.174+0000] {standard_task_runner.py:82} INFO - Running: ['***', 'tasks', 'run', 'age_check', 'age_check', 'scheduled__2023-01-27T00:00:00+00:00', '--job-id', '1719', '--raw', '--subdir', 'DAGS_FOLDER/age.py', '--cfg-path', '/tmp/tmp08b2n7ro']
[2023-04-19T12:47:39.175+0000] {standard_task_runner.py:83} INFO - Job 1719: Subtask age_check
[2023-04-19T12:47:39.376+0000] {task_command.py:388} INFO - Running <TaskInstance: age_check.age_check scheduled__2023-01-27T00:00:00+00:00 [running]> on host fe34f61acbb3
[2023-04-19T12:47:39.539+0000] {taskinstance.py:1509} INFO - Exporting the following env vars:
AIRFLOW_CTX_DAG_OWNER=***
AIRFLOW_CTX_DAG_ID=age_check
AIRFLOW_CTX_TASK_ID=age_check
AIRFLOW_CTX_EXECUTION_DATE=2023-01-27T00:00:00+00:00
AIRFLOW_CTX_TRY_NUMBER=2
AIRFLOW_CTX_DAG_RUN_ID=scheduled__2023-01-27T00:00:00+00:00
[2023-04-19T12:47:39.552+0000] {taskinstance.py:1768} ERROR - Task failed with exception
Traceback (most recent call last):
  File "/home/airflow/.local/lib/python3.7/site-packages/airflow/operators/python.py", line 175, in execute
    return_value = self.execute_callable()
  File "/home/airflow/.local/lib/python3.7/site-packages/airflow/operators/python.py", line 192, in execute_callable
    return self.python_callable(*self.op_args, **self.op_kwargs)
  File "/opt/airflow/dags/age.py", line 35, in age_check
    birth_year = int(Variable.get('birth_year'))
  File "/home/airflow/.local/lib/python3.7/site-packages/airflow/models/variable.py", line 141, in get
    raise KeyError(f"Variable {key} does not exist")
KeyError: 'Variable birth_year does not exist'
[2023-04-19T12:47:39.624+0000] {taskinstance.py:1323} INFO - Marking task as UP_FOR_RETRY. dag_id=age_check, task_id=age_check, execution_date=20230127T000000, start_date=20230419T124738, end_date=20230419T124739
[2023-04-19T12:47:39.642+0000] {standard_task_runner.py:105} ERROR - Failed to execute job 1719 for task age_check ('Variable birth_year does not exist'; 24252)
[2023-04-19T12:47:39.681+0000] {local_task_job.py:208} INFO - Task exited with return code 1
[2023-04-19T12:47:39.720+0000] {taskinstance.py:2578} INFO - 0 downstream tasks scheduled from follow-on schedule check
[2023-05-20T20:59:09.698+0000] {taskinstance.py:1083} INFO - Dependencies all met for <TaskInstance: age_check.age_check scheduled__2023-01-27T00:00:00+00:00 [queued]>
[2023-05-20T20:59:09.710+0000] {taskinstance.py:1083} INFO - Dependencies all met for <TaskInstance: age_check.age_check scheduled__2023-01-27T00:00:00+00:00 [queued]>
[2023-05-20T20:59:09.711+0000] {taskinstance.py:1279} INFO - 
--------------------------------------------------------------------------------
[2023-05-20T20:59:09.711+0000] {taskinstance.py:1280} INFO - Starting attempt 2 of 4
[2023-05-20T20:59:09.712+0000] {taskinstance.py:1281} INFO - 
--------------------------------------------------------------------------------
[2023-05-20T20:59:09.722+0000] {taskinstance.py:1300} INFO - Executing <Task(PythonOperator): age_check> on 2023-01-27 00:00:00+00:00
[2023-05-20T20:59:09.728+0000] {standard_task_runner.py:55} INFO - Started process 1086 to run task
[2023-05-20T20:59:09.734+0000] {standard_task_runner.py:82} INFO - Running: ['***', 'tasks', 'run', 'age_check', 'age_check', 'scheduled__2023-01-27T00:00:00+00:00', '--job-id', '1330', '--raw', '--subdir', 'DAGS_FOLDER/age.py', '--cfg-path', '/tmp/tmpkpu7fpj7']
[2023-05-20T20:59:09.736+0000] {standard_task_runner.py:83} INFO - Job 1330: Subtask age_check
[2023-05-20T20:59:09.798+0000] {task_command.py:388} INFO - Running <TaskInstance: age_check.age_check scheduled__2023-01-27T00:00:00+00:00 [running]> on host 242f95e3e8a8
[2023-05-20T20:59:09.858+0000] {taskinstance.py:1509} INFO - Exporting the following env vars:
AIRFLOW_CTX_DAG_OWNER=***
AIRFLOW_CTX_DAG_ID=age_check
AIRFLOW_CTX_TASK_ID=age_check
AIRFLOW_CTX_EXECUTION_DATE=2023-01-27T00:00:00+00:00
AIRFLOW_CTX_TRY_NUMBER=2
AIRFLOW_CTX_DAG_RUN_ID=scheduled__2023-01-27T00:00:00+00:00
[2023-05-20T20:59:09.868+0000] {taskinstance.py:1768} ERROR - Task failed with exception
Traceback (most recent call last):
  File "/home/airflow/.local/lib/python3.7/site-packages/airflow/operators/python.py", line 175, in execute
    return_value = self.execute_callable()
  File "/home/airflow/.local/lib/python3.7/site-packages/airflow/operators/python.py", line 192, in execute_callable
    return self.python_callable(*self.op_args, **self.op_kwargs)
  File "/opt/airflow/dags/age.py", line 35, in age_check
    birth_year = int(Variable.get('birth_year'))
  File "/home/airflow/.local/lib/python3.7/site-packages/airflow/models/variable.py", line 141, in get
    raise KeyError(f"Variable {key} does not exist")
KeyError: 'Variable birth_year does not exist'
[2023-05-20T20:59:09.881+0000] {taskinstance.py:1323} INFO - Marking task as UP_FOR_RETRY. dag_id=age_check, task_id=age_check, execution_date=20230127T000000, start_date=20230520T205909, end_date=20230520T205909
[2023-05-20T20:59:09.894+0000] {standard_task_runner.py:105} ERROR - Failed to execute job 1330 for task age_check ('Variable birth_year does not exist'; 1086)
[2023-05-20T20:59:09.906+0000] {local_task_job.py:208} INFO - Task exited with return code 1
[2023-05-20T20:59:09.926+0000] {taskinstance.py:2578} INFO - 0 downstream tasks scheduled from follow-on schedule check
