[2023-04-19T12:51:36.486+0000] {taskinstance.py:1083} INFO - Dependencies all met for <TaskInstance: age_check.age_check scheduled__2023-03-21T00:00:00+00:00 [queued]>
[2023-04-19T12:51:36.536+0000] {taskinstance.py:1083} INFO - Dependencies all met for <TaskInstance: age_check.age_check scheduled__2023-03-21T00:00:00+00:00 [queued]>
[2023-04-19T12:51:36.541+0000] {taskinstance.py:1279} INFO - 
--------------------------------------------------------------------------------
[2023-04-19T12:51:36.542+0000] {taskinstance.py:1280} INFO - Starting attempt 3 of 4
[2023-04-19T12:51:36.543+0000] {taskinstance.py:1281} INFO - 
--------------------------------------------------------------------------------
[2023-04-19T12:51:36.592+0000] {taskinstance.py:1300} INFO - Executing <Task(PythonOperator): age_check> on 2023-03-21 00:00:00+00:00
[2023-04-19T12:51:36.627+0000] {standard_task_runner.py:55} INFO - Started process 25376 to run task
[2023-04-19T12:51:36.660+0000] {standard_task_runner.py:82} INFO - Running: ['***', 'tasks', 'run', 'age_check', 'age_check', 'scheduled__2023-03-21T00:00:00+00:00', '--job-id', '2191', '--raw', '--subdir', 'DAGS_FOLDER/age.py', '--cfg-path', '/tmp/tmprk33t_zx']
[2023-04-19T12:51:36.672+0000] {standard_task_runner.py:83} INFO - Job 2191: Subtask age_check
[2023-04-19T12:51:36.889+0000] {task_command.py:388} INFO - Running <TaskInstance: age_check.age_check scheduled__2023-03-21T00:00:00+00:00 [running]> on host fe34f61acbb3
[2023-04-19T12:51:37.073+0000] {taskinstance.py:1509} INFO - Exporting the following env vars:
AIRFLOW_CTX_DAG_OWNER=***
AIRFLOW_CTX_DAG_ID=age_check
AIRFLOW_CTX_TASK_ID=age_check
AIRFLOW_CTX_EXECUTION_DATE=2023-03-21T00:00:00+00:00
AIRFLOW_CTX_TRY_NUMBER=3
AIRFLOW_CTX_DAG_RUN_ID=scheduled__2023-03-21T00:00:00+00:00
[2023-04-19T12:51:37.134+0000] {taskinstance.py:1768} ERROR - Task failed with exception
Traceback (most recent call last):
  File "/home/airflow/.local/lib/python3.7/site-packages/airflow/operators/python.py", line 175, in execute
    return_value = self.execute_callable()
  File "/home/airflow/.local/lib/python3.7/site-packages/airflow/operators/python.py", line 192, in execute_callable
    return self.python_callable(*self.op_args, **self.op_kwargs)
  File "/opt/airflow/dags/age.py", line 35, in age_check
    birth_year = int(Variable.get('birth_year'))
  File "/home/airflow/.local/lib/python3.7/site-packages/airflow/models/variable.py", line 141, in get
    raise KeyError(f"Variable {key} does not exist")
KeyError: 'Variable birth_year does not exist'
[2023-04-19T12:51:37.206+0000] {taskinstance.py:1323} INFO - Marking task as UP_FOR_RETRY. dag_id=age_check, task_id=age_check, execution_date=20230321T000000, start_date=20230419T125136, end_date=20230419T125137
[2023-04-19T12:51:37.272+0000] {standard_task_runner.py:105} ERROR - Failed to execute job 2191 for task age_check ('Variable birth_year does not exist'; 25376)
[2023-04-19T12:51:37.420+0000] {local_task_job.py:208} INFO - Task exited with return code 1
[2023-04-19T12:51:37.579+0000] {taskinstance.py:2578} INFO - 0 downstream tasks scheduled from follow-on schedule check
[2023-05-20T21:49:21.133+0000] {taskinstance.py:1083} INFO - Dependencies all met for <TaskInstance: age_check.age_check scheduled__2023-03-21T00:00:00+00:00 [queued]>
[2023-05-20T21:49:21.146+0000] {taskinstance.py:1083} INFO - Dependencies all met for <TaskInstance: age_check.age_check scheduled__2023-03-21T00:00:00+00:00 [queued]>
[2023-05-20T21:49:21.147+0000] {taskinstance.py:1279} INFO - 
--------------------------------------------------------------------------------
[2023-05-20T21:49:21.148+0000] {taskinstance.py:1280} INFO - Starting attempt 3 of 4
[2023-05-20T21:49:21.149+0000] {taskinstance.py:1281} INFO - 
--------------------------------------------------------------------------------
[2023-05-20T21:49:21.167+0000] {taskinstance.py:1300} INFO - Executing <Task(PythonOperator): age_check> on 2023-03-21 00:00:00+00:00
[2023-05-20T21:49:21.172+0000] {standard_task_runner.py:55} INFO - Started process 1992 to run task
[2023-05-20T21:49:21.177+0000] {standard_task_runner.py:82} INFO - Running: ['***', 'tasks', 'run', 'age_check', 'age_check', 'scheduled__2023-03-21T00:00:00+00:00', '--job-id', '1699', '--raw', '--subdir', 'DAGS_FOLDER/age.py', '--cfg-path', '/tmp/tmplm4mzfhz']
[2023-05-20T21:49:21.187+0000] {standard_task_runner.py:83} INFO - Job 1699: Subtask age_check
[2023-05-20T21:49:21.338+0000] {task_command.py:388} INFO - Running <TaskInstance: age_check.age_check scheduled__2023-03-21T00:00:00+00:00 [running]> on host 242f95e3e8a8
[2023-05-20T21:49:21.476+0000] {taskinstance.py:1509} INFO - Exporting the following env vars:
AIRFLOW_CTX_DAG_OWNER=***
AIRFLOW_CTX_DAG_ID=age_check
AIRFLOW_CTX_TASK_ID=age_check
AIRFLOW_CTX_EXECUTION_DATE=2023-03-21T00:00:00+00:00
AIRFLOW_CTX_TRY_NUMBER=3
AIRFLOW_CTX_DAG_RUN_ID=scheduled__2023-03-21T00:00:00+00:00
[2023-05-20T21:49:21.502+0000] {taskinstance.py:1768} ERROR - Task failed with exception
Traceback (most recent call last):
  File "/home/airflow/.local/lib/python3.7/site-packages/airflow/operators/python.py", line 175, in execute
    return_value = self.execute_callable()
  File "/home/airflow/.local/lib/python3.7/site-packages/airflow/operators/python.py", line 192, in execute_callable
    return self.python_callable(*self.op_args, **self.op_kwargs)
  File "/opt/airflow/dags/age.py", line 35, in age_check
    birth_year = int(Variable.get('birth_year'))
  File "/home/airflow/.local/lib/python3.7/site-packages/airflow/models/variable.py", line 141, in get
    raise KeyError(f"Variable {key} does not exist")
KeyError: 'Variable birth_year does not exist'
[2023-05-20T21:49:21.522+0000] {taskinstance.py:1323} INFO - Marking task as UP_FOR_RETRY. dag_id=age_check, task_id=age_check, execution_date=20230321T000000, start_date=20230520T214921, end_date=20230520T214921
[2023-05-20T21:49:21.534+0000] {standard_task_runner.py:105} ERROR - Failed to execute job 1699 for task age_check ('Variable birth_year does not exist'; 1992)
[2023-05-20T21:49:21.597+0000] {local_task_job.py:208} INFO - Task exited with return code 1
[2023-05-20T21:49:21.649+0000] {taskinstance.py:2578} INFO - 0 downstream tasks scheduled from follow-on schedule check
