[2023-04-19T12:46:51.295+0000] {taskinstance.py:1083} INFO - Dependencies all met for <TaskInstance: age_check.age_check scheduled__2023-01-12T00:00:00+00:00 [queued]>
[2023-04-19T12:46:51.392+0000] {taskinstance.py:1083} INFO - Dependencies all met for <TaskInstance: age_check.age_check scheduled__2023-01-12T00:00:00+00:00 [queued]>
[2023-04-19T12:46:51.395+0000] {taskinstance.py:1279} INFO - 
--------------------------------------------------------------------------------
[2023-04-19T12:46:51.397+0000] {taskinstance.py:1280} INFO - Starting attempt 1 of 4
[2023-04-19T12:46:51.398+0000] {taskinstance.py:1281} INFO - 
--------------------------------------------------------------------------------
[2023-04-19T12:46:51.466+0000] {taskinstance.py:1300} INFO - Executing <Task(PythonOperator): age_check> on 2023-01-12 00:00:00+00:00
[2023-04-19T12:46:51.507+0000] {standard_task_runner.py:55} INFO - Started process 24042 to run task
[2023-04-19T12:46:51.530+0000] {standard_task_runner.py:82} INFO - Running: ['***', 'tasks', 'run', 'age_check', 'age_check', 'scheduled__2023-01-12T00:00:00+00:00', '--job-id', '1637', '--raw', '--subdir', 'DAGS_FOLDER/age.py', '--cfg-path', '/tmp/tmp8oqqms20']
[2023-04-19T12:46:51.546+0000] {standard_task_runner.py:83} INFO - Job 1637: Subtask age_check
[2023-04-19T12:46:51.833+0000] {task_command.py:388} INFO - Running <TaskInstance: age_check.age_check scheduled__2023-01-12T00:00:00+00:00 [running]> on host fe34f61acbb3
[2023-04-19T12:46:52.138+0000] {taskinstance.py:1509} INFO - Exporting the following env vars:
AIRFLOW_CTX_DAG_OWNER=***
AIRFLOW_CTX_DAG_ID=age_check
AIRFLOW_CTX_TASK_ID=age_check
AIRFLOW_CTX_EXECUTION_DATE=2023-01-12T00:00:00+00:00
AIRFLOW_CTX_TRY_NUMBER=1
AIRFLOW_CTX_DAG_RUN_ID=scheduled__2023-01-12T00:00:00+00:00
[2023-04-19T12:46:52.184+0000] {taskinstance.py:1768} ERROR - Task failed with exception
Traceback (most recent call last):
  File "/home/airflow/.local/lib/python3.7/site-packages/airflow/operators/python.py", line 175, in execute
    return_value = self.execute_callable()
  File "/home/airflow/.local/lib/python3.7/site-packages/airflow/operators/python.py", line 192, in execute_callable
    return self.python_callable(*self.op_args, **self.op_kwargs)
  File "/opt/airflow/dags/age.py", line 35, in age_check
    birth_year = int(Variable.get('birth_year'))
  File "/home/airflow/.local/lib/python3.7/site-packages/airflow/models/variable.py", line 141, in get
    raise KeyError(f"Variable {key} does not exist")
KeyError: 'Variable birth_year does not exist'
[2023-04-19T12:46:52.234+0000] {taskinstance.py:1323} INFO - Marking task as UP_FOR_RETRY. dag_id=age_check, task_id=age_check, execution_date=20230112T000000, start_date=20230419T124651, end_date=20230419T124652
[2023-04-19T12:46:52.265+0000] {standard_task_runner.py:105} ERROR - Failed to execute job 1637 for task age_check ('Variable birth_year does not exist'; 24042)
[2023-04-19T12:46:52.406+0000] {local_task_job.py:208} INFO - Task exited with return code 1
[2023-04-19T12:46:52.467+0000] {taskinstance.py:2578} INFO - 0 downstream tasks scheduled from follow-on schedule check
[2023-05-20T20:58:02.548+0000] {taskinstance.py:1083} INFO - Dependencies all met for <TaskInstance: age_check.age_check scheduled__2023-01-12T00:00:00+00:00 [queued]>
[2023-05-20T20:58:02.610+0000] {taskinstance.py:1083} INFO - Dependencies all met for <TaskInstance: age_check.age_check scheduled__2023-01-12T00:00:00+00:00 [queued]>
[2023-05-20T20:58:02.616+0000] {taskinstance.py:1279} INFO - 
--------------------------------------------------------------------------------
[2023-05-20T20:58:02.619+0000] {taskinstance.py:1280} INFO - Starting attempt 1 of 4
[2023-05-20T20:58:02.621+0000] {taskinstance.py:1281} INFO - 
--------------------------------------------------------------------------------
[2023-05-20T20:58:02.696+0000] {taskinstance.py:1300} INFO - Executing <Task(PythonOperator): age_check> on 2023-01-12 00:00:00+00:00
[2023-05-20T20:58:02.719+0000] {standard_task_runner.py:55} INFO - Started process 768 to run task
[2023-05-20T20:58:02.818+0000] {standard_task_runner.py:82} INFO - Running: ['***', 'tasks', 'run', 'age_check', 'age_check', 'scheduled__2023-01-12T00:00:00+00:00', '--job-id', '1199', '--raw', '--subdir', 'DAGS_FOLDER/age.py', '--cfg-path', '/tmp/tmp7mx6daiz']
[2023-05-20T20:58:02.825+0000] {standard_task_runner.py:83} INFO - Job 1199: Subtask age_check
[2023-05-20T20:58:03.167+0000] {task_command.py:388} INFO - Running <TaskInstance: age_check.age_check scheduled__2023-01-12T00:00:00+00:00 [running]> on host 242f95e3e8a8
[2023-05-20T20:58:03.512+0000] {taskinstance.py:1509} INFO - Exporting the following env vars:
AIRFLOW_CTX_DAG_OWNER=***
AIRFLOW_CTX_DAG_ID=age_check
AIRFLOW_CTX_TASK_ID=age_check
AIRFLOW_CTX_EXECUTION_DATE=2023-01-12T00:00:00+00:00
AIRFLOW_CTX_TRY_NUMBER=1
AIRFLOW_CTX_DAG_RUN_ID=scheduled__2023-01-12T00:00:00+00:00
[2023-05-20T20:58:03.557+0000] {taskinstance.py:1768} ERROR - Task failed with exception
Traceback (most recent call last):
  File "/home/airflow/.local/lib/python3.7/site-packages/airflow/operators/python.py", line 175, in execute
    return_value = self.execute_callable()
  File "/home/airflow/.local/lib/python3.7/site-packages/airflow/operators/python.py", line 192, in execute_callable
    return self.python_callable(*self.op_args, **self.op_kwargs)
  File "/opt/airflow/dags/age.py", line 35, in age_check
    birth_year = int(Variable.get('birth_year'))
  File "/home/airflow/.local/lib/python3.7/site-packages/airflow/models/variable.py", line 141, in get
    raise KeyError(f"Variable {key} does not exist")
KeyError: 'Variable birth_year does not exist'
[2023-05-20T20:58:03.588+0000] {taskinstance.py:1323} INFO - Marking task as UP_FOR_RETRY. dag_id=age_check, task_id=age_check, execution_date=20230112T000000, start_date=20230520T205802, end_date=20230520T205803
[2023-05-20T20:58:03.660+0000] {standard_task_runner.py:105} ERROR - Failed to execute job 1199 for task age_check ('Variable birth_year does not exist'; 768)
[2023-05-20T20:58:03.725+0000] {local_task_job.py:208} INFO - Task exited with return code 1
[2023-05-20T20:58:03.851+0000] {taskinstance.py:2578} INFO - 0 downstream tasks scheduled from follow-on schedule check
