[2023-04-19T12:47:03.800+0000] {taskinstance.py:1083} INFO - Dependencies all met for <TaskInstance: age_check.age_check scheduled__2023-01-12T00:00:00+00:00 [queued]>
[2023-04-19T12:47:03.813+0000] {taskinstance.py:1083} INFO - Dependencies all met for <TaskInstance: age_check.age_check scheduled__2023-01-12T00:00:00+00:00 [queued]>
[2023-04-19T12:47:03.815+0000] {taskinstance.py:1279} INFO - 
--------------------------------------------------------------------------------
[2023-04-19T12:47:03.816+0000] {taskinstance.py:1280} INFO - Starting attempt 2 of 4
[2023-04-19T12:47:03.818+0000] {taskinstance.py:1281} INFO - 
--------------------------------------------------------------------------------
[2023-04-19T12:47:03.830+0000] {taskinstance.py:1300} INFO - Executing <Task(PythonOperator): age_check> on 2023-01-12 00:00:00+00:00
[2023-04-19T12:47:03.838+0000] {standard_task_runner.py:55} INFO - Started process 24085 to run task
[2023-04-19T12:47:03.843+0000] {standard_task_runner.py:82} INFO - Running: ['***', 'tasks', 'run', 'age_check', 'age_check', 'scheduled__2023-01-12T00:00:00+00:00', '--job-id', '1654', '--raw', '--subdir', 'DAGS_FOLDER/age.py', '--cfg-path', '/tmp/tmp9ppbgbq5']
[2023-04-19T12:47:03.845+0000] {standard_task_runner.py:83} INFO - Job 1654: Subtask age_check
[2023-04-19T12:47:03.898+0000] {task_command.py:388} INFO - Running <TaskInstance: age_check.age_check scheduled__2023-01-12T00:00:00+00:00 [running]> on host fe34f61acbb3
[2023-04-19T12:47:03.940+0000] {taskinstance.py:1509} INFO - Exporting the following env vars:
AIRFLOW_CTX_DAG_OWNER=***
AIRFLOW_CTX_DAG_ID=age_check
AIRFLOW_CTX_TASK_ID=age_check
AIRFLOW_CTX_EXECUTION_DATE=2023-01-12T00:00:00+00:00
AIRFLOW_CTX_TRY_NUMBER=2
AIRFLOW_CTX_DAG_RUN_ID=scheduled__2023-01-12T00:00:00+00:00
[2023-04-19T12:47:03.946+0000] {taskinstance.py:1768} ERROR - Task failed with exception
Traceback (most recent call last):
  File "/home/airflow/.local/lib/python3.7/site-packages/airflow/operators/python.py", line 175, in execute
    return_value = self.execute_callable()
  File "/home/airflow/.local/lib/python3.7/site-packages/airflow/operators/python.py", line 192, in execute_callable
    return self.python_callable(*self.op_args, **self.op_kwargs)
  File "/opt/airflow/dags/age.py", line 35, in age_check
    birth_year = int(Variable.get('birth_year'))
  File "/home/airflow/.local/lib/python3.7/site-packages/airflow/models/variable.py", line 141, in get
    raise KeyError(f"Variable {key} does not exist")
KeyError: 'Variable birth_year does not exist'
[2023-04-19T12:47:03.982+0000] {taskinstance.py:1323} INFO - Marking task as UP_FOR_RETRY. dag_id=age_check, task_id=age_check, execution_date=20230112T000000, start_date=20230419T124703, end_date=20230419T124703
[2023-04-19T12:47:03.992+0000] {standard_task_runner.py:105} ERROR - Failed to execute job 1654 for task age_check ('Variable birth_year does not exist'; 24085)
[2023-04-19T12:47:04.015+0000] {local_task_job.py:208} INFO - Task exited with return code 1
[2023-04-19T12:47:04.040+0000] {taskinstance.py:2578} INFO - 0 downstream tasks scheduled from follow-on schedule check
[2023-05-20T20:58:15.289+0000] {taskinstance.py:1083} INFO - Dependencies all met for <TaskInstance: age_check.age_check scheduled__2023-01-12T00:00:00+00:00 [queued]>
[2023-05-20T20:58:15.307+0000] {taskinstance.py:1083} INFO - Dependencies all met for <TaskInstance: age_check.age_check scheduled__2023-01-12T00:00:00+00:00 [queued]>
[2023-05-20T20:58:15.309+0000] {taskinstance.py:1279} INFO - 
--------------------------------------------------------------------------------
[2023-05-20T20:58:15.310+0000] {taskinstance.py:1280} INFO - Starting attempt 2 of 4
[2023-05-20T20:58:15.310+0000] {taskinstance.py:1281} INFO - 
--------------------------------------------------------------------------------
[2023-05-20T20:58:15.333+0000] {taskinstance.py:1300} INFO - Executing <Task(PythonOperator): age_check> on 2023-01-12 00:00:00+00:00
[2023-05-20T20:58:15.346+0000] {standard_task_runner.py:55} INFO - Started process 822 to run task
[2023-05-20T20:58:15.352+0000] {standard_task_runner.py:82} INFO - Running: ['***', 'tasks', 'run', 'age_check', 'age_check', 'scheduled__2023-01-12T00:00:00+00:00', '--job-id', '1222', '--raw', '--subdir', 'DAGS_FOLDER/age.py', '--cfg-path', '/tmp/tmpr2azz7hv']
[2023-05-20T20:58:15.354+0000] {standard_task_runner.py:83} INFO - Job 1222: Subtask age_check
[2023-05-20T20:58:15.450+0000] {task_command.py:388} INFO - Running <TaskInstance: age_check.age_check scheduled__2023-01-12T00:00:00+00:00 [running]> on host 242f95e3e8a8
[2023-05-20T20:58:15.531+0000] {taskinstance.py:1509} INFO - Exporting the following env vars:
AIRFLOW_CTX_DAG_OWNER=***
AIRFLOW_CTX_DAG_ID=age_check
AIRFLOW_CTX_TASK_ID=age_check
AIRFLOW_CTX_EXECUTION_DATE=2023-01-12T00:00:00+00:00
AIRFLOW_CTX_TRY_NUMBER=2
AIRFLOW_CTX_DAG_RUN_ID=scheduled__2023-01-12T00:00:00+00:00
[2023-05-20T20:58:15.548+0000] {taskinstance.py:1768} ERROR - Task failed with exception
Traceback (most recent call last):
  File "/home/airflow/.local/lib/python3.7/site-packages/airflow/operators/python.py", line 175, in execute
    return_value = self.execute_callable()
  File "/home/airflow/.local/lib/python3.7/site-packages/airflow/operators/python.py", line 192, in execute_callable
    return self.python_callable(*self.op_args, **self.op_kwargs)
  File "/opt/airflow/dags/age.py", line 35, in age_check
    birth_year = int(Variable.get('birth_year'))
  File "/home/airflow/.local/lib/python3.7/site-packages/airflow/models/variable.py", line 141, in get
    raise KeyError(f"Variable {key} does not exist")
KeyError: 'Variable birth_year does not exist'
[2023-05-20T20:58:15.573+0000] {taskinstance.py:1323} INFO - Marking task as UP_FOR_RETRY. dag_id=age_check, task_id=age_check, execution_date=20230112T000000, start_date=20230520T205815, end_date=20230520T205815
[2023-05-20T20:58:15.590+0000] {standard_task_runner.py:105} ERROR - Failed to execute job 1222 for task age_check ('Variable birth_year does not exist'; 822)
[2023-05-20T20:58:15.655+0000] {local_task_job.py:208} INFO - Task exited with return code 1
[2023-05-20T20:58:15.690+0000] {taskinstance.py:2578} INFO - 0 downstream tasks scheduled from follow-on schedule check
