[2023-04-19T12:50:58.659+0000] {taskinstance.py:1083} INFO - Dependencies all met for <TaskInstance: age_check.age_check scheduled__2023-03-11T00:00:00+00:00 [queued]>
[2023-04-19T12:50:58.748+0000] {taskinstance.py:1083} INFO - Dependencies all met for <TaskInstance: age_check.age_check scheduled__2023-03-11T00:00:00+00:00 [queued]>
[2023-04-19T12:50:58.752+0000] {taskinstance.py:1279} INFO - 
--------------------------------------------------------------------------------
[2023-04-19T12:50:58.756+0000] {taskinstance.py:1280} INFO - Starting attempt 3 of 4
[2023-04-19T12:50:58.758+0000] {taskinstance.py:1281} INFO - 
--------------------------------------------------------------------------------
[2023-04-19T12:50:58.831+0000] {taskinstance.py:1300} INFO - Executing <Task(PythonOperator): age_check> on 2023-03-11 00:00:00+00:00
[2023-04-19T12:50:58.871+0000] {standard_task_runner.py:55} INFO - Started process 25189 to run task
[2023-04-19T12:50:58.935+0000] {standard_task_runner.py:82} INFO - Running: ['***', 'tasks', 'run', 'age_check', 'age_check', 'scheduled__2023-03-11T00:00:00+00:00', '--job-id', '2111', '--raw', '--subdir', 'DAGS_FOLDER/age.py', '--cfg-path', '/tmp/tmpwwrpaiww']
[2023-04-19T12:50:58.939+0000] {standard_task_runner.py:83} INFO - Job 2111: Subtask age_check
[2023-04-19T12:50:59.381+0000] {task_command.py:388} INFO - Running <TaskInstance: age_check.age_check scheduled__2023-03-11T00:00:00+00:00 [running]> on host fe34f61acbb3
[2023-04-19T12:50:59.848+0000] {taskinstance.py:1509} INFO - Exporting the following env vars:
AIRFLOW_CTX_DAG_OWNER=***
AIRFLOW_CTX_DAG_ID=age_check
AIRFLOW_CTX_TASK_ID=age_check
AIRFLOW_CTX_EXECUTION_DATE=2023-03-11T00:00:00+00:00
AIRFLOW_CTX_TRY_NUMBER=3
AIRFLOW_CTX_DAG_RUN_ID=scheduled__2023-03-11T00:00:00+00:00
[2023-04-19T12:50:59.979+0000] {taskinstance.py:1768} ERROR - Task failed with exception
Traceback (most recent call last):
  File "/home/airflow/.local/lib/python3.7/site-packages/airflow/operators/python.py", line 175, in execute
    return_value = self.execute_callable()
  File "/home/airflow/.local/lib/python3.7/site-packages/airflow/operators/python.py", line 192, in execute_callable
    return self.python_callable(*self.op_args, **self.op_kwargs)
  File "/opt/airflow/dags/age.py", line 35, in age_check
    birth_year = int(Variable.get('birth_year'))
  File "/home/airflow/.local/lib/python3.7/site-packages/airflow/models/variable.py", line 141, in get
    raise KeyError(f"Variable {key} does not exist")
KeyError: 'Variable birth_year does not exist'
[2023-04-19T12:51:00.080+0000] {taskinstance.py:1323} INFO - Marking task as UP_FOR_RETRY. dag_id=age_check, task_id=age_check, execution_date=20230311T000000, start_date=20230419T125058, end_date=20230419T125100
[2023-04-19T12:51:00.250+0000] {standard_task_runner.py:105} ERROR - Failed to execute job 2111 for task age_check ('Variable birth_year does not exist'; 25189)
[2023-04-19T12:51:00.454+0000] {local_task_job.py:208} INFO - Task exited with return code 1
[2023-04-19T12:51:01.049+0000] {taskinstance.py:2578} INFO - 0 downstream tasks scheduled from follow-on schedule check
[2023-05-20T21:48:32.060+0000] {taskinstance.py:1083} INFO - Dependencies all met for <TaskInstance: age_check.age_check scheduled__2023-03-11T00:00:00+00:00 [queued]>
[2023-05-20T21:48:32.128+0000] {taskinstance.py:1083} INFO - Dependencies all met for <TaskInstance: age_check.age_check scheduled__2023-03-11T00:00:00+00:00 [queued]>
[2023-05-20T21:48:32.131+0000] {taskinstance.py:1279} INFO - 
--------------------------------------------------------------------------------
[2023-05-20T21:48:32.139+0000] {taskinstance.py:1280} INFO - Starting attempt 3 of 4
[2023-05-20T21:48:32.140+0000] {taskinstance.py:1281} INFO - 
--------------------------------------------------------------------------------
[2023-05-20T21:48:32.211+0000] {taskinstance.py:1300} INFO - Executing <Task(PythonOperator): age_check> on 2023-03-11 00:00:00+00:00
[2023-05-20T21:48:32.232+0000] {standard_task_runner.py:55} INFO - Started process 1752 to run task
[2023-05-20T21:48:32.274+0000] {standard_task_runner.py:82} INFO - Running: ['***', 'tasks', 'run', 'age_check', 'age_check', 'scheduled__2023-03-11T00:00:00+00:00', '--job-id', '1597', '--raw', '--subdir', 'DAGS_FOLDER/age.py', '--cfg-path', '/tmp/tmplb88f_hx']
[2023-05-20T21:48:32.281+0000] {standard_task_runner.py:83} INFO - Job 1597: Subtask age_check
[2023-05-20T21:48:32.834+0000] {task_command.py:388} INFO - Running <TaskInstance: age_check.age_check scheduled__2023-03-11T00:00:00+00:00 [running]> on host 242f95e3e8a8
[2023-05-20T21:48:33.302+0000] {taskinstance.py:1509} INFO - Exporting the following env vars:
AIRFLOW_CTX_DAG_OWNER=***
AIRFLOW_CTX_DAG_ID=age_check
AIRFLOW_CTX_TASK_ID=age_check
AIRFLOW_CTX_EXECUTION_DATE=2023-03-11T00:00:00+00:00
AIRFLOW_CTX_TRY_NUMBER=3
AIRFLOW_CTX_DAG_RUN_ID=scheduled__2023-03-11T00:00:00+00:00
[2023-05-20T21:48:33.348+0000] {taskinstance.py:1768} ERROR - Task failed with exception
Traceback (most recent call last):
  File "/home/airflow/.local/lib/python3.7/site-packages/airflow/operators/python.py", line 175, in execute
    return_value = self.execute_callable()
  File "/home/airflow/.local/lib/python3.7/site-packages/airflow/operators/python.py", line 192, in execute_callable
    return self.python_callable(*self.op_args, **self.op_kwargs)
  File "/opt/airflow/dags/age.py", line 35, in age_check
    birth_year = int(Variable.get('birth_year'))
  File "/home/airflow/.local/lib/python3.7/site-packages/airflow/models/variable.py", line 141, in get
    raise KeyError(f"Variable {key} does not exist")
KeyError: 'Variable birth_year does not exist'
[2023-05-20T21:48:33.413+0000] {taskinstance.py:1323} INFO - Marking task as UP_FOR_RETRY. dag_id=age_check, task_id=age_check, execution_date=20230311T000000, start_date=20230520T214832, end_date=20230520T214833
[2023-05-20T21:48:33.464+0000] {standard_task_runner.py:105} ERROR - Failed to execute job 1597 for task age_check ('Variable birth_year does not exist'; 1752)
[2023-05-20T21:48:33.640+0000] {local_task_job.py:208} INFO - Task exited with return code 1
[2023-05-20T21:48:33.787+0000] {taskinstance.py:2578} INFO - 0 downstream tasks scheduled from follow-on schedule check
