[2023-04-19T12:40:43.310+0000] {taskinstance.py:1083} INFO - Dependencies all met for <TaskInstance: age_check.age_check scheduled__2022-10-11T00:00:00+00:00 [queued]>
[2023-04-19T12:40:43.324+0000] {taskinstance.py:1083} INFO - Dependencies all met for <TaskInstance: age_check.age_check scheduled__2022-10-11T00:00:00+00:00 [queued]>
[2023-04-19T12:40:43.324+0000] {taskinstance.py:1279} INFO - 
--------------------------------------------------------------------------------
[2023-04-19T12:40:43.325+0000] {taskinstance.py:1280} INFO - Starting attempt 4 of 4
[2023-04-19T12:40:43.326+0000] {taskinstance.py:1281} INFO - 
--------------------------------------------------------------------------------
[2023-04-19T12:40:43.345+0000] {taskinstance.py:1300} INFO - Executing <Task(PythonOperator): age_check> on 2022-10-11 00:00:00+00:00
[2023-04-19T12:40:43.356+0000] {standard_task_runner.py:55} INFO - Started process 22477 to run task
[2023-04-19T12:40:43.370+0000] {standard_task_runner.py:82} INFO - Running: ['***', 'tasks', 'run', 'age_check', 'age_check', 'scheduled__2022-10-11T00:00:00+00:00', '--job-id', '1004', '--raw', '--subdir', 'DAGS_FOLDER/age.py', '--cfg-path', '/tmp/tmpu8k4cjbk']
[2023-04-19T12:40:43.375+0000] {standard_task_runner.py:83} INFO - Job 1004: Subtask age_check
[2023-04-19T12:40:43.517+0000] {task_command.py:388} INFO - Running <TaskInstance: age_check.age_check scheduled__2022-10-11T00:00:00+00:00 [running]> on host fe34f61acbb3
[2023-04-19T12:40:43.635+0000] {taskinstance.py:1509} INFO - Exporting the following env vars:
AIRFLOW_CTX_DAG_OWNER=***
AIRFLOW_CTX_DAG_ID=age_check
AIRFLOW_CTX_TASK_ID=age_check
AIRFLOW_CTX_EXECUTION_DATE=2022-10-11T00:00:00+00:00
AIRFLOW_CTX_TRY_NUMBER=4
AIRFLOW_CTX_DAG_RUN_ID=scheduled__2022-10-11T00:00:00+00:00
[2023-04-19T12:40:43.648+0000] {taskinstance.py:1768} ERROR - Task failed with exception
Traceback (most recent call last):
  File "/home/airflow/.local/lib/python3.7/site-packages/airflow/operators/python.py", line 175, in execute
    return_value = self.execute_callable()
  File "/home/airflow/.local/lib/python3.7/site-packages/airflow/operators/python.py", line 192, in execute_callable
    return self.python_callable(*self.op_args, **self.op_kwargs)
  File "/opt/airflow/dags/age.py", line 35, in age_check
    birth_year = int(Variable.get('birth_year'))
  File "/home/airflow/.local/lib/python3.7/site-packages/airflow/models/variable.py", line 141, in get
    raise KeyError(f"Variable {key} does not exist")
KeyError: 'Variable birth_year does not exist'
[2023-04-19T12:40:43.689+0000] {taskinstance.py:1323} INFO - Marking task as FAILED. dag_id=age_check, task_id=age_check, execution_date=20221011T000000, start_date=20230419T124043, end_date=20230419T124043
[2023-04-19T12:40:43.719+0000] {standard_task_runner.py:105} ERROR - Failed to execute job 1004 for task age_check ('Variable birth_year does not exist'; 22477)
[2023-04-19T12:40:43.746+0000] {local_task_job.py:208} INFO - Task exited with return code 1
[2023-04-19T12:40:43.864+0000] {taskinstance.py:2578} INFO - 0 downstream tasks scheduled from follow-on schedule check
[2023-05-17T09:56:15.996+0000] {taskinstance.py:1083} INFO - Dependencies all met for <TaskInstance: age_check.age_check scheduled__2022-10-11T00:00:00+00:00 [queued]>
[2023-05-17T09:56:16.033+0000] {taskinstance.py:1083} INFO - Dependencies all met for <TaskInstance: age_check.age_check scheduled__2022-10-11T00:00:00+00:00 [queued]>
[2023-05-17T09:56:16.037+0000] {taskinstance.py:1279} INFO - 
--------------------------------------------------------------------------------
[2023-05-17T09:56:16.055+0000] {taskinstance.py:1280} INFO - Starting attempt 4 of 4
[2023-05-17T09:56:16.056+0000] {taskinstance.py:1281} INFO - 
--------------------------------------------------------------------------------
[2023-05-17T09:56:16.093+0000] {taskinstance.py:1300} INFO - Executing <Task(PythonOperator): age_check> on 2022-10-11 00:00:00+00:00
[2023-05-17T09:56:16.106+0000] {standard_task_runner.py:55} INFO - Started process 5139 to run task
[2023-05-17T09:56:16.140+0000] {standard_task_runner.py:82} INFO - Running: ['***', 'tasks', 'run', 'age_check', 'age_check', 'scheduled__2022-10-11T00:00:00+00:00', '--job-id', '560', '--raw', '--subdir', 'DAGS_FOLDER/age.py', '--cfg-path', '/tmp/tmpmwace9m4']
[2023-05-17T09:56:16.148+0000] {standard_task_runner.py:83} INFO - Job 560: Subtask age_check
[2023-05-17T09:56:16.342+0000] {task_command.py:388} INFO - Running <TaskInstance: age_check.age_check scheduled__2022-10-11T00:00:00+00:00 [running]> on host 242f95e3e8a8
[2023-05-17T09:56:16.509+0000] {taskinstance.py:1509} INFO - Exporting the following env vars:
AIRFLOW_CTX_DAG_OWNER=***
AIRFLOW_CTX_DAG_ID=age_check
AIRFLOW_CTX_TASK_ID=age_check
AIRFLOW_CTX_EXECUTION_DATE=2022-10-11T00:00:00+00:00
AIRFLOW_CTX_TRY_NUMBER=4
AIRFLOW_CTX_DAG_RUN_ID=scheduled__2022-10-11T00:00:00+00:00
[2023-05-17T09:56:16.523+0000] {taskinstance.py:1768} ERROR - Task failed with exception
Traceback (most recent call last):
  File "/home/airflow/.local/lib/python3.7/site-packages/airflow/operators/python.py", line 175, in execute
    return_value = self.execute_callable()
  File "/home/airflow/.local/lib/python3.7/site-packages/airflow/operators/python.py", line 192, in execute_callable
    return self.python_callable(*self.op_args, **self.op_kwargs)
  File "/opt/airflow/dags/age.py", line 35, in age_check
    birth_year = int(Variable.get('birth_year'))
  File "/home/airflow/.local/lib/python3.7/site-packages/airflow/models/variable.py", line 141, in get
    raise KeyError(f"Variable {key} does not exist")
KeyError: 'Variable birth_year does not exist'
[2023-05-17T09:56:16.544+0000] {taskinstance.py:1323} INFO - Marking task as FAILED. dag_id=age_check, task_id=age_check, execution_date=20221011T000000, start_date=20230517T095616, end_date=20230517T095616
[2023-05-17T09:56:16.564+0000] {standard_task_runner.py:105} ERROR - Failed to execute job 560 for task age_check ('Variable birth_year does not exist'; 5139)
[2023-05-17T09:56:16.660+0000] {local_task_job.py:208} INFO - Task exited with return code 1
[2023-05-17T09:56:16.730+0000] {taskinstance.py:2578} INFO - 0 downstream tasks scheduled from follow-on schedule check
