[2023-12-10T16:53:25.118+0000] {taskinstance.py:1083} INFO - Dependencies all met for <TaskInstance: read_s3_file.read_s3_file scheduled__2023-12-09T16:20:36.384064+00:00 [queued]>
[2023-12-10T16:53:25.126+0000] {taskinstance.py:1083} INFO - Dependencies all met for <TaskInstance: read_s3_file.read_s3_file scheduled__2023-12-09T16:20:36.384064+00:00 [queued]>
[2023-12-10T16:53:25.127+0000] {taskinstance.py:1279} INFO - 
--------------------------------------------------------------------------------
[2023-12-10T16:53:25.128+0000] {taskinstance.py:1280} INFO - Starting attempt 4 of 4
[2023-12-10T16:53:25.129+0000] {taskinstance.py:1281} INFO - 
--------------------------------------------------------------------------------
[2023-12-10T16:53:25.137+0000] {taskinstance.py:1300} INFO - Executing <Task(PythonOperator): read_s3_file> on 2023-12-09 16:20:36.384064+00:00
[2023-12-10T16:53:25.142+0000] {standard_task_runner.py:55} INFO - Started process 24531 to run task
[2023-12-10T16:53:25.146+0000] {standard_task_runner.py:82} INFO - Running: ['***', 'tasks', 'run', 'read_s3_file', 'read_s3_file', 'scheduled__2023-12-09T16:20:36.384064+00:00', '--job-id', '6146', '--raw', '--subdir', 'DAGS_FOLDER/desmond.py', '--cfg-path', '/tmp/tmpp0kz6bfa']
[2023-12-10T16:53:25.148+0000] {standard_task_runner.py:83} INFO - Job 6146: Subtask read_s3_file
[2023-12-10T16:53:25.215+0000] {task_command.py:388} INFO - Running <TaskInstance: read_s3_file.read_s3_file scheduled__2023-12-09T16:20:36.384064+00:00 [running]> on host 25f6b46723d1
[2023-12-10T16:53:25.268+0000] {taskinstance.py:1509} INFO - Exporting the following env vars:
AIRFLOW_CTX_DAG_OWNER=***
AIRFLOW_CTX_DAG_ID=read_s3_file
AIRFLOW_CTX_TASK_ID=read_s3_file
AIRFLOW_CTX_EXECUTION_DATE=2023-12-09T16:20:36.384064+00:00
AIRFLOW_CTX_TRY_NUMBER=4
AIRFLOW_CTX_DAG_RUN_ID=scheduled__2023-12-09T16:20:36.384064+00:00
[2023-12-10T16:53:25.269+0000] {taskinstance.py:1768} ERROR - Task failed with exception
Traceback (most recent call last):
  File "/home/airflow/.local/lib/python3.7/site-packages/airflow/operators/python.py", line 175, in execute
    return_value = self.execute_callable()
  File "/home/airflow/.local/lib/python3.7/site-packages/airflow/operators/python.py", line 192, in execute_callable
    return self.python_callable(*self.op_args, **self.op_kwargs)
TypeError: generic_s3_client() missing 2 required positional arguments: 'ACCESS_KEY' and 'SECRET_KEY'
[2023-12-10T16:53:25.279+0000] {taskinstance.py:1323} INFO - Marking task as FAILED. dag_id=read_s3_file, task_id=read_s3_file, execution_date=20231209T162036, start_date=20231210T165325, end_date=20231210T165325
[2023-12-10T16:53:25.287+0000] {standard_task_runner.py:105} ERROR - Failed to execute job 6146 for task read_s3_file (generic_s3_client() missing 2 required positional arguments: 'ACCESS_KEY' and 'SECRET_KEY'; 24531)
[2023-12-10T16:53:25.319+0000] {local_task_job.py:208} INFO - Task exited with return code 1
[2023-12-10T16:53:25.337+0000] {taskinstance.py:2578} INFO - 0 downstream tasks scheduled from follow-on schedule check
