[2023-04-19T12:36:07.178+0000] {taskinstance.py:1083} INFO - Dependencies all met for <TaskInstance: age_check.age_check scheduled__2022-08-12T00:00:00+00:00 [queued]>
[2023-04-19T12:36:07.223+0000] {taskinstance.py:1083} INFO - Dependencies all met for <TaskInstance: age_check.age_check scheduled__2022-08-12T00:00:00+00:00 [queued]>
[2023-04-19T12:36:07.225+0000] {taskinstance.py:1279} INFO - 
--------------------------------------------------------------------------------
[2023-04-19T12:36:07.226+0000] {taskinstance.py:1280} INFO - Starting attempt 2 of 4
[2023-04-19T12:36:07.229+0000] {taskinstance.py:1281} INFO - 
--------------------------------------------------------------------------------
[2023-04-19T12:36:07.275+0000] {taskinstance.py:1300} INFO - Executing <Task(PythonOperator): age_check> on 2022-08-12 00:00:00+00:00
[2023-04-19T12:36:07.297+0000] {standard_task_runner.py:55} INFO - Started process 21269 to run task
[2023-04-19T12:36:07.324+0000] {standard_task_runner.py:82} INFO - Running: ['***', 'tasks', 'run', 'age_check', 'age_check', 'scheduled__2022-08-12T00:00:00+00:00', '--job-id', '516', '--raw', '--subdir', 'DAGS_FOLDER/age.py', '--cfg-path', '/tmp/tmpxkeyusdu']
[2023-04-19T12:36:07.328+0000] {standard_task_runner.py:83} INFO - Job 516: Subtask age_check
[2023-04-19T12:36:07.484+0000] {task_command.py:388} INFO - Running <TaskInstance: age_check.age_check scheduled__2022-08-12T00:00:00+00:00 [running]> on host fe34f61acbb3
[2023-04-19T12:36:07.600+0000] {taskinstance.py:1509} INFO - Exporting the following env vars:
AIRFLOW_CTX_DAG_OWNER=***
AIRFLOW_CTX_DAG_ID=age_check
AIRFLOW_CTX_TASK_ID=age_check
AIRFLOW_CTX_EXECUTION_DATE=2022-08-12T00:00:00+00:00
AIRFLOW_CTX_TRY_NUMBER=2
AIRFLOW_CTX_DAG_RUN_ID=scheduled__2022-08-12T00:00:00+00:00
[2023-04-19T12:36:07.616+0000] {taskinstance.py:1768} ERROR - Task failed with exception
Traceback (most recent call last):
  File "/home/airflow/.local/lib/python3.7/site-packages/airflow/operators/python.py", line 175, in execute
    return_value = self.execute_callable()
  File "/home/airflow/.local/lib/python3.7/site-packages/airflow/operators/python.py", line 192, in execute_callable
    return self.python_callable(*self.op_args, **self.op_kwargs)
  File "/opt/airflow/dags/age.py", line 35, in age_check
    birth_year = int(Variable.get('birth_year'))
  File "/home/airflow/.local/lib/python3.7/site-packages/airflow/models/variable.py", line 141, in get
    raise KeyError(f"Variable {key} does not exist")
KeyError: 'Variable birth_year does not exist'
[2023-04-19T12:36:07.634+0000] {taskinstance.py:1323} INFO - Marking task as UP_FOR_RETRY. dag_id=age_check, task_id=age_check, execution_date=20220812T000000, start_date=20230419T123607, end_date=20230419T123607
[2023-04-19T12:36:07.676+0000] {standard_task_runner.py:105} ERROR - Failed to execute job 516 for task age_check ('Variable birth_year does not exist'; 21269)
[2023-04-19T12:36:07.732+0000] {local_task_job.py:208} INFO - Task exited with return code 1
[2023-04-19T12:36:07.912+0000] {taskinstance.py:2578} INFO - 0 downstream tasks scheduled from follow-on schedule check
[2023-05-17T09:51:56.154+0000] {taskinstance.py:1083} INFO - Dependencies all met for <TaskInstance: age_check.age_check scheduled__2022-08-12T00:00:00+00:00 [queued]>
[2023-05-17T09:51:56.185+0000] {taskinstance.py:1083} INFO - Dependencies all met for <TaskInstance: age_check.age_check scheduled__2022-08-12T00:00:00+00:00 [queued]>
[2023-05-17T09:51:56.186+0000] {taskinstance.py:1279} INFO - 
--------------------------------------------------------------------------------
[2023-05-17T09:51:56.187+0000] {taskinstance.py:1280} INFO - Starting attempt 2 of 4
[2023-05-17T09:51:56.188+0000] {taskinstance.py:1281} INFO - 
--------------------------------------------------------------------------------
[2023-05-17T09:51:56.231+0000] {taskinstance.py:1300} INFO - Executing <Task(PythonOperator): age_check> on 2022-08-12 00:00:00+00:00
[2023-05-17T09:51:56.241+0000] {standard_task_runner.py:55} INFO - Started process 3960 to run task
[2023-05-17T09:51:56.248+0000] {standard_task_runner.py:82} INFO - Running: ['***', 'tasks', 'run', 'age_check', 'age_check', 'scheduled__2022-08-12T00:00:00+00:00', '--job-id', '80', '--raw', '--subdir', 'DAGS_FOLDER/age.py', '--cfg-path', '/tmp/tmpv07qufpv']
[2023-05-17T09:51:56.254+0000] {standard_task_runner.py:83} INFO - Job 80: Subtask age_check
[2023-05-17T09:51:56.451+0000] {task_command.py:388} INFO - Running <TaskInstance: age_check.age_check scheduled__2022-08-12T00:00:00+00:00 [running]> on host 242f95e3e8a8
[2023-05-17T09:51:56.591+0000] {taskinstance.py:1509} INFO - Exporting the following env vars:
AIRFLOW_CTX_DAG_OWNER=***
AIRFLOW_CTX_DAG_ID=age_check
AIRFLOW_CTX_TASK_ID=age_check
AIRFLOW_CTX_EXECUTION_DATE=2022-08-12T00:00:00+00:00
AIRFLOW_CTX_TRY_NUMBER=2
AIRFLOW_CTX_DAG_RUN_ID=scheduled__2022-08-12T00:00:00+00:00
[2023-05-17T09:51:56.623+0000] {taskinstance.py:1768} ERROR - Task failed with exception
Traceback (most recent call last):
  File "/home/airflow/.local/lib/python3.7/site-packages/airflow/operators/python.py", line 175, in execute
    return_value = self.execute_callable()
  File "/home/airflow/.local/lib/python3.7/site-packages/airflow/operators/python.py", line 192, in execute_callable
    return self.python_callable(*self.op_args, **self.op_kwargs)
  File "/opt/airflow/dags/age.py", line 35, in age_check
    birth_year = int(Variable.get('birth_year'))
  File "/home/airflow/.local/lib/python3.7/site-packages/airflow/models/variable.py", line 141, in get
    raise KeyError(f"Variable {key} does not exist")
KeyError: 'Variable birth_year does not exist'
[2023-05-17T09:51:56.675+0000] {taskinstance.py:1323} INFO - Marking task as UP_FOR_RETRY. dag_id=age_check, task_id=age_check, execution_date=20220812T000000, start_date=20230517T095156, end_date=20230517T095156
[2023-05-17T09:51:56.711+0000] {standard_task_runner.py:105} ERROR - Failed to execute job 80 for task age_check ('Variable birth_year does not exist'; 3960)
[2023-05-17T09:51:56.745+0000] {local_task_job.py:208} INFO - Task exited with return code 1
[2023-05-17T09:51:56.790+0000] {taskinstance.py:2578} INFO - 0 downstream tasks scheduled from follow-on schedule check
