[2023-04-19T12:38:52.717+0000] {taskinstance.py:1083} INFO - Dependencies all met for <TaskInstance: age_check.age_check scheduled__2022-09-16T00:00:00+00:00 [queued]>
[2023-04-19T12:38:52.843+0000] {taskinstance.py:1083} INFO - Dependencies all met for <TaskInstance: age_check.age_check scheduled__2022-09-16T00:00:00+00:00 [queued]>
[2023-04-19T12:38:52.850+0000] {taskinstance.py:1279} INFO - 
--------------------------------------------------------------------------------
[2023-04-19T12:38:52.853+0000] {taskinstance.py:1280} INFO - Starting attempt 1 of 4
[2023-04-19T12:38:52.857+0000] {taskinstance.py:1281} INFO - 
--------------------------------------------------------------------------------
[2023-04-19T12:38:52.937+0000] {taskinstance.py:1300} INFO - Executing <Task(PythonOperator): age_check> on 2022-09-16 00:00:00+00:00
[2023-04-19T12:38:52.969+0000] {standard_task_runner.py:55} INFO - Started process 22029 to run task
[2023-04-19T12:38:53.010+0000] {standard_task_runner.py:82} INFO - Running: ['***', 'tasks', 'run', 'age_check', 'age_check', 'scheduled__2022-09-16T00:00:00+00:00', '--job-id', '824', '--raw', '--subdir', 'DAGS_FOLDER/age.py', '--cfg-path', '/tmp/tmp2j3xi79t']
[2023-04-19T12:38:53.026+0000] {standard_task_runner.py:83} INFO - Job 824: Subtask age_check
[2023-04-19T12:38:53.294+0000] {task_command.py:388} INFO - Running <TaskInstance: age_check.age_check scheduled__2022-09-16T00:00:00+00:00 [running]> on host fe34f61acbb3
[2023-04-19T12:38:53.513+0000] {taskinstance.py:1509} INFO - Exporting the following env vars:
AIRFLOW_CTX_DAG_OWNER=***
AIRFLOW_CTX_DAG_ID=age_check
AIRFLOW_CTX_TASK_ID=age_check
AIRFLOW_CTX_EXECUTION_DATE=2022-09-16T00:00:00+00:00
AIRFLOW_CTX_TRY_NUMBER=1
AIRFLOW_CTX_DAG_RUN_ID=scheduled__2022-09-16T00:00:00+00:00
[2023-04-19T12:38:53.542+0000] {taskinstance.py:1768} ERROR - Task failed with exception
Traceback (most recent call last):
  File "/home/airflow/.local/lib/python3.7/site-packages/airflow/operators/python.py", line 175, in execute
    return_value = self.execute_callable()
  File "/home/airflow/.local/lib/python3.7/site-packages/airflow/operators/python.py", line 192, in execute_callable
    return self.python_callable(*self.op_args, **self.op_kwargs)
  File "/opt/airflow/dags/age.py", line 35, in age_check
    birth_year = int(Variable.get('birth_year'))
  File "/home/airflow/.local/lib/python3.7/site-packages/airflow/models/variable.py", line 141, in get
    raise KeyError(f"Variable {key} does not exist")
KeyError: 'Variable birth_year does not exist'
[2023-04-19T12:38:53.580+0000] {taskinstance.py:1323} INFO - Marking task as UP_FOR_RETRY. dag_id=age_check, task_id=age_check, execution_date=20220916T000000, start_date=20230419T123852, end_date=20230419T123853
[2023-04-19T12:38:53.614+0000] {standard_task_runner.py:105} ERROR - Failed to execute job 824 for task age_check ('Variable birth_year does not exist'; 22029)
[2023-04-19T12:38:53.657+0000] {local_task_job.py:208} INFO - Task exited with return code 1
[2023-04-19T12:38:53.717+0000] {taskinstance.py:2578} INFO - 0 downstream tasks scheduled from follow-on schedule check
[2023-05-17T09:54:36.483+0000] {taskinstance.py:1083} INFO - Dependencies all met for <TaskInstance: age_check.age_check scheduled__2022-09-16T00:00:00+00:00 [queued]>
[2023-05-17T09:54:36.535+0000] {taskinstance.py:1083} INFO - Dependencies all met for <TaskInstance: age_check.age_check scheduled__2022-09-16T00:00:00+00:00 [queued]>
[2023-05-17T09:54:36.537+0000] {taskinstance.py:1279} INFO - 
--------------------------------------------------------------------------------
[2023-05-17T09:54:36.541+0000] {taskinstance.py:1280} INFO - Starting attempt 1 of 4
[2023-05-17T09:54:36.543+0000] {taskinstance.py:1281} INFO - 
--------------------------------------------------------------------------------
[2023-05-17T09:54:36.582+0000] {taskinstance.py:1300} INFO - Executing <Task(PythonOperator): age_check> on 2022-09-16 00:00:00+00:00
[2023-05-17T09:54:36.596+0000] {standard_task_runner.py:55} INFO - Started process 4702 to run task
[2023-05-17T09:54:36.655+0000] {standard_task_runner.py:82} INFO - Running: ['***', 'tasks', 'run', 'age_check', 'age_check', 'scheduled__2022-09-16T00:00:00+00:00', '--job-id', '383', '--raw', '--subdir', 'DAGS_FOLDER/age.py', '--cfg-path', '/tmp/tmp0kqm9k4a']
[2023-05-17T09:54:36.668+0000] {standard_task_runner.py:83} INFO - Job 383: Subtask age_check
[2023-05-17T09:54:36.972+0000] {task_command.py:388} INFO - Running <TaskInstance: age_check.age_check scheduled__2022-09-16T00:00:00+00:00 [running]> on host 242f95e3e8a8
[2023-05-17T09:54:37.292+0000] {taskinstance.py:1509} INFO - Exporting the following env vars:
AIRFLOW_CTX_DAG_OWNER=***
AIRFLOW_CTX_DAG_ID=age_check
AIRFLOW_CTX_TASK_ID=age_check
AIRFLOW_CTX_EXECUTION_DATE=2022-09-16T00:00:00+00:00
AIRFLOW_CTX_TRY_NUMBER=1
AIRFLOW_CTX_DAG_RUN_ID=scheduled__2022-09-16T00:00:00+00:00
[2023-05-17T09:54:37.319+0000] {taskinstance.py:1768} ERROR - Task failed with exception
Traceback (most recent call last):
  File "/home/airflow/.local/lib/python3.7/site-packages/airflow/operators/python.py", line 175, in execute
    return_value = self.execute_callable()
  File "/home/airflow/.local/lib/python3.7/site-packages/airflow/operators/python.py", line 192, in execute_callable
    return self.python_callable(*self.op_args, **self.op_kwargs)
  File "/opt/airflow/dags/age.py", line 35, in age_check
    birth_year = int(Variable.get('birth_year'))
  File "/home/airflow/.local/lib/python3.7/site-packages/airflow/models/variable.py", line 141, in get
    raise KeyError(f"Variable {key} does not exist")
KeyError: 'Variable birth_year does not exist'
[2023-05-17T09:54:37.345+0000] {taskinstance.py:1323} INFO - Marking task as UP_FOR_RETRY. dag_id=age_check, task_id=age_check, execution_date=20220916T000000, start_date=20230517T095436, end_date=20230517T095437
[2023-05-17T09:54:37.396+0000] {standard_task_runner.py:105} ERROR - Failed to execute job 383 for task age_check ('Variable birth_year does not exist'; 4702)
[2023-05-17T09:54:37.489+0000] {local_task_job.py:208} INFO - Task exited with return code 1
[2023-05-17T09:54:37.556+0000] {taskinstance.py:2578} INFO - 0 downstream tasks scheduled from follow-on schedule check
