[2023-04-19T12:39:04.711+0000] {taskinstance.py:1083} INFO - Dependencies all met for <TaskInstance: age_check.age_check scheduled__2022-09-16T00:00:00+00:00 [queued]>
[2023-04-19T12:39:04.720+0000] {taskinstance.py:1083} INFO - Dependencies all met for <TaskInstance: age_check.age_check scheduled__2022-09-16T00:00:00+00:00 [queued]>
[2023-04-19T12:39:04.721+0000] {taskinstance.py:1279} INFO - 
--------------------------------------------------------------------------------
[2023-04-19T12:39:04.722+0000] {taskinstance.py:1280} INFO - Starting attempt 2 of 4
[2023-04-19T12:39:04.724+0000] {taskinstance.py:1281} INFO - 
--------------------------------------------------------------------------------
[2023-04-19T12:39:04.743+0000] {taskinstance.py:1300} INFO - Executing <Task(PythonOperator): age_check> on 2022-09-16 00:00:00+00:00
[2023-04-19T12:39:04.752+0000] {standard_task_runner.py:55} INFO - Started process 22072 to run task
[2023-04-19T12:39:04.764+0000] {standard_task_runner.py:82} INFO - Running: ['***', 'tasks', 'run', 'age_check', 'age_check', 'scheduled__2022-09-16T00:00:00+00:00', '--job-id', '845', '--raw', '--subdir', 'DAGS_FOLDER/age.py', '--cfg-path', '/tmp/tmpz15oifbd']
[2023-04-19T12:39:04.767+0000] {standard_task_runner.py:83} INFO - Job 845: Subtask age_check
[2023-04-19T12:39:04.839+0000] {task_command.py:388} INFO - Running <TaskInstance: age_check.age_check scheduled__2022-09-16T00:00:00+00:00 [running]> on host fe34f61acbb3
[2023-04-19T12:39:04.919+0000] {taskinstance.py:1509} INFO - Exporting the following env vars:
AIRFLOW_CTX_DAG_OWNER=***
AIRFLOW_CTX_DAG_ID=age_check
AIRFLOW_CTX_TASK_ID=age_check
AIRFLOW_CTX_EXECUTION_DATE=2022-09-16T00:00:00+00:00
AIRFLOW_CTX_TRY_NUMBER=2
AIRFLOW_CTX_DAG_RUN_ID=scheduled__2022-09-16T00:00:00+00:00
[2023-04-19T12:39:04.940+0000] {taskinstance.py:1768} ERROR - Task failed with exception
Traceback (most recent call last):
  File "/home/airflow/.local/lib/python3.7/site-packages/airflow/operators/python.py", line 175, in execute
    return_value = self.execute_callable()
  File "/home/airflow/.local/lib/python3.7/site-packages/airflow/operators/python.py", line 192, in execute_callable
    return self.python_callable(*self.op_args, **self.op_kwargs)
  File "/opt/airflow/dags/age.py", line 35, in age_check
    birth_year = int(Variable.get('birth_year'))
  File "/home/airflow/.local/lib/python3.7/site-packages/airflow/models/variable.py", line 141, in get
    raise KeyError(f"Variable {key} does not exist")
KeyError: 'Variable birth_year does not exist'
[2023-04-19T12:39:04.974+0000] {taskinstance.py:1323} INFO - Marking task as UP_FOR_RETRY. dag_id=age_check, task_id=age_check, execution_date=20220916T000000, start_date=20230419T123904, end_date=20230419T123904
[2023-04-19T12:39:04.994+0000] {standard_task_runner.py:105} ERROR - Failed to execute job 845 for task age_check ('Variable birth_year does not exist'; 22072)
[2023-04-19T12:39:05.024+0000] {local_task_job.py:208} INFO - Task exited with return code 1
[2023-04-19T12:39:05.061+0000] {taskinstance.py:2578} INFO - 0 downstream tasks scheduled from follow-on schedule check
[2023-05-17T09:54:48.701+0000] {taskinstance.py:1083} INFO - Dependencies all met for <TaskInstance: age_check.age_check scheduled__2022-09-16T00:00:00+00:00 [queued]>
[2023-05-17T09:54:48.709+0000] {taskinstance.py:1083} INFO - Dependencies all met for <TaskInstance: age_check.age_check scheduled__2022-09-16T00:00:00+00:00 [queued]>
[2023-05-17T09:54:48.711+0000] {taskinstance.py:1279} INFO - 
--------------------------------------------------------------------------------
[2023-05-17T09:54:48.712+0000] {taskinstance.py:1280} INFO - Starting attempt 2 of 4
[2023-05-17T09:54:48.712+0000] {taskinstance.py:1281} INFO - 
--------------------------------------------------------------------------------
[2023-05-17T09:54:48.727+0000] {taskinstance.py:1300} INFO - Executing <Task(PythonOperator): age_check> on 2022-09-16 00:00:00+00:00
[2023-05-17T09:54:48.733+0000] {standard_task_runner.py:55} INFO - Started process 4746 to run task
[2023-05-17T09:54:48.740+0000] {standard_task_runner.py:82} INFO - Running: ['***', 'tasks', 'run', 'age_check', 'age_check', 'scheduled__2022-09-16T00:00:00+00:00', '--job-id', '406', '--raw', '--subdir', 'DAGS_FOLDER/age.py', '--cfg-path', '/tmp/tmpxndasc0h']
[2023-05-17T09:54:48.742+0000] {standard_task_runner.py:83} INFO - Job 406: Subtask age_check
[2023-05-17T09:54:48.804+0000] {task_command.py:388} INFO - Running <TaskInstance: age_check.age_check scheduled__2022-09-16T00:00:00+00:00 [running]> on host 242f95e3e8a8
[2023-05-17T09:54:48.862+0000] {taskinstance.py:1509} INFO - Exporting the following env vars:
AIRFLOW_CTX_DAG_OWNER=***
AIRFLOW_CTX_DAG_ID=age_check
AIRFLOW_CTX_TASK_ID=age_check
AIRFLOW_CTX_EXECUTION_DATE=2022-09-16T00:00:00+00:00
AIRFLOW_CTX_TRY_NUMBER=2
AIRFLOW_CTX_DAG_RUN_ID=scheduled__2022-09-16T00:00:00+00:00
[2023-05-17T09:54:48.879+0000] {taskinstance.py:1768} ERROR - Task failed with exception
Traceback (most recent call last):
  File "/home/airflow/.local/lib/python3.7/site-packages/airflow/operators/python.py", line 175, in execute
    return_value = self.execute_callable()
  File "/home/airflow/.local/lib/python3.7/site-packages/airflow/operators/python.py", line 192, in execute_callable
    return self.python_callable(*self.op_args, **self.op_kwargs)
  File "/opt/airflow/dags/age.py", line 35, in age_check
    birth_year = int(Variable.get('birth_year'))
  File "/home/airflow/.local/lib/python3.7/site-packages/airflow/models/variable.py", line 141, in get
    raise KeyError(f"Variable {key} does not exist")
KeyError: 'Variable birth_year does not exist'
[2023-05-17T09:54:48.889+0000] {taskinstance.py:1323} INFO - Marking task as UP_FOR_RETRY. dag_id=age_check, task_id=age_check, execution_date=20220916T000000, start_date=20230517T095448, end_date=20230517T095448
[2023-05-17T09:54:48.900+0000] {standard_task_runner.py:105} ERROR - Failed to execute job 406 for task age_check ('Variable birth_year does not exist'; 4746)
[2023-05-17T09:54:48.949+0000] {local_task_job.py:208} INFO - Task exited with return code 1
[2023-05-17T09:54:48.971+0000] {taskinstance.py:2578} INFO - 0 downstream tasks scheduled from follow-on schedule check
