[2023-04-19T12:37:08.576+0000] {taskinstance.py:1083} INFO - Dependencies all met for <TaskInstance: age_check.age_check scheduled__2022-08-22T00:00:00+00:00 [queued]>
[2023-04-19T12:37:08.586+0000] {taskinstance.py:1083} INFO - Dependencies all met for <TaskInstance: age_check.age_check scheduled__2022-08-22T00:00:00+00:00 [queued]>
[2023-04-19T12:37:08.588+0000] {taskinstance.py:1279} INFO - 
--------------------------------------------------------------------------------
[2023-04-19T12:37:08.589+0000] {taskinstance.py:1280} INFO - Starting attempt 2 of 4
[2023-04-19T12:37:08.590+0000] {taskinstance.py:1281} INFO - 
--------------------------------------------------------------------------------
[2023-04-19T12:37:08.600+0000] {taskinstance.py:1300} INFO - Executing <Task(PythonOperator): age_check> on 2022-08-22 00:00:00+00:00
[2023-04-19T12:37:08.605+0000] {standard_task_runner.py:55} INFO - Started process 21538 to run task
[2023-04-19T12:37:08.609+0000] {standard_task_runner.py:82} INFO - Running: ['***', 'tasks', 'run', 'age_check', 'age_check', 'scheduled__2022-08-22T00:00:00+00:00', '--job-id', '626', '--raw', '--subdir', 'DAGS_FOLDER/age.py', '--cfg-path', '/tmp/tmpclqmuq17']
[2023-04-19T12:37:08.610+0000] {standard_task_runner.py:83} INFO - Job 626: Subtask age_check
[2023-04-19T12:37:08.667+0000] {task_command.py:388} INFO - Running <TaskInstance: age_check.age_check scheduled__2022-08-22T00:00:00+00:00 [running]> on host fe34f61acbb3
[2023-04-19T12:37:08.719+0000] {taskinstance.py:1509} INFO - Exporting the following env vars:
AIRFLOW_CTX_DAG_OWNER=***
AIRFLOW_CTX_DAG_ID=age_check
AIRFLOW_CTX_TASK_ID=age_check
AIRFLOW_CTX_EXECUTION_DATE=2022-08-22T00:00:00+00:00
AIRFLOW_CTX_TRY_NUMBER=2
AIRFLOW_CTX_DAG_RUN_ID=scheduled__2022-08-22T00:00:00+00:00
[2023-04-19T12:37:08.726+0000] {taskinstance.py:1768} ERROR - Task failed with exception
Traceback (most recent call last):
  File "/home/airflow/.local/lib/python3.7/site-packages/airflow/operators/python.py", line 175, in execute
    return_value = self.execute_callable()
  File "/home/airflow/.local/lib/python3.7/site-packages/airflow/operators/python.py", line 192, in execute_callable
    return self.python_callable(*self.op_args, **self.op_kwargs)
  File "/opt/airflow/dags/age.py", line 35, in age_check
    birth_year = int(Variable.get('birth_year'))
  File "/home/airflow/.local/lib/python3.7/site-packages/airflow/models/variable.py", line 141, in get
    raise KeyError(f"Variable {key} does not exist")
KeyError: 'Variable birth_year does not exist'
[2023-04-19T12:37:08.745+0000] {taskinstance.py:1323} INFO - Marking task as UP_FOR_RETRY. dag_id=age_check, task_id=age_check, execution_date=20220822T000000, start_date=20230419T123708, end_date=20230419T123708
[2023-04-19T12:37:08.753+0000] {standard_task_runner.py:105} ERROR - Failed to execute job 626 for task age_check ('Variable birth_year does not exist'; 21538)
[2023-04-19T12:37:08.784+0000] {local_task_job.py:208} INFO - Task exited with return code 1
[2023-04-19T12:37:08.801+0000] {taskinstance.py:2578} INFO - 0 downstream tasks scheduled from follow-on schedule check
[2023-05-17T09:52:51.706+0000] {taskinstance.py:1083} INFO - Dependencies all met for <TaskInstance: age_check.age_check scheduled__2022-08-22T00:00:00+00:00 [queued]>
[2023-05-17T09:52:51.722+0000] {taskinstance.py:1083} INFO - Dependencies all met for <TaskInstance: age_check.age_check scheduled__2022-08-22T00:00:00+00:00 [queued]>
[2023-05-17T09:52:51.723+0000] {taskinstance.py:1279} INFO - 
--------------------------------------------------------------------------------
[2023-05-17T09:52:51.725+0000] {taskinstance.py:1280} INFO - Starting attempt 2 of 4
[2023-05-17T09:52:51.726+0000] {taskinstance.py:1281} INFO - 
--------------------------------------------------------------------------------
[2023-05-17T09:52:51.753+0000] {taskinstance.py:1300} INFO - Executing <Task(PythonOperator): age_check> on 2022-08-22 00:00:00+00:00
[2023-05-17T09:52:51.762+0000] {standard_task_runner.py:55} INFO - Started process 4227 to run task
[2023-05-17T09:52:51.772+0000] {standard_task_runner.py:82} INFO - Running: ['***', 'tasks', 'run', 'age_check', 'age_check', 'scheduled__2022-08-22T00:00:00+00:00', '--job-id', '191', '--raw', '--subdir', 'DAGS_FOLDER/age.py', '--cfg-path', '/tmp/tmp884r2803']
[2023-05-17T09:52:51.775+0000] {standard_task_runner.py:83} INFO - Job 191: Subtask age_check
[2023-05-17T09:52:51.914+0000] {task_command.py:388} INFO - Running <TaskInstance: age_check.age_check scheduled__2022-08-22T00:00:00+00:00 [running]> on host 242f95e3e8a8
[2023-05-17T09:52:52.015+0000] {taskinstance.py:1509} INFO - Exporting the following env vars:
AIRFLOW_CTX_DAG_OWNER=***
AIRFLOW_CTX_DAG_ID=age_check
AIRFLOW_CTX_TASK_ID=age_check
AIRFLOW_CTX_EXECUTION_DATE=2022-08-22T00:00:00+00:00
AIRFLOW_CTX_TRY_NUMBER=2
AIRFLOW_CTX_DAG_RUN_ID=scheduled__2022-08-22T00:00:00+00:00
[2023-05-17T09:52:52.027+0000] {taskinstance.py:1768} ERROR - Task failed with exception
Traceback (most recent call last):
  File "/home/airflow/.local/lib/python3.7/site-packages/airflow/operators/python.py", line 175, in execute
    return_value = self.execute_callable()
  File "/home/airflow/.local/lib/python3.7/site-packages/airflow/operators/python.py", line 192, in execute_callable
    return self.python_callable(*self.op_args, **self.op_kwargs)
  File "/opt/airflow/dags/age.py", line 35, in age_check
    birth_year = int(Variable.get('birth_year'))
  File "/home/airflow/.local/lib/python3.7/site-packages/airflow/models/variable.py", line 141, in get
    raise KeyError(f"Variable {key} does not exist")
KeyError: 'Variable birth_year does not exist'
[2023-05-17T09:52:52.042+0000] {taskinstance.py:1323} INFO - Marking task as UP_FOR_RETRY. dag_id=age_check, task_id=age_check, execution_date=20220822T000000, start_date=20230517T095251, end_date=20230517T095252
[2023-05-17T09:52:52.053+0000] {standard_task_runner.py:105} ERROR - Failed to execute job 191 for task age_check ('Variable birth_year does not exist'; 4227)
[2023-05-17T09:52:52.102+0000] {local_task_job.py:208} INFO - Task exited with return code 1
[2023-05-17T09:52:52.130+0000] {taskinstance.py:2578} INFO - 0 downstream tasks scheduled from follow-on schedule check
