[2023-04-19T12:41:16.492+0000] {taskinstance.py:1083} INFO - Dependencies all met for <TaskInstance: age_check.age_check scheduled__2022-10-30T00:00:00+00:00 [queued]>
[2023-04-19T12:41:16.511+0000] {taskinstance.py:1083} INFO - Dependencies all met for <TaskInstance: age_check.age_check scheduled__2022-10-30T00:00:00+00:00 [queued]>
[2023-04-19T12:41:16.513+0000] {taskinstance.py:1279} INFO - 
--------------------------------------------------------------------------------
[2023-04-19T12:41:16.514+0000] {taskinstance.py:1280} INFO - Starting attempt 1 of 4
[2023-04-19T12:41:16.515+0000] {taskinstance.py:1281} INFO - 
--------------------------------------------------------------------------------
[2023-04-19T12:41:16.538+0000] {taskinstance.py:1300} INFO - Executing <Task(PythonOperator): age_check> on 2022-10-30 00:00:00+00:00
[2023-04-19T12:41:16.556+0000] {standard_task_runner.py:55} INFO - Started process 22624 to run task
[2023-04-19T12:41:16.566+0000] {standard_task_runner.py:82} INFO - Running: ['***', 'tasks', 'run', 'age_check', 'age_check', 'scheduled__2022-10-30T00:00:00+00:00', '--job-id', '1067', '--raw', '--subdir', 'DAGS_FOLDER/age.py', '--cfg-path', '/tmp/tmpt4dw4xb1']
[2023-04-19T12:41:16.568+0000] {standard_task_runner.py:83} INFO - Job 1067: Subtask age_check
[2023-04-19T12:41:16.698+0000] {task_command.py:388} INFO - Running <TaskInstance: age_check.age_check scheduled__2022-10-30T00:00:00+00:00 [running]> on host fe34f61acbb3
[2023-04-19T12:41:16.755+0000] {taskinstance.py:1509} INFO - Exporting the following env vars:
AIRFLOW_CTX_DAG_OWNER=***
AIRFLOW_CTX_DAG_ID=age_check
AIRFLOW_CTX_TASK_ID=age_check
AIRFLOW_CTX_EXECUTION_DATE=2022-10-30T00:00:00+00:00
AIRFLOW_CTX_TRY_NUMBER=1
AIRFLOW_CTX_DAG_RUN_ID=scheduled__2022-10-30T00:00:00+00:00
[2023-04-19T12:41:16.765+0000] {taskinstance.py:1768} ERROR - Task failed with exception
Traceback (most recent call last):
  File "/home/airflow/.local/lib/python3.7/site-packages/airflow/operators/python.py", line 175, in execute
    return_value = self.execute_callable()
  File "/home/airflow/.local/lib/python3.7/site-packages/airflow/operators/python.py", line 192, in execute_callable
    return self.python_callable(*self.op_args, **self.op_kwargs)
  File "/opt/airflow/dags/age.py", line 35, in age_check
    birth_year = int(Variable.get('birth_year'))
  File "/home/airflow/.local/lib/python3.7/site-packages/airflow/models/variable.py", line 141, in get
    raise KeyError(f"Variable {key} does not exist")
KeyError: 'Variable birth_year does not exist'
[2023-04-19T12:41:16.787+0000] {taskinstance.py:1323} INFO - Marking task as UP_FOR_RETRY. dag_id=age_check, task_id=age_check, execution_date=20221030T000000, start_date=20230419T124116, end_date=20230419T124116
[2023-04-19T12:41:16.798+0000] {standard_task_runner.py:105} ERROR - Failed to execute job 1067 for task age_check ('Variable birth_year does not exist'; 22624)
[2023-04-19T12:41:16.816+0000] {local_task_job.py:208} INFO - Task exited with return code 1
[2023-04-19T12:41:16.895+0000] {taskinstance.py:2578} INFO - 0 downstream tasks scheduled from follow-on schedule check
[2023-05-17T10:13:12.995+0000] {taskinstance.py:1083} INFO - Dependencies all met for <TaskInstance: age_check.age_check scheduled__2022-10-30T00:00:00+00:00 [queued]>
[2023-05-17T10:13:13.043+0000] {taskinstance.py:1083} INFO - Dependencies all met for <TaskInstance: age_check.age_check scheduled__2022-10-30T00:00:00+00:00 [queued]>
[2023-05-17T10:13:13.044+0000] {taskinstance.py:1279} INFO - 
--------------------------------------------------------------------------------
[2023-05-17T10:13:13.046+0000] {taskinstance.py:1280} INFO - Starting attempt 1 of 4
[2023-05-17T10:13:13.048+0000] {taskinstance.py:1281} INFO - 
--------------------------------------------------------------------------------
[2023-05-17T10:13:13.104+0000] {taskinstance.py:1300} INFO - Executing <Task(PythonOperator): age_check> on 2022-10-30 00:00:00+00:00
[2023-05-17T10:13:13.125+0000] {standard_task_runner.py:55} INFO - Started process 5299 to run task
[2023-05-17T10:13:13.170+0000] {standard_task_runner.py:82} INFO - Running: ['***', 'tasks', 'run', 'age_check', 'age_check', 'scheduled__2022-10-30T00:00:00+00:00', '--job-id', '625', '--raw', '--subdir', 'DAGS_FOLDER/age.py', '--cfg-path', '/tmp/tmprc32e1w7']
[2023-05-17T10:13:13.173+0000] {standard_task_runner.py:83} INFO - Job 625: Subtask age_check
[2023-05-17T10:13:13.411+0000] {task_command.py:388} INFO - Running <TaskInstance: age_check.age_check scheduled__2022-10-30T00:00:00+00:00 [running]> on host 242f95e3e8a8
[2023-05-17T10:13:13.704+0000] {taskinstance.py:1509} INFO - Exporting the following env vars:
AIRFLOW_CTX_DAG_OWNER=***
AIRFLOW_CTX_DAG_ID=age_check
AIRFLOW_CTX_TASK_ID=age_check
AIRFLOW_CTX_EXECUTION_DATE=2022-10-30T00:00:00+00:00
AIRFLOW_CTX_TRY_NUMBER=1
AIRFLOW_CTX_DAG_RUN_ID=scheduled__2022-10-30T00:00:00+00:00
[2023-05-17T10:13:13.727+0000] {taskinstance.py:1768} ERROR - Task failed with exception
Traceback (most recent call last):
  File "/home/airflow/.local/lib/python3.7/site-packages/airflow/operators/python.py", line 175, in execute
    return_value = self.execute_callable()
  File "/home/airflow/.local/lib/python3.7/site-packages/airflow/operators/python.py", line 192, in execute_callable
    return self.python_callable(*self.op_args, **self.op_kwargs)
  File "/opt/airflow/dags/age.py", line 35, in age_check
    birth_year = int(Variable.get('birth_year'))
  File "/home/airflow/.local/lib/python3.7/site-packages/airflow/models/variable.py", line 141, in get
    raise KeyError(f"Variable {key} does not exist")
KeyError: 'Variable birth_year does not exist'
[2023-05-17T10:13:13.746+0000] {taskinstance.py:1323} INFO - Marking task as UP_FOR_RETRY. dag_id=age_check, task_id=age_check, execution_date=20221030T000000, start_date=20230517T101313, end_date=20230517T101313
[2023-05-17T10:13:13.781+0000] {standard_task_runner.py:105} ERROR - Failed to execute job 625 for task age_check ('Variable birth_year does not exist'; 5299)
[2023-05-17T10:13:13.815+0000] {local_task_job.py:208} INFO - Task exited with return code 1
[2023-05-17T10:13:14.182+0000] {taskinstance.py:2578} INFO - 0 downstream tasks scheduled from follow-on schedule check
