[2023-04-19T12:41:51.018+0000] {taskinstance.py:1083} INFO - Dependencies all met for <TaskInstance: age_check.age_check scheduled__2022-10-30T00:00:00+00:00 [queued]>
[2023-04-19T12:41:51.031+0000] {taskinstance.py:1083} INFO - Dependencies all met for <TaskInstance: age_check.age_check scheduled__2022-10-30T00:00:00+00:00 [queued]>
[2023-04-19T12:41:51.032+0000] {taskinstance.py:1279} INFO - 
--------------------------------------------------------------------------------
[2023-04-19T12:41:51.033+0000] {taskinstance.py:1280} INFO - Starting attempt 4 of 4
[2023-04-19T12:41:51.034+0000] {taskinstance.py:1281} INFO - 
--------------------------------------------------------------------------------
[2023-04-19T12:41:51.048+0000] {taskinstance.py:1300} INFO - Executing <Task(PythonOperator): age_check> on 2022-10-30 00:00:00+00:00
[2023-04-19T12:41:51.055+0000] {standard_task_runner.py:55} INFO - Started process 22763 to run task
[2023-04-19T12:41:51.058+0000] {standard_task_runner.py:82} INFO - Running: ['***', 'tasks', 'run', 'age_check', 'age_check', 'scheduled__2022-10-30T00:00:00+00:00', '--job-id', '1118', '--raw', '--subdir', 'DAGS_FOLDER/age.py', '--cfg-path', '/tmp/tmpgmzjgmuq']
[2023-04-19T12:41:51.059+0000] {standard_task_runner.py:83} INFO - Job 1118: Subtask age_check
[2023-04-19T12:41:51.131+0000] {task_command.py:388} INFO - Running <TaskInstance: age_check.age_check scheduled__2022-10-30T00:00:00+00:00 [running]> on host fe34f61acbb3
[2023-04-19T12:41:51.183+0000] {taskinstance.py:1509} INFO - Exporting the following env vars:
AIRFLOW_CTX_DAG_OWNER=***
AIRFLOW_CTX_DAG_ID=age_check
AIRFLOW_CTX_TASK_ID=age_check
AIRFLOW_CTX_EXECUTION_DATE=2022-10-30T00:00:00+00:00
AIRFLOW_CTX_TRY_NUMBER=4
AIRFLOW_CTX_DAG_RUN_ID=scheduled__2022-10-30T00:00:00+00:00
[2023-04-19T12:41:51.197+0000] {taskinstance.py:1768} ERROR - Task failed with exception
Traceback (most recent call last):
  File "/home/airflow/.local/lib/python3.7/site-packages/airflow/operators/python.py", line 175, in execute
    return_value = self.execute_callable()
  File "/home/airflow/.local/lib/python3.7/site-packages/airflow/operators/python.py", line 192, in execute_callable
    return self.python_callable(*self.op_args, **self.op_kwargs)
  File "/opt/airflow/dags/age.py", line 35, in age_check
    birth_year = int(Variable.get('birth_year'))
  File "/home/airflow/.local/lib/python3.7/site-packages/airflow/models/variable.py", line 141, in get
    raise KeyError(f"Variable {key} does not exist")
KeyError: 'Variable birth_year does not exist'
[2023-04-19T12:41:51.213+0000] {taskinstance.py:1323} INFO - Marking task as FAILED. dag_id=age_check, task_id=age_check, execution_date=20221030T000000, start_date=20230419T124151, end_date=20230419T124151
[2023-04-19T12:41:51.228+0000] {standard_task_runner.py:105} ERROR - Failed to execute job 1118 for task age_check ('Variable birth_year does not exist'; 22763)
[2023-04-19T12:41:51.272+0000] {local_task_job.py:208} INFO - Task exited with return code 1
[2023-04-19T12:41:51.299+0000] {taskinstance.py:2578} INFO - 0 downstream tasks scheduled from follow-on schedule check
[2023-05-17T10:13:46.899+0000] {taskinstance.py:1083} INFO - Dependencies all met for <TaskInstance: age_check.age_check scheduled__2022-10-30T00:00:00+00:00 [queued]>
[2023-05-17T10:13:46.906+0000] {taskinstance.py:1083} INFO - Dependencies all met for <TaskInstance: age_check.age_check scheduled__2022-10-30T00:00:00+00:00 [queued]>
[2023-05-17T10:13:46.907+0000] {taskinstance.py:1279} INFO - 
--------------------------------------------------------------------------------
[2023-05-17T10:13:46.908+0000] {taskinstance.py:1280} INFO - Starting attempt 4 of 4
[2023-05-17T10:13:46.909+0000] {taskinstance.py:1281} INFO - 
--------------------------------------------------------------------------------
[2023-05-17T10:13:46.918+0000] {taskinstance.py:1300} INFO - Executing <Task(PythonOperator): age_check> on 2022-10-30 00:00:00+00:00
[2023-05-17T10:13:46.923+0000] {standard_task_runner.py:55} INFO - Started process 5426 to run task
[2023-05-17T10:13:46.927+0000] {standard_task_runner.py:82} INFO - Running: ['***', 'tasks', 'run', 'age_check', 'age_check', 'scheduled__2022-10-30T00:00:00+00:00', '--job-id', '676', '--raw', '--subdir', 'DAGS_FOLDER/age.py', '--cfg-path', '/tmp/tmpmfqsbg8d']
[2023-05-17T10:13:46.929+0000] {standard_task_runner.py:83} INFO - Job 676: Subtask age_check
[2023-05-17T10:13:46.999+0000] {task_command.py:388} INFO - Running <TaskInstance: age_check.age_check scheduled__2022-10-30T00:00:00+00:00 [running]> on host 242f95e3e8a8
[2023-05-17T10:13:47.069+0000] {taskinstance.py:1509} INFO - Exporting the following env vars:
AIRFLOW_CTX_DAG_OWNER=***
AIRFLOW_CTX_DAG_ID=age_check
AIRFLOW_CTX_TASK_ID=age_check
AIRFLOW_CTX_EXECUTION_DATE=2022-10-30T00:00:00+00:00
AIRFLOW_CTX_TRY_NUMBER=4
AIRFLOW_CTX_DAG_RUN_ID=scheduled__2022-10-30T00:00:00+00:00
[2023-05-17T10:13:47.081+0000] {taskinstance.py:1768} ERROR - Task failed with exception
Traceback (most recent call last):
  File "/home/airflow/.local/lib/python3.7/site-packages/airflow/operators/python.py", line 175, in execute
    return_value = self.execute_callable()
  File "/home/airflow/.local/lib/python3.7/site-packages/airflow/operators/python.py", line 192, in execute_callable
    return self.python_callable(*self.op_args, **self.op_kwargs)
  File "/opt/airflow/dags/age.py", line 35, in age_check
    birth_year = int(Variable.get('birth_year'))
  File "/home/airflow/.local/lib/python3.7/site-packages/airflow/models/variable.py", line 141, in get
    raise KeyError(f"Variable {key} does not exist")
KeyError: 'Variable birth_year does not exist'
[2023-05-17T10:13:47.093+0000] {taskinstance.py:1323} INFO - Marking task as FAILED. dag_id=age_check, task_id=age_check, execution_date=20221030T000000, start_date=20230517T101346, end_date=20230517T101347
[2023-05-17T10:13:47.102+0000] {standard_task_runner.py:105} ERROR - Failed to execute job 676 for task age_check ('Variable birth_year does not exist'; 5426)
[2023-05-17T10:13:47.139+0000] {local_task_job.py:208} INFO - Task exited with return code 1
[2023-05-17T10:13:47.162+0000] {taskinstance.py:2578} INFO - 0 downstream tasks scheduled from follow-on schedule check
