[2023-04-19T12:35:46.320+0000] {taskinstance.py:1083} INFO - Dependencies all met for <TaskInstance: age_check.age_check scheduled__2022-07-29T00:00:00+00:00 [queued]>
[2023-04-19T12:35:46.401+0000] {taskinstance.py:1083} INFO - Dependencies all met for <TaskInstance: age_check.age_check scheduled__2022-07-29T00:00:00+00:00 [queued]>
[2023-04-19T12:35:46.406+0000] {taskinstance.py:1279} INFO - 
--------------------------------------------------------------------------------
[2023-04-19T12:35:46.411+0000] {taskinstance.py:1280} INFO - Starting attempt 1 of 4
[2023-04-19T12:35:46.412+0000] {taskinstance.py:1281} INFO - 
--------------------------------------------------------------------------------
[2023-04-19T12:35:46.559+0000] {taskinstance.py:1300} INFO - Executing <Task(PythonOperator): age_check> on 2022-07-29 00:00:00+00:00
[2023-04-19T12:35:46.615+0000] {standard_task_runner.py:55} INFO - Started process 21183 to run task
[2023-04-19T12:35:46.624+0000] {standard_task_runner.py:82} INFO - Running: ['***', 'tasks', 'run', 'age_check', 'age_check', 'scheduled__2022-07-29T00:00:00+00:00', '--job-id', '479', '--raw', '--subdir', 'DAGS_FOLDER/age.py', '--cfg-path', '/tmp/tmpl91os0d5']
[2023-04-19T12:35:46.642+0000] {standard_task_runner.py:83} INFO - Job 479: Subtask age_check
[2023-04-19T12:35:46.982+0000] {task_command.py:388} INFO - Running <TaskInstance: age_check.age_check scheduled__2022-07-29T00:00:00+00:00 [running]> on host fe34f61acbb3
[2023-04-19T12:35:47.226+0000] {taskinstance.py:1509} INFO - Exporting the following env vars:
AIRFLOW_CTX_DAG_OWNER=***
AIRFLOW_CTX_DAG_ID=age_check
AIRFLOW_CTX_TASK_ID=age_check
AIRFLOW_CTX_EXECUTION_DATE=2022-07-29T00:00:00+00:00
AIRFLOW_CTX_TRY_NUMBER=1
AIRFLOW_CTX_DAG_RUN_ID=scheduled__2022-07-29T00:00:00+00:00
[2023-04-19T12:35:47.256+0000] {taskinstance.py:1768} ERROR - Task failed with exception
Traceback (most recent call last):
  File "/home/airflow/.local/lib/python3.7/site-packages/airflow/operators/python.py", line 175, in execute
    return_value = self.execute_callable()
  File "/home/airflow/.local/lib/python3.7/site-packages/airflow/operators/python.py", line 192, in execute_callable
    return self.python_callable(*self.op_args, **self.op_kwargs)
  File "/opt/airflow/dags/age.py", line 35, in age_check
    birth_year = int(Variable.get('birth_year'))
  File "/home/airflow/.local/lib/python3.7/site-packages/airflow/models/variable.py", line 141, in get
    raise KeyError(f"Variable {key} does not exist")
KeyError: 'Variable birth_year does not exist'
[2023-04-19T12:35:47.311+0000] {taskinstance.py:1323} INFO - Marking task as UP_FOR_RETRY. dag_id=age_check, task_id=age_check, execution_date=20220729T000000, start_date=20230419T123546, end_date=20230419T123547
[2023-04-19T12:35:47.340+0000] {standard_task_runner.py:105} ERROR - Failed to execute job 479 for task age_check ('Variable birth_year does not exist'; 21183)
[2023-04-19T12:35:47.473+0000] {local_task_job.py:208} INFO - Task exited with return code 1
[2023-04-19T12:35:47.556+0000] {taskinstance.py:2578} INFO - 0 downstream tasks scheduled from follow-on schedule check
[2023-05-17T09:51:39.110+0000] {taskinstance.py:1083} INFO - Dependencies all met for <TaskInstance: age_check.age_check scheduled__2022-07-29T00:00:00+00:00 [queued]>
[2023-05-17T09:51:39.181+0000] {taskinstance.py:1083} INFO - Dependencies all met for <TaskInstance: age_check.age_check scheduled__2022-07-29T00:00:00+00:00 [queued]>
[2023-05-17T09:51:39.185+0000] {taskinstance.py:1279} INFO - 
--------------------------------------------------------------------------------
[2023-05-17T09:51:39.191+0000] {taskinstance.py:1280} INFO - Starting attempt 1 of 4
[2023-05-17T09:51:39.193+0000] {taskinstance.py:1281} INFO - 
--------------------------------------------------------------------------------
[2023-05-17T09:51:39.284+0000] {taskinstance.py:1300} INFO - Executing <Task(PythonOperator): age_check> on 2022-07-29 00:00:00+00:00
[2023-05-17T09:51:39.323+0000] {standard_task_runner.py:55} INFO - Started process 3891 to run task
[2023-05-17T09:51:39.352+0000] {standard_task_runner.py:82} INFO - Running: ['***', 'tasks', 'run', 'age_check', 'age_check', 'scheduled__2022-07-29T00:00:00+00:00', '--job-id', '51', '--raw', '--subdir', 'DAGS_FOLDER/age.py', '--cfg-path', '/tmp/tmpgxarw0o4']
[2023-05-17T09:51:39.366+0000] {standard_task_runner.py:83} INFO - Job 51: Subtask age_check
[2023-05-17T09:51:39.686+0000] {task_command.py:388} INFO - Running <TaskInstance: age_check.age_check scheduled__2022-07-29T00:00:00+00:00 [running]> on host 242f95e3e8a8
[2023-05-17T09:51:40.022+0000] {taskinstance.py:1509} INFO - Exporting the following env vars:
AIRFLOW_CTX_DAG_OWNER=***
AIRFLOW_CTX_DAG_ID=age_check
AIRFLOW_CTX_TASK_ID=age_check
AIRFLOW_CTX_EXECUTION_DATE=2022-07-29T00:00:00+00:00
AIRFLOW_CTX_TRY_NUMBER=1
AIRFLOW_CTX_DAG_RUN_ID=scheduled__2022-07-29T00:00:00+00:00
[2023-05-17T09:51:40.050+0000] {taskinstance.py:1768} ERROR - Task failed with exception
Traceback (most recent call last):
  File "/home/airflow/.local/lib/python3.7/site-packages/airflow/operators/python.py", line 175, in execute
    return_value = self.execute_callable()
  File "/home/airflow/.local/lib/python3.7/site-packages/airflow/operators/python.py", line 192, in execute_callable
    return self.python_callable(*self.op_args, **self.op_kwargs)
  File "/opt/airflow/dags/age.py", line 35, in age_check
    birth_year = int(Variable.get('birth_year'))
  File "/home/airflow/.local/lib/python3.7/site-packages/airflow/models/variable.py", line 141, in get
    raise KeyError(f"Variable {key} does not exist")
KeyError: 'Variable birth_year does not exist'
[2023-05-17T09:51:40.074+0000] {taskinstance.py:1323} INFO - Marking task as UP_FOR_RETRY. dag_id=age_check, task_id=age_check, execution_date=20220729T000000, start_date=20230517T095139, end_date=20230517T095140
[2023-05-17T09:51:40.112+0000] {standard_task_runner.py:105} ERROR - Failed to execute job 51 for task age_check ('Variable birth_year does not exist'; 3891)
[2023-05-17T09:51:40.207+0000] {local_task_job.py:208} INFO - Task exited with return code 1
[2023-05-17T09:51:40.324+0000] {taskinstance.py:2578} INFO - 0 downstream tasks scheduled from follow-on schedule check
