[2023-04-19T12:43:56.947+0000] {taskinstance.py:1083} INFO - Dependencies all met for <TaskInstance: age_check.age_check scheduled__2022-11-23T00:00:00+00:00 [queued]>
[2023-04-19T12:43:56.980+0000] {taskinstance.py:1083} INFO - Dependencies all met for <TaskInstance: age_check.age_check scheduled__2022-11-23T00:00:00+00:00 [queued]>
[2023-04-19T12:43:56.981+0000] {taskinstance.py:1279} INFO - 
--------------------------------------------------------------------------------
[2023-04-19T12:43:56.982+0000] {taskinstance.py:1280} INFO - Starting attempt 4 of 4
[2023-04-19T12:43:56.983+0000] {taskinstance.py:1281} INFO - 
--------------------------------------------------------------------------------
[2023-04-19T12:43:57.007+0000] {taskinstance.py:1300} INFO - Executing <Task(PythonOperator): age_check> on 2022-11-23 00:00:00+00:00
[2023-04-19T12:43:57.024+0000] {standard_task_runner.py:55} INFO - Started process 23305 to run task
[2023-04-19T12:43:57.034+0000] {standard_task_runner.py:82} INFO - Running: ['***', 'tasks', 'run', 'age_check', 'age_check', 'scheduled__2022-11-23T00:00:00+00:00', '--job-id', '1336', '--raw', '--subdir', 'DAGS_FOLDER/age.py', '--cfg-path', '/tmp/tmpt9_anl2v']
[2023-04-19T12:43:57.039+0000] {standard_task_runner.py:83} INFO - Job 1336: Subtask age_check
[2023-04-19T12:43:57.187+0000] {task_command.py:388} INFO - Running <TaskInstance: age_check.age_check scheduled__2022-11-23T00:00:00+00:00 [running]> on host fe34f61acbb3
[2023-04-19T12:43:57.305+0000] {taskinstance.py:1509} INFO - Exporting the following env vars:
AIRFLOW_CTX_DAG_OWNER=***
AIRFLOW_CTX_DAG_ID=age_check
AIRFLOW_CTX_TASK_ID=age_check
AIRFLOW_CTX_EXECUTION_DATE=2022-11-23T00:00:00+00:00
AIRFLOW_CTX_TRY_NUMBER=4
AIRFLOW_CTX_DAG_RUN_ID=scheduled__2022-11-23T00:00:00+00:00
[2023-04-19T12:43:57.344+0000] {taskinstance.py:1768} ERROR - Task failed with exception
Traceback (most recent call last):
  File "/home/airflow/.local/lib/python3.7/site-packages/airflow/operators/python.py", line 175, in execute
    return_value = self.execute_callable()
  File "/home/airflow/.local/lib/python3.7/site-packages/airflow/operators/python.py", line 192, in execute_callable
    return self.python_callable(*self.op_args, **self.op_kwargs)
  File "/opt/airflow/dags/age.py", line 35, in age_check
    birth_year = int(Variable.get('birth_year'))
  File "/home/airflow/.local/lib/python3.7/site-packages/airflow/models/variable.py", line 141, in get
    raise KeyError(f"Variable {key} does not exist")
KeyError: 'Variable birth_year does not exist'
[2023-04-19T12:43:57.372+0000] {taskinstance.py:1323} INFO - Marking task as FAILED. dag_id=age_check, task_id=age_check, execution_date=20221123T000000, start_date=20230419T124356, end_date=20230419T124357
[2023-04-19T12:43:57.387+0000] {standard_task_runner.py:105} ERROR - Failed to execute job 1336 for task age_check ('Variable birth_year does not exist'; 23305)
[2023-04-19T12:43:57.425+0000] {local_task_job.py:208} INFO - Task exited with return code 1
[2023-04-19T12:43:57.475+0000] {taskinstance.py:2578} INFO - 0 downstream tasks scheduled from follow-on schedule check
[2023-05-17T10:48:22.458+0000] {taskinstance.py:1083} INFO - Dependencies all met for <TaskInstance: age_check.age_check scheduled__2022-11-23T00:00:00+00:00 [queued]>
[2023-05-17T10:48:22.484+0000] {taskinstance.py:1083} INFO - Dependencies all met for <TaskInstance: age_check.age_check scheduled__2022-11-23T00:00:00+00:00 [queued]>
[2023-05-17T10:48:22.493+0000] {taskinstance.py:1279} INFO - 
--------------------------------------------------------------------------------
[2023-05-17T10:48:22.500+0000] {taskinstance.py:1280} INFO - Starting attempt 4 of 4
[2023-05-17T10:48:22.505+0000] {taskinstance.py:1281} INFO - 
--------------------------------------------------------------------------------
[2023-05-17T10:48:22.541+0000] {taskinstance.py:1300} INFO - Executing <Task(PythonOperator): age_check> on 2022-11-23 00:00:00+00:00
[2023-05-17T11:01:14.515+0000] {standard_task_runner.py:55} INFO - Started process 5966 to run task
[2023-05-17T11:01:14.566+0000] {standard_task_runner.py:82} INFO - Running: ['***', 'tasks', 'run', 'age_check', 'age_check', 'scheduled__2022-11-23T00:00:00+00:00', '--job-id', '893', '--raw', '--subdir', 'DAGS_FOLDER/age.py', '--cfg-path', '/tmp/tmpt4r5sbbz']
[2023-05-17T11:01:14.569+0000] {standard_task_runner.py:83} INFO - Job 893: Subtask age_check
[2023-05-17T11:01:14.783+0000] {task_command.py:388} INFO - Running <TaskInstance: age_check.age_check scheduled__2022-11-23T00:00:00+00:00 [running]> on host 242f95e3e8a8
[2023-05-17T11:01:15.003+0000] {taskinstance.py:1509} INFO - Exporting the following env vars:
AIRFLOW_CTX_DAG_OWNER=***
AIRFLOW_CTX_DAG_ID=age_check
AIRFLOW_CTX_TASK_ID=age_check
AIRFLOW_CTX_EXECUTION_DATE=2022-11-23T00:00:00+00:00
AIRFLOW_CTX_TRY_NUMBER=4
AIRFLOW_CTX_DAG_RUN_ID=scheduled__2022-11-23T00:00:00+00:00
[2023-05-17T11:01:15.032+0000] {taskinstance.py:1768} ERROR - Task failed with exception
Traceback (most recent call last):
  File "/home/airflow/.local/lib/python3.7/site-packages/airflow/operators/python.py", line 175, in execute
    return_value = self.execute_callable()
  File "/home/airflow/.local/lib/python3.7/site-packages/airflow/operators/python.py", line 192, in execute_callable
    return self.python_callable(*self.op_args, **self.op_kwargs)
  File "/opt/airflow/dags/age.py", line 35, in age_check
    birth_year = int(Variable.get('birth_year'))
  File "/home/airflow/.local/lib/python3.7/site-packages/airflow/models/variable.py", line 141, in get
    raise KeyError(f"Variable {key} does not exist")
KeyError: 'Variable birth_year does not exist'
[2023-05-17T11:01:15.054+0000] {taskinstance.py:1323} INFO - Marking task as FAILED. dag_id=age_check, task_id=age_check, execution_date=20221123T000000, start_date=20230517T104822, end_date=20230517T110115
[2023-05-17T11:01:15.086+0000] {standard_task_runner.py:105} ERROR - Failed to execute job 893 for task age_check ('Variable birth_year does not exist'; 5966)
[2023-05-17T11:01:15.179+0000] {local_task_job.py:208} INFO - Task exited with return code 1
[2023-05-17T11:01:15.220+0000] {taskinstance.py:2578} INFO - 0 downstream tasks scheduled from follow-on schedule check
