[2023-04-19T12:45:55.939+0000] {taskinstance.py:1083} INFO - Dependencies all met for <TaskInstance: age_check.age_check scheduled__2023-01-03T00:00:00+00:00 [queued]>
[2023-04-19T12:45:55.981+0000] {taskinstance.py:1083} INFO - Dependencies all met for <TaskInstance: age_check.age_check scheduled__2023-01-03T00:00:00+00:00 [queued]>
[2023-04-19T12:45:55.986+0000] {taskinstance.py:1279} INFO - 
--------------------------------------------------------------------------------
[2023-04-19T12:45:55.989+0000] {taskinstance.py:1280} INFO - Starting attempt 1 of 4
[2023-04-19T12:45:56.007+0000] {taskinstance.py:1281} INFO - 
--------------------------------------------------------------------------------
[2023-04-19T12:45:56.052+0000] {taskinstance.py:1300} INFO - Executing <Task(PythonOperator): age_check> on 2023-01-03 00:00:00+00:00
[2023-04-19T12:45:56.099+0000] {standard_task_runner.py:55} INFO - Started process 23788 to run task
[2023-04-19T12:45:56.121+0000] {standard_task_runner.py:82} INFO - Running: ['***', 'tasks', 'run', 'age_check', 'age_check', 'scheduled__2023-01-03T00:00:00+00:00', '--job-id', '1535', '--raw', '--subdir', 'DAGS_FOLDER/age.py', '--cfg-path', '/tmp/tmpgha39iif']
[2023-04-19T12:45:56.139+0000] {standard_task_runner.py:83} INFO - Job 1535: Subtask age_check
[2023-04-19T12:45:56.280+0000] {task_command.py:388} INFO - Running <TaskInstance: age_check.age_check scheduled__2023-01-03T00:00:00+00:00 [running]> on host fe34f61acbb3
[2023-04-19T12:45:56.407+0000] {taskinstance.py:1509} INFO - Exporting the following env vars:
AIRFLOW_CTX_DAG_OWNER=***
AIRFLOW_CTX_DAG_ID=age_check
AIRFLOW_CTX_TASK_ID=age_check
AIRFLOW_CTX_EXECUTION_DATE=2023-01-03T00:00:00+00:00
AIRFLOW_CTX_TRY_NUMBER=1
AIRFLOW_CTX_DAG_RUN_ID=scheduled__2023-01-03T00:00:00+00:00
[2023-04-19T12:45:56.429+0000] {taskinstance.py:1768} ERROR - Task failed with exception
Traceback (most recent call last):
  File "/home/airflow/.local/lib/python3.7/site-packages/airflow/operators/python.py", line 175, in execute
    return_value = self.execute_callable()
  File "/home/airflow/.local/lib/python3.7/site-packages/airflow/operators/python.py", line 192, in execute_callable
    return self.python_callable(*self.op_args, **self.op_kwargs)
  File "/opt/airflow/dags/age.py", line 35, in age_check
    birth_year = int(Variable.get('birth_year'))
  File "/home/airflow/.local/lib/python3.7/site-packages/airflow/models/variable.py", line 141, in get
    raise KeyError(f"Variable {key} does not exist")
KeyError: 'Variable birth_year does not exist'
[2023-04-19T12:45:56.458+0000] {taskinstance.py:1323} INFO - Marking task as UP_FOR_RETRY. dag_id=age_check, task_id=age_check, execution_date=20230103T000000, start_date=20230419T124555, end_date=20230419T124556
[2023-04-19T12:45:56.475+0000] {standard_task_runner.py:105} ERROR - Failed to execute job 1535 for task age_check ('Variable birth_year does not exist'; 23788)
[2023-04-19T12:45:56.509+0000] {local_task_job.py:208} INFO - Task exited with return code 1
[2023-04-19T12:45:56.784+0000] {taskinstance.py:2578} INFO - 0 downstream tasks scheduled from follow-on schedule check
[2023-05-20T20:57:03.839+0000] {taskinstance.py:1083} INFO - Dependencies all met for <TaskInstance: age_check.age_check scheduled__2023-01-03T00:00:00+00:00 [queued]>
[2023-05-20T20:57:03.845+0000] {taskinstance.py:1083} INFO - Dependencies all met for <TaskInstance: age_check.age_check scheduled__2023-01-03T00:00:00+00:00 [queued]>
[2023-05-20T20:57:03.846+0000] {taskinstance.py:1279} INFO - 
--------------------------------------------------------------------------------
[2023-05-20T20:57:03.847+0000] {taskinstance.py:1280} INFO - Starting attempt 1 of 4
[2023-05-20T20:57:03.849+0000] {taskinstance.py:1281} INFO - 
--------------------------------------------------------------------------------
[2023-05-20T20:57:03.857+0000] {taskinstance.py:1300} INFO - Executing <Task(PythonOperator): age_check> on 2023-01-03 00:00:00+00:00
[2023-05-20T20:57:03.861+0000] {standard_task_runner.py:55} INFO - Started process 507 to run task
[2023-05-20T20:57:03.865+0000] {standard_task_runner.py:82} INFO - Running: ['***', 'tasks', 'run', 'age_check', 'age_check', 'scheduled__2023-01-03T00:00:00+00:00', '--job-id', '1096', '--raw', '--subdir', 'DAGS_FOLDER/age.py', '--cfg-path', '/tmp/tmpssc2v5nj']
[2023-05-20T20:57:03.867+0000] {standard_task_runner.py:83} INFO - Job 1096: Subtask age_check
[2023-05-20T20:57:03.922+0000] {task_command.py:388} INFO - Running <TaskInstance: age_check.age_check scheduled__2023-01-03T00:00:00+00:00 [running]> on host 242f95e3e8a8
[2023-05-20T20:57:03.970+0000] {taskinstance.py:1509} INFO - Exporting the following env vars:
AIRFLOW_CTX_DAG_OWNER=***
AIRFLOW_CTX_DAG_ID=age_check
AIRFLOW_CTX_TASK_ID=age_check
AIRFLOW_CTX_EXECUTION_DATE=2023-01-03T00:00:00+00:00
AIRFLOW_CTX_TRY_NUMBER=1
AIRFLOW_CTX_DAG_RUN_ID=scheduled__2023-01-03T00:00:00+00:00
[2023-05-20T20:57:03.979+0000] {taskinstance.py:1768} ERROR - Task failed with exception
Traceback (most recent call last):
  File "/home/airflow/.local/lib/python3.7/site-packages/airflow/operators/python.py", line 175, in execute
    return_value = self.execute_callable()
  File "/home/airflow/.local/lib/python3.7/site-packages/airflow/operators/python.py", line 192, in execute_callable
    return self.python_callable(*self.op_args, **self.op_kwargs)
  File "/opt/airflow/dags/age.py", line 35, in age_check
    birth_year = int(Variable.get('birth_year'))
  File "/home/airflow/.local/lib/python3.7/site-packages/airflow/models/variable.py", line 141, in get
    raise KeyError(f"Variable {key} does not exist")
KeyError: 'Variable birth_year does not exist'
[2023-05-20T20:57:03.989+0000] {taskinstance.py:1323} INFO - Marking task as UP_FOR_RETRY. dag_id=age_check, task_id=age_check, execution_date=20230103T000000, start_date=20230520T205703, end_date=20230520T205703
[2023-05-20T20:57:03.996+0000] {standard_task_runner.py:105} ERROR - Failed to execute job 1096 for task age_check ('Variable birth_year does not exist'; 507)
[2023-05-20T20:57:04.036+0000] {local_task_job.py:208} INFO - Task exited with return code 1
[2023-05-20T20:57:04.055+0000] {taskinstance.py:2578} INFO - 0 downstream tasks scheduled from follow-on schedule check
