[2023-04-19T12:39:12.482+0000] {taskinstance.py:1083} INFO - Dependencies all met for <TaskInstance: age_check.age_check scheduled__2022-09-25T00:00:00+00:00 [queued]>
[2023-04-19T12:39:12.501+0000] {taskinstance.py:1083} INFO - Dependencies all met for <TaskInstance: age_check.age_check scheduled__2022-09-25T00:00:00+00:00 [queued]>
[2023-04-19T12:39:12.503+0000] {taskinstance.py:1279} INFO - 
--------------------------------------------------------------------------------
[2023-04-19T12:39:12.507+0000] {taskinstance.py:1280} INFO - Starting attempt 2 of 4
[2023-04-19T12:39:12.509+0000] {taskinstance.py:1281} INFO - 
--------------------------------------------------------------------------------
[2023-04-19T12:39:12.597+0000] {taskinstance.py:1300} INFO - Executing <Task(PythonOperator): age_check> on 2022-09-25 00:00:00+00:00
[2023-04-19T12:39:12.606+0000] {standard_task_runner.py:55} INFO - Started process 22106 to run task
[2023-04-19T12:39:12.620+0000] {standard_task_runner.py:82} INFO - Running: ['***', 'tasks', 'run', 'age_check', 'age_check', 'scheduled__2022-09-25T00:00:00+00:00', '--job-id', '854', '--raw', '--subdir', 'DAGS_FOLDER/age.py', '--cfg-path', '/tmp/tmpqq4k8pfc']
[2023-04-19T12:39:12.623+0000] {standard_task_runner.py:83} INFO - Job 854: Subtask age_check
[2023-04-19T12:39:12.700+0000] {task_command.py:388} INFO - Running <TaskInstance: age_check.age_check scheduled__2022-09-25T00:00:00+00:00 [running]> on host fe34f61acbb3
[2023-04-19T12:39:12.761+0000] {taskinstance.py:1509} INFO - Exporting the following env vars:
AIRFLOW_CTX_DAG_OWNER=***
AIRFLOW_CTX_DAG_ID=age_check
AIRFLOW_CTX_TASK_ID=age_check
AIRFLOW_CTX_EXECUTION_DATE=2022-09-25T00:00:00+00:00
AIRFLOW_CTX_TRY_NUMBER=2
AIRFLOW_CTX_DAG_RUN_ID=scheduled__2022-09-25T00:00:00+00:00
[2023-04-19T12:39:12.769+0000] {taskinstance.py:1768} ERROR - Task failed with exception
Traceback (most recent call last):
  File "/home/airflow/.local/lib/python3.7/site-packages/airflow/operators/python.py", line 175, in execute
    return_value = self.execute_callable()
  File "/home/airflow/.local/lib/python3.7/site-packages/airflow/operators/python.py", line 192, in execute_callable
    return self.python_callable(*self.op_args, **self.op_kwargs)
  File "/opt/airflow/dags/age.py", line 35, in age_check
    birth_year = int(Variable.get('birth_year'))
  File "/home/airflow/.local/lib/python3.7/site-packages/airflow/models/variable.py", line 141, in get
    raise KeyError(f"Variable {key} does not exist")
KeyError: 'Variable birth_year does not exist'
[2023-04-19T12:39:12.798+0000] {taskinstance.py:1323} INFO - Marking task as UP_FOR_RETRY. dag_id=age_check, task_id=age_check, execution_date=20220925T000000, start_date=20230419T123912, end_date=20230419T123912
[2023-04-19T12:39:12.809+0000] {standard_task_runner.py:105} ERROR - Failed to execute job 854 for task age_check ('Variable birth_year does not exist'; 22106)
[2023-04-19T12:39:12.825+0000] {local_task_job.py:208} INFO - Task exited with return code 1
[2023-04-19T12:39:12.864+0000] {taskinstance.py:2578} INFO - 0 downstream tasks scheduled from follow-on schedule check
[2023-05-17T09:54:52.698+0000] {taskinstance.py:1083} INFO - Dependencies all met for <TaskInstance: age_check.age_check scheduled__2022-09-25T00:00:00+00:00 [queued]>
[2023-05-17T09:54:52.727+0000] {taskinstance.py:1083} INFO - Dependencies all met for <TaskInstance: age_check.age_check scheduled__2022-09-25T00:00:00+00:00 [queued]>
[2023-05-17T09:54:52.729+0000] {taskinstance.py:1279} INFO - 
--------------------------------------------------------------------------------
[2023-05-17T09:54:52.730+0000] {taskinstance.py:1280} INFO - Starting attempt 2 of 4
[2023-05-17T09:54:52.731+0000] {taskinstance.py:1281} INFO - 
--------------------------------------------------------------------------------
[2023-05-17T09:54:52.764+0000] {taskinstance.py:1300} INFO - Executing <Task(PythonOperator): age_check> on 2022-09-25 00:00:00+00:00
[2023-05-17T09:54:52.774+0000] {standard_task_runner.py:55} INFO - Started process 4777 to run task
[2023-05-17T09:54:52.782+0000] {standard_task_runner.py:82} INFO - Running: ['***', 'tasks', 'run', 'age_check', 'age_check', 'scheduled__2022-09-25T00:00:00+00:00', '--job-id', '414', '--raw', '--subdir', 'DAGS_FOLDER/age.py', '--cfg-path', '/tmp/tmpvte6b58l']
[2023-05-17T09:54:52.794+0000] {standard_task_runner.py:83} INFO - Job 414: Subtask age_check
[2023-05-17T09:54:52.928+0000] {task_command.py:388} INFO - Running <TaskInstance: age_check.age_check scheduled__2022-09-25T00:00:00+00:00 [running]> on host 242f95e3e8a8
[2023-05-17T09:54:53.060+0000] {taskinstance.py:1509} INFO - Exporting the following env vars:
AIRFLOW_CTX_DAG_OWNER=***
AIRFLOW_CTX_DAG_ID=age_check
AIRFLOW_CTX_TASK_ID=age_check
AIRFLOW_CTX_EXECUTION_DATE=2022-09-25T00:00:00+00:00
AIRFLOW_CTX_TRY_NUMBER=2
AIRFLOW_CTX_DAG_RUN_ID=scheduled__2022-09-25T00:00:00+00:00
[2023-05-17T09:54:53.077+0000] {taskinstance.py:1768} ERROR - Task failed with exception
Traceback (most recent call last):
  File "/home/airflow/.local/lib/python3.7/site-packages/airflow/operators/python.py", line 175, in execute
    return_value = self.execute_callable()
  File "/home/airflow/.local/lib/python3.7/site-packages/airflow/operators/python.py", line 192, in execute_callable
    return self.python_callable(*self.op_args, **self.op_kwargs)
  File "/opt/airflow/dags/age.py", line 35, in age_check
    birth_year = int(Variable.get('birth_year'))
  File "/home/airflow/.local/lib/python3.7/site-packages/airflow/models/variable.py", line 141, in get
    raise KeyError(f"Variable {key} does not exist")
KeyError: 'Variable birth_year does not exist'
[2023-05-17T09:54:53.093+0000] {taskinstance.py:1323} INFO - Marking task as UP_FOR_RETRY. dag_id=age_check, task_id=age_check, execution_date=20220925T000000, start_date=20230517T095452, end_date=20230517T095453
[2023-05-17T09:54:53.108+0000] {standard_task_runner.py:105} ERROR - Failed to execute job 414 for task age_check ('Variable birth_year does not exist'; 4777)
[2023-05-17T09:54:53.131+0000] {local_task_job.py:208} INFO - Task exited with return code 1
[2023-05-17T09:54:53.171+0000] {taskinstance.py:2578} INFO - 0 downstream tasks scheduled from follow-on schedule check
