[2023-04-19T12:39:00.884+0000] {taskinstance.py:1083} INFO - Dependencies all met for <TaskInstance: age_check.age_check scheduled__2022-09-25T00:00:00+00:00 [queued]>
[2023-04-19T12:39:00.917+0000] {taskinstance.py:1083} INFO - Dependencies all met for <TaskInstance: age_check.age_check scheduled__2022-09-25T00:00:00+00:00 [queued]>
[2023-04-19T12:39:00.919+0000] {taskinstance.py:1279} INFO - 
--------------------------------------------------------------------------------
[2023-04-19T12:39:00.920+0000] {taskinstance.py:1280} INFO - Starting attempt 1 of 4
[2023-04-19T12:39:00.922+0000] {taskinstance.py:1281} INFO - 
--------------------------------------------------------------------------------
[2023-04-19T12:39:00.953+0000] {taskinstance.py:1300} INFO - Executing <Task(PythonOperator): age_check> on 2022-09-25 00:00:00+00:00
[2023-04-19T12:39:00.960+0000] {standard_task_runner.py:55} INFO - Started process 22061 to run task
[2023-04-19T12:39:00.964+0000] {standard_task_runner.py:82} INFO - Running: ['***', 'tasks', 'run', 'age_check', 'age_check', 'scheduled__2022-09-25T00:00:00+00:00', '--job-id', '839', '--raw', '--subdir', 'DAGS_FOLDER/age.py', '--cfg-path', '/tmp/tmp1egu9eia']
[2023-04-19T12:39:00.966+0000] {standard_task_runner.py:83} INFO - Job 839: Subtask age_check
[2023-04-19T12:39:01.110+0000] {task_command.py:388} INFO - Running <TaskInstance: age_check.age_check scheduled__2022-09-25T00:00:00+00:00 [running]> on host fe34f61acbb3
[2023-04-19T12:39:01.224+0000] {taskinstance.py:1509} INFO - Exporting the following env vars:
AIRFLOW_CTX_DAG_OWNER=***
AIRFLOW_CTX_DAG_ID=age_check
AIRFLOW_CTX_TASK_ID=age_check
AIRFLOW_CTX_EXECUTION_DATE=2022-09-25T00:00:00+00:00
AIRFLOW_CTX_TRY_NUMBER=1
AIRFLOW_CTX_DAG_RUN_ID=scheduled__2022-09-25T00:00:00+00:00
[2023-04-19T12:39:01.237+0000] {taskinstance.py:1768} ERROR - Task failed with exception
Traceback (most recent call last):
  File "/home/airflow/.local/lib/python3.7/site-packages/airflow/operators/python.py", line 175, in execute
    return_value = self.execute_callable()
  File "/home/airflow/.local/lib/python3.7/site-packages/airflow/operators/python.py", line 192, in execute_callable
    return self.python_callable(*self.op_args, **self.op_kwargs)
  File "/opt/airflow/dags/age.py", line 35, in age_check
    birth_year = int(Variable.get('birth_year'))
  File "/home/airflow/.local/lib/python3.7/site-packages/airflow/models/variable.py", line 141, in get
    raise KeyError(f"Variable {key} does not exist")
KeyError: 'Variable birth_year does not exist'
[2023-04-19T12:39:01.263+0000] {taskinstance.py:1323} INFO - Marking task as UP_FOR_RETRY. dag_id=age_check, task_id=age_check, execution_date=20220925T000000, start_date=20230419T123900, end_date=20230419T123901
[2023-04-19T12:39:01.289+0000] {standard_task_runner.py:105} ERROR - Failed to execute job 839 for task age_check ('Variable birth_year does not exist'; 22061)
[2023-04-19T12:39:01.344+0000] {local_task_job.py:208} INFO - Task exited with return code 1
[2023-04-19T12:39:01.401+0000] {taskinstance.py:2578} INFO - 0 downstream tasks scheduled from follow-on schedule check
[2023-05-17T09:54:41.103+0000] {taskinstance.py:1083} INFO - Dependencies all met for <TaskInstance: age_check.age_check scheduled__2022-09-25T00:00:00+00:00 [queued]>
[2023-05-17T09:54:41.129+0000] {taskinstance.py:1083} INFO - Dependencies all met for <TaskInstance: age_check.age_check scheduled__2022-09-25T00:00:00+00:00 [queued]>
[2023-05-17T09:54:41.131+0000] {taskinstance.py:1279} INFO - 
--------------------------------------------------------------------------------
[2023-05-17T09:54:41.134+0000] {taskinstance.py:1280} INFO - Starting attempt 1 of 4
[2023-05-17T09:54:41.137+0000] {taskinstance.py:1281} INFO - 
--------------------------------------------------------------------------------
[2023-05-17T09:54:41.178+0000] {taskinstance.py:1300} INFO - Executing <Task(PythonOperator): age_check> on 2022-09-25 00:00:00+00:00
[2023-05-17T09:54:41.184+0000] {standard_task_runner.py:55} INFO - Started process 4736 to run task
[2023-05-17T09:54:41.193+0000] {standard_task_runner.py:82} INFO - Running: ['***', 'tasks', 'run', 'age_check', 'age_check', 'scheduled__2022-09-25T00:00:00+00:00', '--job-id', '401', '--raw', '--subdir', 'DAGS_FOLDER/age.py', '--cfg-path', '/tmp/tmp0ixetwy2']
[2023-05-17T09:54:41.204+0000] {standard_task_runner.py:83} INFO - Job 401: Subtask age_check
[2023-05-17T09:54:41.374+0000] {task_command.py:388} INFO - Running <TaskInstance: age_check.age_check scheduled__2022-09-25T00:00:00+00:00 [running]> on host 242f95e3e8a8
[2023-05-17T09:54:41.465+0000] {taskinstance.py:1509} INFO - Exporting the following env vars:
AIRFLOW_CTX_DAG_OWNER=***
AIRFLOW_CTX_DAG_ID=age_check
AIRFLOW_CTX_TASK_ID=age_check
AIRFLOW_CTX_EXECUTION_DATE=2022-09-25T00:00:00+00:00
AIRFLOW_CTX_TRY_NUMBER=1
AIRFLOW_CTX_DAG_RUN_ID=scheduled__2022-09-25T00:00:00+00:00
[2023-05-17T09:54:41.476+0000] {taskinstance.py:1768} ERROR - Task failed with exception
Traceback (most recent call last):
  File "/home/airflow/.local/lib/python3.7/site-packages/airflow/operators/python.py", line 175, in execute
    return_value = self.execute_callable()
  File "/home/airflow/.local/lib/python3.7/site-packages/airflow/operators/python.py", line 192, in execute_callable
    return self.python_callable(*self.op_args, **self.op_kwargs)
  File "/opt/airflow/dags/age.py", line 35, in age_check
    birth_year = int(Variable.get('birth_year'))
  File "/home/airflow/.local/lib/python3.7/site-packages/airflow/models/variable.py", line 141, in get
    raise KeyError(f"Variable {key} does not exist")
KeyError: 'Variable birth_year does not exist'
[2023-05-17T09:54:41.486+0000] {taskinstance.py:1323} INFO - Marking task as UP_FOR_RETRY. dag_id=age_check, task_id=age_check, execution_date=20220925T000000, start_date=20230517T095441, end_date=20230517T095441
[2023-05-17T09:54:41.498+0000] {standard_task_runner.py:105} ERROR - Failed to execute job 401 for task age_check ('Variable birth_year does not exist'; 4736)
[2023-05-17T09:54:41.534+0000] {local_task_job.py:208} INFO - Task exited with return code 1
[2023-05-17T09:54:41.564+0000] {taskinstance.py:2578} INFO - 0 downstream tasks scheduled from follow-on schedule check
