[2023-04-19T12:40:03.474+0000] {taskinstance.py:1083} INFO - Dependencies all met for <TaskInstance: age_check.age_check scheduled__2022-10-04T00:00:00+00:00 [queued]>
[2023-04-19T12:40:03.523+0000] {taskinstance.py:1083} INFO - Dependencies all met for <TaskInstance: age_check.age_check scheduled__2022-10-04T00:00:00+00:00 [queued]>
[2023-04-19T12:40:03.524+0000] {taskinstance.py:1279} INFO - 
--------------------------------------------------------------------------------
[2023-04-19T12:40:03.527+0000] {taskinstance.py:1280} INFO - Starting attempt 1 of 4
[2023-04-19T12:40:03.530+0000] {taskinstance.py:1281} INFO - 
--------------------------------------------------------------------------------
[2023-04-19T12:40:03.605+0000] {taskinstance.py:1300} INFO - Executing <Task(PythonOperator): age_check> on 2022-10-04 00:00:00+00:00
[2023-04-19T12:40:03.665+0000] {standard_task_runner.py:55} INFO - Started process 22324 to run task
[2023-04-19T12:40:03.688+0000] {standard_task_runner.py:82} INFO - Running: ['***', 'tasks', 'run', 'age_check', 'age_check', 'scheduled__2022-10-04T00:00:00+00:00', '--job-id', '944', '--raw', '--subdir', 'DAGS_FOLDER/age.py', '--cfg-path', '/tmp/tmp9xks_2z1']
[2023-04-19T12:40:03.703+0000] {standard_task_runner.py:83} INFO - Job 944: Subtask age_check
[2023-04-19T12:40:04.022+0000] {task_command.py:388} INFO - Running <TaskInstance: age_check.age_check scheduled__2022-10-04T00:00:00+00:00 [running]> on host fe34f61acbb3
[2023-04-19T12:40:04.199+0000] {taskinstance.py:1509} INFO - Exporting the following env vars:
AIRFLOW_CTX_DAG_OWNER=***
AIRFLOW_CTX_DAG_ID=age_check
AIRFLOW_CTX_TASK_ID=age_check
AIRFLOW_CTX_EXECUTION_DATE=2022-10-04T00:00:00+00:00
AIRFLOW_CTX_TRY_NUMBER=1
AIRFLOW_CTX_DAG_RUN_ID=scheduled__2022-10-04T00:00:00+00:00
[2023-04-19T12:40:04.216+0000] {taskinstance.py:1768} ERROR - Task failed with exception
Traceback (most recent call last):
  File "/home/airflow/.local/lib/python3.7/site-packages/airflow/operators/python.py", line 175, in execute
    return_value = self.execute_callable()
  File "/home/airflow/.local/lib/python3.7/site-packages/airflow/operators/python.py", line 192, in execute_callable
    return self.python_callable(*self.op_args, **self.op_kwargs)
  File "/opt/airflow/dags/age.py", line 35, in age_check
    birth_year = int(Variable.get('birth_year'))
  File "/home/airflow/.local/lib/python3.7/site-packages/airflow/models/variable.py", line 141, in get
    raise KeyError(f"Variable {key} does not exist")
KeyError: 'Variable birth_year does not exist'
[2023-04-19T12:40:04.230+0000] {taskinstance.py:1323} INFO - Marking task as UP_FOR_RETRY. dag_id=age_check, task_id=age_check, execution_date=20221004T000000, start_date=20230419T124003, end_date=20230419T124004
[2023-04-19T12:40:04.248+0000] {standard_task_runner.py:105} ERROR - Failed to execute job 944 for task age_check ('Variable birth_year does not exist'; 22324)
[2023-04-19T12:40:04.293+0000] {local_task_job.py:208} INFO - Task exited with return code 1
[2023-04-19T12:40:04.367+0000] {taskinstance.py:2578} INFO - 0 downstream tasks scheduled from follow-on schedule check
[2023-05-17T09:55:35.777+0000] {taskinstance.py:1083} INFO - Dependencies all met for <TaskInstance: age_check.age_check scheduled__2022-10-04T00:00:00+00:00 [queued]>
[2023-05-17T09:55:35.860+0000] {taskinstance.py:1083} INFO - Dependencies all met for <TaskInstance: age_check.age_check scheduled__2022-10-04T00:00:00+00:00 [queued]>
[2023-05-17T09:55:35.865+0000] {taskinstance.py:1279} INFO - 
--------------------------------------------------------------------------------
[2023-05-17T09:55:35.875+0000] {taskinstance.py:1280} INFO - Starting attempt 1 of 4
[2023-05-17T09:55:35.880+0000] {taskinstance.py:1281} INFO - 
--------------------------------------------------------------------------------
[2023-05-17T09:55:36.297+0000] {taskinstance.py:1300} INFO - Executing <Task(PythonOperator): age_check> on 2022-10-04 00:00:00+00:00
[2023-05-17T09:55:36.305+0000] {standard_task_runner.py:55} INFO - Started process 4984 to run task
[2023-05-17T09:55:36.337+0000] {standard_task_runner.py:82} INFO - Running: ['***', 'tasks', 'run', 'age_check', 'age_check', 'scheduled__2022-10-04T00:00:00+00:00', '--job-id', '499', '--raw', '--subdir', 'DAGS_FOLDER/age.py', '--cfg-path', '/tmp/tmpd0oxqy7r']
[2023-05-17T09:55:36.346+0000] {standard_task_runner.py:83} INFO - Job 499: Subtask age_check
[2023-05-17T09:55:36.815+0000] {task_command.py:388} INFO - Running <TaskInstance: age_check.age_check scheduled__2022-10-04T00:00:00+00:00 [running]> on host 242f95e3e8a8
[2023-05-17T09:55:37.087+0000] {taskinstance.py:1509} INFO - Exporting the following env vars:
AIRFLOW_CTX_DAG_OWNER=***
AIRFLOW_CTX_DAG_ID=age_check
AIRFLOW_CTX_TASK_ID=age_check
AIRFLOW_CTX_EXECUTION_DATE=2022-10-04T00:00:00+00:00
AIRFLOW_CTX_TRY_NUMBER=1
AIRFLOW_CTX_DAG_RUN_ID=scheduled__2022-10-04T00:00:00+00:00
[2023-05-17T09:55:37.113+0000] {taskinstance.py:1768} ERROR - Task failed with exception
Traceback (most recent call last):
  File "/home/airflow/.local/lib/python3.7/site-packages/airflow/operators/python.py", line 175, in execute
    return_value = self.execute_callable()
  File "/home/airflow/.local/lib/python3.7/site-packages/airflow/operators/python.py", line 192, in execute_callable
    return self.python_callable(*self.op_args, **self.op_kwargs)
  File "/opt/airflow/dags/age.py", line 35, in age_check
    birth_year = int(Variable.get('birth_year'))
  File "/home/airflow/.local/lib/python3.7/site-packages/airflow/models/variable.py", line 141, in get
    raise KeyError(f"Variable {key} does not exist")
KeyError: 'Variable birth_year does not exist'
[2023-05-17T09:55:37.130+0000] {taskinstance.py:1323} INFO - Marking task as UP_FOR_RETRY. dag_id=age_check, task_id=age_check, execution_date=20221004T000000, start_date=20230517T095535, end_date=20230517T095537
[2023-05-17T09:55:37.196+0000] {standard_task_runner.py:105} ERROR - Failed to execute job 499 for task age_check ('Variable birth_year does not exist'; 4984)
[2023-05-17T09:55:37.368+0000] {local_task_job.py:208} INFO - Task exited with return code 1
[2023-05-17T09:55:37.622+0000] {taskinstance.py:2578} INFO - 0 downstream tasks scheduled from follow-on schedule check
