[2023-04-19T12:38:23.643+0000] {taskinstance.py:1083} INFO - Dependencies all met for <TaskInstance: age_check.age_check scheduled__2022-09-06T00:00:00+00:00 [queued]>
[2023-04-19T12:38:23.666+0000] {taskinstance.py:1083} INFO - Dependencies all met for <TaskInstance: age_check.age_check scheduled__2022-09-06T00:00:00+00:00 [queued]>
[2023-04-19T12:38:23.667+0000] {taskinstance.py:1279} INFO - 
--------------------------------------------------------------------------------
[2023-04-19T12:38:23.668+0000] {taskinstance.py:1280} INFO - Starting attempt 3 of 4
[2023-04-19T12:38:23.669+0000] {taskinstance.py:1281} INFO - 
--------------------------------------------------------------------------------
[2023-04-19T12:38:23.689+0000] {taskinstance.py:1300} INFO - Executing <Task(PythonOperator): age_check> on 2022-09-06 00:00:00+00:00
[2023-04-19T12:38:23.695+0000] {standard_task_runner.py:55} INFO - Started process 21874 to run task
[2023-04-19T12:38:23.709+0000] {standard_task_runner.py:82} INFO - Running: ['***', 'tasks', 'run', 'age_check', 'age_check', 'scheduled__2022-09-06T00:00:00+00:00', '--job-id', '763', '--raw', '--subdir', 'DAGS_FOLDER/age.py', '--cfg-path', '/tmp/tmpk7m0e3m3']
[2023-04-19T12:38:23.722+0000] {standard_task_runner.py:83} INFO - Job 763: Subtask age_check
[2023-04-19T12:38:23.848+0000] {task_command.py:388} INFO - Running <TaskInstance: age_check.age_check scheduled__2022-09-06T00:00:00+00:00 [running]> on host fe34f61acbb3
[2023-04-19T12:38:24.076+0000] {taskinstance.py:1509} INFO - Exporting the following env vars:
AIRFLOW_CTX_DAG_OWNER=***
AIRFLOW_CTX_DAG_ID=age_check
AIRFLOW_CTX_TASK_ID=age_check
AIRFLOW_CTX_EXECUTION_DATE=2022-09-06T00:00:00+00:00
AIRFLOW_CTX_TRY_NUMBER=3
AIRFLOW_CTX_DAG_RUN_ID=scheduled__2022-09-06T00:00:00+00:00
[2023-04-19T12:38:24.100+0000] {taskinstance.py:1768} ERROR - Task failed with exception
Traceback (most recent call last):
  File "/home/airflow/.local/lib/python3.7/site-packages/airflow/operators/python.py", line 175, in execute
    return_value = self.execute_callable()
  File "/home/airflow/.local/lib/python3.7/site-packages/airflow/operators/python.py", line 192, in execute_callable
    return self.python_callable(*self.op_args, **self.op_kwargs)
  File "/opt/airflow/dags/age.py", line 35, in age_check
    birth_year = int(Variable.get('birth_year'))
  File "/home/airflow/.local/lib/python3.7/site-packages/airflow/models/variable.py", line 141, in get
    raise KeyError(f"Variable {key} does not exist")
KeyError: 'Variable birth_year does not exist'
[2023-04-19T12:38:24.114+0000] {taskinstance.py:1323} INFO - Marking task as UP_FOR_RETRY. dag_id=age_check, task_id=age_check, execution_date=20220906T000000, start_date=20230419T123823, end_date=20230419T123824
[2023-04-19T12:38:24.148+0000] {standard_task_runner.py:105} ERROR - Failed to execute job 763 for task age_check ('Variable birth_year does not exist'; 21874)
[2023-04-19T12:38:24.205+0000] {local_task_job.py:208} INFO - Task exited with return code 1
[2023-04-19T12:38:24.282+0000] {taskinstance.py:2578} INFO - 0 downstream tasks scheduled from follow-on schedule check
[2023-05-17T09:54:05.660+0000] {taskinstance.py:1083} INFO - Dependencies all met for <TaskInstance: age_check.age_check scheduled__2022-09-06T00:00:00+00:00 [queued]>
[2023-05-17T09:54:05.683+0000] {taskinstance.py:1083} INFO - Dependencies all met for <TaskInstance: age_check.age_check scheduled__2022-09-06T00:00:00+00:00 [queued]>
[2023-05-17T09:54:05.684+0000] {taskinstance.py:1279} INFO - 
--------------------------------------------------------------------------------
[2023-05-17T09:54:05.686+0000] {taskinstance.py:1280} INFO - Starting attempt 3 of 4
[2023-05-17T09:54:05.687+0000] {taskinstance.py:1281} INFO - 
--------------------------------------------------------------------------------
[2023-05-17T09:54:05.740+0000] {taskinstance.py:1300} INFO - Executing <Task(PythonOperator): age_check> on 2022-09-06 00:00:00+00:00
[2023-05-17T09:54:05.761+0000] {standard_task_runner.py:55} INFO - Started process 4540 to run task
[2023-05-17T09:54:05.778+0000] {standard_task_runner.py:82} INFO - Running: ['***', 'tasks', 'run', 'age_check', 'age_check', 'scheduled__2022-09-06T00:00:00+00:00', '--job-id', '317', '--raw', '--subdir', 'DAGS_FOLDER/age.py', '--cfg-path', '/tmp/tmp8gcw8yd_']
[2023-05-17T09:54:05.786+0000] {standard_task_runner.py:83} INFO - Job 317: Subtask age_check
[2023-05-17T09:54:05.990+0000] {task_command.py:388} INFO - Running <TaskInstance: age_check.age_check scheduled__2022-09-06T00:00:00+00:00 [running]> on host 242f95e3e8a8
[2023-05-17T09:54:06.232+0000] {taskinstance.py:1509} INFO - Exporting the following env vars:
AIRFLOW_CTX_DAG_OWNER=***
AIRFLOW_CTX_DAG_ID=age_check
AIRFLOW_CTX_TASK_ID=age_check
AIRFLOW_CTX_EXECUTION_DATE=2022-09-06T00:00:00+00:00
AIRFLOW_CTX_TRY_NUMBER=3
AIRFLOW_CTX_DAG_RUN_ID=scheduled__2022-09-06T00:00:00+00:00
[2023-05-17T09:54:06.255+0000] {taskinstance.py:1768} ERROR - Task failed with exception
Traceback (most recent call last):
  File "/home/airflow/.local/lib/python3.7/site-packages/airflow/operators/python.py", line 175, in execute
    return_value = self.execute_callable()
  File "/home/airflow/.local/lib/python3.7/site-packages/airflow/operators/python.py", line 192, in execute_callable
    return self.python_callable(*self.op_args, **self.op_kwargs)
  File "/opt/airflow/dags/age.py", line 35, in age_check
    birth_year = int(Variable.get('birth_year'))
  File "/home/airflow/.local/lib/python3.7/site-packages/airflow/models/variable.py", line 141, in get
    raise KeyError(f"Variable {key} does not exist")
KeyError: 'Variable birth_year does not exist'
[2023-05-17T09:54:06.301+0000] {taskinstance.py:1323} INFO - Marking task as UP_FOR_RETRY. dag_id=age_check, task_id=age_check, execution_date=20220906T000000, start_date=20230517T095405, end_date=20230517T095406
[2023-05-17T09:54:06.340+0000] {standard_task_runner.py:105} ERROR - Failed to execute job 317 for task age_check ('Variable birth_year does not exist'; 4540)
[2023-05-17T09:54:06.396+0000] {local_task_job.py:208} INFO - Task exited with return code 1
[2023-05-17T09:54:06.480+0000] {taskinstance.py:2578} INFO - 0 downstream tasks scheduled from follow-on schedule check
