[2023-04-19T12:38:57.811+0000] {taskinstance.py:1083} INFO - Dependencies all met for <TaskInstance: age_check.age_check scheduled__2022-09-20T00:00:00+00:00 [queued]>
[2023-04-19T12:38:57.986+0000] {taskinstance.py:1083} INFO - Dependencies all met for <TaskInstance: age_check.age_check scheduled__2022-09-20T00:00:00+00:00 [queued]>
[2023-04-19T12:38:57.990+0000] {taskinstance.py:1279} INFO - 
--------------------------------------------------------------------------------
[2023-04-19T12:38:58.015+0000] {taskinstance.py:1280} INFO - Starting attempt 1 of 4
[2023-04-19T12:38:58.030+0000] {taskinstance.py:1281} INFO - 
--------------------------------------------------------------------------------
[2023-04-19T12:38:58.107+0000] {taskinstance.py:1300} INFO - Executing <Task(PythonOperator): age_check> on 2022-09-20 00:00:00+00:00
[2023-04-19T12:38:58.140+0000] {standard_task_runner.py:55} INFO - Started process 22043 to run task
[2023-04-19T12:38:58.171+0000] {standard_task_runner.py:82} INFO - Running: ['***', 'tasks', 'run', 'age_check', 'age_check', 'scheduled__2022-09-20T00:00:00+00:00', '--job-id', '828', '--raw', '--subdir', 'DAGS_FOLDER/age.py', '--cfg-path', '/tmp/tmpknx570fj']
[2023-04-19T12:38:58.183+0000] {standard_task_runner.py:83} INFO - Job 828: Subtask age_check
[2023-04-19T12:38:58.447+0000] {task_command.py:388} INFO - Running <TaskInstance: age_check.age_check scheduled__2022-09-20T00:00:00+00:00 [running]> on host fe34f61acbb3
[2023-04-19T12:38:58.727+0000] {taskinstance.py:1509} INFO - Exporting the following env vars:
AIRFLOW_CTX_DAG_OWNER=***
AIRFLOW_CTX_DAG_ID=age_check
AIRFLOW_CTX_TASK_ID=age_check
AIRFLOW_CTX_EXECUTION_DATE=2022-09-20T00:00:00+00:00
AIRFLOW_CTX_TRY_NUMBER=1
AIRFLOW_CTX_DAG_RUN_ID=scheduled__2022-09-20T00:00:00+00:00
[2023-04-19T12:38:58.788+0000] {taskinstance.py:1768} ERROR - Task failed with exception
Traceback (most recent call last):
  File "/home/airflow/.local/lib/python3.7/site-packages/airflow/operators/python.py", line 175, in execute
    return_value = self.execute_callable()
  File "/home/airflow/.local/lib/python3.7/site-packages/airflow/operators/python.py", line 192, in execute_callable
    return self.python_callable(*self.op_args, **self.op_kwargs)
  File "/opt/airflow/dags/age.py", line 35, in age_check
    birth_year = int(Variable.get('birth_year'))
  File "/home/airflow/.local/lib/python3.7/site-packages/airflow/models/variable.py", line 141, in get
    raise KeyError(f"Variable {key} does not exist")
KeyError: 'Variable birth_year does not exist'
[2023-04-19T12:38:58.842+0000] {taskinstance.py:1323} INFO - Marking task as UP_FOR_RETRY. dag_id=age_check, task_id=age_check, execution_date=20220920T000000, start_date=20230419T123857, end_date=20230419T123858
[2023-04-19T12:38:58.889+0000] {standard_task_runner.py:105} ERROR - Failed to execute job 828 for task age_check ('Variable birth_year does not exist'; 22043)
[2023-04-19T12:38:58.987+0000] {local_task_job.py:208} INFO - Task exited with return code 1
[2023-04-19T12:38:59.085+0000] {taskinstance.py:2578} INFO - 0 downstream tasks scheduled from follow-on schedule check
[2023-05-17T09:54:38.355+0000] {taskinstance.py:1083} INFO - Dependencies all met for <TaskInstance: age_check.age_check scheduled__2022-09-20T00:00:00+00:00 [queued]>
[2023-05-17T09:54:38.394+0000] {taskinstance.py:1083} INFO - Dependencies all met for <TaskInstance: age_check.age_check scheduled__2022-09-20T00:00:00+00:00 [queued]>
[2023-05-17T09:54:38.395+0000] {taskinstance.py:1279} INFO - 
--------------------------------------------------------------------------------
[2023-05-17T09:54:38.396+0000] {taskinstance.py:1280} INFO - Starting attempt 1 of 4
[2023-05-17T09:54:38.398+0000] {taskinstance.py:1281} INFO - 
--------------------------------------------------------------------------------
[2023-05-17T09:54:38.456+0000] {taskinstance.py:1300} INFO - Executing <Task(PythonOperator): age_check> on 2022-09-20 00:00:00+00:00
[2023-05-17T09:54:38.474+0000] {standard_task_runner.py:55} INFO - Started process 4712 to run task
[2023-05-17T09:54:38.507+0000] {standard_task_runner.py:82} INFO - Running: ['***', 'tasks', 'run', 'age_check', 'age_check', 'scheduled__2022-09-20T00:00:00+00:00', '--job-id', '387', '--raw', '--subdir', 'DAGS_FOLDER/age.py', '--cfg-path', '/tmp/tmpagti126s']
[2023-05-17T09:54:38.517+0000] {standard_task_runner.py:83} INFO - Job 387: Subtask age_check
[2023-05-17T09:54:38.705+0000] {task_command.py:388} INFO - Running <TaskInstance: age_check.age_check scheduled__2022-09-20T00:00:00+00:00 [running]> on host 242f95e3e8a8
[2023-05-17T09:54:38.919+0000] {taskinstance.py:1509} INFO - Exporting the following env vars:
AIRFLOW_CTX_DAG_OWNER=***
AIRFLOW_CTX_DAG_ID=age_check
AIRFLOW_CTX_TASK_ID=age_check
AIRFLOW_CTX_EXECUTION_DATE=2022-09-20T00:00:00+00:00
AIRFLOW_CTX_TRY_NUMBER=1
AIRFLOW_CTX_DAG_RUN_ID=scheduled__2022-09-20T00:00:00+00:00
[2023-05-17T09:54:38.950+0000] {taskinstance.py:1768} ERROR - Task failed with exception
Traceback (most recent call last):
  File "/home/airflow/.local/lib/python3.7/site-packages/airflow/operators/python.py", line 175, in execute
    return_value = self.execute_callable()
  File "/home/airflow/.local/lib/python3.7/site-packages/airflow/operators/python.py", line 192, in execute_callable
    return self.python_callable(*self.op_args, **self.op_kwargs)
  File "/opt/airflow/dags/age.py", line 35, in age_check
    birth_year = int(Variable.get('birth_year'))
  File "/home/airflow/.local/lib/python3.7/site-packages/airflow/models/variable.py", line 141, in get
    raise KeyError(f"Variable {key} does not exist")
KeyError: 'Variable birth_year does not exist'
[2023-05-17T09:54:38.974+0000] {taskinstance.py:1323} INFO - Marking task as UP_FOR_RETRY. dag_id=age_check, task_id=age_check, execution_date=20220920T000000, start_date=20230517T095438, end_date=20230517T095438
[2023-05-17T09:54:38.996+0000] {standard_task_runner.py:105} ERROR - Failed to execute job 387 for task age_check ('Variable birth_year does not exist'; 4712)
[2023-05-17T09:54:39.067+0000] {local_task_job.py:208} INFO - Task exited with return code 1
[2023-05-17T09:54:39.144+0000] {taskinstance.py:2578} INFO - 0 downstream tasks scheduled from follow-on schedule check
