[2023-04-19T12:50:37.251+0000] {taskinstance.py:1083} INFO - Dependencies all met for <TaskInstance: age_check.age_check scheduled__2023-03-09T00:00:00+00:00 [queued]>
[2023-04-19T12:50:37.508+0000] {taskinstance.py:1083} INFO - Dependencies all met for <TaskInstance: age_check.age_check scheduled__2023-03-09T00:00:00+00:00 [queued]>
[2023-04-19T12:50:37.512+0000] {taskinstance.py:1279} INFO - 
--------------------------------------------------------------------------------
[2023-04-19T12:50:37.523+0000] {taskinstance.py:1280} INFO - Starting attempt 4 of 4
[2023-04-19T12:50:37.527+0000] {taskinstance.py:1281} INFO - 
--------------------------------------------------------------------------------
[2023-04-19T12:50:37.663+0000] {taskinstance.py:1300} INFO - Executing <Task(PythonOperator): age_check> on 2023-03-09 00:00:00+00:00
[2023-04-19T12:50:37.715+0000] {standard_task_runner.py:55} INFO - Started process 25068 to run task
[2023-04-19T12:50:37.823+0000] {standard_task_runner.py:82} INFO - Running: ['***', 'tasks', 'run', 'age_check', 'age_check', 'scheduled__2023-03-09T00:00:00+00:00', '--job-id', '2057', '--raw', '--subdir', 'DAGS_FOLDER/age.py', '--cfg-path', '/tmp/tmphk5xr23j']
[2023-04-19T12:50:37.837+0000] {standard_task_runner.py:83} INFO - Job 2057: Subtask age_check
[2023-04-19T12:50:38.587+0000] {task_command.py:388} INFO - Running <TaskInstance: age_check.age_check scheduled__2023-03-09T00:00:00+00:00 [running]> on host fe34f61acbb3
[2023-04-19T12:50:38.964+0000] {taskinstance.py:1509} INFO - Exporting the following env vars:
AIRFLOW_CTX_DAG_OWNER=***
AIRFLOW_CTX_DAG_ID=age_check
AIRFLOW_CTX_TASK_ID=age_check
AIRFLOW_CTX_EXECUTION_DATE=2023-03-09T00:00:00+00:00
AIRFLOW_CTX_TRY_NUMBER=4
AIRFLOW_CTX_DAG_RUN_ID=scheduled__2023-03-09T00:00:00+00:00
[2023-04-19T12:50:39.015+0000] {taskinstance.py:1768} ERROR - Task failed with exception
Traceback (most recent call last):
  File "/home/airflow/.local/lib/python3.7/site-packages/airflow/operators/python.py", line 175, in execute
    return_value = self.execute_callable()
  File "/home/airflow/.local/lib/python3.7/site-packages/airflow/operators/python.py", line 192, in execute_callable
    return self.python_callable(*self.op_args, **self.op_kwargs)
  File "/opt/airflow/dags/age.py", line 35, in age_check
    birth_year = int(Variable.get('birth_year'))
  File "/home/airflow/.local/lib/python3.7/site-packages/airflow/models/variable.py", line 141, in get
    raise KeyError(f"Variable {key} does not exist")
KeyError: 'Variable birth_year does not exist'
[2023-04-19T12:50:39.043+0000] {taskinstance.py:1323} INFO - Marking task as FAILED. dag_id=age_check, task_id=age_check, execution_date=20230309T000000, start_date=20230419T125037, end_date=20230419T125039
[2023-04-19T12:50:39.136+0000] {standard_task_runner.py:105} ERROR - Failed to execute job 2057 for task age_check ('Variable birth_year does not exist'; 25068)
[2023-04-19T12:50:39.289+0000] {local_task_job.py:208} INFO - Task exited with return code 1
[2023-04-19T12:50:39.826+0000] {taskinstance.py:2578} INFO - 0 downstream tasks scheduled from follow-on schedule check
[2023-05-20T21:48:31.999+0000] {taskinstance.py:1083} INFO - Dependencies all met for <TaskInstance: age_check.age_check scheduled__2023-03-09T00:00:00+00:00 [queued]>
[2023-05-20T21:48:32.071+0000] {taskinstance.py:1083} INFO - Dependencies all met for <TaskInstance: age_check.age_check scheduled__2023-03-09T00:00:00+00:00 [queued]>
[2023-05-20T21:48:32.079+0000] {taskinstance.py:1279} INFO - 
--------------------------------------------------------------------------------
[2023-05-20T21:48:32.081+0000] {taskinstance.py:1280} INFO - Starting attempt 4 of 4
[2023-05-20T21:48:32.082+0000] {taskinstance.py:1281} INFO - 
--------------------------------------------------------------------------------
[2023-05-20T21:48:32.191+0000] {taskinstance.py:1300} INFO - Executing <Task(PythonOperator): age_check> on 2023-03-09 00:00:00+00:00
[2023-05-20T21:48:32.228+0000] {standard_task_runner.py:55} INFO - Started process 1750 to run task
[2023-05-20T21:48:32.334+0000] {standard_task_runner.py:82} INFO - Running: ['***', 'tasks', 'run', 'age_check', 'age_check', 'scheduled__2023-03-09T00:00:00+00:00', '--job-id', '1594', '--raw', '--subdir', 'DAGS_FOLDER/age.py', '--cfg-path', '/tmp/tmpp5ny9inw']
[2023-05-20T21:48:32.366+0000] {standard_task_runner.py:83} INFO - Job 1594: Subtask age_check
[2023-05-20T21:48:32.737+0000] {task_command.py:388} INFO - Running <TaskInstance: age_check.age_check scheduled__2023-03-09T00:00:00+00:00 [running]> on host 242f95e3e8a8
[2023-05-20T21:48:33.223+0000] {taskinstance.py:1509} INFO - Exporting the following env vars:
AIRFLOW_CTX_DAG_OWNER=***
AIRFLOW_CTX_DAG_ID=age_check
AIRFLOW_CTX_TASK_ID=age_check
AIRFLOW_CTX_EXECUTION_DATE=2023-03-09T00:00:00+00:00
AIRFLOW_CTX_TRY_NUMBER=4
AIRFLOW_CTX_DAG_RUN_ID=scheduled__2023-03-09T00:00:00+00:00
[2023-05-20T21:48:33.290+0000] {taskinstance.py:1768} ERROR - Task failed with exception
Traceback (most recent call last):
  File "/home/airflow/.local/lib/python3.7/site-packages/airflow/operators/python.py", line 175, in execute
    return_value = self.execute_callable()
  File "/home/airflow/.local/lib/python3.7/site-packages/airflow/operators/python.py", line 192, in execute_callable
    return self.python_callable(*self.op_args, **self.op_kwargs)
  File "/opt/airflow/dags/age.py", line 35, in age_check
    birth_year = int(Variable.get('birth_year'))
  File "/home/airflow/.local/lib/python3.7/site-packages/airflow/models/variable.py", line 141, in get
    raise KeyError(f"Variable {key} does not exist")
KeyError: 'Variable birth_year does not exist'
[2023-05-20T21:48:33.359+0000] {taskinstance.py:1323} INFO - Marking task as FAILED. dag_id=age_check, task_id=age_check, execution_date=20230309T000000, start_date=20230520T214832, end_date=20230520T214833
[2023-05-20T21:48:33.414+0000] {standard_task_runner.py:105} ERROR - Failed to execute job 1594 for task age_check ('Variable birth_year does not exist'; 1750)
[2023-05-20T21:48:33.575+0000] {local_task_job.py:208} INFO - Task exited with return code 1
[2023-05-20T21:48:33.797+0000] {taskinstance.py:2578} INFO - 0 downstream tasks scheduled from follow-on schedule check
