[2023-08-31T00:08:23.539+0000] {taskinstance.py:1083} INFO - Dependencies all met for <TaskInstance: age_check.age_check scheduled__2023-08-30T00:00:00+00:00 [queued]>
[2023-08-31T00:08:23.547+0000] {taskinstance.py:1083} INFO - Dependencies all met for <TaskInstance: age_check.age_check scheduled__2023-08-30T00:00:00+00:00 [queued]>
[2023-08-31T00:08:23.548+0000] {taskinstance.py:1279} INFO - 
--------------------------------------------------------------------------------
[2023-08-31T00:08:23.549+0000] {taskinstance.py:1280} INFO - Starting attempt 4 of 4
[2023-08-31T00:08:23.550+0000] {taskinstance.py:1281} INFO - 
--------------------------------------------------------------------------------
[2023-08-31T00:08:23.558+0000] {taskinstance.py:1300} INFO - Executing <Task(PythonOperator): age_check> on 2023-08-30 00:00:00+00:00
[2023-08-31T00:08:23.563+0000] {standard_task_runner.py:55} INFO - Started process 17206 to run task
[2023-08-31T00:08:23.567+0000] {standard_task_runner.py:82} INFO - Running: ['***', 'tasks', 'run', 'age_check', 'age_check', 'scheduled__2023-08-30T00:00:00+00:00', '--job-id', '4325', '--raw', '--subdir', 'DAGS_FOLDER/age.py', '--cfg-path', '/tmp/tmp4fy7nfq6']
[2023-08-31T00:08:23.568+0000] {standard_task_runner.py:83} INFO - Job 4325: Subtask age_check
[2023-08-31T00:08:23.683+0000] {task_command.py:388} INFO - Running <TaskInstance: age_check.age_check scheduled__2023-08-30T00:00:00+00:00 [running]> on host 25f6b46723d1
[2023-08-31T00:08:23.737+0000] {taskinstance.py:1509} INFO - Exporting the following env vars:
AIRFLOW_CTX_DAG_OWNER=***
AIRFLOW_CTX_DAG_ID=age_check
AIRFLOW_CTX_TASK_ID=age_check
AIRFLOW_CTX_EXECUTION_DATE=2023-08-30T00:00:00+00:00
AIRFLOW_CTX_TRY_NUMBER=4
AIRFLOW_CTX_DAG_RUN_ID=scheduled__2023-08-30T00:00:00+00:00
[2023-08-31T00:08:23.746+0000] {taskinstance.py:1768} ERROR - Task failed with exception
Traceback (most recent call last):
  File "/home/airflow/.local/lib/python3.7/site-packages/airflow/operators/python.py", line 175, in execute
    return_value = self.execute_callable()
  File "/home/airflow/.local/lib/python3.7/site-packages/airflow/operators/python.py", line 192, in execute_callable
    return self.python_callable(*self.op_args, **self.op_kwargs)
  File "/opt/airflow/dags/age.py", line 35, in age_check
    birth_year = int(Variable.get('birth_year'))
  File "/home/airflow/.local/lib/python3.7/site-packages/airflow/models/variable.py", line 141, in get
    raise KeyError(f"Variable {key} does not exist")
KeyError: 'Variable birth_year does not exist'
[2023-08-31T00:08:23.756+0000] {taskinstance.py:1323} INFO - Marking task as FAILED. dag_id=age_check, task_id=age_check, execution_date=20230830T000000, start_date=20230831T000823, end_date=20230831T000823
[2023-08-31T00:08:23.764+0000] {standard_task_runner.py:105} ERROR - Failed to execute job 4325 for task age_check ('Variable birth_year does not exist'; 17206)
[2023-08-31T00:08:23.782+0000] {local_task_job.py:208} INFO - Task exited with return code 1
[2023-08-31T00:08:23.801+0000] {taskinstance.py:2578} INFO - 0 downstream tasks scheduled from follow-on schedule check
