[2023-04-19T12:49:29.675+0000] {taskinstance.py:1083} INFO - Dependencies all met for <TaskInstance: age_check.age_check scheduled__2023-02-14T00:00:00+00:00 [queued]>
[2023-04-19T12:49:29.685+0000] {taskinstance.py:1083} INFO - Dependencies all met for <TaskInstance: age_check.age_check scheduled__2023-02-14T00:00:00+00:00 [queued]>
[2023-04-19T12:49:29.686+0000] {taskinstance.py:1279} INFO - 
--------------------------------------------------------------------------------
[2023-04-19T12:49:29.687+0000] {taskinstance.py:1280} INFO - Starting attempt 4 of 4
[2023-04-19T12:49:29.688+0000] {taskinstance.py:1281} INFO - 
--------------------------------------------------------------------------------
[2023-04-19T12:49:29.700+0000] {taskinstance.py:1300} INFO - Executing <Task(PythonOperator): age_check> on 2023-02-14 00:00:00+00:00
[2023-04-19T12:49:29.707+0000] {standard_task_runner.py:55} INFO - Started process 24757 to run task
[2023-04-19T12:49:29.710+0000] {standard_task_runner.py:82} INFO - Running: ['***', 'tasks', 'run', 'age_check', 'age_check', 'scheduled__2023-02-14T00:00:00+00:00', '--job-id', '1931', '--raw', '--subdir', 'DAGS_FOLDER/age.py', '--cfg-path', '/tmp/tmpu4a3dqod']
[2023-04-19T12:49:29.711+0000] {standard_task_runner.py:83} INFO - Job 1931: Subtask age_check
[2023-04-19T12:49:29.777+0000] {task_command.py:388} INFO - Running <TaskInstance: age_check.age_check scheduled__2023-02-14T00:00:00+00:00 [running]> on host fe34f61acbb3
[2023-04-19T12:49:29.829+0000] {taskinstance.py:1509} INFO - Exporting the following env vars:
AIRFLOW_CTX_DAG_OWNER=***
AIRFLOW_CTX_DAG_ID=age_check
AIRFLOW_CTX_TASK_ID=age_check
AIRFLOW_CTX_EXECUTION_DATE=2023-02-14T00:00:00+00:00
AIRFLOW_CTX_TRY_NUMBER=4
AIRFLOW_CTX_DAG_RUN_ID=scheduled__2023-02-14T00:00:00+00:00
[2023-04-19T12:49:29.837+0000] {taskinstance.py:1768} ERROR - Task failed with exception
Traceback (most recent call last):
  File "/home/airflow/.local/lib/python3.7/site-packages/airflow/operators/python.py", line 175, in execute
    return_value = self.execute_callable()
  File "/home/airflow/.local/lib/python3.7/site-packages/airflow/operators/python.py", line 192, in execute_callable
    return self.python_callable(*self.op_args, **self.op_kwargs)
  File "/opt/airflow/dags/age.py", line 35, in age_check
    birth_year = int(Variable.get('birth_year'))
  File "/home/airflow/.local/lib/python3.7/site-packages/airflow/models/variable.py", line 141, in get
    raise KeyError(f"Variable {key} does not exist")
KeyError: 'Variable birth_year does not exist'
[2023-04-19T12:49:29.846+0000] {taskinstance.py:1323} INFO - Marking task as FAILED. dag_id=age_check, task_id=age_check, execution_date=20230214T000000, start_date=20230419T124929, end_date=20230419T124929
[2023-04-19T12:49:29.857+0000] {standard_task_runner.py:105} ERROR - Failed to execute job 1931 for task age_check ('Variable birth_year does not exist'; 24757)
[2023-04-19T12:49:29.887+0000] {local_task_job.py:208} INFO - Task exited with return code 1
[2023-04-19T12:49:29.922+0000] {taskinstance.py:2578} INFO - 0 downstream tasks scheduled from follow-on schedule check
[2023-05-20T21:00:29.684+0000] {taskinstance.py:1083} INFO - Dependencies all met for <TaskInstance: age_check.age_check scheduled__2023-02-14T00:00:00+00:00 [queued]>
[2023-05-20T21:00:29.717+0000] {taskinstance.py:1083} INFO - Dependencies all met for <TaskInstance: age_check.age_check scheduled__2023-02-14T00:00:00+00:00 [queued]>
[2023-05-20T21:00:29.723+0000] {taskinstance.py:1279} INFO - 
--------------------------------------------------------------------------------
[2023-05-20T21:00:29.730+0000] {taskinstance.py:1280} INFO - Starting attempt 4 of 4
[2023-05-20T21:00:29.736+0000] {taskinstance.py:1281} INFO - 
--------------------------------------------------------------------------------
[2023-05-20T21:00:29.806+0000] {taskinstance.py:1300} INFO - Executing <Task(PythonOperator): age_check> on 2023-02-14 00:00:00+00:00
[2023-05-20T21:00:29.814+0000] {standard_task_runner.py:55} INFO - Started process 1476 to run task
[2023-05-20T21:00:29.880+0000] {standard_task_runner.py:82} INFO - Running: ['***', 'tasks', 'run', 'age_check', 'age_check', 'scheduled__2023-02-14T00:00:00+00:00', '--job-id', '1483', '--raw', '--subdir', 'DAGS_FOLDER/age.py', '--cfg-path', '/tmp/tmpkl42wil0']
[2023-05-20T21:00:29.898+0000] {standard_task_runner.py:83} INFO - Job 1483: Subtask age_check
[2023-05-20T21:00:30.169+0000] {task_command.py:388} INFO - Running <TaskInstance: age_check.age_check scheduled__2023-02-14T00:00:00+00:00 [running]> on host 242f95e3e8a8
[2023-05-20T21:00:30.560+0000] {taskinstance.py:1509} INFO - Exporting the following env vars:
AIRFLOW_CTX_DAG_OWNER=***
AIRFLOW_CTX_DAG_ID=age_check
AIRFLOW_CTX_TASK_ID=age_check
AIRFLOW_CTX_EXECUTION_DATE=2023-02-14T00:00:00+00:00
AIRFLOW_CTX_TRY_NUMBER=4
AIRFLOW_CTX_DAG_RUN_ID=scheduled__2023-02-14T00:00:00+00:00
[2023-05-20T21:00:30.591+0000] {taskinstance.py:1768} ERROR - Task failed with exception
Traceback (most recent call last):
  File "/home/airflow/.local/lib/python3.7/site-packages/airflow/operators/python.py", line 175, in execute
    return_value = self.execute_callable()
  File "/home/airflow/.local/lib/python3.7/site-packages/airflow/operators/python.py", line 192, in execute_callable
    return self.python_callable(*self.op_args, **self.op_kwargs)
  File "/opt/airflow/dags/age.py", line 35, in age_check
    birth_year = int(Variable.get('birth_year'))
  File "/home/airflow/.local/lib/python3.7/site-packages/airflow/models/variable.py", line 141, in get
    raise KeyError(f"Variable {key} does not exist")
KeyError: 'Variable birth_year does not exist'
[2023-05-20T21:00:30.607+0000] {taskinstance.py:1323} INFO - Marking task as FAILED. dag_id=age_check, task_id=age_check, execution_date=20230214T000000, start_date=20230520T210029, end_date=20230520T210030
[2023-05-20T21:00:30.639+0000] {standard_task_runner.py:105} ERROR - Failed to execute job 1483 for task age_check ('Variable birth_year does not exist'; 1476)
[2023-05-20T21:00:30.686+0000] {local_task_job.py:208} INFO - Task exited with return code 1
[2023-05-20T21:00:30.717+0000] {taskinstance.py:2578} INFO - 0 downstream tasks scheduled from follow-on schedule check
