[2023-08-30T16:21:14.539+0000] {taskinstance.py:1083} INFO - Dependencies all met for <TaskInstance: read_s3_file.read_s3_file scheduled__2023-08-29T16:20:36.384064+00:00 [queued]>
[2023-08-30T16:21:14.546+0000] {taskinstance.py:1083} INFO - Dependencies all met for <TaskInstance: read_s3_file.read_s3_file scheduled__2023-08-29T16:20:36.384064+00:00 [queued]>
[2023-08-30T16:21:14.547+0000] {taskinstance.py:1279} INFO - 
--------------------------------------------------------------------------------
[2023-08-30T16:21:14.548+0000] {taskinstance.py:1280} INFO - Starting attempt 4 of 4
[2023-08-30T16:21:14.549+0000] {taskinstance.py:1281} INFO - 
--------------------------------------------------------------------------------
[2023-08-30T16:21:14.558+0000] {taskinstance.py:1300} INFO - Executing <Task(PythonOperator): read_s3_file> on 2023-08-29 16:20:36.384064+00:00
[2023-08-30T16:21:14.565+0000] {standard_task_runner.py:55} INFO - Started process 99449 to run task
[2023-08-30T16:21:14.569+0000] {standard_task_runner.py:82} INFO - Running: ['***', 'tasks', 'run', 'read_s3_file', 'read_s3_file', 'scheduled__2023-08-29T16:20:36.384064+00:00', '--job-id', '4313', '--raw', '--subdir', 'DAGS_FOLDER/desmond.py', '--cfg-path', '/tmp/tmpp90itpka']
[2023-08-30T16:21:14.570+0000] {standard_task_runner.py:83} INFO - Job 4313: Subtask read_s3_file
[2023-08-30T16:21:14.631+0000] {task_command.py:388} INFO - Running <TaskInstance: read_s3_file.read_s3_file scheduled__2023-08-29T16:20:36.384064+00:00 [running]> on host 25f6b46723d1
[2023-08-30T16:21:14.683+0000] {taskinstance.py:1509} INFO - Exporting the following env vars:
AIRFLOW_CTX_DAG_OWNER=***
AIRFLOW_CTX_DAG_ID=read_s3_file
AIRFLOW_CTX_TASK_ID=read_s3_file
AIRFLOW_CTX_EXECUTION_DATE=2023-08-29T16:20:36.384064+00:00
AIRFLOW_CTX_TRY_NUMBER=4
AIRFLOW_CTX_DAG_RUN_ID=scheduled__2023-08-29T16:20:36.384064+00:00
[2023-08-30T16:21:14.685+0000] {taskinstance.py:1768} ERROR - Task failed with exception
Traceback (most recent call last):
  File "/home/airflow/.local/lib/python3.7/site-packages/airflow/operators/python.py", line 175, in execute
    return_value = self.execute_callable()
  File "/home/airflow/.local/lib/python3.7/site-packages/airflow/operators/python.py", line 192, in execute_callable
    return self.python_callable(*self.op_args, **self.op_kwargs)
TypeError: generic_s3_client() missing 2 required positional arguments: 'ACCESS_KEY' and 'SECRET_KEY'
[2023-08-30T16:21:14.694+0000] {taskinstance.py:1323} INFO - Marking task as FAILED. dag_id=read_s3_file, task_id=read_s3_file, execution_date=20230829T162036, start_date=20230830T162114, end_date=20230830T162114
[2023-08-30T16:21:14.703+0000] {standard_task_runner.py:105} ERROR - Failed to execute job 4313 for task read_s3_file (generic_s3_client() missing 2 required positional arguments: 'ACCESS_KEY' and 'SECRET_KEY'; 99449)
[2023-08-30T16:21:14.746+0000] {local_task_job.py:208} INFO - Task exited with return code 1
[2023-08-30T16:21:14.766+0000] {taskinstance.py:2578} INFO - 0 downstream tasks scheduled from follow-on schedule check
