[2023-04-19T12:49:52.336+0000] {taskinstance.py:1083} INFO - Dependencies all met for <TaskInstance: age_check.age_check scheduled__2023-02-24T00:00:00+00:00 [queued]>
[2023-04-19T12:49:52.408+0000] {taskinstance.py:1083} INFO - Dependencies all met for <TaskInstance: age_check.age_check scheduled__2023-02-24T00:00:00+00:00 [queued]>
[2023-04-19T12:49:52.411+0000] {taskinstance.py:1279} INFO - 
--------------------------------------------------------------------------------
[2023-04-19T12:49:52.415+0000] {taskinstance.py:1280} INFO - Starting attempt 3 of 4
[2023-04-19T12:49:52.416+0000] {taskinstance.py:1281} INFO - 
--------------------------------------------------------------------------------
[2023-04-19T12:49:52.473+0000] {taskinstance.py:1300} INFO - Executing <Task(PythonOperator): age_check> on 2023-02-24 00:00:00+00:00
[2023-04-19T12:49:52.525+0000] {standard_task_runner.py:55} INFO - Started process 24876 to run task
[2023-04-19T12:49:52.549+0000] {standard_task_runner.py:82} INFO - Running: ['***', 'tasks', 'run', 'age_check', 'age_check', 'scheduled__2023-02-24T00:00:00+00:00', '--job-id', '1979', '--raw', '--subdir', 'DAGS_FOLDER/age.py', '--cfg-path', '/tmp/tmpuhscjcyg']
[2023-04-19T12:49:52.558+0000] {standard_task_runner.py:83} INFO - Job 1979: Subtask age_check
[2023-04-19T12:49:52.863+0000] {task_command.py:388} INFO - Running <TaskInstance: age_check.age_check scheduled__2023-02-24T00:00:00+00:00 [running]> on host fe34f61acbb3
[2023-04-19T12:49:53.116+0000] {taskinstance.py:1509} INFO - Exporting the following env vars:
AIRFLOW_CTX_DAG_OWNER=***
AIRFLOW_CTX_DAG_ID=age_check
AIRFLOW_CTX_TASK_ID=age_check
AIRFLOW_CTX_EXECUTION_DATE=2023-02-24T00:00:00+00:00
AIRFLOW_CTX_TRY_NUMBER=3
AIRFLOW_CTX_DAG_RUN_ID=scheduled__2023-02-24T00:00:00+00:00
[2023-04-19T12:49:53.154+0000] {taskinstance.py:1768} ERROR - Task failed with exception
Traceback (most recent call last):
  File "/home/airflow/.local/lib/python3.7/site-packages/airflow/operators/python.py", line 175, in execute
    return_value = self.execute_callable()
  File "/home/airflow/.local/lib/python3.7/site-packages/airflow/operators/python.py", line 192, in execute_callable
    return self.python_callable(*self.op_args, **self.op_kwargs)
  File "/opt/airflow/dags/age.py", line 35, in age_check
    birth_year = int(Variable.get('birth_year'))
  File "/home/airflow/.local/lib/python3.7/site-packages/airflow/models/variable.py", line 141, in get
    raise KeyError(f"Variable {key} does not exist")
KeyError: 'Variable birth_year does not exist'
[2023-04-19T12:49:53.186+0000] {taskinstance.py:1323} INFO - Marking task as UP_FOR_RETRY. dag_id=age_check, task_id=age_check, execution_date=20230224T000000, start_date=20230419T124952, end_date=20230419T124953
[2023-04-19T12:49:53.245+0000] {standard_task_runner.py:105} ERROR - Failed to execute job 1979 for task age_check ('Variable birth_year does not exist'; 24876)
[2023-04-19T12:49:53.329+0000] {local_task_job.py:208} INFO - Task exited with return code 1
[2023-04-19T12:49:53.379+0000] {taskinstance.py:2578} INFO - 0 downstream tasks scheduled from follow-on schedule check
[2023-05-20T21:35:29.914+0000] {taskinstance.py:1083} INFO - Dependencies all met for <TaskInstance: age_check.age_check scheduled__2023-02-24T00:00:00+00:00 [queued]>
[2023-05-20T21:35:29.946+0000] {taskinstance.py:1083} INFO - Dependencies all met for <TaskInstance: age_check.age_check scheduled__2023-02-24T00:00:00+00:00 [queued]>
[2023-05-20T21:35:29.948+0000] {taskinstance.py:1279} INFO - 
--------------------------------------------------------------------------------
[2023-05-20T21:35:29.949+0000] {taskinstance.py:1280} INFO - Starting attempt 3 of 4
[2023-05-20T21:35:29.968+0000] {taskinstance.py:1281} INFO - 
--------------------------------------------------------------------------------
[2023-05-20T21:35:30.157+0000] {taskinstance.py:1300} INFO - Executing <Task(PythonOperator): age_check> on 2023-02-24 00:00:00+00:00
[2023-05-20T21:35:30.164+0000] {standard_task_runner.py:55} INFO - Started process 1647 to run task
[2023-05-20T21:35:30.197+0000] {standard_task_runner.py:82} INFO - Running: ['***', 'tasks', 'run', 'age_check', 'age_check', 'scheduled__2023-02-24T00:00:00+00:00', '--job-id', '1560', '--raw', '--subdir', 'DAGS_FOLDER/age.py', '--cfg-path', '/tmp/tmp8zqx_2bk']
[2023-05-20T21:35:30.217+0000] {standard_task_runner.py:83} INFO - Job 1560: Subtask age_check
[2023-05-20T21:35:30.700+0000] {task_command.py:388} INFO - Running <TaskInstance: age_check.age_check scheduled__2023-02-24T00:00:00+00:00 [running]> on host 242f95e3e8a8
[2023-05-20T21:35:31.035+0000] {taskinstance.py:1509} INFO - Exporting the following env vars:
AIRFLOW_CTX_DAG_OWNER=***
AIRFLOW_CTX_DAG_ID=age_check
AIRFLOW_CTX_TASK_ID=age_check
AIRFLOW_CTX_EXECUTION_DATE=2023-02-24T00:00:00+00:00
AIRFLOW_CTX_TRY_NUMBER=3
AIRFLOW_CTX_DAG_RUN_ID=scheduled__2023-02-24T00:00:00+00:00
[2023-05-20T21:35:31.072+0000] {taskinstance.py:1768} ERROR - Task failed with exception
Traceback (most recent call last):
  File "/home/airflow/.local/lib/python3.7/site-packages/airflow/operators/python.py", line 175, in execute
    return_value = self.execute_callable()
  File "/home/airflow/.local/lib/python3.7/site-packages/airflow/operators/python.py", line 192, in execute_callable
    return self.python_callable(*self.op_args, **self.op_kwargs)
  File "/opt/airflow/dags/age.py", line 35, in age_check
    birth_year = int(Variable.get('birth_year'))
  File "/home/airflow/.local/lib/python3.7/site-packages/airflow/models/variable.py", line 141, in get
    raise KeyError(f"Variable {key} does not exist")
KeyError: 'Variable birth_year does not exist'
[2023-05-20T21:35:31.121+0000] {taskinstance.py:1323} INFO - Marking task as UP_FOR_RETRY. dag_id=age_check, task_id=age_check, execution_date=20230224T000000, start_date=20230520T213529, end_date=20230520T213531
[2023-05-20T21:35:31.138+0000] {standard_task_runner.py:105} ERROR - Failed to execute job 1560 for task age_check ('Variable birth_year does not exist'; 1647)
[2023-05-20T21:35:31.247+0000] {local_task_job.py:208} INFO - Task exited with return code 1
[2023-05-20T21:35:31.475+0000] {taskinstance.py:2578} INFO - 0 downstream tasks scheduled from follow-on schedule check
