[2023-04-19T12:41:37.425+0000] {taskinstance.py:1083} INFO - Dependencies all met for <TaskInstance: age_check.age_check scheduled__2022-10-21T00:00:00+00:00 [queued]>
[2023-04-19T12:41:37.446+0000] {taskinstance.py:1083} INFO - Dependencies all met for <TaskInstance: age_check.age_check scheduled__2022-10-21T00:00:00+00:00 [queued]>
[2023-04-19T12:41:37.448+0000] {taskinstance.py:1279} INFO - 
--------------------------------------------------------------------------------
[2023-04-19T12:41:37.452+0000] {taskinstance.py:1280} INFO - Starting attempt 3 of 4
[2023-04-19T12:41:37.454+0000] {taskinstance.py:1281} INFO - 
--------------------------------------------------------------------------------
[2023-04-19T12:41:37.481+0000] {taskinstance.py:1300} INFO - Executing <Task(PythonOperator): age_check> on 2022-10-21 00:00:00+00:00
[2023-04-19T12:41:37.502+0000] {standard_task_runner.py:55} INFO - Started process 22711 to run task
[2023-04-19T12:41:37.517+0000] {standard_task_runner.py:82} INFO - Running: ['***', 'tasks', 'run', 'age_check', 'age_check', 'scheduled__2022-10-21T00:00:00+00:00', '--job-id', '1097', '--raw', '--subdir', 'DAGS_FOLDER/age.py', '--cfg-path', '/tmp/tmp_qygughp']
[2023-04-19T12:41:37.520+0000] {standard_task_runner.py:83} INFO - Job 1097: Subtask age_check
[2023-04-19T12:41:37.768+0000] {task_command.py:388} INFO - Running <TaskInstance: age_check.age_check scheduled__2022-10-21T00:00:00+00:00 [running]> on host fe34f61acbb3
[2023-04-19T12:41:37.906+0000] {taskinstance.py:1509} INFO - Exporting the following env vars:
AIRFLOW_CTX_DAG_OWNER=***
AIRFLOW_CTX_DAG_ID=age_check
AIRFLOW_CTX_TASK_ID=age_check
AIRFLOW_CTX_EXECUTION_DATE=2022-10-21T00:00:00+00:00
AIRFLOW_CTX_TRY_NUMBER=3
AIRFLOW_CTX_DAG_RUN_ID=scheduled__2022-10-21T00:00:00+00:00
[2023-04-19T12:41:37.933+0000] {taskinstance.py:1768} ERROR - Task failed with exception
Traceback (most recent call last):
  File "/home/airflow/.local/lib/python3.7/site-packages/airflow/operators/python.py", line 175, in execute
    return_value = self.execute_callable()
  File "/home/airflow/.local/lib/python3.7/site-packages/airflow/operators/python.py", line 192, in execute_callable
    return self.python_callable(*self.op_args, **self.op_kwargs)
  File "/opt/airflow/dags/age.py", line 35, in age_check
    birth_year = int(Variable.get('birth_year'))
  File "/home/airflow/.local/lib/python3.7/site-packages/airflow/models/variable.py", line 141, in get
    raise KeyError(f"Variable {key} does not exist")
KeyError: 'Variable birth_year does not exist'
[2023-04-19T12:41:37.956+0000] {taskinstance.py:1323} INFO - Marking task as UP_FOR_RETRY. dag_id=age_check, task_id=age_check, execution_date=20221021T000000, start_date=20230419T124137, end_date=20230419T124137
[2023-04-19T12:41:38.007+0000] {standard_task_runner.py:105} ERROR - Failed to execute job 1097 for task age_check ('Variable birth_year does not exist'; 22711)
[2023-04-19T12:41:38.057+0000] {local_task_job.py:208} INFO - Task exited with return code 1
[2023-04-19T12:41:38.110+0000] {taskinstance.py:2578} INFO - 0 downstream tasks scheduled from follow-on schedule check
[2023-05-17T10:13:29.688+0000] {taskinstance.py:1083} INFO - Dependencies all met for <TaskInstance: age_check.age_check scheduled__2022-10-21T00:00:00+00:00 [queued]>
[2023-05-17T10:13:29.727+0000] {taskinstance.py:1083} INFO - Dependencies all met for <TaskInstance: age_check.age_check scheduled__2022-10-21T00:00:00+00:00 [queued]>
[2023-05-17T10:13:29.728+0000] {taskinstance.py:1279} INFO - 
--------------------------------------------------------------------------------
[2023-05-17T10:13:29.730+0000] {taskinstance.py:1280} INFO - Starting attempt 3 of 4
[2023-05-17T10:13:29.735+0000] {taskinstance.py:1281} INFO - 
--------------------------------------------------------------------------------
[2023-05-17T10:13:29.764+0000] {taskinstance.py:1300} INFO - Executing <Task(PythonOperator): age_check> on 2022-10-21 00:00:00+00:00
[2023-05-17T10:13:29.770+0000] {standard_task_runner.py:55} INFO - Started process 5360 to run task
[2023-05-17T10:13:29.784+0000] {standard_task_runner.py:82} INFO - Running: ['***', 'tasks', 'run', 'age_check', 'age_check', 'scheduled__2022-10-21T00:00:00+00:00', '--job-id', '647', '--raw', '--subdir', 'DAGS_FOLDER/age.py', '--cfg-path', '/tmp/tmpq47ckl63']
[2023-05-17T10:13:29.792+0000] {standard_task_runner.py:83} INFO - Job 647: Subtask age_check
[2023-05-17T10:13:29.882+0000] {task_command.py:388} INFO - Running <TaskInstance: age_check.age_check scheduled__2022-10-21T00:00:00+00:00 [running]> on host 242f95e3e8a8
[2023-05-17T10:13:29.955+0000] {taskinstance.py:1509} INFO - Exporting the following env vars:
AIRFLOW_CTX_DAG_OWNER=***
AIRFLOW_CTX_DAG_ID=age_check
AIRFLOW_CTX_TASK_ID=age_check
AIRFLOW_CTX_EXECUTION_DATE=2022-10-21T00:00:00+00:00
AIRFLOW_CTX_TRY_NUMBER=3
AIRFLOW_CTX_DAG_RUN_ID=scheduled__2022-10-21T00:00:00+00:00
[2023-05-17T10:13:29.967+0000] {taskinstance.py:1768} ERROR - Task failed with exception
Traceback (most recent call last):
  File "/home/airflow/.local/lib/python3.7/site-packages/airflow/operators/python.py", line 175, in execute
    return_value = self.execute_callable()
  File "/home/airflow/.local/lib/python3.7/site-packages/airflow/operators/python.py", line 192, in execute_callable
    return self.python_callable(*self.op_args, **self.op_kwargs)
  File "/opt/airflow/dags/age.py", line 35, in age_check
    birth_year = int(Variable.get('birth_year'))
  File "/home/airflow/.local/lib/python3.7/site-packages/airflow/models/variable.py", line 141, in get
    raise KeyError(f"Variable {key} does not exist")
KeyError: 'Variable birth_year does not exist'
[2023-05-17T10:13:29.985+0000] {taskinstance.py:1323} INFO - Marking task as UP_FOR_RETRY. dag_id=age_check, task_id=age_check, execution_date=20221021T000000, start_date=20230517T101329, end_date=20230517T101329
[2023-05-17T10:13:30.001+0000] {standard_task_runner.py:105} ERROR - Failed to execute job 647 for task age_check ('Variable birth_year does not exist'; 5360)
[2023-05-17T10:13:30.041+0000] {local_task_job.py:208} INFO - Task exited with return code 1
[2023-05-17T10:13:30.146+0000] {taskinstance.py:2578} INFO - 0 downstream tasks scheduled from follow-on schedule check
