[2023-04-19T12:50:58.310+0000] {taskinstance.py:1083} INFO - Dependencies all met for <TaskInstance: age_check.age_check scheduled__2023-03-14T00:00:00+00:00 [queued]>
[2023-04-19T12:50:58.492+0000] {taskinstance.py:1083} INFO - Dependencies all met for <TaskInstance: age_check.age_check scheduled__2023-03-14T00:00:00+00:00 [queued]>
[2023-04-19T12:50:58.494+0000] {taskinstance.py:1279} INFO - 
--------------------------------------------------------------------------------
[2023-04-19T12:50:58.496+0000] {taskinstance.py:1280} INFO - Starting attempt 3 of 4
[2023-04-19T12:50:58.498+0000] {taskinstance.py:1281} INFO - 
--------------------------------------------------------------------------------
[2023-04-19T12:50:58.623+0000] {taskinstance.py:1300} INFO - Executing <Task(PythonOperator): age_check> on 2023-03-14 00:00:00+00:00
[2023-04-19T12:50:58.705+0000] {standard_task_runner.py:55} INFO - Started process 25187 to run task
[2023-04-19T12:50:58.773+0000] {standard_task_runner.py:82} INFO - Running: ['***', 'tasks', 'run', 'age_check', 'age_check', 'scheduled__2023-03-14T00:00:00+00:00', '--job-id', '2110', '--raw', '--subdir', 'DAGS_FOLDER/age.py', '--cfg-path', '/tmp/tmp7jfx4qfc']
[2023-04-19T12:50:58.785+0000] {standard_task_runner.py:83} INFO - Job 2110: Subtask age_check
[2023-04-19T12:50:59.115+0000] {task_command.py:388} INFO - Running <TaskInstance: age_check.age_check scheduled__2023-03-14T00:00:00+00:00 [running]> on host fe34f61acbb3
[2023-04-19T12:50:59.635+0000] {taskinstance.py:1509} INFO - Exporting the following env vars:
AIRFLOW_CTX_DAG_OWNER=***
AIRFLOW_CTX_DAG_ID=age_check
AIRFLOW_CTX_TASK_ID=age_check
AIRFLOW_CTX_EXECUTION_DATE=2023-03-14T00:00:00+00:00
AIRFLOW_CTX_TRY_NUMBER=3
AIRFLOW_CTX_DAG_RUN_ID=scheduled__2023-03-14T00:00:00+00:00
[2023-04-19T12:50:59.690+0000] {taskinstance.py:1768} ERROR - Task failed with exception
Traceback (most recent call last):
  File "/home/airflow/.local/lib/python3.7/site-packages/airflow/operators/python.py", line 175, in execute
    return_value = self.execute_callable()
  File "/home/airflow/.local/lib/python3.7/site-packages/airflow/operators/python.py", line 192, in execute_callable
    return self.python_callable(*self.op_args, **self.op_kwargs)
  File "/opt/airflow/dags/age.py", line 35, in age_check
    birth_year = int(Variable.get('birth_year'))
  File "/home/airflow/.local/lib/python3.7/site-packages/airflow/models/variable.py", line 141, in get
    raise KeyError(f"Variable {key} does not exist")
KeyError: 'Variable birth_year does not exist'
[2023-04-19T12:50:59.746+0000] {taskinstance.py:1323} INFO - Marking task as UP_FOR_RETRY. dag_id=age_check, task_id=age_check, execution_date=20230314T000000, start_date=20230419T125058, end_date=20230419T125059
[2023-04-19T12:50:59.834+0000] {standard_task_runner.py:105} ERROR - Failed to execute job 2110 for task age_check ('Variable birth_year does not exist'; 25187)
[2023-04-19T12:51:00.101+0000] {local_task_job.py:208} INFO - Task exited with return code 1
[2023-04-19T12:51:00.298+0000] {taskinstance.py:2578} INFO - 0 downstream tasks scheduled from follow-on schedule check
[2023-05-20T21:49:02.607+0000] {taskinstance.py:1083} INFO - Dependencies all met for <TaskInstance: age_check.age_check scheduled__2023-03-14T00:00:00+00:00 [queued]>
[2023-05-20T21:49:02.615+0000] {taskinstance.py:1083} INFO - Dependencies all met for <TaskInstance: age_check.age_check scheduled__2023-03-14T00:00:00+00:00 [queued]>
[2023-05-20T21:49:02.616+0000] {taskinstance.py:1279} INFO - 
--------------------------------------------------------------------------------
[2023-05-20T21:49:02.617+0000] {taskinstance.py:1280} INFO - Starting attempt 3 of 4
[2023-05-20T21:49:02.618+0000] {taskinstance.py:1281} INFO - 
--------------------------------------------------------------------------------
[2023-05-20T21:49:02.642+0000] {taskinstance.py:1300} INFO - Executing <Task(PythonOperator): age_check> on 2023-03-14 00:00:00+00:00
[2023-05-20T21:49:02.648+0000] {standard_task_runner.py:55} INFO - Started process 1934 to run task
[2023-05-20T21:49:02.654+0000] {standard_task_runner.py:82} INFO - Running: ['***', 'tasks', 'run', 'age_check', 'age_check', 'scheduled__2023-03-14T00:00:00+00:00', '--job-id', '1677', '--raw', '--subdir', 'DAGS_FOLDER/age.py', '--cfg-path', '/tmp/tmppo5rfoq4']
[2023-05-20T21:49:02.658+0000] {standard_task_runner.py:83} INFO - Job 1677: Subtask age_check
[2023-05-20T21:49:02.792+0000] {task_command.py:388} INFO - Running <TaskInstance: age_check.age_check scheduled__2023-03-14T00:00:00+00:00 [running]> on host 242f95e3e8a8
[2023-05-20T21:49:02.876+0000] {taskinstance.py:1509} INFO - Exporting the following env vars:
AIRFLOW_CTX_DAG_OWNER=***
AIRFLOW_CTX_DAG_ID=age_check
AIRFLOW_CTX_TASK_ID=age_check
AIRFLOW_CTX_EXECUTION_DATE=2023-03-14T00:00:00+00:00
AIRFLOW_CTX_TRY_NUMBER=3
AIRFLOW_CTX_DAG_RUN_ID=scheduled__2023-03-14T00:00:00+00:00
[2023-05-20T21:49:02.888+0000] {taskinstance.py:1768} ERROR - Task failed with exception
Traceback (most recent call last):
  File "/home/airflow/.local/lib/python3.7/site-packages/airflow/operators/python.py", line 175, in execute
    return_value = self.execute_callable()
  File "/home/airflow/.local/lib/python3.7/site-packages/airflow/operators/python.py", line 192, in execute_callable
    return self.python_callable(*self.op_args, **self.op_kwargs)
  File "/opt/airflow/dags/age.py", line 35, in age_check
    birth_year = int(Variable.get('birth_year'))
  File "/home/airflow/.local/lib/python3.7/site-packages/airflow/models/variable.py", line 141, in get
    raise KeyError(f"Variable {key} does not exist")
KeyError: 'Variable birth_year does not exist'
[2023-05-20T21:49:02.899+0000] {taskinstance.py:1323} INFO - Marking task as UP_FOR_RETRY. dag_id=age_check, task_id=age_check, execution_date=20230314T000000, start_date=20230520T214902, end_date=20230520T214902
[2023-05-20T21:49:02.915+0000] {standard_task_runner.py:105} ERROR - Failed to execute job 1677 for task age_check ('Variable birth_year does not exist'; 1934)
[2023-05-20T21:49:02.953+0000] {local_task_job.py:208} INFO - Task exited with return code 1
[2023-05-20T21:49:02.977+0000] {taskinstance.py:2578} INFO - 0 downstream tasks scheduled from follow-on schedule check
