[2023-04-19T12:36:07.108+0000] {taskinstance.py:1083} INFO - Dependencies all met for <TaskInstance: age_check.age_check scheduled__2022-08-09T00:00:00+00:00 [queued]>
[2023-04-19T12:36:07.131+0000] {taskinstance.py:1083} INFO - Dependencies all met for <TaskInstance: age_check.age_check scheduled__2022-08-09T00:00:00+00:00 [queued]>
[2023-04-19T12:36:07.132+0000] {taskinstance.py:1279} INFO - 
--------------------------------------------------------------------------------
[2023-04-19T12:36:07.133+0000] {taskinstance.py:1280} INFO - Starting attempt 2 of 4
[2023-04-19T12:36:07.134+0000] {taskinstance.py:1281} INFO - 
--------------------------------------------------------------------------------
[2023-04-19T12:36:07.159+0000] {taskinstance.py:1300} INFO - Executing <Task(PythonOperator): age_check> on 2022-08-09 00:00:00+00:00
[2023-04-19T12:36:07.169+0000] {standard_task_runner.py:55} INFO - Started process 21264 to run task
[2023-04-19T12:36:07.178+0000] {standard_task_runner.py:82} INFO - Running: ['***', 'tasks', 'run', 'age_check', 'age_check', 'scheduled__2022-08-09T00:00:00+00:00', '--job-id', '514', '--raw', '--subdir', 'DAGS_FOLDER/age.py', '--cfg-path', '/tmp/tmpnkcgxwgt']
[2023-04-19T12:36:07.182+0000] {standard_task_runner.py:83} INFO - Job 514: Subtask age_check
[2023-04-19T12:36:07.453+0000] {task_command.py:388} INFO - Running <TaskInstance: age_check.age_check scheduled__2022-08-09T00:00:00+00:00 [running]> on host fe34f61acbb3
[2023-04-19T12:36:07.645+0000] {taskinstance.py:1509} INFO - Exporting the following env vars:
AIRFLOW_CTX_DAG_OWNER=***
AIRFLOW_CTX_DAG_ID=age_check
AIRFLOW_CTX_TASK_ID=age_check
AIRFLOW_CTX_EXECUTION_DATE=2022-08-09T00:00:00+00:00
AIRFLOW_CTX_TRY_NUMBER=2
AIRFLOW_CTX_DAG_RUN_ID=scheduled__2022-08-09T00:00:00+00:00
[2023-04-19T12:36:07.678+0000] {taskinstance.py:1768} ERROR - Task failed with exception
Traceback (most recent call last):
  File "/home/airflow/.local/lib/python3.7/site-packages/airflow/operators/python.py", line 175, in execute
    return_value = self.execute_callable()
  File "/home/airflow/.local/lib/python3.7/site-packages/airflow/operators/python.py", line 192, in execute_callable
    return self.python_callable(*self.op_args, **self.op_kwargs)
  File "/opt/airflow/dags/age.py", line 35, in age_check
    birth_year = int(Variable.get('birth_year'))
  File "/home/airflow/.local/lib/python3.7/site-packages/airflow/models/variable.py", line 141, in get
    raise KeyError(f"Variable {key} does not exist")
KeyError: 'Variable birth_year does not exist'
[2023-04-19T12:36:07.703+0000] {taskinstance.py:1323} INFO - Marking task as UP_FOR_RETRY. dag_id=age_check, task_id=age_check, execution_date=20220809T000000, start_date=20230419T123607, end_date=20230419T123607
[2023-04-19T12:36:07.726+0000] {standard_task_runner.py:105} ERROR - Failed to execute job 514 for task age_check ('Variable birth_year does not exist'; 21264)
[2023-04-19T12:36:07.770+0000] {local_task_job.py:208} INFO - Task exited with return code 1
[2023-04-19T12:36:07.920+0000] {taskinstance.py:2578} INFO - 0 downstream tasks scheduled from follow-on schedule check
[2023-05-17T09:51:55.105+0000] {taskinstance.py:1083} INFO - Dependencies all met for <TaskInstance: age_check.age_check scheduled__2022-08-09T00:00:00+00:00 [queued]>
[2023-05-17T09:51:55.163+0000] {taskinstance.py:1083} INFO - Dependencies all met for <TaskInstance: age_check.age_check scheduled__2022-08-09T00:00:00+00:00 [queued]>
[2023-05-17T09:51:55.165+0000] {taskinstance.py:1279} INFO - 
--------------------------------------------------------------------------------
[2023-05-17T09:51:55.166+0000] {taskinstance.py:1280} INFO - Starting attempt 2 of 4
[2023-05-17T09:51:55.168+0000] {taskinstance.py:1281} INFO - 
--------------------------------------------------------------------------------
[2023-05-17T09:51:55.251+0000] {taskinstance.py:1300} INFO - Executing <Task(PythonOperator): age_check> on 2022-08-09 00:00:00+00:00
[2023-05-17T09:51:55.283+0000] {standard_task_runner.py:55} INFO - Started process 3954 to run task
[2023-05-17T09:51:55.301+0000] {standard_task_runner.py:82} INFO - Running: ['***', 'tasks', 'run', 'age_check', 'age_check', 'scheduled__2022-08-09T00:00:00+00:00', '--job-id', '76', '--raw', '--subdir', 'DAGS_FOLDER/age.py', '--cfg-path', '/tmp/tmpfc6crost']
[2023-05-17T09:51:55.308+0000] {standard_task_runner.py:83} INFO - Job 76: Subtask age_check
[2023-05-17T09:51:55.502+0000] {task_command.py:388} INFO - Running <TaskInstance: age_check.age_check scheduled__2022-08-09T00:00:00+00:00 [running]> on host 242f95e3e8a8
[2023-05-17T09:51:55.762+0000] {taskinstance.py:1509} INFO - Exporting the following env vars:
AIRFLOW_CTX_DAG_OWNER=***
AIRFLOW_CTX_DAG_ID=age_check
AIRFLOW_CTX_TASK_ID=age_check
AIRFLOW_CTX_EXECUTION_DATE=2022-08-09T00:00:00+00:00
AIRFLOW_CTX_TRY_NUMBER=2
AIRFLOW_CTX_DAG_RUN_ID=scheduled__2022-08-09T00:00:00+00:00
[2023-05-17T09:51:55.814+0000] {taskinstance.py:1768} ERROR - Task failed with exception
Traceback (most recent call last):
  File "/home/airflow/.local/lib/python3.7/site-packages/airflow/operators/python.py", line 175, in execute
    return_value = self.execute_callable()
  File "/home/airflow/.local/lib/python3.7/site-packages/airflow/operators/python.py", line 192, in execute_callable
    return self.python_callable(*self.op_args, **self.op_kwargs)
  File "/opt/airflow/dags/age.py", line 35, in age_check
    birth_year = int(Variable.get('birth_year'))
  File "/home/airflow/.local/lib/python3.7/site-packages/airflow/models/variable.py", line 141, in get
    raise KeyError(f"Variable {key} does not exist")
KeyError: 'Variable birth_year does not exist'
[2023-05-17T09:51:55.835+0000] {taskinstance.py:1323} INFO - Marking task as UP_FOR_RETRY. dag_id=age_check, task_id=age_check, execution_date=20220809T000000, start_date=20230517T095155, end_date=20230517T095155
[2023-05-17T09:51:55.856+0000] {standard_task_runner.py:105} ERROR - Failed to execute job 76 for task age_check ('Variable birth_year does not exist'; 3954)
[2023-05-17T09:51:55.918+0000] {local_task_job.py:208} INFO - Task exited with return code 1
[2023-05-17T09:51:56.006+0000] {taskinstance.py:2578} INFO - 0 downstream tasks scheduled from follow-on schedule check
