[2023-04-19T12:36:18.861+0000] {taskinstance.py:1083} INFO - Dependencies all met for <TaskInstance: age_check.age_check scheduled__2022-08-09T00:00:00+00:00 [queued]>
[2023-04-19T12:36:18.882+0000] {taskinstance.py:1083} INFO - Dependencies all met for <TaskInstance: age_check.age_check scheduled__2022-08-09T00:00:00+00:00 [queued]>
[2023-04-19T12:36:18.882+0000] {taskinstance.py:1279} INFO - 
--------------------------------------------------------------------------------
[2023-04-19T12:36:18.883+0000] {taskinstance.py:1280} INFO - Starting attempt 3 of 4
[2023-04-19T12:36:18.890+0000] {taskinstance.py:1281} INFO - 
--------------------------------------------------------------------------------
[2023-04-19T12:36:18.906+0000] {taskinstance.py:1300} INFO - Executing <Task(PythonOperator): age_check> on 2022-08-09 00:00:00+00:00
[2023-04-19T12:36:18.923+0000] {standard_task_runner.py:55} INFO - Started process 21304 to run task
[2023-04-19T12:36:18.934+0000] {standard_task_runner.py:82} INFO - Running: ['***', 'tasks', 'run', 'age_check', 'age_check', 'scheduled__2022-08-09T00:00:00+00:00', '--job-id', '533', '--raw', '--subdir', 'DAGS_FOLDER/age.py', '--cfg-path', '/tmp/tmpramdpoa4']
[2023-04-19T12:36:18.937+0000] {standard_task_runner.py:83} INFO - Job 533: Subtask age_check
[2023-04-19T12:36:19.045+0000] {task_command.py:388} INFO - Running <TaskInstance: age_check.age_check scheduled__2022-08-09T00:00:00+00:00 [running]> on host fe34f61acbb3
[2023-04-19T12:36:19.233+0000] {taskinstance.py:1509} INFO - Exporting the following env vars:
AIRFLOW_CTX_DAG_OWNER=***
AIRFLOW_CTX_DAG_ID=age_check
AIRFLOW_CTX_TASK_ID=age_check
AIRFLOW_CTX_EXECUTION_DATE=2022-08-09T00:00:00+00:00
AIRFLOW_CTX_TRY_NUMBER=3
AIRFLOW_CTX_DAG_RUN_ID=scheduled__2022-08-09T00:00:00+00:00
[2023-04-19T12:36:19.318+0000] {taskinstance.py:1768} ERROR - Task failed with exception
Traceback (most recent call last):
  File "/home/airflow/.local/lib/python3.7/site-packages/airflow/operators/python.py", line 175, in execute
    return_value = self.execute_callable()
  File "/home/airflow/.local/lib/python3.7/site-packages/airflow/operators/python.py", line 192, in execute_callable
    return self.python_callable(*self.op_args, **self.op_kwargs)
  File "/opt/airflow/dags/age.py", line 35, in age_check
    birth_year = int(Variable.get('birth_year'))
  File "/home/airflow/.local/lib/python3.7/site-packages/airflow/models/variable.py", line 141, in get
    raise KeyError(f"Variable {key} does not exist")
KeyError: 'Variable birth_year does not exist'
[2023-04-19T12:36:19.350+0000] {taskinstance.py:1323} INFO - Marking task as UP_FOR_RETRY. dag_id=age_check, task_id=age_check, execution_date=20220809T000000, start_date=20230419T123618, end_date=20230419T123619
[2023-04-19T12:36:19.430+0000] {standard_task_runner.py:105} ERROR - Failed to execute job 533 for task age_check ('Variable birth_year does not exist'; 21304)
[2023-04-19T12:36:19.495+0000] {local_task_job.py:208} INFO - Task exited with return code 1
[2023-04-19T12:36:19.604+0000] {taskinstance.py:2578} INFO - 0 downstream tasks scheduled from follow-on schedule check
[2023-05-17T09:52:06.719+0000] {taskinstance.py:1083} INFO - Dependencies all met for <TaskInstance: age_check.age_check scheduled__2022-08-09T00:00:00+00:00 [queued]>
[2023-05-17T09:52:06.732+0000] {taskinstance.py:1083} INFO - Dependencies all met for <TaskInstance: age_check.age_check scheduled__2022-08-09T00:00:00+00:00 [queued]>
[2023-05-17T09:52:06.733+0000] {taskinstance.py:1279} INFO - 
--------------------------------------------------------------------------------
[2023-05-17T09:52:06.735+0000] {taskinstance.py:1280} INFO - Starting attempt 3 of 4
[2023-05-17T09:52:06.736+0000] {taskinstance.py:1281} INFO - 
--------------------------------------------------------------------------------
[2023-05-17T09:52:06.764+0000] {taskinstance.py:1300} INFO - Executing <Task(PythonOperator): age_check> on 2022-08-09 00:00:00+00:00
[2023-05-17T09:52:06.770+0000] {standard_task_runner.py:55} INFO - Started process 3985 to run task
[2023-05-17T09:52:06.775+0000] {standard_task_runner.py:82} INFO - Running: ['***', 'tasks', 'run', 'age_check', 'age_check', 'scheduled__2022-08-09T00:00:00+00:00', '--job-id', '91', '--raw', '--subdir', 'DAGS_FOLDER/age.py', '--cfg-path', '/tmp/tmpfr79f6el']
[2023-05-17T09:52:06.783+0000] {standard_task_runner.py:83} INFO - Job 91: Subtask age_check
[2023-05-17T09:52:06.878+0000] {task_command.py:388} INFO - Running <TaskInstance: age_check.age_check scheduled__2022-08-09T00:00:00+00:00 [running]> on host 242f95e3e8a8
[2023-05-17T09:52:06.980+0000] {taskinstance.py:1509} INFO - Exporting the following env vars:
AIRFLOW_CTX_DAG_OWNER=***
AIRFLOW_CTX_DAG_ID=age_check
AIRFLOW_CTX_TASK_ID=age_check
AIRFLOW_CTX_EXECUTION_DATE=2022-08-09T00:00:00+00:00
AIRFLOW_CTX_TRY_NUMBER=3
AIRFLOW_CTX_DAG_RUN_ID=scheduled__2022-08-09T00:00:00+00:00
[2023-05-17T09:52:06.997+0000] {taskinstance.py:1768} ERROR - Task failed with exception
Traceback (most recent call last):
  File "/home/airflow/.local/lib/python3.7/site-packages/airflow/operators/python.py", line 175, in execute
    return_value = self.execute_callable()
  File "/home/airflow/.local/lib/python3.7/site-packages/airflow/operators/python.py", line 192, in execute_callable
    return self.python_callable(*self.op_args, **self.op_kwargs)
  File "/opt/airflow/dags/age.py", line 35, in age_check
    birth_year = int(Variable.get('birth_year'))
  File "/home/airflow/.local/lib/python3.7/site-packages/airflow/models/variable.py", line 141, in get
    raise KeyError(f"Variable {key} does not exist")
KeyError: 'Variable birth_year does not exist'
[2023-05-17T09:52:07.014+0000] {taskinstance.py:1323} INFO - Marking task as UP_FOR_RETRY. dag_id=age_check, task_id=age_check, execution_date=20220809T000000, start_date=20230517T095206, end_date=20230517T095207
[2023-05-17T09:52:07.024+0000] {standard_task_runner.py:105} ERROR - Failed to execute job 91 for task age_check ('Variable birth_year does not exist'; 3985)
[2023-05-17T09:52:07.071+0000] {local_task_job.py:208} INFO - Task exited with return code 1
[2023-05-17T09:52:07.096+0000] {taskinstance.py:2578} INFO - 0 downstream tasks scheduled from follow-on schedule check
