[2023-04-19T12:43:45.377+0000] {taskinstance.py:1083} INFO - Dependencies all met for <TaskInstance: age_check.age_check scheduled__2022-11-24T00:00:00+00:00 [queued]>
[2023-04-19T12:43:45.387+0000] {taskinstance.py:1083} INFO - Dependencies all met for <TaskInstance: age_check.age_check scheduled__2022-11-24T00:00:00+00:00 [queued]>
[2023-04-19T12:43:45.388+0000] {taskinstance.py:1279} INFO - 
--------------------------------------------------------------------------------
[2023-04-19T12:43:45.389+0000] {taskinstance.py:1280} INFO - Starting attempt 3 of 4
[2023-04-19T12:43:45.391+0000] {taskinstance.py:1281} INFO - 
--------------------------------------------------------------------------------
[2023-04-19T12:43:45.405+0000] {taskinstance.py:1300} INFO - Executing <Task(PythonOperator): age_check> on 2022-11-24 00:00:00+00:00
[2023-04-19T12:43:45.412+0000] {standard_task_runner.py:55} INFO - Started process 23262 to run task
[2023-04-19T12:43:45.415+0000] {standard_task_runner.py:82} INFO - Running: ['***', 'tasks', 'run', 'age_check', 'age_check', 'scheduled__2022-11-24T00:00:00+00:00', '--job-id', '1320', '--raw', '--subdir', 'DAGS_FOLDER/age.py', '--cfg-path', '/tmp/tmpf2h5_kwc']
[2023-04-19T12:43:45.416+0000] {standard_task_runner.py:83} INFO - Job 1320: Subtask age_check
[2023-04-19T12:43:45.488+0000] {task_command.py:388} INFO - Running <TaskInstance: age_check.age_check scheduled__2022-11-24T00:00:00+00:00 [running]> on host fe34f61acbb3
[2023-04-19T12:43:45.552+0000] {taskinstance.py:1509} INFO - Exporting the following env vars:
AIRFLOW_CTX_DAG_OWNER=***
AIRFLOW_CTX_DAG_ID=age_check
AIRFLOW_CTX_TASK_ID=age_check
AIRFLOW_CTX_EXECUTION_DATE=2022-11-24T00:00:00+00:00
AIRFLOW_CTX_TRY_NUMBER=3
AIRFLOW_CTX_DAG_RUN_ID=scheduled__2022-11-24T00:00:00+00:00
[2023-04-19T12:43:45.560+0000] {taskinstance.py:1768} ERROR - Task failed with exception
Traceback (most recent call last):
  File "/home/airflow/.local/lib/python3.7/site-packages/airflow/operators/python.py", line 175, in execute
    return_value = self.execute_callable()
  File "/home/airflow/.local/lib/python3.7/site-packages/airflow/operators/python.py", line 192, in execute_callable
    return self.python_callable(*self.op_args, **self.op_kwargs)
  File "/opt/airflow/dags/age.py", line 35, in age_check
    birth_year = int(Variable.get('birth_year'))
  File "/home/airflow/.local/lib/python3.7/site-packages/airflow/models/variable.py", line 141, in get
    raise KeyError(f"Variable {key} does not exist")
KeyError: 'Variable birth_year does not exist'
[2023-04-19T12:43:45.571+0000] {taskinstance.py:1323} INFO - Marking task as UP_FOR_RETRY. dag_id=age_check, task_id=age_check, execution_date=20221124T000000, start_date=20230419T124345, end_date=20230419T124345
[2023-04-19T12:43:45.595+0000] {standard_task_runner.py:105} ERROR - Failed to execute job 1320 for task age_check ('Variable birth_year does not exist'; 23262)
[2023-04-19T12:43:45.629+0000] {local_task_job.py:208} INFO - Task exited with return code 1
[2023-04-19T12:43:45.646+0000] {taskinstance.py:2578} INFO - 0 downstream tasks scheduled from follow-on schedule check
[2023-05-17T10:48:11.516+0000] {taskinstance.py:1083} INFO - Dependencies all met for <TaskInstance: age_check.age_check scheduled__2022-11-24T00:00:00+00:00 [queued]>
[2023-05-17T10:48:11.714+0000] {taskinstance.py:1083} INFO - Dependencies all met for <TaskInstance: age_check.age_check scheduled__2022-11-24T00:00:00+00:00 [queued]>
[2023-05-17T10:48:11.719+0000] {taskinstance.py:1279} INFO - 
--------------------------------------------------------------------------------
[2023-05-17T10:48:11.720+0000] {taskinstance.py:1280} INFO - Starting attempt 3 of 4
[2023-05-17T10:48:11.723+0000] {taskinstance.py:1281} INFO - 
--------------------------------------------------------------------------------
[2023-05-17T10:48:12.004+0000] {taskinstance.py:1300} INFO - Executing <Task(PythonOperator): age_check> on 2022-11-24 00:00:00+00:00
[2023-05-17T10:48:12.072+0000] {standard_task_runner.py:55} INFO - Started process 5937 to run task
[2023-05-17T10:48:12.098+0000] {standard_task_runner.py:82} INFO - Running: ['***', 'tasks', 'run', 'age_check', 'age_check', 'scheduled__2022-11-24T00:00:00+00:00', '--job-id', '881', '--raw', '--subdir', 'DAGS_FOLDER/age.py', '--cfg-path', '/tmp/tmpu7f5hm1g']
[2023-05-17T10:48:12.123+0000] {standard_task_runner.py:83} INFO - Job 881: Subtask age_check
[2023-05-17T10:48:12.649+0000] {task_command.py:388} INFO - Running <TaskInstance: age_check.age_check scheduled__2022-11-24T00:00:00+00:00 [running]> on host 242f95e3e8a8
[2023-05-17T10:48:12.823+0000] {taskinstance.py:1509} INFO - Exporting the following env vars:
AIRFLOW_CTX_DAG_OWNER=***
AIRFLOW_CTX_DAG_ID=age_check
AIRFLOW_CTX_TASK_ID=age_check
AIRFLOW_CTX_EXECUTION_DATE=2022-11-24T00:00:00+00:00
AIRFLOW_CTX_TRY_NUMBER=3
AIRFLOW_CTX_DAG_RUN_ID=scheduled__2022-11-24T00:00:00+00:00
[2023-05-17T10:48:12.874+0000] {taskinstance.py:1768} ERROR - Task failed with exception
Traceback (most recent call last):
  File "/home/airflow/.local/lib/python3.7/site-packages/airflow/operators/python.py", line 175, in execute
    return_value = self.execute_callable()
  File "/home/airflow/.local/lib/python3.7/site-packages/airflow/operators/python.py", line 192, in execute_callable
    return self.python_callable(*self.op_args, **self.op_kwargs)
  File "/opt/airflow/dags/age.py", line 35, in age_check
    birth_year = int(Variable.get('birth_year'))
  File "/home/airflow/.local/lib/python3.7/site-packages/airflow/models/variable.py", line 141, in get
    raise KeyError(f"Variable {key} does not exist")
KeyError: 'Variable birth_year does not exist'
[2023-05-17T10:48:12.900+0000] {taskinstance.py:1323} INFO - Marking task as UP_FOR_RETRY. dag_id=age_check, task_id=age_check, execution_date=20221124T000000, start_date=20230517T104811, end_date=20230517T104812
[2023-05-17T10:48:12.941+0000] {standard_task_runner.py:105} ERROR - Failed to execute job 881 for task age_check ('Variable birth_year does not exist'; 5937)
[2023-05-17T10:48:13.025+0000] {local_task_job.py:208} INFO - Task exited with return code 1
[2023-05-17T10:48:13.106+0000] {taskinstance.py:2578} INFO - 0 downstream tasks scheduled from follow-on schedule check
