[2023-04-19T12:53:09.591+0000] {taskinstance.py:1083} INFO - Dependencies all met for <TaskInstance: age_check.age_check scheduled__2023-04-06T00:00:00+00:00 [queued]>
[2023-04-19T12:53:09.678+0000] {taskinstance.py:1083} INFO - Dependencies all met for <TaskInstance: age_check.age_check scheduled__2023-04-06T00:00:00+00:00 [queued]>
[2023-04-19T12:53:09.679+0000] {taskinstance.py:1279} INFO - 
--------------------------------------------------------------------------------
[2023-04-19T12:53:09.681+0000] {taskinstance.py:1280} INFO - Starting attempt 4 of 4
[2023-04-19T12:53:09.682+0000] {taskinstance.py:1281} INFO - 
--------------------------------------------------------------------------------
[2023-04-19T12:53:09.779+0000] {taskinstance.py:1300} INFO - Executing <Task(PythonOperator): age_check> on 2023-04-06 00:00:00+00:00
[2023-04-19T12:53:09.815+0000] {standard_task_runner.py:55} INFO - Started process 25894 to run task
[2023-04-19T12:53:09.828+0000] {standard_task_runner.py:82} INFO - Running: ['***', 'tasks', 'run', 'age_check', 'age_check', 'scheduled__2023-04-06T00:00:00+00:00', '--job-id', '2419', '--raw', '--subdir', 'DAGS_FOLDER/age.py', '--cfg-path', '/tmp/tmp0wf0qy0h']
[2023-04-19T12:53:09.843+0000] {standard_task_runner.py:83} INFO - Job 2419: Subtask age_check
[2023-04-19T12:53:10.086+0000] {task_command.py:388} INFO - Running <TaskInstance: age_check.age_check scheduled__2023-04-06T00:00:00+00:00 [running]> on host fe34f61acbb3
[2023-04-19T12:53:10.457+0000] {taskinstance.py:1509} INFO - Exporting the following env vars:
AIRFLOW_CTX_DAG_OWNER=***
AIRFLOW_CTX_DAG_ID=age_check
AIRFLOW_CTX_TASK_ID=age_check
AIRFLOW_CTX_EXECUTION_DATE=2023-04-06T00:00:00+00:00
AIRFLOW_CTX_TRY_NUMBER=4
AIRFLOW_CTX_DAG_RUN_ID=scheduled__2023-04-06T00:00:00+00:00
[2023-04-19T12:53:10.507+0000] {taskinstance.py:1768} ERROR - Task failed with exception
Traceback (most recent call last):
  File "/home/airflow/.local/lib/python3.7/site-packages/airflow/operators/python.py", line 175, in execute
    return_value = self.execute_callable()
  File "/home/airflow/.local/lib/python3.7/site-packages/airflow/operators/python.py", line 192, in execute_callable
    return self.python_callable(*self.op_args, **self.op_kwargs)
  File "/opt/airflow/dags/age.py", line 35, in age_check
    birth_year = int(Variable.get('birth_year'))
  File "/home/airflow/.local/lib/python3.7/site-packages/airflow/models/variable.py", line 141, in get
    raise KeyError(f"Variable {key} does not exist")
KeyError: 'Variable birth_year does not exist'
[2023-04-19T12:53:10.552+0000] {taskinstance.py:1323} INFO - Marking task as FAILED. dag_id=age_check, task_id=age_check, execution_date=20230406T000000, start_date=20230419T125309, end_date=20230419T125310
[2023-04-19T12:53:10.617+0000] {standard_task_runner.py:105} ERROR - Failed to execute job 2419 for task age_check ('Variable birth_year does not exist'; 25894)
[2023-04-19T12:53:10.739+0000] {local_task_job.py:208} INFO - Task exited with return code 1
[2023-04-19T12:53:10.906+0000] {taskinstance.py:2578} INFO - 0 downstream tasks scheduled from follow-on schedule check
[2023-05-20T21:50:23.607+0000] {taskinstance.py:1083} INFO - Dependencies all met for <TaskInstance: age_check.age_check scheduled__2023-04-06T00:00:00+00:00 [queued]>
[2023-05-20T21:50:23.616+0000] {taskinstance.py:1083} INFO - Dependencies all met for <TaskInstance: age_check.age_check scheduled__2023-04-06T00:00:00+00:00 [queued]>
[2023-05-20T21:50:23.617+0000] {taskinstance.py:1279} INFO - 
--------------------------------------------------------------------------------
[2023-05-20T21:50:23.617+0000] {taskinstance.py:1280} INFO - Starting attempt 4 of 4
[2023-05-20T21:50:23.618+0000] {taskinstance.py:1281} INFO - 
--------------------------------------------------------------------------------
[2023-05-20T21:50:23.627+0000] {taskinstance.py:1300} INFO - Executing <Task(PythonOperator): age_check> on 2023-04-06 00:00:00+00:00
[2023-05-20T21:50:23.632+0000] {standard_task_runner.py:55} INFO - Started process 2287 to run task
[2023-05-20T21:50:23.636+0000] {standard_task_runner.py:82} INFO - Running: ['***', 'tasks', 'run', 'age_check', 'age_check', 'scheduled__2023-04-06T00:00:00+00:00', '--job-id', '1818', '--raw', '--subdir', 'DAGS_FOLDER/age.py', '--cfg-path', '/tmp/tmposqddb1w']
[2023-05-20T21:50:23.638+0000] {standard_task_runner.py:83} INFO - Job 1818: Subtask age_check
[2023-05-20T21:50:23.700+0000] {task_command.py:388} INFO - Running <TaskInstance: age_check.age_check scheduled__2023-04-06T00:00:00+00:00 [running]> on host 242f95e3e8a8
[2023-05-20T21:50:23.757+0000] {taskinstance.py:1509} INFO - Exporting the following env vars:
AIRFLOW_CTX_DAG_OWNER=***
AIRFLOW_CTX_DAG_ID=age_check
AIRFLOW_CTX_TASK_ID=age_check
AIRFLOW_CTX_EXECUTION_DATE=2023-04-06T00:00:00+00:00
AIRFLOW_CTX_TRY_NUMBER=4
AIRFLOW_CTX_DAG_RUN_ID=scheduled__2023-04-06T00:00:00+00:00
[2023-05-20T21:50:23.767+0000] {taskinstance.py:1768} ERROR - Task failed with exception
Traceback (most recent call last):
  File "/home/airflow/.local/lib/python3.7/site-packages/airflow/operators/python.py", line 175, in execute
    return_value = self.execute_callable()
  File "/home/airflow/.local/lib/python3.7/site-packages/airflow/operators/python.py", line 192, in execute_callable
    return self.python_callable(*self.op_args, **self.op_kwargs)
  File "/opt/airflow/dags/age.py", line 35, in age_check
    birth_year = int(Variable.get('birth_year'))
  File "/home/airflow/.local/lib/python3.7/site-packages/airflow/models/variable.py", line 141, in get
    raise KeyError(f"Variable {key} does not exist")
KeyError: 'Variable birth_year does not exist'
[2023-05-20T21:50:23.778+0000] {taskinstance.py:1323} INFO - Marking task as FAILED. dag_id=age_check, task_id=age_check, execution_date=20230406T000000, start_date=20230520T215023, end_date=20230520T215023
[2023-05-20T21:50:23.787+0000] {standard_task_runner.py:105} ERROR - Failed to execute job 1818 for task age_check ('Variable birth_year does not exist'; 2287)
[2023-05-20T21:50:23.809+0000] {local_task_job.py:208} INFO - Task exited with return code 1
[2023-05-20T21:50:23.828+0000] {taskinstance.py:2578} INFO - 0 downstream tasks scheduled from follow-on schedule check
