[2023-04-19T12:51:36.335+0000] {taskinstance.py:1083} INFO - Dependencies all met for <TaskInstance: age_check.age_check scheduled__2023-03-17T00:00:00+00:00 [queued]>
[2023-04-19T12:51:36.402+0000] {taskinstance.py:1083} INFO - Dependencies all met for <TaskInstance: age_check.age_check scheduled__2023-03-17T00:00:00+00:00 [queued]>
[2023-04-19T12:51:36.404+0000] {taskinstance.py:1279} INFO - 
--------------------------------------------------------------------------------
[2023-04-19T12:51:36.408+0000] {taskinstance.py:1280} INFO - Starting attempt 4 of 4
[2023-04-19T12:51:36.409+0000] {taskinstance.py:1281} INFO - 
--------------------------------------------------------------------------------
[2023-04-19T12:51:36.466+0000] {taskinstance.py:1300} INFO - Executing <Task(PythonOperator): age_check> on 2023-03-17 00:00:00+00:00
[2023-04-19T12:51:36.498+0000] {standard_task_runner.py:55} INFO - Started process 25374 to run task
[2023-04-19T12:51:36.529+0000] {standard_task_runner.py:82} INFO - Running: ['***', 'tasks', 'run', 'age_check', 'age_check', 'scheduled__2023-03-17T00:00:00+00:00', '--job-id', '2190', '--raw', '--subdir', 'DAGS_FOLDER/age.py', '--cfg-path', '/tmp/tmpmq11x0yb']
[2023-04-19T12:51:36.533+0000] {standard_task_runner.py:83} INFO - Job 2190: Subtask age_check
[2023-04-19T12:51:36.831+0000] {task_command.py:388} INFO - Running <TaskInstance: age_check.age_check scheduled__2023-03-17T00:00:00+00:00 [running]> on host fe34f61acbb3
[2023-04-19T12:51:37.066+0000] {taskinstance.py:1509} INFO - Exporting the following env vars:
AIRFLOW_CTX_DAG_OWNER=***
AIRFLOW_CTX_DAG_ID=age_check
AIRFLOW_CTX_TASK_ID=age_check
AIRFLOW_CTX_EXECUTION_DATE=2023-03-17T00:00:00+00:00
AIRFLOW_CTX_TRY_NUMBER=4
AIRFLOW_CTX_DAG_RUN_ID=scheduled__2023-03-17T00:00:00+00:00
[2023-04-19T12:51:37.088+0000] {taskinstance.py:1768} ERROR - Task failed with exception
Traceback (most recent call last):
  File "/home/airflow/.local/lib/python3.7/site-packages/airflow/operators/python.py", line 175, in execute
    return_value = self.execute_callable()
  File "/home/airflow/.local/lib/python3.7/site-packages/airflow/operators/python.py", line 192, in execute_callable
    return self.python_callable(*self.op_args, **self.op_kwargs)
  File "/opt/airflow/dags/age.py", line 35, in age_check
    birth_year = int(Variable.get('birth_year'))
  File "/home/airflow/.local/lib/python3.7/site-packages/airflow/models/variable.py", line 141, in get
    raise KeyError(f"Variable {key} does not exist")
KeyError: 'Variable birth_year does not exist'
[2023-04-19T12:51:37.138+0000] {taskinstance.py:1323} INFO - Marking task as FAILED. dag_id=age_check, task_id=age_check, execution_date=20230317T000000, start_date=20230419T125136, end_date=20230419T125137
[2023-04-19T12:51:37.240+0000] {standard_task_runner.py:105} ERROR - Failed to execute job 2190 for task age_check ('Variable birth_year does not exist'; 25374)
[2023-04-19T12:51:37.340+0000] {local_task_job.py:208} INFO - Task exited with return code 1
[2023-04-19T12:51:37.483+0000] {taskinstance.py:2578} INFO - 0 downstream tasks scheduled from follow-on schedule check
[2023-05-20T21:49:22.620+0000] {taskinstance.py:1083} INFO - Dependencies all met for <TaskInstance: age_check.age_check scheduled__2023-03-17T00:00:00+00:00 [queued]>
[2023-05-20T21:49:22.639+0000] {taskinstance.py:1083} INFO - Dependencies all met for <TaskInstance: age_check.age_check scheduled__2023-03-17T00:00:00+00:00 [queued]>
[2023-05-20T21:49:22.642+0000] {taskinstance.py:1279} INFO - 
--------------------------------------------------------------------------------
[2023-05-20T21:49:22.643+0000] {taskinstance.py:1280} INFO - Starting attempt 4 of 4
[2023-05-20T21:49:22.644+0000] {taskinstance.py:1281} INFO - 
--------------------------------------------------------------------------------
[2023-05-20T21:49:22.665+0000] {taskinstance.py:1300} INFO - Executing <Task(PythonOperator): age_check> on 2023-03-17 00:00:00+00:00
[2023-05-20T21:49:22.678+0000] {standard_task_runner.py:55} INFO - Started process 2007 to run task
[2023-05-20T21:49:22.701+0000] {standard_task_runner.py:82} INFO - Running: ['***', 'tasks', 'run', 'age_check', 'age_check', 'scheduled__2023-03-17T00:00:00+00:00', '--job-id', '1702', '--raw', '--subdir', 'DAGS_FOLDER/age.py', '--cfg-path', '/tmp/tmpxwac1hc2']
[2023-05-20T21:49:22.705+0000] {standard_task_runner.py:83} INFO - Job 1702: Subtask age_check
[2023-05-20T21:49:22.831+0000] {task_command.py:388} INFO - Running <TaskInstance: age_check.age_check scheduled__2023-03-17T00:00:00+00:00 [running]> on host 242f95e3e8a8
[2023-05-20T21:49:22.924+0000] {taskinstance.py:1509} INFO - Exporting the following env vars:
AIRFLOW_CTX_DAG_OWNER=***
AIRFLOW_CTX_DAG_ID=age_check
AIRFLOW_CTX_TASK_ID=age_check
AIRFLOW_CTX_EXECUTION_DATE=2023-03-17T00:00:00+00:00
AIRFLOW_CTX_TRY_NUMBER=4
AIRFLOW_CTX_DAG_RUN_ID=scheduled__2023-03-17T00:00:00+00:00
[2023-05-20T21:49:22.954+0000] {taskinstance.py:1768} ERROR - Task failed with exception
Traceback (most recent call last):
  File "/home/airflow/.local/lib/python3.7/site-packages/airflow/operators/python.py", line 175, in execute
    return_value = self.execute_callable()
  File "/home/airflow/.local/lib/python3.7/site-packages/airflow/operators/python.py", line 192, in execute_callable
    return self.python_callable(*self.op_args, **self.op_kwargs)
  File "/opt/airflow/dags/age.py", line 35, in age_check
    birth_year = int(Variable.get('birth_year'))
  File "/home/airflow/.local/lib/python3.7/site-packages/airflow/models/variable.py", line 141, in get
    raise KeyError(f"Variable {key} does not exist")
KeyError: 'Variable birth_year does not exist'
[2023-05-20T21:49:22.970+0000] {taskinstance.py:1323} INFO - Marking task as FAILED. dag_id=age_check, task_id=age_check, execution_date=20230317T000000, start_date=20230520T214922, end_date=20230520T214922
[2023-05-20T21:49:22.987+0000] {standard_task_runner.py:105} ERROR - Failed to execute job 1702 for task age_check ('Variable birth_year does not exist'; 2007)
[2023-05-20T21:49:23.024+0000] {local_task_job.py:208} INFO - Task exited with return code 1
[2023-05-20T21:49:23.087+0000] {taskinstance.py:2578} INFO - 0 downstream tasks scheduled from follow-on schedule check
