[2023-04-19T12:50:50.815+0000] {taskinstance.py:1083} INFO - Dependencies all met for <TaskInstance: age_check.age_check scheduled__2023-03-17T00:00:00+00:00 [queued]>
[2023-04-19T12:50:50.834+0000] {taskinstance.py:1083} INFO - Dependencies all met for <TaskInstance: age_check.age_check scheduled__2023-03-17T00:00:00+00:00 [queued]>
[2023-04-19T12:50:50.835+0000] {taskinstance.py:1279} INFO - 
--------------------------------------------------------------------------------
[2023-04-19T12:50:50.836+0000] {taskinstance.py:1280} INFO - Starting attempt 1 of 4
[2023-04-19T12:50:50.837+0000] {taskinstance.py:1281} INFO - 
--------------------------------------------------------------------------------
[2023-04-19T12:50:50.898+0000] {taskinstance.py:1300} INFO - Executing <Task(PythonOperator): age_check> on 2023-03-17 00:00:00+00:00
[2023-04-19T12:50:50.911+0000] {standard_task_runner.py:55} INFO - Started process 25131 to run task
[2023-04-19T12:50:50.960+0000] {standard_task_runner.py:82} INFO - Running: ['***', 'tasks', 'run', 'age_check', 'age_check', 'scheduled__2023-03-17T00:00:00+00:00', '--job-id', '2086', '--raw', '--subdir', 'DAGS_FOLDER/age.py', '--cfg-path', '/tmp/tmpb9zrms0q']
[2023-04-19T12:50:50.965+0000] {standard_task_runner.py:83} INFO - Job 2086: Subtask age_check
[2023-04-19T12:50:51.187+0000] {task_command.py:388} INFO - Running <TaskInstance: age_check.age_check scheduled__2023-03-17T00:00:00+00:00 [running]> on host fe34f61acbb3
[2023-04-19T12:50:51.434+0000] {taskinstance.py:1509} INFO - Exporting the following env vars:
AIRFLOW_CTX_DAG_OWNER=***
AIRFLOW_CTX_DAG_ID=age_check
AIRFLOW_CTX_TASK_ID=age_check
AIRFLOW_CTX_EXECUTION_DATE=2023-03-17T00:00:00+00:00
AIRFLOW_CTX_TRY_NUMBER=1
AIRFLOW_CTX_DAG_RUN_ID=scheduled__2023-03-17T00:00:00+00:00
[2023-04-19T12:50:51.457+0000] {taskinstance.py:1768} ERROR - Task failed with exception
Traceback (most recent call last):
  File "/home/airflow/.local/lib/python3.7/site-packages/airflow/operators/python.py", line 175, in execute
    return_value = self.execute_callable()
  File "/home/airflow/.local/lib/python3.7/site-packages/airflow/operators/python.py", line 192, in execute_callable
    return self.python_callable(*self.op_args, **self.op_kwargs)
  File "/opt/airflow/dags/age.py", line 35, in age_check
    birth_year = int(Variable.get('birth_year'))
  File "/home/airflow/.local/lib/python3.7/site-packages/airflow/models/variable.py", line 141, in get
    raise KeyError(f"Variable {key} does not exist")
KeyError: 'Variable birth_year does not exist'
[2023-04-19T12:50:51.479+0000] {taskinstance.py:1323} INFO - Marking task as UP_FOR_RETRY. dag_id=age_check, task_id=age_check, execution_date=20230317T000000, start_date=20230419T125050, end_date=20230419T125051
[2023-04-19T12:50:51.513+0000] {standard_task_runner.py:105} ERROR - Failed to execute job 2086 for task age_check ('Variable birth_year does not exist'; 25131)
[2023-04-19T12:50:51.581+0000] {local_task_job.py:208} INFO - Task exited with return code 1
[2023-04-19T12:50:51.642+0000] {taskinstance.py:2578} INFO - 0 downstream tasks scheduled from follow-on schedule check
[2023-05-20T21:48:48.607+0000] {taskinstance.py:1083} INFO - Dependencies all met for <TaskInstance: age_check.age_check scheduled__2023-03-17T00:00:00+00:00 [queued]>
[2023-05-20T21:48:48.614+0000] {taskinstance.py:1083} INFO - Dependencies all met for <TaskInstance: age_check.age_check scheduled__2023-03-17T00:00:00+00:00 [queued]>
[2023-05-20T21:48:48.615+0000] {taskinstance.py:1279} INFO - 
--------------------------------------------------------------------------------
[2023-05-20T21:48:48.616+0000] {taskinstance.py:1280} INFO - Starting attempt 1 of 4
[2023-05-20T21:48:48.616+0000] {taskinstance.py:1281} INFO - 
--------------------------------------------------------------------------------
[2023-05-20T21:48:48.625+0000] {taskinstance.py:1300} INFO - Executing <Task(PythonOperator): age_check> on 2023-03-17 00:00:00+00:00
[2023-05-20T21:48:48.630+0000] {standard_task_runner.py:55} INFO - Started process 1826 to run task
[2023-05-20T21:48:48.634+0000] {standard_task_runner.py:82} INFO - Running: ['***', 'tasks', 'run', 'age_check', 'age_check', 'scheduled__2023-03-17T00:00:00+00:00', '--job-id', '1629', '--raw', '--subdir', 'DAGS_FOLDER/age.py', '--cfg-path', '/tmp/tmpc48rluo_']
[2023-05-20T21:48:48.636+0000] {standard_task_runner.py:83} INFO - Job 1629: Subtask age_check
[2023-05-20T21:48:48.703+0000] {task_command.py:388} INFO - Running <TaskInstance: age_check.age_check scheduled__2023-03-17T00:00:00+00:00 [running]> on host 242f95e3e8a8
[2023-05-20T21:48:48.758+0000] {taskinstance.py:1509} INFO - Exporting the following env vars:
AIRFLOW_CTX_DAG_OWNER=***
AIRFLOW_CTX_DAG_ID=age_check
AIRFLOW_CTX_TASK_ID=age_check
AIRFLOW_CTX_EXECUTION_DATE=2023-03-17T00:00:00+00:00
AIRFLOW_CTX_TRY_NUMBER=1
AIRFLOW_CTX_DAG_RUN_ID=scheduled__2023-03-17T00:00:00+00:00
[2023-05-20T21:48:48.769+0000] {taskinstance.py:1768} ERROR - Task failed with exception
Traceback (most recent call last):
  File "/home/airflow/.local/lib/python3.7/site-packages/airflow/operators/python.py", line 175, in execute
    return_value = self.execute_callable()
  File "/home/airflow/.local/lib/python3.7/site-packages/airflow/operators/python.py", line 192, in execute_callable
    return self.python_callable(*self.op_args, **self.op_kwargs)
  File "/opt/airflow/dags/age.py", line 35, in age_check
    birth_year = int(Variable.get('birth_year'))
  File "/home/airflow/.local/lib/python3.7/site-packages/airflow/models/variable.py", line 141, in get
    raise KeyError(f"Variable {key} does not exist")
KeyError: 'Variable birth_year does not exist'
[2023-05-20T21:48:48.780+0000] {taskinstance.py:1323} INFO - Marking task as UP_FOR_RETRY. dag_id=age_check, task_id=age_check, execution_date=20230317T000000, start_date=20230520T214848, end_date=20230520T214848
[2023-05-20T21:48:48.789+0000] {standard_task_runner.py:105} ERROR - Failed to execute job 1629 for task age_check ('Variable birth_year does not exist'; 1826)
[2023-05-20T21:48:48.808+0000] {local_task_job.py:208} INFO - Task exited with return code 1
[2023-05-20T21:48:48.829+0000] {taskinstance.py:2578} INFO - 0 downstream tasks scheduled from follow-on schedule check
