[2023-04-19T12:41:11.996+0000] {taskinstance.py:1083} INFO - Dependencies all met for <TaskInstance: age_check.age_check scheduled__2022-10-20T00:00:00+00:00 [queued]>
[2023-04-19T12:41:12.106+0000] {taskinstance.py:1083} INFO - Dependencies all met for <TaskInstance: age_check.age_check scheduled__2022-10-20T00:00:00+00:00 [queued]>
[2023-04-19T12:41:12.119+0000] {taskinstance.py:1279} INFO - 
--------------------------------------------------------------------------------
[2023-04-19T12:41:12.121+0000] {taskinstance.py:1280} INFO - Starting attempt 1 of 4
[2023-04-19T12:41:12.122+0000] {taskinstance.py:1281} INFO - 
--------------------------------------------------------------------------------
[2023-04-19T12:41:12.234+0000] {taskinstance.py:1300} INFO - Executing <Task(PythonOperator): age_check> on 2022-10-20 00:00:00+00:00
[2023-04-19T12:41:12.270+0000] {standard_task_runner.py:55} INFO - Started process 22607 to run task
[2023-04-19T12:41:12.338+0000] {standard_task_runner.py:82} INFO - Running: ['***', 'tasks', 'run', 'age_check', 'age_check', 'scheduled__2022-10-20T00:00:00+00:00', '--job-id', '1056', '--raw', '--subdir', 'DAGS_FOLDER/age.py', '--cfg-path', '/tmp/tmpgx8d3lzs']
[2023-04-19T12:41:12.354+0000] {standard_task_runner.py:83} INFO - Job 1056: Subtask age_check
[2023-04-19T12:41:12.737+0000] {task_command.py:388} INFO - Running <TaskInstance: age_check.age_check scheduled__2022-10-20T00:00:00+00:00 [running]> on host fe34f61acbb3
[2023-04-19T12:41:13.144+0000] {taskinstance.py:1509} INFO - Exporting the following env vars:
AIRFLOW_CTX_DAG_OWNER=***
AIRFLOW_CTX_DAG_ID=age_check
AIRFLOW_CTX_TASK_ID=age_check
AIRFLOW_CTX_EXECUTION_DATE=2022-10-20T00:00:00+00:00
AIRFLOW_CTX_TRY_NUMBER=1
AIRFLOW_CTX_DAG_RUN_ID=scheduled__2022-10-20T00:00:00+00:00
[2023-04-19T12:41:13.178+0000] {taskinstance.py:1768} ERROR - Task failed with exception
Traceback (most recent call last):
  File "/home/airflow/.local/lib/python3.7/site-packages/airflow/operators/python.py", line 175, in execute
    return_value = self.execute_callable()
  File "/home/airflow/.local/lib/python3.7/site-packages/airflow/operators/python.py", line 192, in execute_callable
    return self.python_callable(*self.op_args, **self.op_kwargs)
  File "/opt/airflow/dags/age.py", line 35, in age_check
    birth_year = int(Variable.get('birth_year'))
  File "/home/airflow/.local/lib/python3.7/site-packages/airflow/models/variable.py", line 141, in get
    raise KeyError(f"Variable {key} does not exist")
KeyError: 'Variable birth_year does not exist'
[2023-04-19T12:41:13.244+0000] {taskinstance.py:1323} INFO - Marking task as UP_FOR_RETRY. dag_id=age_check, task_id=age_check, execution_date=20221020T000000, start_date=20230419T124112, end_date=20230419T124113
[2023-04-19T12:41:13.300+0000] {standard_task_runner.py:105} ERROR - Failed to execute job 1056 for task age_check ('Variable birth_year does not exist'; 22607)
[2023-04-19T12:41:13.414+0000] {local_task_job.py:208} INFO - Task exited with return code 1
[2023-04-19T12:41:13.517+0000] {taskinstance.py:2578} INFO - 0 downstream tasks scheduled from follow-on schedule check
[2023-05-17T10:13:07.072+0000] {taskinstance.py:1083} INFO - Dependencies all met for <TaskInstance: age_check.age_check scheduled__2022-10-20T00:00:00+00:00 [queued]>
[2023-05-17T10:13:07.188+0000] {taskinstance.py:1083} INFO - Dependencies all met for <TaskInstance: age_check.age_check scheduled__2022-10-20T00:00:00+00:00 [queued]>
[2023-05-17T10:13:07.190+0000] {taskinstance.py:1279} INFO - 
--------------------------------------------------------------------------------
[2023-05-17T10:13:07.191+0000] {taskinstance.py:1280} INFO - Starting attempt 1 of 4
[2023-05-17T10:13:07.192+0000] {taskinstance.py:1281} INFO - 
--------------------------------------------------------------------------------
[2023-05-17T10:13:07.519+0000] {taskinstance.py:1300} INFO - Executing <Task(PythonOperator): age_check> on 2022-10-20 00:00:00+00:00
[2023-05-17T10:13:07.526+0000] {standard_task_runner.py:55} INFO - Started process 5279 to run task
[2023-05-17T10:13:07.583+0000] {standard_task_runner.py:82} INFO - Running: ['***', 'tasks', 'run', 'age_check', 'age_check', 'scheduled__2022-10-20T00:00:00+00:00', '--job-id', '613', '--raw', '--subdir', 'DAGS_FOLDER/age.py', '--cfg-path', '/tmp/tmp3niefe09']
[2023-05-17T10:13:07.600+0000] {standard_task_runner.py:83} INFO - Job 613: Subtask age_check
[2023-05-17T10:13:08.058+0000] {task_command.py:388} INFO - Running <TaskInstance: age_check.age_check scheduled__2022-10-20T00:00:00+00:00 [running]> on host 242f95e3e8a8
[2023-05-17T10:13:08.423+0000] {taskinstance.py:1509} INFO - Exporting the following env vars:
AIRFLOW_CTX_DAG_OWNER=***
AIRFLOW_CTX_DAG_ID=age_check
AIRFLOW_CTX_TASK_ID=age_check
AIRFLOW_CTX_EXECUTION_DATE=2022-10-20T00:00:00+00:00
AIRFLOW_CTX_TRY_NUMBER=1
AIRFLOW_CTX_DAG_RUN_ID=scheduled__2022-10-20T00:00:00+00:00
[2023-05-17T10:13:08.455+0000] {taskinstance.py:1768} ERROR - Task failed with exception
Traceback (most recent call last):
  File "/home/airflow/.local/lib/python3.7/site-packages/airflow/operators/python.py", line 175, in execute
    return_value = self.execute_callable()
  File "/home/airflow/.local/lib/python3.7/site-packages/airflow/operators/python.py", line 192, in execute_callable
    return self.python_callable(*self.op_args, **self.op_kwargs)
  File "/opt/airflow/dags/age.py", line 35, in age_check
    birth_year = int(Variable.get('birth_year'))
  File "/home/airflow/.local/lib/python3.7/site-packages/airflow/models/variable.py", line 141, in get
    raise KeyError(f"Variable {key} does not exist")
KeyError: 'Variable birth_year does not exist'
[2023-05-17T10:13:08.495+0000] {taskinstance.py:1323} INFO - Marking task as UP_FOR_RETRY. dag_id=age_check, task_id=age_check, execution_date=20221020T000000, start_date=20230517T101307, end_date=20230517T101308
[2023-05-17T10:13:08.516+0000] {standard_task_runner.py:105} ERROR - Failed to execute job 613 for task age_check ('Variable birth_year does not exist'; 5279)
[2023-05-17T10:13:08.584+0000] {local_task_job.py:208} INFO - Task exited with return code 1
[2023-05-17T10:13:08.721+0000] {taskinstance.py:2578} INFO - 0 downstream tasks scheduled from follow-on schedule check
