[2023-04-19T12:41:36.839+0000] {taskinstance.py:1083} INFO - Dependencies all met for <TaskInstance: age_check.age_check scheduled__2022-10-20T00:00:00+00:00 [queued]>
[2023-04-19T12:41:36.861+0000] {taskinstance.py:1083} INFO - Dependencies all met for <TaskInstance: age_check.age_check scheduled__2022-10-20T00:00:00+00:00 [queued]>
[2023-04-19T12:41:36.863+0000] {taskinstance.py:1279} INFO - 
--------------------------------------------------------------------------------
[2023-04-19T12:41:36.865+0000] {taskinstance.py:1280} INFO - Starting attempt 3 of 4
[2023-04-19T12:41:36.866+0000] {taskinstance.py:1281} INFO - 
--------------------------------------------------------------------------------
[2023-04-19T12:41:36.899+0000] {taskinstance.py:1300} INFO - Executing <Task(PythonOperator): age_check> on 2022-10-20 00:00:00+00:00
[2023-04-19T12:41:36.912+0000] {standard_task_runner.py:55} INFO - Started process 22707 to run task
[2023-04-19T12:41:36.918+0000] {standard_task_runner.py:82} INFO - Running: ['***', 'tasks', 'run', 'age_check', 'age_check', 'scheduled__2022-10-20T00:00:00+00:00', '--job-id', '1095', '--raw', '--subdir', 'DAGS_FOLDER/age.py', '--cfg-path', '/tmp/tmplddrlay7']
[2023-04-19T12:41:36.925+0000] {standard_task_runner.py:83} INFO - Job 1095: Subtask age_check
[2023-04-19T12:41:37.053+0000] {task_command.py:388} INFO - Running <TaskInstance: age_check.age_check scheduled__2022-10-20T00:00:00+00:00 [running]> on host fe34f61acbb3
[2023-04-19T12:41:37.249+0000] {taskinstance.py:1509} INFO - Exporting the following env vars:
AIRFLOW_CTX_DAG_OWNER=***
AIRFLOW_CTX_DAG_ID=age_check
AIRFLOW_CTX_TASK_ID=age_check
AIRFLOW_CTX_EXECUTION_DATE=2022-10-20T00:00:00+00:00
AIRFLOW_CTX_TRY_NUMBER=3
AIRFLOW_CTX_DAG_RUN_ID=scheduled__2022-10-20T00:00:00+00:00
[2023-04-19T12:41:37.269+0000] {taskinstance.py:1768} ERROR - Task failed with exception
Traceback (most recent call last):
  File "/home/airflow/.local/lib/python3.7/site-packages/airflow/operators/python.py", line 175, in execute
    return_value = self.execute_callable()
  File "/home/airflow/.local/lib/python3.7/site-packages/airflow/operators/python.py", line 192, in execute_callable
    return self.python_callable(*self.op_args, **self.op_kwargs)
  File "/opt/airflow/dags/age.py", line 35, in age_check
    birth_year = int(Variable.get('birth_year'))
  File "/home/airflow/.local/lib/python3.7/site-packages/airflow/models/variable.py", line 141, in get
    raise KeyError(f"Variable {key} does not exist")
KeyError: 'Variable birth_year does not exist'
[2023-04-19T12:41:37.295+0000] {taskinstance.py:1323} INFO - Marking task as UP_FOR_RETRY. dag_id=age_check, task_id=age_check, execution_date=20221020T000000, start_date=20230419T124136, end_date=20230419T124137
[2023-04-19T12:41:37.328+0000] {standard_task_runner.py:105} ERROR - Failed to execute job 1095 for task age_check ('Variable birth_year does not exist'; 22707)
[2023-04-19T12:41:37.366+0000] {local_task_job.py:208} INFO - Task exited with return code 1
[2023-04-19T12:41:37.641+0000] {taskinstance.py:2578} INFO - 0 downstream tasks scheduled from follow-on schedule check
[2023-05-17T10:13:29.973+0000] {taskinstance.py:1083} INFO - Dependencies all met for <TaskInstance: age_check.age_check scheduled__2022-10-20T00:00:00+00:00 [queued]>
[2023-05-17T10:13:29.985+0000] {taskinstance.py:1083} INFO - Dependencies all met for <TaskInstance: age_check.age_check scheduled__2022-10-20T00:00:00+00:00 [queued]>
[2023-05-17T10:13:29.986+0000] {taskinstance.py:1279} INFO - 
--------------------------------------------------------------------------------
[2023-05-17T10:13:29.986+0000] {taskinstance.py:1280} INFO - Starting attempt 3 of 4
[2023-05-17T10:13:29.987+0000] {taskinstance.py:1281} INFO - 
--------------------------------------------------------------------------------
[2023-05-17T10:13:29.998+0000] {taskinstance.py:1300} INFO - Executing <Task(PythonOperator): age_check> on 2022-10-20 00:00:00+00:00
[2023-05-17T10:13:30.002+0000] {standard_task_runner.py:55} INFO - Started process 5362 to run task
[2023-05-17T10:13:30.009+0000] {standard_task_runner.py:82} INFO - Running: ['***', 'tasks', 'run', 'age_check', 'age_check', 'scheduled__2022-10-20T00:00:00+00:00', '--job-id', '649', '--raw', '--subdir', 'DAGS_FOLDER/age.py', '--cfg-path', '/tmp/tmp2a2nrgct']
[2023-05-17T10:13:30.012+0000] {standard_task_runner.py:83} INFO - Job 649: Subtask age_check
[2023-05-17T10:13:30.099+0000] {task_command.py:388} INFO - Running <TaskInstance: age_check.age_check scheduled__2022-10-20T00:00:00+00:00 [running]> on host 242f95e3e8a8
[2023-05-17T10:13:30.182+0000] {taskinstance.py:1509} INFO - Exporting the following env vars:
AIRFLOW_CTX_DAG_OWNER=***
AIRFLOW_CTX_DAG_ID=age_check
AIRFLOW_CTX_TASK_ID=age_check
AIRFLOW_CTX_EXECUTION_DATE=2022-10-20T00:00:00+00:00
AIRFLOW_CTX_TRY_NUMBER=3
AIRFLOW_CTX_DAG_RUN_ID=scheduled__2022-10-20T00:00:00+00:00
[2023-05-17T10:13:30.204+0000] {taskinstance.py:1768} ERROR - Task failed with exception
Traceback (most recent call last):
  File "/home/airflow/.local/lib/python3.7/site-packages/airflow/operators/python.py", line 175, in execute
    return_value = self.execute_callable()
  File "/home/airflow/.local/lib/python3.7/site-packages/airflow/operators/python.py", line 192, in execute_callable
    return self.python_callable(*self.op_args, **self.op_kwargs)
  File "/opt/airflow/dags/age.py", line 35, in age_check
    birth_year = int(Variable.get('birth_year'))
  File "/home/airflow/.local/lib/python3.7/site-packages/airflow/models/variable.py", line 141, in get
    raise KeyError(f"Variable {key} does not exist")
KeyError: 'Variable birth_year does not exist'
[2023-05-17T10:13:30.215+0000] {taskinstance.py:1323} INFO - Marking task as UP_FOR_RETRY. dag_id=age_check, task_id=age_check, execution_date=20221020T000000, start_date=20230517T101329, end_date=20230517T101330
[2023-05-17T10:13:30.224+0000] {standard_task_runner.py:105} ERROR - Failed to execute job 649 for task age_check ('Variable birth_year does not exist'; 5362)
[2023-05-17T10:13:30.269+0000] {local_task_job.py:208} INFO - Task exited with return code 1
[2023-05-17T10:13:30.289+0000] {taskinstance.py:2578} INFO - 0 downstream tasks scheduled from follow-on schedule check
