[2023-04-19T12:44:47.795+0000] {taskinstance.py:1083} INFO - Dependencies all met for <TaskInstance: age_check.age_check scheduled__2022-12-08T00:00:00+00:00 [queued]>
[2023-04-19T12:44:47.821+0000] {taskinstance.py:1083} INFO - Dependencies all met for <TaskInstance: age_check.age_check scheduled__2022-12-08T00:00:00+00:00 [queued]>
[2023-04-19T12:44:47.823+0000] {taskinstance.py:1279} INFO - 
--------------------------------------------------------------------------------
[2023-04-19T12:44:47.824+0000] {taskinstance.py:1280} INFO - Starting attempt 3 of 4
[2023-04-19T12:44:47.825+0000] {taskinstance.py:1281} INFO - 
--------------------------------------------------------------------------------
[2023-04-19T12:44:47.849+0000] {taskinstance.py:1300} INFO - Executing <Task(PythonOperator): age_check> on 2022-12-08 00:00:00+00:00
[2023-04-19T12:44:47.858+0000] {standard_task_runner.py:55} INFO - Started process 23527 to run task
[2023-04-19T12:44:47.863+0000] {standard_task_runner.py:82} INFO - Running: ['***', 'tasks', 'run', 'age_check', 'age_check', 'scheduled__2022-12-08T00:00:00+00:00', '--job-id', '1428', '--raw', '--subdir', 'DAGS_FOLDER/age.py', '--cfg-path', '/tmp/tmpqbny2r0d']
[2023-04-19T12:44:47.866+0000] {standard_task_runner.py:83} INFO - Job 1428: Subtask age_check
[2023-04-19T12:44:48.002+0000] {task_command.py:388} INFO - Running <TaskInstance: age_check.age_check scheduled__2022-12-08T00:00:00+00:00 [running]> on host fe34f61acbb3
[2023-04-19T12:44:48.178+0000] {taskinstance.py:1509} INFO - Exporting the following env vars:
AIRFLOW_CTX_DAG_OWNER=***
AIRFLOW_CTX_DAG_ID=age_check
AIRFLOW_CTX_TASK_ID=age_check
AIRFLOW_CTX_EXECUTION_DATE=2022-12-08T00:00:00+00:00
AIRFLOW_CTX_TRY_NUMBER=3
AIRFLOW_CTX_DAG_RUN_ID=scheduled__2022-12-08T00:00:00+00:00
[2023-04-19T12:44:48.191+0000] {taskinstance.py:1768} ERROR - Task failed with exception
Traceback (most recent call last):
  File "/home/airflow/.local/lib/python3.7/site-packages/airflow/operators/python.py", line 175, in execute
    return_value = self.execute_callable()
  File "/home/airflow/.local/lib/python3.7/site-packages/airflow/operators/python.py", line 192, in execute_callable
    return self.python_callable(*self.op_args, **self.op_kwargs)
  File "/opt/airflow/dags/age.py", line 35, in age_check
    birth_year = int(Variable.get('birth_year'))
  File "/home/airflow/.local/lib/python3.7/site-packages/airflow/models/variable.py", line 141, in get
    raise KeyError(f"Variable {key} does not exist")
KeyError: 'Variable birth_year does not exist'
[2023-04-19T12:44:48.260+0000] {taskinstance.py:1323} INFO - Marking task as UP_FOR_RETRY. dag_id=age_check, task_id=age_check, execution_date=20221208T000000, start_date=20230419T124447, end_date=20230419T124448
[2023-04-19T12:44:48.290+0000] {standard_task_runner.py:105} ERROR - Failed to execute job 1428 for task age_check ('Variable birth_year does not exist'; 23527)
[2023-04-19T12:44:48.336+0000] {local_task_job.py:208} INFO - Task exited with return code 1
[2023-04-19T12:44:48.379+0000] {taskinstance.py:2578} INFO - 0 downstream tasks scheduled from follow-on schedule check
[2023-05-20T20:56:13.045+0000] {taskinstance.py:1083} INFO - Dependencies all met for <TaskInstance: age_check.age_check scheduled__2022-12-08T00:00:00+00:00 [queued]>
[2023-05-20T20:56:13.061+0000] {taskinstance.py:1083} INFO - Dependencies all met for <TaskInstance: age_check.age_check scheduled__2022-12-08T00:00:00+00:00 [queued]>
[2023-05-20T20:56:13.062+0000] {taskinstance.py:1279} INFO - 
--------------------------------------------------------------------------------
[2023-05-20T20:56:13.063+0000] {taskinstance.py:1280} INFO - Starting attempt 3 of 4
[2023-05-20T20:56:13.064+0000] {taskinstance.py:1281} INFO - 
--------------------------------------------------------------------------------
[2023-05-20T20:56:13.082+0000] {taskinstance.py:1300} INFO - Executing <Task(PythonOperator): age_check> on 2022-12-08 00:00:00+00:00
[2023-05-20T20:56:13.103+0000] {standard_task_runner.py:55} INFO - Started process 250 to run task
[2023-05-20T20:56:13.117+0000] {standard_task_runner.py:82} INFO - Running: ['***', 'tasks', 'run', 'age_check', 'age_check', 'scheduled__2022-12-08T00:00:00+00:00', '--job-id', '991', '--raw', '--subdir', 'DAGS_FOLDER/age.py', '--cfg-path', '/tmp/tmpq8ruggs3']
[2023-05-20T20:56:13.119+0000] {standard_task_runner.py:83} INFO - Job 991: Subtask age_check
[2023-05-20T20:56:13.207+0000] {task_command.py:388} INFO - Running <TaskInstance: age_check.age_check scheduled__2022-12-08T00:00:00+00:00 [running]> on host 242f95e3e8a8
[2023-05-20T20:56:13.290+0000] {taskinstance.py:1509} INFO - Exporting the following env vars:
AIRFLOW_CTX_DAG_OWNER=***
AIRFLOW_CTX_DAG_ID=age_check
AIRFLOW_CTX_TASK_ID=age_check
AIRFLOW_CTX_EXECUTION_DATE=2022-12-08T00:00:00+00:00
AIRFLOW_CTX_TRY_NUMBER=3
AIRFLOW_CTX_DAG_RUN_ID=scheduled__2022-12-08T00:00:00+00:00
[2023-05-20T20:56:13.320+0000] {taskinstance.py:1768} ERROR - Task failed with exception
Traceback (most recent call last):
  File "/home/airflow/.local/lib/python3.7/site-packages/airflow/operators/python.py", line 175, in execute
    return_value = self.execute_callable()
  File "/home/airflow/.local/lib/python3.7/site-packages/airflow/operators/python.py", line 192, in execute_callable
    return self.python_callable(*self.op_args, **self.op_kwargs)
  File "/opt/airflow/dags/age.py", line 35, in age_check
    birth_year = int(Variable.get('birth_year'))
  File "/home/airflow/.local/lib/python3.7/site-packages/airflow/models/variable.py", line 141, in get
    raise KeyError(f"Variable {key} does not exist")
KeyError: 'Variable birth_year does not exist'
[2023-05-20T20:56:13.334+0000] {taskinstance.py:1323} INFO - Marking task as UP_FOR_RETRY. dag_id=age_check, task_id=age_check, execution_date=20221208T000000, start_date=20230520T205613, end_date=20230520T205613
[2023-05-20T20:56:13.348+0000] {standard_task_runner.py:105} ERROR - Failed to execute job 991 for task age_check ('Variable birth_year does not exist'; 250)
[2023-05-20T20:56:13.366+0000] {local_task_job.py:208} INFO - Task exited with return code 1
[2023-05-20T20:56:13.392+0000] {taskinstance.py:2578} INFO - 0 downstream tasks scheduled from follow-on schedule check
