[2023-04-19T12:45:13.031+0000] {taskinstance.py:1083} INFO - Dependencies all met for <TaskInstance: age_check.age_check scheduled__2022-12-15T00:00:00+00:00 [queued]>
[2023-04-19T12:45:13.150+0000] {taskinstance.py:1083} INFO - Dependencies all met for <TaskInstance: age_check.age_check scheduled__2022-12-15T00:00:00+00:00 [queued]>
[2023-04-19T12:45:13.154+0000] {taskinstance.py:1279} INFO - 
--------------------------------------------------------------------------------
[2023-04-19T12:45:13.162+0000] {taskinstance.py:1280} INFO - Starting attempt 4 of 4
[2023-04-19T12:45:13.166+0000] {taskinstance.py:1281} INFO - 
--------------------------------------------------------------------------------
[2023-04-19T12:45:13.479+0000] {taskinstance.py:1300} INFO - Executing <Task(PythonOperator): age_check> on 2022-12-15 00:00:00+00:00
[2023-04-19T12:45:13.525+0000] {standard_task_runner.py:55} INFO - Started process 23619 to run task
[2023-04-19T12:45:13.549+0000] {standard_task_runner.py:82} INFO - Running: ['***', 'tasks', 'run', 'age_check', 'age_check', 'scheduled__2022-12-15T00:00:00+00:00', '--job-id', '1461', '--raw', '--subdir', 'DAGS_FOLDER/age.py', '--cfg-path', '/tmp/tmpl25j4ily']
[2023-04-19T12:45:13.557+0000] {standard_task_runner.py:83} INFO - Job 1461: Subtask age_check
[2023-04-19T12:45:14.135+0000] {task_command.py:388} INFO - Running <TaskInstance: age_check.age_check scheduled__2022-12-15T00:00:00+00:00 [running]> on host fe34f61acbb3
[2023-04-19T12:45:14.877+0000] {taskinstance.py:1509} INFO - Exporting the following env vars:
AIRFLOW_CTX_DAG_OWNER=***
AIRFLOW_CTX_DAG_ID=age_check
AIRFLOW_CTX_TASK_ID=age_check
AIRFLOW_CTX_EXECUTION_DATE=2022-12-15T00:00:00+00:00
AIRFLOW_CTX_TRY_NUMBER=4
AIRFLOW_CTX_DAG_RUN_ID=scheduled__2022-12-15T00:00:00+00:00
[2023-04-19T12:45:15.042+0000] {taskinstance.py:1768} ERROR - Task failed with exception
Traceback (most recent call last):
  File "/home/airflow/.local/lib/python3.7/site-packages/airflow/operators/python.py", line 175, in execute
    return_value = self.execute_callable()
  File "/home/airflow/.local/lib/python3.7/site-packages/airflow/operators/python.py", line 192, in execute_callable
    return self.python_callable(*self.op_args, **self.op_kwargs)
  File "/opt/airflow/dags/age.py", line 35, in age_check
    birth_year = int(Variable.get('birth_year'))
  File "/home/airflow/.local/lib/python3.7/site-packages/airflow/models/variable.py", line 141, in get
    raise KeyError(f"Variable {key} does not exist")
KeyError: 'Variable birth_year does not exist'
[2023-04-19T12:45:15.144+0000] {taskinstance.py:1323} INFO - Marking task as FAILED. dag_id=age_check, task_id=age_check, execution_date=20221215T000000, start_date=20230419T124513, end_date=20230419T124515
[2023-04-19T12:45:15.302+0000] {standard_task_runner.py:105} ERROR - Failed to execute job 1461 for task age_check ('Variable birth_year does not exist'; 23619)
[2023-04-19T12:45:15.591+0000] {local_task_job.py:208} INFO - Task exited with return code 1
[2023-04-19T12:45:15.882+0000] {taskinstance.py:2578} INFO - 0 downstream tasks scheduled from follow-on schedule check
[2023-05-20T20:56:44.874+0000] {taskinstance.py:1083} INFO - Dependencies all met for <TaskInstance: age_check.age_check scheduled__2022-12-15T00:00:00+00:00 [queued]>
[2023-05-20T20:56:44.882+0000] {taskinstance.py:1083} INFO - Dependencies all met for <TaskInstance: age_check.age_check scheduled__2022-12-15T00:00:00+00:00 [queued]>
[2023-05-20T20:56:44.883+0000] {taskinstance.py:1279} INFO - 
--------------------------------------------------------------------------------
[2023-05-20T20:56:44.883+0000] {taskinstance.py:1280} INFO - Starting attempt 4 of 4
[2023-05-20T20:56:44.885+0000] {taskinstance.py:1281} INFO - 
--------------------------------------------------------------------------------
[2023-05-20T20:56:44.898+0000] {taskinstance.py:1300} INFO - Executing <Task(PythonOperator): age_check> on 2022-12-15 00:00:00+00:00
[2023-05-20T20:56:44.904+0000] {standard_task_runner.py:55} INFO - Started process 367 to run task
[2023-05-20T20:56:44.913+0000] {standard_task_runner.py:82} INFO - Running: ['***', 'tasks', 'run', 'age_check', 'age_check', 'scheduled__2022-12-15T00:00:00+00:00', '--job-id', '1031', '--raw', '--subdir', 'DAGS_FOLDER/age.py', '--cfg-path', '/tmp/tmpydgw9ydt']
[2023-05-20T20:56:44.916+0000] {standard_task_runner.py:83} INFO - Job 1031: Subtask age_check
[2023-05-20T20:56:44.981+0000] {task_command.py:388} INFO - Running <TaskInstance: age_check.age_check scheduled__2022-12-15T00:00:00+00:00 [running]> on host 242f95e3e8a8
[2023-05-20T20:56:45.037+0000] {taskinstance.py:1509} INFO - Exporting the following env vars:
AIRFLOW_CTX_DAG_OWNER=***
AIRFLOW_CTX_DAG_ID=age_check
AIRFLOW_CTX_TASK_ID=age_check
AIRFLOW_CTX_EXECUTION_DATE=2022-12-15T00:00:00+00:00
AIRFLOW_CTX_TRY_NUMBER=4
AIRFLOW_CTX_DAG_RUN_ID=scheduled__2022-12-15T00:00:00+00:00
[2023-05-20T20:56:45.046+0000] {taskinstance.py:1768} ERROR - Task failed with exception
Traceback (most recent call last):
  File "/home/airflow/.local/lib/python3.7/site-packages/airflow/operators/python.py", line 175, in execute
    return_value = self.execute_callable()
  File "/home/airflow/.local/lib/python3.7/site-packages/airflow/operators/python.py", line 192, in execute_callable
    return self.python_callable(*self.op_args, **self.op_kwargs)
  File "/opt/airflow/dags/age.py", line 35, in age_check
    birth_year = int(Variable.get('birth_year'))
  File "/home/airflow/.local/lib/python3.7/site-packages/airflow/models/variable.py", line 141, in get
    raise KeyError(f"Variable {key} does not exist")
KeyError: 'Variable birth_year does not exist'
[2023-05-20T20:56:45.057+0000] {taskinstance.py:1323} INFO - Marking task as FAILED. dag_id=age_check, task_id=age_check, execution_date=20221215T000000, start_date=20230520T205644, end_date=20230520T205645
[2023-05-20T20:56:45.068+0000] {standard_task_runner.py:105} ERROR - Failed to execute job 1031 for task age_check ('Variable birth_year does not exist'; 367)
[2023-05-20T20:56:45.082+0000] {local_task_job.py:208} INFO - Task exited with return code 1
[2023-05-20T20:56:45.142+0000] {taskinstance.py:2578} INFO - 0 downstream tasks scheduled from follow-on schedule check
