[2023-04-19T12:44:17.677+0000] {taskinstance.py:1083} INFO - Dependencies all met for <TaskInstance: age_check.age_check scheduled__2022-12-04T00:00:00+00:00 [queued]>
[2023-04-19T12:44:17.752+0000] {taskinstance.py:1083} INFO - Dependencies all met for <TaskInstance: age_check.age_check scheduled__2022-12-04T00:00:00+00:00 [queued]>
[2023-04-19T12:44:17.754+0000] {taskinstance.py:1279} INFO - 
--------------------------------------------------------------------------------
[2023-04-19T12:44:17.755+0000] {taskinstance.py:1280} INFO - Starting attempt 1 of 4
[2023-04-19T12:44:17.758+0000] {taskinstance.py:1281} INFO - 
--------------------------------------------------------------------------------
[2023-04-19T12:44:17.841+0000] {taskinstance.py:1300} INFO - Executing <Task(PythonOperator): age_check> on 2022-12-04 00:00:00+00:00
[2023-04-19T12:44:17.888+0000] {standard_task_runner.py:55} INFO - Started process 23394 to run task
[2023-04-19T12:44:17.911+0000] {standard_task_runner.py:82} INFO - Running: ['***', 'tasks', 'run', 'age_check', 'age_check', 'scheduled__2022-12-04T00:00:00+00:00', '--job-id', '1369', '--raw', '--subdir', 'DAGS_FOLDER/age.py', '--cfg-path', '/tmp/tmppwnclzjn']
[2023-04-19T12:44:17.943+0000] {standard_task_runner.py:83} INFO - Job 1369: Subtask age_check
[2023-04-19T12:44:18.520+0000] {task_command.py:388} INFO - Running <TaskInstance: age_check.age_check scheduled__2022-12-04T00:00:00+00:00 [running]> on host fe34f61acbb3
[2023-04-19T12:44:19.093+0000] {taskinstance.py:1509} INFO - Exporting the following env vars:
AIRFLOW_CTX_DAG_OWNER=***
AIRFLOW_CTX_DAG_ID=age_check
AIRFLOW_CTX_TASK_ID=age_check
AIRFLOW_CTX_EXECUTION_DATE=2022-12-04T00:00:00+00:00
AIRFLOW_CTX_TRY_NUMBER=1
AIRFLOW_CTX_DAG_RUN_ID=scheduled__2022-12-04T00:00:00+00:00
[2023-04-19T12:44:19.137+0000] {taskinstance.py:1768} ERROR - Task failed with exception
Traceback (most recent call last):
  File "/home/airflow/.local/lib/python3.7/site-packages/airflow/operators/python.py", line 175, in execute
    return_value = self.execute_callable()
  File "/home/airflow/.local/lib/python3.7/site-packages/airflow/operators/python.py", line 192, in execute_callable
    return self.python_callable(*self.op_args, **self.op_kwargs)
  File "/opt/airflow/dags/age.py", line 35, in age_check
    birth_year = int(Variable.get('birth_year'))
  File "/home/airflow/.local/lib/python3.7/site-packages/airflow/models/variable.py", line 141, in get
    raise KeyError(f"Variable {key} does not exist")
KeyError: 'Variable birth_year does not exist'
[2023-04-19T12:44:19.179+0000] {taskinstance.py:1323} INFO - Marking task as UP_FOR_RETRY. dag_id=age_check, task_id=age_check, execution_date=20221204T000000, start_date=20230419T124417, end_date=20230419T124419
[2023-04-19T12:44:19.226+0000] {standard_task_runner.py:105} ERROR - Failed to execute job 1369 for task age_check ('Variable birth_year does not exist'; 23394)
[2023-04-19T12:44:19.323+0000] {local_task_job.py:208} INFO - Task exited with return code 1
[2023-04-19T12:44:19.502+0000] {taskinstance.py:2578} INFO - 0 downstream tasks scheduled from follow-on schedule check
[2023-05-20T20:55:44.509+0000] {taskinstance.py:1083} INFO - Dependencies all met for <TaskInstance: age_check.age_check scheduled__2022-12-04T00:00:00+00:00 [queued]>
[2023-05-20T20:55:44.530+0000] {taskinstance.py:1083} INFO - Dependencies all met for <TaskInstance: age_check.age_check scheduled__2022-12-04T00:00:00+00:00 [queued]>
[2023-05-20T20:55:44.532+0000] {taskinstance.py:1279} INFO - 
--------------------------------------------------------------------------------
[2023-05-20T20:55:44.532+0000] {taskinstance.py:1280} INFO - Starting attempt 1 of 4
[2023-05-20T20:55:44.534+0000] {taskinstance.py:1281} INFO - 
--------------------------------------------------------------------------------
[2023-05-20T20:55:44.548+0000] {taskinstance.py:1300} INFO - Executing <Task(PythonOperator): age_check> on 2022-12-04 00:00:00+00:00
[2023-05-20T20:55:44.556+0000] {standard_task_runner.py:55} INFO - Started process 90 to run task
[2023-05-20T20:55:44.572+0000] {standard_task_runner.py:82} INFO - Running: ['***', 'tasks', 'run', 'age_check', 'age_check', 'scheduled__2022-12-04T00:00:00+00:00', '--job-id', '922', '--raw', '--subdir', 'DAGS_FOLDER/age.py', '--cfg-path', '/tmp/tmpdfnnyuil']
[2023-05-20T20:55:44.575+0000] {standard_task_runner.py:83} INFO - Job 922: Subtask age_check
[2023-05-20T20:55:44.772+0000] {task_command.py:388} INFO - Running <TaskInstance: age_check.age_check scheduled__2022-12-04T00:00:00+00:00 [running]> on host 242f95e3e8a8
[2023-05-20T20:55:44.901+0000] {taskinstance.py:1509} INFO - Exporting the following env vars:
AIRFLOW_CTX_DAG_OWNER=***
AIRFLOW_CTX_DAG_ID=age_check
AIRFLOW_CTX_TASK_ID=age_check
AIRFLOW_CTX_EXECUTION_DATE=2022-12-04T00:00:00+00:00
AIRFLOW_CTX_TRY_NUMBER=1
AIRFLOW_CTX_DAG_RUN_ID=scheduled__2022-12-04T00:00:00+00:00
[2023-05-20T20:55:44.914+0000] {taskinstance.py:1768} ERROR - Task failed with exception
Traceback (most recent call last):
  File "/home/airflow/.local/lib/python3.7/site-packages/airflow/operators/python.py", line 175, in execute
    return_value = self.execute_callable()
  File "/home/airflow/.local/lib/python3.7/site-packages/airflow/operators/python.py", line 192, in execute_callable
    return self.python_callable(*self.op_args, **self.op_kwargs)
  File "/opt/airflow/dags/age.py", line 35, in age_check
    birth_year = int(Variable.get('birth_year'))
  File "/home/airflow/.local/lib/python3.7/site-packages/airflow/models/variable.py", line 141, in get
    raise KeyError(f"Variable {key} does not exist")
KeyError: 'Variable birth_year does not exist'
[2023-05-20T20:55:44.936+0000] {taskinstance.py:1323} INFO - Marking task as UP_FOR_RETRY. dag_id=age_check, task_id=age_check, execution_date=20221204T000000, start_date=20230520T205544, end_date=20230520T205544
[2023-05-20T20:55:44.964+0000] {standard_task_runner.py:105} ERROR - Failed to execute job 922 for task age_check ('Variable birth_year does not exist'; 90)
[2023-05-20T20:55:45.015+0000] {local_task_job.py:208} INFO - Task exited with return code 1
[2023-05-20T20:55:45.043+0000] {taskinstance.py:2578} INFO - 0 downstream tasks scheduled from follow-on schedule check
