[2023-04-19T12:44:20.235+0000] {taskinstance.py:1083} INFO - Dependencies all met for <TaskInstance: age_check.age_check scheduled__2022-12-03T00:00:00+00:00 [queued]>
[2023-04-19T12:44:20.343+0000] {taskinstance.py:1083} INFO - Dependencies all met for <TaskInstance: age_check.age_check scheduled__2022-12-03T00:00:00+00:00 [queued]>
[2023-04-19T12:44:20.352+0000] {taskinstance.py:1279} INFO - 
--------------------------------------------------------------------------------
[2023-04-19T12:44:20.355+0000] {taskinstance.py:1280} INFO - Starting attempt 4 of 4
[2023-04-19T12:44:20.357+0000] {taskinstance.py:1281} INFO - 
--------------------------------------------------------------------------------
[2023-04-19T12:44:20.444+0000] {taskinstance.py:1300} INFO - Executing <Task(PythonOperator): age_check> on 2022-12-03 00:00:00+00:00
[2023-04-19T12:44:20.468+0000] {standard_task_runner.py:55} INFO - Started process 23413 to run task
[2023-04-19T12:44:20.487+0000] {standard_task_runner.py:82} INFO - Running: ['***', 'tasks', 'run', 'age_check', 'age_check', 'scheduled__2022-12-03T00:00:00+00:00', '--job-id', '1380', '--raw', '--subdir', 'DAGS_FOLDER/age.py', '--cfg-path', '/tmp/tmpi82s0h8w']
[2023-04-19T12:44:20.495+0000] {standard_task_runner.py:83} INFO - Job 1380: Subtask age_check
[2023-04-19T12:44:21.145+0000] {task_command.py:388} INFO - Running <TaskInstance: age_check.age_check scheduled__2022-12-03T00:00:00+00:00 [running]> on host fe34f61acbb3
[2023-04-19T12:44:21.507+0000] {taskinstance.py:1509} INFO - Exporting the following env vars:
AIRFLOW_CTX_DAG_OWNER=***
AIRFLOW_CTX_DAG_ID=age_check
AIRFLOW_CTX_TASK_ID=age_check
AIRFLOW_CTX_EXECUTION_DATE=2022-12-03T00:00:00+00:00
AIRFLOW_CTX_TRY_NUMBER=4
AIRFLOW_CTX_DAG_RUN_ID=scheduled__2022-12-03T00:00:00+00:00
[2023-04-19T12:44:21.535+0000] {taskinstance.py:1768} ERROR - Task failed with exception
Traceback (most recent call last):
  File "/home/airflow/.local/lib/python3.7/site-packages/airflow/operators/python.py", line 175, in execute
    return_value = self.execute_callable()
  File "/home/airflow/.local/lib/python3.7/site-packages/airflow/operators/python.py", line 192, in execute_callable
    return self.python_callable(*self.op_args, **self.op_kwargs)
  File "/opt/airflow/dags/age.py", line 35, in age_check
    birth_year = int(Variable.get('birth_year'))
  File "/home/airflow/.local/lib/python3.7/site-packages/airflow/models/variable.py", line 141, in get
    raise KeyError(f"Variable {key} does not exist")
KeyError: 'Variable birth_year does not exist'
[2023-04-19T12:44:21.563+0000] {taskinstance.py:1323} INFO - Marking task as FAILED. dag_id=age_check, task_id=age_check, execution_date=20221203T000000, start_date=20230419T124420, end_date=20230419T124421
[2023-04-19T12:44:21.593+0000] {standard_task_runner.py:105} ERROR - Failed to execute job 1380 for task age_check ('Variable birth_year does not exist'; 23413)
[2023-04-19T12:44:21.685+0000] {local_task_job.py:208} INFO - Task exited with return code 1
[2023-04-19T12:44:21.769+0000] {taskinstance.py:2578} INFO - 0 downstream tasks scheduled from follow-on schedule check
[2023-05-20T20:55:50.819+0000] {taskinstance.py:1083} INFO - Dependencies all met for <TaskInstance: age_check.age_check scheduled__2022-12-03T00:00:00+00:00 [queued]>
[2023-05-20T20:55:50.827+0000] {taskinstance.py:1083} INFO - Dependencies all met for <TaskInstance: age_check.age_check scheduled__2022-12-03T00:00:00+00:00 [queued]>
[2023-05-20T20:55:50.828+0000] {taskinstance.py:1279} INFO - 
--------------------------------------------------------------------------------
[2023-05-20T20:55:50.829+0000] {taskinstance.py:1280} INFO - Starting attempt 4 of 4
[2023-05-20T20:55:50.830+0000] {taskinstance.py:1281} INFO - 
--------------------------------------------------------------------------------
[2023-05-20T20:55:50.840+0000] {taskinstance.py:1300} INFO - Executing <Task(PythonOperator): age_check> on 2022-12-03 00:00:00+00:00
[2023-05-20T20:55:50.844+0000] {standard_task_runner.py:55} INFO - Started process 113 to run task
[2023-05-20T20:55:50.849+0000] {standard_task_runner.py:82} INFO - Running: ['***', 'tasks', 'run', 'age_check', 'age_check', 'scheduled__2022-12-03T00:00:00+00:00', '--job-id', '935', '--raw', '--subdir', 'DAGS_FOLDER/age.py', '--cfg-path', '/tmp/tmp7gw_5a74']
[2023-05-20T20:55:50.852+0000] {standard_task_runner.py:83} INFO - Job 935: Subtask age_check
[2023-05-20T20:55:50.939+0000] {task_command.py:388} INFO - Running <TaskInstance: age_check.age_check scheduled__2022-12-03T00:00:00+00:00 [running]> on host 242f95e3e8a8
[2023-05-20T20:55:50.990+0000] {taskinstance.py:1509} INFO - Exporting the following env vars:
AIRFLOW_CTX_DAG_OWNER=***
AIRFLOW_CTX_DAG_ID=age_check
AIRFLOW_CTX_TASK_ID=age_check
AIRFLOW_CTX_EXECUTION_DATE=2022-12-03T00:00:00+00:00
AIRFLOW_CTX_TRY_NUMBER=4
AIRFLOW_CTX_DAG_RUN_ID=scheduled__2022-12-03T00:00:00+00:00
[2023-05-20T20:55:51.000+0000] {taskinstance.py:1768} ERROR - Task failed with exception
Traceback (most recent call last):
  File "/home/airflow/.local/lib/python3.7/site-packages/airflow/operators/python.py", line 175, in execute
    return_value = self.execute_callable()
  File "/home/airflow/.local/lib/python3.7/site-packages/airflow/operators/python.py", line 192, in execute_callable
    return self.python_callable(*self.op_args, **self.op_kwargs)
  File "/opt/airflow/dags/age.py", line 35, in age_check
    birth_year = int(Variable.get('birth_year'))
  File "/home/airflow/.local/lib/python3.7/site-packages/airflow/models/variable.py", line 141, in get
    raise KeyError(f"Variable {key} does not exist")
KeyError: 'Variable birth_year does not exist'
[2023-05-20T20:55:51.013+0000] {taskinstance.py:1323} INFO - Marking task as FAILED. dag_id=age_check, task_id=age_check, execution_date=20221203T000000, start_date=20230520T205550, end_date=20230520T205551
[2023-05-20T20:55:51.022+0000] {standard_task_runner.py:105} ERROR - Failed to execute job 935 for task age_check ('Variable birth_year does not exist'; 113)
[2023-05-20T20:55:51.066+0000] {local_task_job.py:208} INFO - Task exited with return code 1
[2023-05-20T20:55:51.086+0000] {taskinstance.py:2578} INFO - 0 downstream tasks scheduled from follow-on schedule check
