[2023-04-19T12:45:24.024+0000] {taskinstance.py:1083} INFO - Dependencies all met for <TaskInstance: age_check.age_check scheduled__2022-12-24T00:00:00+00:00 [queued]>
[2023-04-19T12:45:24.099+0000] {taskinstance.py:1083} INFO - Dependencies all met for <TaskInstance: age_check.age_check scheduled__2022-12-24T00:00:00+00:00 [queued]>
[2023-04-19T12:45:24.100+0000] {taskinstance.py:1279} INFO - 
--------------------------------------------------------------------------------
[2023-04-19T12:45:24.102+0000] {taskinstance.py:1280} INFO - Starting attempt 1 of 4
[2023-04-19T12:45:24.104+0000] {taskinstance.py:1281} INFO - 
--------------------------------------------------------------------------------
[2023-04-19T12:45:24.153+0000] {taskinstance.py:1300} INFO - Executing <Task(PythonOperator): age_check> on 2022-12-24 00:00:00+00:00
[2023-04-19T12:45:24.171+0000] {standard_task_runner.py:55} INFO - Started process 23660 to run task
[2023-04-19T12:45:24.177+0000] {standard_task_runner.py:82} INFO - Running: ['***', 'tasks', 'run', 'age_check', 'age_check', 'scheduled__2022-12-24T00:00:00+00:00', '--job-id', '1483', '--raw', '--subdir', 'DAGS_FOLDER/age.py', '--cfg-path', '/tmp/tmpbtnnrxpb']
[2023-04-19T12:45:24.199+0000] {standard_task_runner.py:83} INFO - Job 1483: Subtask age_check
[2023-04-19T12:45:24.386+0000] {task_command.py:388} INFO - Running <TaskInstance: age_check.age_check scheduled__2022-12-24T00:00:00+00:00 [running]> on host fe34f61acbb3
[2023-04-19T12:45:24.553+0000] {taskinstance.py:1509} INFO - Exporting the following env vars:
AIRFLOW_CTX_DAG_OWNER=***
AIRFLOW_CTX_DAG_ID=age_check
AIRFLOW_CTX_TASK_ID=age_check
AIRFLOW_CTX_EXECUTION_DATE=2022-12-24T00:00:00+00:00
AIRFLOW_CTX_TRY_NUMBER=1
AIRFLOW_CTX_DAG_RUN_ID=scheduled__2022-12-24T00:00:00+00:00
[2023-04-19T12:45:24.568+0000] {taskinstance.py:1768} ERROR - Task failed with exception
Traceback (most recent call last):
  File "/home/airflow/.local/lib/python3.7/site-packages/airflow/operators/python.py", line 175, in execute
    return_value = self.execute_callable()
  File "/home/airflow/.local/lib/python3.7/site-packages/airflow/operators/python.py", line 192, in execute_callable
    return self.python_callable(*self.op_args, **self.op_kwargs)
  File "/opt/airflow/dags/age.py", line 35, in age_check
    birth_year = int(Variable.get('birth_year'))
  File "/home/airflow/.local/lib/python3.7/site-packages/airflow/models/variable.py", line 141, in get
    raise KeyError(f"Variable {key} does not exist")
KeyError: 'Variable birth_year does not exist'
[2023-04-19T12:45:24.609+0000] {taskinstance.py:1323} INFO - Marking task as UP_FOR_RETRY. dag_id=age_check, task_id=age_check, execution_date=20221224T000000, start_date=20230419T124524, end_date=20230419T124524
[2023-04-19T12:45:24.637+0000] {standard_task_runner.py:105} ERROR - Failed to execute job 1483 for task age_check ('Variable birth_year does not exist'; 23660)
[2023-04-19T12:45:24.703+0000] {local_task_job.py:208} INFO - Task exited with return code 1
[2023-04-19T12:45:24.731+0000] {taskinstance.py:2578} INFO - 0 downstream tasks scheduled from follow-on schedule check
[2023-05-20T20:56:59.368+0000] {taskinstance.py:1083} INFO - Dependencies all met for <TaskInstance: age_check.age_check scheduled__2022-12-24T00:00:00+00:00 [queued]>
[2023-05-20T20:56:59.463+0000] {taskinstance.py:1083} INFO - Dependencies all met for <TaskInstance: age_check.age_check scheduled__2022-12-24T00:00:00+00:00 [queued]>
[2023-05-20T20:56:59.464+0000] {taskinstance.py:1279} INFO - 
--------------------------------------------------------------------------------
[2023-05-20T20:56:59.465+0000] {taskinstance.py:1280} INFO - Starting attempt 1 of 4
[2023-05-20T20:56:59.466+0000] {taskinstance.py:1281} INFO - 
--------------------------------------------------------------------------------
[2023-05-20T20:56:59.501+0000] {taskinstance.py:1300} INFO - Executing <Task(PythonOperator): age_check> on 2022-12-24 00:00:00+00:00
[2023-05-20T20:56:59.513+0000] {standard_task_runner.py:55} INFO - Started process 476 to run task
[2023-05-20T20:56:59.547+0000] {standard_task_runner.py:82} INFO - Running: ['***', 'tasks', 'run', 'age_check', 'age_check', 'scheduled__2022-12-24T00:00:00+00:00', '--job-id', '1076', '--raw', '--subdir', 'DAGS_FOLDER/age.py', '--cfg-path', '/tmp/tmpg4afhc2t']
[2023-05-20T20:56:59.558+0000] {standard_task_runner.py:83} INFO - Job 1076: Subtask age_check
[2023-05-20T20:56:59.882+0000] {task_command.py:388} INFO - Running <TaskInstance: age_check.age_check scheduled__2022-12-24T00:00:00+00:00 [running]> on host 242f95e3e8a8
[2023-05-20T20:57:00.264+0000] {taskinstance.py:1509} INFO - Exporting the following env vars:
AIRFLOW_CTX_DAG_OWNER=***
AIRFLOW_CTX_DAG_ID=age_check
AIRFLOW_CTX_TASK_ID=age_check
AIRFLOW_CTX_EXECUTION_DATE=2022-12-24T00:00:00+00:00
AIRFLOW_CTX_TRY_NUMBER=1
AIRFLOW_CTX_DAG_RUN_ID=scheduled__2022-12-24T00:00:00+00:00
[2023-05-20T20:57:00.292+0000] {taskinstance.py:1768} ERROR - Task failed with exception
Traceback (most recent call last):
  File "/home/airflow/.local/lib/python3.7/site-packages/airflow/operators/python.py", line 175, in execute
    return_value = self.execute_callable()
  File "/home/airflow/.local/lib/python3.7/site-packages/airflow/operators/python.py", line 192, in execute_callable
    return self.python_callable(*self.op_args, **self.op_kwargs)
  File "/opt/airflow/dags/age.py", line 35, in age_check
    birth_year = int(Variable.get('birth_year'))
  File "/home/airflow/.local/lib/python3.7/site-packages/airflow/models/variable.py", line 141, in get
    raise KeyError(f"Variable {key} does not exist")
KeyError: 'Variable birth_year does not exist'
[2023-05-20T20:57:00.355+0000] {taskinstance.py:1323} INFO - Marking task as UP_FOR_RETRY. dag_id=age_check, task_id=age_check, execution_date=20221224T000000, start_date=20230520T205659, end_date=20230520T205700
[2023-05-20T20:57:00.475+0000] {standard_task_runner.py:105} ERROR - Failed to execute job 1076 for task age_check ('Variable birth_year does not exist'; 476)
[2023-05-20T20:57:00.557+0000] {local_task_job.py:208} INFO - Task exited with return code 1
[2023-05-20T20:57:00.680+0000] {taskinstance.py:2578} INFO - 0 downstream tasks scheduled from follow-on schedule check
