[2023-04-19T12:46:02.382+0000] {taskinstance.py:1083} INFO - Dependencies all met for <TaskInstance: age_check.age_check scheduled__2022-12-27T00:00:00+00:00 [queued]>
[2023-04-19T12:46:02.395+0000] {taskinstance.py:1083} INFO - Dependencies all met for <TaskInstance: age_check.age_check scheduled__2022-12-27T00:00:00+00:00 [queued]>
[2023-04-19T12:46:02.396+0000] {taskinstance.py:1279} INFO - 
--------------------------------------------------------------------------------
[2023-04-19T12:46:02.397+0000] {taskinstance.py:1280} INFO - Starting attempt 2 of 4
[2023-04-19T12:46:02.398+0000] {taskinstance.py:1281} INFO - 
--------------------------------------------------------------------------------
[2023-04-19T12:46:02.411+0000] {taskinstance.py:1300} INFO - Executing <Task(PythonOperator): age_check> on 2022-12-27 00:00:00+00:00
[2023-04-19T12:46:02.419+0000] {standard_task_runner.py:55} INFO - Started process 23807 to run task
[2023-04-19T12:46:02.422+0000] {standard_task_runner.py:82} INFO - Running: ['***', 'tasks', 'run', 'age_check', 'age_check', 'scheduled__2022-12-27T00:00:00+00:00', '--job-id', '1539', '--raw', '--subdir', 'DAGS_FOLDER/age.py', '--cfg-path', '/tmp/tmpm0z4db1p']
[2023-04-19T12:46:02.424+0000] {standard_task_runner.py:83} INFO - Job 1539: Subtask age_check
[2023-04-19T12:46:02.494+0000] {task_command.py:388} INFO - Running <TaskInstance: age_check.age_check scheduled__2022-12-27T00:00:00+00:00 [running]> on host fe34f61acbb3
[2023-04-19T12:46:02.569+0000] {taskinstance.py:1509} INFO - Exporting the following env vars:
AIRFLOW_CTX_DAG_OWNER=***
AIRFLOW_CTX_DAG_ID=age_check
AIRFLOW_CTX_TASK_ID=age_check
AIRFLOW_CTX_EXECUTION_DATE=2022-12-27T00:00:00+00:00
AIRFLOW_CTX_TRY_NUMBER=2
AIRFLOW_CTX_DAG_RUN_ID=scheduled__2022-12-27T00:00:00+00:00
[2023-04-19T12:46:02.577+0000] {taskinstance.py:1768} ERROR - Task failed with exception
Traceback (most recent call last):
  File "/home/airflow/.local/lib/python3.7/site-packages/airflow/operators/python.py", line 175, in execute
    return_value = self.execute_callable()
  File "/home/airflow/.local/lib/python3.7/site-packages/airflow/operators/python.py", line 192, in execute_callable
    return self.python_callable(*self.op_args, **self.op_kwargs)
  File "/opt/airflow/dags/age.py", line 35, in age_check
    birth_year = int(Variable.get('birth_year'))
  File "/home/airflow/.local/lib/python3.7/site-packages/airflow/models/variable.py", line 141, in get
    raise KeyError(f"Variable {key} does not exist")
KeyError: 'Variable birth_year does not exist'
[2023-04-19T12:46:02.614+0000] {taskinstance.py:1323} INFO - Marking task as UP_FOR_RETRY. dag_id=age_check, task_id=age_check, execution_date=20221227T000000, start_date=20230419T124602, end_date=20230419T124602
[2023-04-19T12:46:02.624+0000] {standard_task_runner.py:105} ERROR - Failed to execute job 1539 for task age_check ('Variable birth_year does not exist'; 23807)
[2023-04-19T12:46:02.677+0000] {local_task_job.py:208} INFO - Task exited with return code 1
[2023-04-19T12:46:02.744+0000] {taskinstance.py:2578} INFO - 0 downstream tasks scheduled from follow-on schedule check
[2023-05-20T20:57:13.067+0000] {taskinstance.py:1083} INFO - Dependencies all met for <TaskInstance: age_check.age_check scheduled__2022-12-27T00:00:00+00:00 [queued]>
[2023-05-20T20:57:13.091+0000] {taskinstance.py:1083} INFO - Dependencies all met for <TaskInstance: age_check.age_check scheduled__2022-12-27T00:00:00+00:00 [queued]>
[2023-05-20T20:57:13.092+0000] {taskinstance.py:1279} INFO - 
--------------------------------------------------------------------------------
[2023-05-20T20:57:13.094+0000] {taskinstance.py:1280} INFO - Starting attempt 2 of 4
[2023-05-20T20:57:13.095+0000] {taskinstance.py:1281} INFO - 
--------------------------------------------------------------------------------
[2023-05-20T20:57:13.123+0000] {taskinstance.py:1300} INFO - Executing <Task(PythonOperator): age_check> on 2022-12-27 00:00:00+00:00
[2023-05-20T20:57:13.129+0000] {standard_task_runner.py:55} INFO - Started process 538 to run task
[2023-05-20T20:57:13.138+0000] {standard_task_runner.py:82} INFO - Running: ['***', 'tasks', 'run', 'age_check', 'age_check', 'scheduled__2022-12-27T00:00:00+00:00', '--job-id', '1103', '--raw', '--subdir', 'DAGS_FOLDER/age.py', '--cfg-path', '/tmp/tmppb7kcyki']
[2023-05-20T20:57:13.141+0000] {standard_task_runner.py:83} INFO - Job 1103: Subtask age_check
[2023-05-20T20:57:13.226+0000] {task_command.py:388} INFO - Running <TaskInstance: age_check.age_check scheduled__2022-12-27T00:00:00+00:00 [running]> on host 242f95e3e8a8
[2023-05-20T20:57:13.305+0000] {taskinstance.py:1509} INFO - Exporting the following env vars:
AIRFLOW_CTX_DAG_OWNER=***
AIRFLOW_CTX_DAG_ID=age_check
AIRFLOW_CTX_TASK_ID=age_check
AIRFLOW_CTX_EXECUTION_DATE=2022-12-27T00:00:00+00:00
AIRFLOW_CTX_TRY_NUMBER=2
AIRFLOW_CTX_DAG_RUN_ID=scheduled__2022-12-27T00:00:00+00:00
[2023-05-20T20:57:13.320+0000] {taskinstance.py:1768} ERROR - Task failed with exception
Traceback (most recent call last):
  File "/home/airflow/.local/lib/python3.7/site-packages/airflow/operators/python.py", line 175, in execute
    return_value = self.execute_callable()
  File "/home/airflow/.local/lib/python3.7/site-packages/airflow/operators/python.py", line 192, in execute_callable
    return self.python_callable(*self.op_args, **self.op_kwargs)
  File "/opt/airflow/dags/age.py", line 35, in age_check
    birth_year = int(Variable.get('birth_year'))
  File "/home/airflow/.local/lib/python3.7/site-packages/airflow/models/variable.py", line 141, in get
    raise KeyError(f"Variable {key} does not exist")
KeyError: 'Variable birth_year does not exist'
[2023-05-20T20:57:13.347+0000] {taskinstance.py:1323} INFO - Marking task as UP_FOR_RETRY. dag_id=age_check, task_id=age_check, execution_date=20221227T000000, start_date=20230520T205713, end_date=20230520T205713
[2023-05-20T20:57:13.357+0000] {standard_task_runner.py:105} ERROR - Failed to execute job 1103 for task age_check ('Variable birth_year does not exist'; 538)
[2023-05-20T20:57:13.392+0000] {local_task_job.py:208} INFO - Task exited with return code 1
[2023-05-20T20:57:13.416+0000] {taskinstance.py:2578} INFO - 0 downstream tasks scheduled from follow-on schedule check
