[2023-04-19T12:47:32.019+0000] {taskinstance.py:1083} INFO - Dependencies all met for <TaskInstance: age_check.age_check scheduled__2023-01-20T00:00:00+00:00 [queued]>
[2023-04-19T12:47:32.036+0000] {taskinstance.py:1083} INFO - Dependencies all met for <TaskInstance: age_check.age_check scheduled__2023-01-20T00:00:00+00:00 [queued]>
[2023-04-19T12:47:32.038+0000] {taskinstance.py:1279} INFO - 
--------------------------------------------------------------------------------
[2023-04-19T12:47:32.039+0000] {taskinstance.py:1280} INFO - Starting attempt 4 of 4
[2023-04-19T12:47:32.040+0000] {taskinstance.py:1281} INFO - 
--------------------------------------------------------------------------------
[2023-04-19T12:47:32.048+0000] {taskinstance.py:1300} INFO - Executing <Task(PythonOperator): age_check> on 2023-01-20 00:00:00+00:00
[2023-04-19T12:47:32.054+0000] {standard_task_runner.py:55} INFO - Started process 24227 to run task
[2023-04-19T12:47:32.058+0000] {standard_task_runner.py:82} INFO - Running: ['***', 'tasks', 'run', 'age_check', 'age_check', 'scheduled__2023-01-20T00:00:00+00:00', '--job-id', '1713', '--raw', '--subdir', 'DAGS_FOLDER/age.py', '--cfg-path', '/tmp/tmpovu0ea3k']
[2023-04-19T12:47:32.059+0000] {standard_task_runner.py:83} INFO - Job 1713: Subtask age_check
[2023-04-19T12:47:32.109+0000] {task_command.py:388} INFO - Running <TaskInstance: age_check.age_check scheduled__2023-01-20T00:00:00+00:00 [running]> on host fe34f61acbb3
[2023-04-19T12:47:32.153+0000] {taskinstance.py:1509} INFO - Exporting the following env vars:
AIRFLOW_CTX_DAG_OWNER=***
AIRFLOW_CTX_DAG_ID=age_check
AIRFLOW_CTX_TASK_ID=age_check
AIRFLOW_CTX_EXECUTION_DATE=2023-01-20T00:00:00+00:00
AIRFLOW_CTX_TRY_NUMBER=4
AIRFLOW_CTX_DAG_RUN_ID=scheduled__2023-01-20T00:00:00+00:00
[2023-04-19T12:47:32.161+0000] {taskinstance.py:1768} ERROR - Task failed with exception
Traceback (most recent call last):
  File "/home/airflow/.local/lib/python3.7/site-packages/airflow/operators/python.py", line 175, in execute
    return_value = self.execute_callable()
  File "/home/airflow/.local/lib/python3.7/site-packages/airflow/operators/python.py", line 192, in execute_callable
    return self.python_callable(*self.op_args, **self.op_kwargs)
  File "/opt/airflow/dags/age.py", line 35, in age_check
    birth_year = int(Variable.get('birth_year'))
  File "/home/airflow/.local/lib/python3.7/site-packages/airflow/models/variable.py", line 141, in get
    raise KeyError(f"Variable {key} does not exist")
KeyError: 'Variable birth_year does not exist'
[2023-04-19T12:47:32.199+0000] {taskinstance.py:1323} INFO - Marking task as FAILED. dag_id=age_check, task_id=age_check, execution_date=20230120T000000, start_date=20230419T124732, end_date=20230419T124732
[2023-04-19T12:47:32.208+0000] {standard_task_runner.py:105} ERROR - Failed to execute job 1713 for task age_check ('Variable birth_year does not exist'; 24227)
[2023-04-19T12:47:32.231+0000] {local_task_job.py:208} INFO - Task exited with return code 1
[2023-04-19T12:47:32.251+0000] {taskinstance.py:2578} INFO - 0 downstream tasks scheduled from follow-on schedule check
[2023-05-20T20:58:41.779+0000] {taskinstance.py:1083} INFO - Dependencies all met for <TaskInstance: age_check.age_check scheduled__2023-01-20T00:00:00+00:00 [queued]>
[2023-05-20T20:58:41.804+0000] {taskinstance.py:1083} INFO - Dependencies all met for <TaskInstance: age_check.age_check scheduled__2023-01-20T00:00:00+00:00 [queued]>
[2023-05-20T20:58:41.812+0000] {taskinstance.py:1279} INFO - 
--------------------------------------------------------------------------------
[2023-05-20T20:58:41.818+0000] {taskinstance.py:1280} INFO - Starting attempt 4 of 4
[2023-05-20T20:58:41.824+0000] {taskinstance.py:1281} INFO - 
--------------------------------------------------------------------------------
[2023-05-20T20:58:41.882+0000] {taskinstance.py:1300} INFO - Executing <Task(PythonOperator): age_check> on 2023-01-20 00:00:00+00:00
[2023-05-20T20:58:41.903+0000] {standard_task_runner.py:55} INFO - Started process 926 to run task
[2023-05-20T20:58:41.921+0000] {standard_task_runner.py:82} INFO - Running: ['***', 'tasks', 'run', 'age_check', 'age_check', 'scheduled__2023-01-20T00:00:00+00:00', '--job-id', '1263', '--raw', '--subdir', 'DAGS_FOLDER/age.py', '--cfg-path', '/tmp/tmpwlikh5wg']
[2023-05-20T20:58:41.927+0000] {standard_task_runner.py:83} INFO - Job 1263: Subtask age_check
[2023-05-20T20:58:42.115+0000] {task_command.py:388} INFO - Running <TaskInstance: age_check.age_check scheduled__2023-01-20T00:00:00+00:00 [running]> on host 242f95e3e8a8
[2023-05-20T20:58:42.193+0000] {taskinstance.py:1509} INFO - Exporting the following env vars:
AIRFLOW_CTX_DAG_OWNER=***
AIRFLOW_CTX_DAG_ID=age_check
AIRFLOW_CTX_TASK_ID=age_check
AIRFLOW_CTX_EXECUTION_DATE=2023-01-20T00:00:00+00:00
AIRFLOW_CTX_TRY_NUMBER=4
AIRFLOW_CTX_DAG_RUN_ID=scheduled__2023-01-20T00:00:00+00:00
[2023-05-20T20:58:42.203+0000] {taskinstance.py:1768} ERROR - Task failed with exception
Traceback (most recent call last):
  File "/home/airflow/.local/lib/python3.7/site-packages/airflow/operators/python.py", line 175, in execute
    return_value = self.execute_callable()
  File "/home/airflow/.local/lib/python3.7/site-packages/airflow/operators/python.py", line 192, in execute_callable
    return self.python_callable(*self.op_args, **self.op_kwargs)
  File "/opt/airflow/dags/age.py", line 35, in age_check
    birth_year = int(Variable.get('birth_year'))
  File "/home/airflow/.local/lib/python3.7/site-packages/airflow/models/variable.py", line 141, in get
    raise KeyError(f"Variable {key} does not exist")
KeyError: 'Variable birth_year does not exist'
[2023-05-20T20:58:42.217+0000] {taskinstance.py:1323} INFO - Marking task as FAILED. dag_id=age_check, task_id=age_check, execution_date=20230120T000000, start_date=20230520T205841, end_date=20230520T205842
[2023-05-20T20:58:42.226+0000] {standard_task_runner.py:105} ERROR - Failed to execute job 1263 for task age_check ('Variable birth_year does not exist'; 926)
[2023-05-20T20:58:42.251+0000] {local_task_job.py:208} INFO - Task exited with return code 1
[2023-05-20T20:58:42.275+0000] {taskinstance.py:2578} INFO - 0 downstream tasks scheduled from follow-on schedule check
