[2023-08-27T17:46:02.202+0000] {taskinstance.py:1083} INFO - Dependencies all met for <TaskInstance: read_s3_file.read_s3_file manual__2023-08-27T17:45:20.645137+00:00 [queued]>
[2023-08-27T17:46:02.211+0000] {taskinstance.py:1083} INFO - Dependencies all met for <TaskInstance: read_s3_file.read_s3_file manual__2023-08-27T17:45:20.645137+00:00 [queued]>
[2023-08-27T17:46:02.212+0000] {taskinstance.py:1279} INFO - 
--------------------------------------------------------------------------------
[2023-08-27T17:46:02.213+0000] {taskinstance.py:1280} INFO - Starting attempt 4 of 4
[2023-08-27T17:46:02.214+0000] {taskinstance.py:1281} INFO - 
--------------------------------------------------------------------------------
[2023-08-27T17:46:02.238+0000] {taskinstance.py:1300} INFO - Executing <Task(PythonOperator): read_s3_file> on 2023-08-27 17:45:20.645137+00:00
[2023-08-27T17:46:02.245+0000] {standard_task_runner.py:55} INFO - Started process 62871 to run task
[2023-08-27T17:46:02.258+0000] {standard_task_runner.py:82} INFO - Running: ['***', 'tasks', 'run', 'read_s3_file', 'read_s3_file', 'manual__2023-08-27T17:45:20.645137+00:00', '--job-id', '4265', '--raw', '--subdir', 'DAGS_FOLDER/desmond.py', '--cfg-path', '/tmp/tmp1h1xb53i']
[2023-08-27T17:46:02.263+0000] {standard_task_runner.py:83} INFO - Job 4265: Subtask read_s3_file
[2023-08-27T17:46:02.363+0000] {task_command.py:388} INFO - Running <TaskInstance: read_s3_file.read_s3_file manual__2023-08-27T17:45:20.645137+00:00 [running]> on host 25f6b46723d1
[2023-08-27T17:46:02.450+0000] {taskinstance.py:1509} INFO - Exporting the following env vars:
AIRFLOW_CTX_DAG_OWNER=***
AIRFLOW_CTX_DAG_ID=read_s3_file
AIRFLOW_CTX_TASK_ID=read_s3_file
AIRFLOW_CTX_EXECUTION_DATE=2023-08-27T17:45:20.645137+00:00
AIRFLOW_CTX_TRY_NUMBER=4
AIRFLOW_CTX_DAG_RUN_ID=manual__2023-08-27T17:45:20.645137+00:00
[2023-08-27T17:46:02.453+0000] {taskinstance.py:1768} ERROR - Task failed with exception
Traceback (most recent call last):
  File "/home/airflow/.local/lib/python3.7/site-packages/airflow/operators/python.py", line 175, in execute
    return_value = self.execute_callable()
  File "/home/airflow/.local/lib/python3.7/site-packages/airflow/operators/python.py", line 192, in execute_callable
    return self.python_callable(*self.op_args, **self.op_kwargs)
TypeError: generic_s3_client() missing 2 required positional arguments: 'ACCESS_KEY' and 'SECRET_KEY'
[2023-08-27T17:46:02.467+0000] {taskinstance.py:1323} INFO - Marking task as FAILED. dag_id=read_s3_file, task_id=read_s3_file, execution_date=20230827T174520, start_date=20230827T174602, end_date=20230827T174602
[2023-08-27T17:46:02.485+0000] {standard_task_runner.py:105} ERROR - Failed to execute job 4265 for task read_s3_file (generic_s3_client() missing 2 required positional arguments: 'ACCESS_KEY' and 'SECRET_KEY'; 62871)
[2023-08-27T17:46:02.508+0000] {local_task_job.py:208} INFO - Task exited with return code 1
[2023-08-27T17:46:02.552+0000] {taskinstance.py:2578} INFO - 0 downstream tasks scheduled from follow-on schedule check
