[2023-04-19T12:37:34.878+0000] {taskinstance.py:1083} INFO - Dependencies all met for <TaskInstance: age_check.age_check scheduled__2022-08-25T00:00:00+00:00 [queued]>
[2023-04-19T12:37:34.892+0000] {taskinstance.py:1083} INFO - Dependencies all met for <TaskInstance: age_check.age_check scheduled__2022-08-25T00:00:00+00:00 [queued]>
[2023-04-19T12:37:34.894+0000] {taskinstance.py:1279} INFO - 
--------------------------------------------------------------------------------
[2023-04-19T12:37:34.894+0000] {taskinstance.py:1280} INFO - Starting attempt 4 of 4
[2023-04-19T12:37:34.896+0000] {taskinstance.py:1281} INFO - 
--------------------------------------------------------------------------------
[2023-04-19T12:37:34.909+0000] {taskinstance.py:1300} INFO - Executing <Task(PythonOperator): age_check> on 2022-08-25 00:00:00+00:00
[2023-04-19T12:37:34.914+0000] {standard_task_runner.py:55} INFO - Started process 21646 to run task
[2023-04-19T12:37:34.917+0000] {standard_task_runner.py:82} INFO - Running: ['***', 'tasks', 'run', 'age_check', 'age_check', 'scheduled__2022-08-25T00:00:00+00:00', '--job-id', '667', '--raw', '--subdir', 'DAGS_FOLDER/age.py', '--cfg-path', '/tmp/tmp8v5s3z4c']
[2023-04-19T12:37:34.918+0000] {standard_task_runner.py:83} INFO - Job 667: Subtask age_check
[2023-04-19T12:37:34.985+0000] {task_command.py:388} INFO - Running <TaskInstance: age_check.age_check scheduled__2022-08-25T00:00:00+00:00 [running]> on host fe34f61acbb3
[2023-04-19T12:37:35.057+0000] {taskinstance.py:1509} INFO - Exporting the following env vars:
AIRFLOW_CTX_DAG_OWNER=***
AIRFLOW_CTX_DAG_ID=age_check
AIRFLOW_CTX_TASK_ID=age_check
AIRFLOW_CTX_EXECUTION_DATE=2022-08-25T00:00:00+00:00
AIRFLOW_CTX_TRY_NUMBER=4
AIRFLOW_CTX_DAG_RUN_ID=scheduled__2022-08-25T00:00:00+00:00
[2023-04-19T12:37:35.074+0000] {taskinstance.py:1768} ERROR - Task failed with exception
Traceback (most recent call last):
  File "/home/airflow/.local/lib/python3.7/site-packages/airflow/operators/python.py", line 175, in execute
    return_value = self.execute_callable()
  File "/home/airflow/.local/lib/python3.7/site-packages/airflow/operators/python.py", line 192, in execute_callable
    return self.python_callable(*self.op_args, **self.op_kwargs)
  File "/opt/airflow/dags/age.py", line 35, in age_check
    birth_year = int(Variable.get('birth_year'))
  File "/home/airflow/.local/lib/python3.7/site-packages/airflow/models/variable.py", line 141, in get
    raise KeyError(f"Variable {key} does not exist")
KeyError: 'Variable birth_year does not exist'
[2023-04-19T12:37:35.113+0000] {taskinstance.py:1323} INFO - Marking task as FAILED. dag_id=age_check, task_id=age_check, execution_date=20220825T000000, start_date=20230419T123734, end_date=20230419T123735
[2023-04-19T12:37:35.134+0000] {standard_task_runner.py:105} ERROR - Failed to execute job 667 for task age_check ('Variable birth_year does not exist'; 21646)
[2023-04-19T12:37:35.170+0000] {local_task_job.py:208} INFO - Task exited with return code 1
[2023-04-19T12:37:35.223+0000] {taskinstance.py:2578} INFO - 0 downstream tasks scheduled from follow-on schedule check
[2023-05-17T09:53:19.124+0000] {taskinstance.py:1083} INFO - Dependencies all met for <TaskInstance: age_check.age_check scheduled__2022-08-25T00:00:00+00:00 [queued]>
[2023-05-17T09:53:19.185+0000] {taskinstance.py:1083} INFO - Dependencies all met for <TaskInstance: age_check.age_check scheduled__2022-08-25T00:00:00+00:00 [queued]>
[2023-05-17T09:53:19.194+0000] {taskinstance.py:1279} INFO - 
--------------------------------------------------------------------------------
[2023-05-17T09:53:19.199+0000] {taskinstance.py:1280} INFO - Starting attempt 4 of 4
[2023-05-17T09:53:19.200+0000] {taskinstance.py:1281} INFO - 
--------------------------------------------------------------------------------
[2023-05-17T09:53:19.274+0000] {taskinstance.py:1300} INFO - Executing <Task(PythonOperator): age_check> on 2022-08-25 00:00:00+00:00
[2023-05-17T09:53:19.310+0000] {standard_task_runner.py:55} INFO - Started process 4321 to run task
[2023-05-17T09:53:19.329+0000] {standard_task_runner.py:82} INFO - Running: ['***', 'tasks', 'run', 'age_check', 'age_check', 'scheduled__2022-08-25T00:00:00+00:00', '--job-id', '226', '--raw', '--subdir', 'DAGS_FOLDER/age.py', '--cfg-path', '/tmp/tmpp5d1gl4f']
[2023-05-17T09:53:19.335+0000] {standard_task_runner.py:83} INFO - Job 226: Subtask age_check
[2023-05-17T09:53:19.777+0000] {task_command.py:388} INFO - Running <TaskInstance: age_check.age_check scheduled__2022-08-25T00:00:00+00:00 [running]> on host 242f95e3e8a8
[2023-05-17T09:53:20.007+0000] {taskinstance.py:1509} INFO - Exporting the following env vars:
AIRFLOW_CTX_DAG_OWNER=***
AIRFLOW_CTX_DAG_ID=age_check
AIRFLOW_CTX_TASK_ID=age_check
AIRFLOW_CTX_EXECUTION_DATE=2022-08-25T00:00:00+00:00
AIRFLOW_CTX_TRY_NUMBER=4
AIRFLOW_CTX_DAG_RUN_ID=scheduled__2022-08-25T00:00:00+00:00
[2023-05-17T09:53:20.040+0000] {taskinstance.py:1768} ERROR - Task failed with exception
Traceback (most recent call last):
  File "/home/airflow/.local/lib/python3.7/site-packages/airflow/operators/python.py", line 175, in execute
    return_value = self.execute_callable()
  File "/home/airflow/.local/lib/python3.7/site-packages/airflow/operators/python.py", line 192, in execute_callable
    return self.python_callable(*self.op_args, **self.op_kwargs)
  File "/opt/airflow/dags/age.py", line 35, in age_check
    birth_year = int(Variable.get('birth_year'))
  File "/home/airflow/.local/lib/python3.7/site-packages/airflow/models/variable.py", line 141, in get
    raise KeyError(f"Variable {key} does not exist")
KeyError: 'Variable birth_year does not exist'
[2023-05-17T09:53:20.063+0000] {taskinstance.py:1323} INFO - Marking task as FAILED. dag_id=age_check, task_id=age_check, execution_date=20220825T000000, start_date=20230517T095319, end_date=20230517T095320
[2023-05-17T09:53:20.095+0000] {standard_task_runner.py:105} ERROR - Failed to execute job 226 for task age_check ('Variable birth_year does not exist'; 4321)
[2023-05-17T09:53:20.194+0000] {local_task_job.py:208} INFO - Task exited with return code 1
[2023-05-17T09:53:20.242+0000] {taskinstance.py:2578} INFO - 0 downstream tasks scheduled from follow-on schedule check
