[2023-04-19T12:37:11.919+0000] {taskinstance.py:1083} INFO - Dependencies all met for <TaskInstance: age_check.age_check scheduled__2022-08-25T00:00:00+00:00 [queued]>
[2023-04-19T12:37:11.933+0000] {taskinstance.py:1083} INFO - Dependencies all met for <TaskInstance: age_check.age_check scheduled__2022-08-25T00:00:00+00:00 [queued]>
[2023-04-19T12:37:11.935+0000] {taskinstance.py:1279} INFO - 
--------------------------------------------------------------------------------
[2023-04-19T12:37:11.936+0000] {taskinstance.py:1280} INFO - Starting attempt 2 of 4
[2023-04-19T12:37:11.937+0000] {taskinstance.py:1281} INFO - 
--------------------------------------------------------------------------------
[2023-04-19T12:37:11.963+0000] {taskinstance.py:1300} INFO - Executing <Task(PythonOperator): age_check> on 2022-08-25 00:00:00+00:00
[2023-04-19T12:37:11.979+0000] {standard_task_runner.py:55} INFO - Started process 21549 to run task
[2023-04-19T12:37:11.989+0000] {standard_task_runner.py:82} INFO - Running: ['***', 'tasks', 'run', 'age_check', 'age_check', 'scheduled__2022-08-25T00:00:00+00:00', '--job-id', '631', '--raw', '--subdir', 'DAGS_FOLDER/age.py', '--cfg-path', '/tmp/tmp3fwadimx']
[2023-04-19T12:37:11.990+0000] {standard_task_runner.py:83} INFO - Job 631: Subtask age_check
[2023-04-19T12:37:12.075+0000] {task_command.py:388} INFO - Running <TaskInstance: age_check.age_check scheduled__2022-08-25T00:00:00+00:00 [running]> on host fe34f61acbb3
[2023-04-19T12:37:12.187+0000] {taskinstance.py:1509} INFO - Exporting the following env vars:
AIRFLOW_CTX_DAG_OWNER=***
AIRFLOW_CTX_DAG_ID=age_check
AIRFLOW_CTX_TASK_ID=age_check
AIRFLOW_CTX_EXECUTION_DATE=2022-08-25T00:00:00+00:00
AIRFLOW_CTX_TRY_NUMBER=2
AIRFLOW_CTX_DAG_RUN_ID=scheduled__2022-08-25T00:00:00+00:00
[2023-04-19T12:37:12.201+0000] {taskinstance.py:1768} ERROR - Task failed with exception
Traceback (most recent call last):
  File "/home/airflow/.local/lib/python3.7/site-packages/airflow/operators/python.py", line 175, in execute
    return_value = self.execute_callable()
  File "/home/airflow/.local/lib/python3.7/site-packages/airflow/operators/python.py", line 192, in execute_callable
    return self.python_callable(*self.op_args, **self.op_kwargs)
  File "/opt/airflow/dags/age.py", line 35, in age_check
    birth_year = int(Variable.get('birth_year'))
  File "/home/airflow/.local/lib/python3.7/site-packages/airflow/models/variable.py", line 141, in get
    raise KeyError(f"Variable {key} does not exist")
KeyError: 'Variable birth_year does not exist'
[2023-04-19T12:37:12.228+0000] {taskinstance.py:1323} INFO - Marking task as UP_FOR_RETRY. dag_id=age_check, task_id=age_check, execution_date=20220825T000000, start_date=20230419T123711, end_date=20230419T123712
[2023-04-19T12:37:12.243+0000] {standard_task_runner.py:105} ERROR - Failed to execute job 631 for task age_check ('Variable birth_year does not exist'; 21549)
[2023-04-19T12:37:12.279+0000] {local_task_job.py:208} INFO - Task exited with return code 1
[2023-04-19T12:37:12.301+0000] {taskinstance.py:2578} INFO - 0 downstream tasks scheduled from follow-on schedule check
[2023-05-17T09:52:54.921+0000] {taskinstance.py:1083} INFO - Dependencies all met for <TaskInstance: age_check.age_check scheduled__2022-08-25T00:00:00+00:00 [queued]>
[2023-05-17T09:52:54.957+0000] {taskinstance.py:1083} INFO - Dependencies all met for <TaskInstance: age_check.age_check scheduled__2022-08-25T00:00:00+00:00 [queued]>
[2023-05-17T09:52:54.962+0000] {taskinstance.py:1279} INFO - 
--------------------------------------------------------------------------------
[2023-05-17T09:52:54.963+0000] {taskinstance.py:1280} INFO - Starting attempt 2 of 4
[2023-05-17T09:52:54.964+0000] {taskinstance.py:1281} INFO - 
--------------------------------------------------------------------------------
[2023-05-17T09:52:55.049+0000] {taskinstance.py:1300} INFO - Executing <Task(PythonOperator): age_check> on 2022-08-25 00:00:00+00:00
[2023-05-17T09:52:55.072+0000] {standard_task_runner.py:55} INFO - Started process 4242 to run task
[2023-05-17T09:52:55.105+0000] {standard_task_runner.py:82} INFO - Running: ['***', 'tasks', 'run', 'age_check', 'age_check', 'scheduled__2022-08-25T00:00:00+00:00', '--job-id', '196', '--raw', '--subdir', 'DAGS_FOLDER/age.py', '--cfg-path', '/tmp/tmpvq9q882j']
[2023-05-17T09:52:55.143+0000] {standard_task_runner.py:83} INFO - Job 196: Subtask age_check
[2023-05-17T09:52:55.324+0000] {task_command.py:388} INFO - Running <TaskInstance: age_check.age_check scheduled__2022-08-25T00:00:00+00:00 [running]> on host 242f95e3e8a8
[2023-05-17T09:52:55.554+0000] {taskinstance.py:1509} INFO - Exporting the following env vars:
AIRFLOW_CTX_DAG_OWNER=***
AIRFLOW_CTX_DAG_ID=age_check
AIRFLOW_CTX_TASK_ID=age_check
AIRFLOW_CTX_EXECUTION_DATE=2022-08-25T00:00:00+00:00
AIRFLOW_CTX_TRY_NUMBER=2
AIRFLOW_CTX_DAG_RUN_ID=scheduled__2022-08-25T00:00:00+00:00
[2023-05-17T09:52:55.603+0000] {taskinstance.py:1768} ERROR - Task failed with exception
Traceback (most recent call last):
  File "/home/airflow/.local/lib/python3.7/site-packages/airflow/operators/python.py", line 175, in execute
    return_value = self.execute_callable()
  File "/home/airflow/.local/lib/python3.7/site-packages/airflow/operators/python.py", line 192, in execute_callable
    return self.python_callable(*self.op_args, **self.op_kwargs)
  File "/opt/airflow/dags/age.py", line 35, in age_check
    birth_year = int(Variable.get('birth_year'))
  File "/home/airflow/.local/lib/python3.7/site-packages/airflow/models/variable.py", line 141, in get
    raise KeyError(f"Variable {key} does not exist")
KeyError: 'Variable birth_year does not exist'
[2023-05-17T09:52:55.635+0000] {taskinstance.py:1323} INFO - Marking task as UP_FOR_RETRY. dag_id=age_check, task_id=age_check, execution_date=20220825T000000, start_date=20230517T095254, end_date=20230517T095255
[2023-05-17T09:52:55.669+0000] {standard_task_runner.py:105} ERROR - Failed to execute job 196 for task age_check ('Variable birth_year does not exist'; 4242)
[2023-05-17T09:52:55.788+0000] {local_task_job.py:208} INFO - Task exited with return code 1
[2023-05-17T09:52:55.856+0000] {taskinstance.py:2578} INFO - 0 downstream tasks scheduled from follow-on schedule check
