[2023-04-19T12:39:26.305+0000] {taskinstance.py:1083} INFO - Dependencies all met for <TaskInstance: age_check.age_check scheduled__2022-09-29T00:00:00+00:00 [queued]>
[2023-04-19T12:39:26.383+0000] {taskinstance.py:1083} INFO - Dependencies all met for <TaskInstance: age_check.age_check scheduled__2022-09-29T00:00:00+00:00 [queued]>
[2023-04-19T12:39:26.390+0000] {taskinstance.py:1279} INFO - 
--------------------------------------------------------------------------------
[2023-04-19T12:39:26.391+0000] {taskinstance.py:1280} INFO - Starting attempt 1 of 4
[2023-04-19T12:39:26.393+0000] {taskinstance.py:1281} INFO - 
--------------------------------------------------------------------------------
[2023-04-19T12:39:26.439+0000] {taskinstance.py:1300} INFO - Executing <Task(PythonOperator): age_check> on 2022-09-29 00:00:00+00:00
[2023-04-19T12:39:26.472+0000] {standard_task_runner.py:55} INFO - Started process 22161 to run task
[2023-04-19T12:39:26.516+0000] {standard_task_runner.py:82} INFO - Running: ['***', 'tasks', 'run', 'age_check', 'age_check', 'scheduled__2022-09-29T00:00:00+00:00', '--job-id', '879', '--raw', '--subdir', 'DAGS_FOLDER/age.py', '--cfg-path', '/tmp/tmpca61917r']
[2023-04-19T12:39:26.519+0000] {standard_task_runner.py:83} INFO - Job 879: Subtask age_check
[2023-04-19T12:39:26.912+0000] {task_command.py:388} INFO - Running <TaskInstance: age_check.age_check scheduled__2022-09-29T00:00:00+00:00 [running]> on host fe34f61acbb3
[2023-04-19T12:39:27.257+0000] {taskinstance.py:1509} INFO - Exporting the following env vars:
AIRFLOW_CTX_DAG_OWNER=***
AIRFLOW_CTX_DAG_ID=age_check
AIRFLOW_CTX_TASK_ID=age_check
AIRFLOW_CTX_EXECUTION_DATE=2022-09-29T00:00:00+00:00
AIRFLOW_CTX_TRY_NUMBER=1
AIRFLOW_CTX_DAG_RUN_ID=scheduled__2022-09-29T00:00:00+00:00
[2023-04-19T12:39:27.282+0000] {taskinstance.py:1768} ERROR - Task failed with exception
Traceback (most recent call last):
  File "/home/airflow/.local/lib/python3.7/site-packages/airflow/operators/python.py", line 175, in execute
    return_value = self.execute_callable()
  File "/home/airflow/.local/lib/python3.7/site-packages/airflow/operators/python.py", line 192, in execute_callable
    return self.python_callable(*self.op_args, **self.op_kwargs)
  File "/opt/airflow/dags/age.py", line 35, in age_check
    birth_year = int(Variable.get('birth_year'))
  File "/home/airflow/.local/lib/python3.7/site-packages/airflow/models/variable.py", line 141, in get
    raise KeyError(f"Variable {key} does not exist")
KeyError: 'Variable birth_year does not exist'
[2023-04-19T12:39:27.337+0000] {taskinstance.py:1323} INFO - Marking task as UP_FOR_RETRY. dag_id=age_check, task_id=age_check, execution_date=20220929T000000, start_date=20230419T123926, end_date=20230419T123927
[2023-04-19T12:39:27.359+0000] {standard_task_runner.py:105} ERROR - Failed to execute job 879 for task age_check ('Variable birth_year does not exist'; 22161)
[2023-04-19T12:39:27.420+0000] {local_task_job.py:208} INFO - Task exited with return code 1
[2023-04-19T12:39:27.484+0000] {taskinstance.py:2578} INFO - 0 downstream tasks scheduled from follow-on schedule check
[2023-05-17T09:54:41.222+0000] {taskinstance.py:1083} INFO - Dependencies all met for <TaskInstance: age_check.age_check scheduled__2022-09-29T00:00:00+00:00 [queued]>
[2023-05-17T09:54:41.264+0000] {taskinstance.py:1083} INFO - Dependencies all met for <TaskInstance: age_check.age_check scheduled__2022-09-29T00:00:00+00:00 [queued]>
[2023-05-17T09:54:41.265+0000] {taskinstance.py:1279} INFO - 
--------------------------------------------------------------------------------
[2023-05-17T09:54:41.268+0000] {taskinstance.py:1280} INFO - Starting attempt 1 of 4
[2023-05-17T09:54:41.269+0000] {taskinstance.py:1281} INFO - 
--------------------------------------------------------------------------------
[2023-05-17T09:54:41.285+0000] {taskinstance.py:1300} INFO - Executing <Task(PythonOperator): age_check> on 2022-09-29 00:00:00+00:00
[2023-05-17T09:54:41.293+0000] {standard_task_runner.py:55} INFO - Started process 4737 to run task
[2023-05-17T09:54:41.310+0000] {standard_task_runner.py:82} INFO - Running: ['***', 'tasks', 'run', 'age_check', 'age_check', 'scheduled__2022-09-29T00:00:00+00:00', '--job-id', '402', '--raw', '--subdir', 'DAGS_FOLDER/age.py', '--cfg-path', '/tmp/tmp795bi1bh']
[2023-05-17T09:54:41.317+0000] {standard_task_runner.py:83} INFO - Job 402: Subtask age_check
[2023-05-17T09:54:41.446+0000] {task_command.py:388} INFO - Running <TaskInstance: age_check.age_check scheduled__2022-09-29T00:00:00+00:00 [running]> on host 242f95e3e8a8
[2023-05-17T09:54:41.504+0000] {taskinstance.py:1509} INFO - Exporting the following env vars:
AIRFLOW_CTX_DAG_OWNER=***
AIRFLOW_CTX_DAG_ID=age_check
AIRFLOW_CTX_TASK_ID=age_check
AIRFLOW_CTX_EXECUTION_DATE=2022-09-29T00:00:00+00:00
AIRFLOW_CTX_TRY_NUMBER=1
AIRFLOW_CTX_DAG_RUN_ID=scheduled__2022-09-29T00:00:00+00:00
[2023-05-17T09:54:41.521+0000] {taskinstance.py:1768} ERROR - Task failed with exception
Traceback (most recent call last):
  File "/home/airflow/.local/lib/python3.7/site-packages/airflow/operators/python.py", line 175, in execute
    return_value = self.execute_callable()
  File "/home/airflow/.local/lib/python3.7/site-packages/airflow/operators/python.py", line 192, in execute_callable
    return self.python_callable(*self.op_args, **self.op_kwargs)
  File "/opt/airflow/dags/age.py", line 35, in age_check
    birth_year = int(Variable.get('birth_year'))
  File "/home/airflow/.local/lib/python3.7/site-packages/airflow/models/variable.py", line 141, in get
    raise KeyError(f"Variable {key} does not exist")
KeyError: 'Variable birth_year does not exist'
[2023-05-17T09:54:41.535+0000] {taskinstance.py:1323} INFO - Marking task as UP_FOR_RETRY. dag_id=age_check, task_id=age_check, execution_date=20220929T000000, start_date=20230517T095441, end_date=20230517T095441
[2023-05-17T09:54:41.545+0000] {standard_task_runner.py:105} ERROR - Failed to execute job 402 for task age_check ('Variable birth_year does not exist'; 4737)
[2023-05-17T09:54:41.561+0000] {local_task_job.py:208} INFO - Task exited with return code 1
[2023-05-17T09:54:41.642+0000] {taskinstance.py:2578} INFO - 0 downstream tasks scheduled from follow-on schedule check
