[2023-04-19T12:38:05.413+0000] {taskinstance.py:1083} INFO - Dependencies all met for <TaskInstance: age_check.age_check scheduled__2022-09-01T00:00:00+00:00 [queued]>
[2023-04-19T12:38:05.424+0000] {taskinstance.py:1083} INFO - Dependencies all met for <TaskInstance: age_check.age_check scheduled__2022-09-01T00:00:00+00:00 [queued]>
[2023-04-19T12:38:05.425+0000] {taskinstance.py:1279} INFO - 
--------------------------------------------------------------------------------
[2023-04-19T12:38:05.426+0000] {taskinstance.py:1280} INFO - Starting attempt 2 of 4
[2023-04-19T12:38:05.427+0000] {taskinstance.py:1281} INFO - 
--------------------------------------------------------------------------------
[2023-04-19T12:38:05.436+0000] {taskinstance.py:1300} INFO - Executing <Task(PythonOperator): age_check> on 2022-09-01 00:00:00+00:00
[2023-04-19T12:38:05.442+0000] {standard_task_runner.py:55} INFO - Started process 21794 to run task
[2023-04-19T12:38:05.445+0000] {standard_task_runner.py:82} INFO - Running: ['***', 'tasks', 'run', 'age_check', 'age_check', 'scheduled__2022-09-01T00:00:00+00:00', '--job-id', '730', '--raw', '--subdir', 'DAGS_FOLDER/age.py', '--cfg-path', '/tmp/tmpn63rnk_e']
[2023-04-19T12:38:05.446+0000] {standard_task_runner.py:83} INFO - Job 730: Subtask age_check
[2023-04-19T12:38:05.491+0000] {task_command.py:388} INFO - Running <TaskInstance: age_check.age_check scheduled__2022-09-01T00:00:00+00:00 [running]> on host fe34f61acbb3
[2023-04-19T12:38:05.531+0000] {taskinstance.py:1509} INFO - Exporting the following env vars:
AIRFLOW_CTX_DAG_OWNER=***
AIRFLOW_CTX_DAG_ID=age_check
AIRFLOW_CTX_TASK_ID=age_check
AIRFLOW_CTX_EXECUTION_DATE=2022-09-01T00:00:00+00:00
AIRFLOW_CTX_TRY_NUMBER=2
AIRFLOW_CTX_DAG_RUN_ID=scheduled__2022-09-01T00:00:00+00:00
[2023-04-19T12:38:05.539+0000] {taskinstance.py:1768} ERROR - Task failed with exception
Traceback (most recent call last):
  File "/home/airflow/.local/lib/python3.7/site-packages/airflow/operators/python.py", line 175, in execute
    return_value = self.execute_callable()
  File "/home/airflow/.local/lib/python3.7/site-packages/airflow/operators/python.py", line 192, in execute_callable
    return self.python_callable(*self.op_args, **self.op_kwargs)
  File "/opt/airflow/dags/age.py", line 35, in age_check
    birth_year = int(Variable.get('birth_year'))
  File "/home/airflow/.local/lib/python3.7/site-packages/airflow/models/variable.py", line 141, in get
    raise KeyError(f"Variable {key} does not exist")
KeyError: 'Variable birth_year does not exist'
[2023-04-19T12:38:05.576+0000] {taskinstance.py:1323} INFO - Marking task as UP_FOR_RETRY. dag_id=age_check, task_id=age_check, execution_date=20220901T000000, start_date=20230419T123805, end_date=20230419T123805
[2023-04-19T12:38:05.583+0000] {standard_task_runner.py:105} ERROR - Failed to execute job 730 for task age_check ('Variable birth_year does not exist'; 21794)
[2023-04-19T12:38:05.619+0000] {local_task_job.py:208} INFO - Task exited with return code 1
[2023-04-19T12:38:05.637+0000] {taskinstance.py:2578} INFO - 0 downstream tasks scheduled from follow-on schedule check
[2023-05-17T09:53:48.694+0000] {taskinstance.py:1083} INFO - Dependencies all met for <TaskInstance: age_check.age_check scheduled__2022-09-01T00:00:00+00:00 [queued]>
[2023-05-17T09:53:48.701+0000] {taskinstance.py:1083} INFO - Dependencies all met for <TaskInstance: age_check.age_check scheduled__2022-09-01T00:00:00+00:00 [queued]>
[2023-05-17T09:53:48.702+0000] {taskinstance.py:1279} INFO - 
--------------------------------------------------------------------------------
[2023-05-17T09:53:48.703+0000] {taskinstance.py:1280} INFO - Starting attempt 2 of 4
[2023-05-17T09:53:48.704+0000] {taskinstance.py:1281} INFO - 
--------------------------------------------------------------------------------
[2023-05-17T09:53:48.712+0000] {taskinstance.py:1300} INFO - Executing <Task(PythonOperator): age_check> on 2022-09-01 00:00:00+00:00
[2023-05-17T09:53:48.718+0000] {standard_task_runner.py:55} INFO - Started process 4472 to run task
[2023-05-17T09:53:48.724+0000] {standard_task_runner.py:82} INFO - Running: ['***', 'tasks', 'run', 'age_check', 'age_check', 'scheduled__2022-09-01T00:00:00+00:00', '--job-id', '293', '--raw', '--subdir', 'DAGS_FOLDER/age.py', '--cfg-path', '/tmp/tmp1r6ewo2i']
[2023-05-17T09:53:48.726+0000] {standard_task_runner.py:83} INFO - Job 293: Subtask age_check
[2023-05-17T09:53:48.784+0000] {task_command.py:388} INFO - Running <TaskInstance: age_check.age_check scheduled__2022-09-01T00:00:00+00:00 [running]> on host 242f95e3e8a8
[2023-05-17T09:53:48.835+0000] {taskinstance.py:1509} INFO - Exporting the following env vars:
AIRFLOW_CTX_DAG_OWNER=***
AIRFLOW_CTX_DAG_ID=age_check
AIRFLOW_CTX_TASK_ID=age_check
AIRFLOW_CTX_EXECUTION_DATE=2022-09-01T00:00:00+00:00
AIRFLOW_CTX_TRY_NUMBER=2
AIRFLOW_CTX_DAG_RUN_ID=scheduled__2022-09-01T00:00:00+00:00
[2023-05-17T09:53:48.844+0000] {taskinstance.py:1768} ERROR - Task failed with exception
Traceback (most recent call last):
  File "/home/airflow/.local/lib/python3.7/site-packages/airflow/operators/python.py", line 175, in execute
    return_value = self.execute_callable()
  File "/home/airflow/.local/lib/python3.7/site-packages/airflow/operators/python.py", line 192, in execute_callable
    return self.python_callable(*self.op_args, **self.op_kwargs)
  File "/opt/airflow/dags/age.py", line 35, in age_check
    birth_year = int(Variable.get('birth_year'))
  File "/home/airflow/.local/lib/python3.7/site-packages/airflow/models/variable.py", line 141, in get
    raise KeyError(f"Variable {key} does not exist")
KeyError: 'Variable birth_year does not exist'
[2023-05-17T09:53:48.855+0000] {taskinstance.py:1323} INFO - Marking task as UP_FOR_RETRY. dag_id=age_check, task_id=age_check, execution_date=20220901T000000, start_date=20230517T095348, end_date=20230517T095348
[2023-05-17T09:53:48.862+0000] {standard_task_runner.py:105} ERROR - Failed to execute job 293 for task age_check ('Variable birth_year does not exist'; 4472)
[2023-05-17T09:53:48.896+0000] {local_task_job.py:208} INFO - Task exited with return code 1
[2023-05-17T09:53:48.915+0000] {taskinstance.py:2578} INFO - 0 downstream tasks scheduled from follow-on schedule check
