[2023-04-19T12:37:54.342+0000] {taskinstance.py:1083} INFO - Dependencies all met for <TaskInstance: age_check.age_check scheduled__2022-08-29T00:00:00+00:00 [queued]>
[2023-04-19T12:37:54.443+0000] {taskinstance.py:1083} INFO - Dependencies all met for <TaskInstance: age_check.age_check scheduled__2022-08-29T00:00:00+00:00 [queued]>
[2023-04-19T12:37:54.445+0000] {taskinstance.py:1279} INFO - 
--------------------------------------------------------------------------------
[2023-04-19T12:37:54.448+0000] {taskinstance.py:1280} INFO - Starting attempt 3 of 4
[2023-04-19T12:37:54.449+0000] {taskinstance.py:1281} INFO - 
--------------------------------------------------------------------------------
[2023-04-19T12:37:54.541+0000] {taskinstance.py:1300} INFO - Executing <Task(PythonOperator): age_check> on 2022-08-29 00:00:00+00:00
[2023-04-19T12:37:54.611+0000] {standard_task_runner.py:82} INFO - Running: ['***', 'tasks', 'run', 'age_check', 'age_check', 'scheduled__2022-08-29T00:00:00+00:00', '--job-id', '710', '--raw', '--subdir', 'DAGS_FOLDER/age.py', '--cfg-path', '/tmp/tmp072yulsy']
[2023-04-19T12:37:54.614+0000] {standard_task_runner.py:83} INFO - Job 710: Subtask age_check
[2023-04-19T12:37:54.658+0000] {standard_task_runner.py:55} INFO - Started process 21751 to run task
[2023-04-19T12:37:55.102+0000] {task_command.py:388} INFO - Running <TaskInstance: age_check.age_check scheduled__2022-08-29T00:00:00+00:00 [running]> on host fe34f61acbb3
[2023-04-19T12:37:55.525+0000] {taskinstance.py:1509} INFO - Exporting the following env vars:
AIRFLOW_CTX_DAG_OWNER=***
AIRFLOW_CTX_DAG_ID=age_check
AIRFLOW_CTX_TASK_ID=age_check
AIRFLOW_CTX_EXECUTION_DATE=2022-08-29T00:00:00+00:00
AIRFLOW_CTX_TRY_NUMBER=3
AIRFLOW_CTX_DAG_RUN_ID=scheduled__2022-08-29T00:00:00+00:00
[2023-04-19T12:37:55.577+0000] {taskinstance.py:1768} ERROR - Task failed with exception
Traceback (most recent call last):
  File "/home/airflow/.local/lib/python3.7/site-packages/airflow/operators/python.py", line 175, in execute
    return_value = self.execute_callable()
  File "/home/airflow/.local/lib/python3.7/site-packages/airflow/operators/python.py", line 192, in execute_callable
    return self.python_callable(*self.op_args, **self.op_kwargs)
  File "/opt/airflow/dags/age.py", line 35, in age_check
    birth_year = int(Variable.get('birth_year'))
  File "/home/airflow/.local/lib/python3.7/site-packages/airflow/models/variable.py", line 141, in get
    raise KeyError(f"Variable {key} does not exist")
KeyError: 'Variable birth_year does not exist'
[2023-04-19T12:37:55.608+0000] {taskinstance.py:1323} INFO - Marking task as UP_FOR_RETRY. dag_id=age_check, task_id=age_check, execution_date=20220829T000000, start_date=20230419T123754, end_date=20230419T123755
[2023-04-19T12:37:55.620+0000] {standard_task_runner.py:105} ERROR - Failed to execute job 710 for task age_check ('Variable birth_year does not exist'; 21751)
[2023-04-19T12:37:55.700+0000] {local_task_job.py:208} INFO - Task exited with return code 1
[2023-04-19T12:37:56.002+0000] {taskinstance.py:2578} INFO - 0 downstream tasks scheduled from follow-on schedule check
[2023-05-17T09:53:55.525+0000] {taskinstance.py:1083} INFO - Dependencies all met for <TaskInstance: age_check.age_check scheduled__2022-08-29T00:00:00+00:00 [queued]>
[2023-05-17T09:53:55.546+0000] {taskinstance.py:1083} INFO - Dependencies all met for <TaskInstance: age_check.age_check scheduled__2022-08-29T00:00:00+00:00 [queued]>
[2023-05-17T09:53:55.559+0000] {taskinstance.py:1279} INFO - 
--------------------------------------------------------------------------------
[2023-05-17T09:53:55.560+0000] {taskinstance.py:1280} INFO - Starting attempt 3 of 4
[2023-05-17T09:53:55.561+0000] {taskinstance.py:1281} INFO - 
--------------------------------------------------------------------------------
[2023-05-17T09:53:55.587+0000] {taskinstance.py:1300} INFO - Executing <Task(PythonOperator): age_check> on 2022-08-29 00:00:00+00:00
[2023-05-17T09:53:55.594+0000] {standard_task_runner.py:55} INFO - Started process 4512 to run task
[2023-05-17T09:53:55.603+0000] {standard_task_runner.py:82} INFO - Running: ['***', 'tasks', 'run', 'age_check', 'age_check', 'scheduled__2022-08-29T00:00:00+00:00', '--job-id', '307', '--raw', '--subdir', 'DAGS_FOLDER/age.py', '--cfg-path', '/tmp/tmpid31hf30']
[2023-05-17T09:53:55.607+0000] {standard_task_runner.py:83} INFO - Job 307: Subtask age_check
[2023-05-17T09:53:55.721+0000] {task_command.py:388} INFO - Running <TaskInstance: age_check.age_check scheduled__2022-08-29T00:00:00+00:00 [running]> on host 242f95e3e8a8
[2023-05-17T09:53:55.778+0000] {taskinstance.py:1509} INFO - Exporting the following env vars:
AIRFLOW_CTX_DAG_OWNER=***
AIRFLOW_CTX_DAG_ID=age_check
AIRFLOW_CTX_TASK_ID=age_check
AIRFLOW_CTX_EXECUTION_DATE=2022-08-29T00:00:00+00:00
AIRFLOW_CTX_TRY_NUMBER=3
AIRFLOW_CTX_DAG_RUN_ID=scheduled__2022-08-29T00:00:00+00:00
[2023-05-17T09:53:55.788+0000] {taskinstance.py:1768} ERROR - Task failed with exception
Traceback (most recent call last):
  File "/home/airflow/.local/lib/python3.7/site-packages/airflow/operators/python.py", line 175, in execute
    return_value = self.execute_callable()
  File "/home/airflow/.local/lib/python3.7/site-packages/airflow/operators/python.py", line 192, in execute_callable
    return self.python_callable(*self.op_args, **self.op_kwargs)
  File "/opt/airflow/dags/age.py", line 35, in age_check
    birth_year = int(Variable.get('birth_year'))
  File "/home/airflow/.local/lib/python3.7/site-packages/airflow/models/variable.py", line 141, in get
    raise KeyError(f"Variable {key} does not exist")
KeyError: 'Variable birth_year does not exist'
[2023-05-17T09:53:55.800+0000] {taskinstance.py:1323} INFO - Marking task as UP_FOR_RETRY. dag_id=age_check, task_id=age_check, execution_date=20220829T000000, start_date=20230517T095355, end_date=20230517T095355
[2023-05-17T09:53:55.808+0000] {standard_task_runner.py:105} ERROR - Failed to execute job 307 for task age_check ('Variable birth_year does not exist'; 4512)
[2023-05-17T09:53:55.827+0000] {local_task_job.py:208} INFO - Task exited with return code 1
[2023-05-17T09:53:55.847+0000] {taskinstance.py:2578} INFO - 0 downstream tasks scheduled from follow-on schedule check
