[2023-04-19T12:38:06.472+0000] {taskinstance.py:1083} INFO - Dependencies all met for <TaskInstance: age_check.age_check scheduled__2022-08-29T00:00:00+00:00 [queued]>
[2023-04-19T12:38:06.485+0000] {taskinstance.py:1083} INFO - Dependencies all met for <TaskInstance: age_check.age_check scheduled__2022-08-29T00:00:00+00:00 [queued]>
[2023-04-19T12:38:06.486+0000] {taskinstance.py:1279} INFO - 
--------------------------------------------------------------------------------
[2023-04-19T12:38:06.488+0000] {taskinstance.py:1280} INFO - Starting attempt 4 of 4
[2023-04-19T12:38:06.489+0000] {taskinstance.py:1281} INFO - 
--------------------------------------------------------------------------------
[2023-04-19T12:38:06.505+0000] {taskinstance.py:1300} INFO - Executing <Task(PythonOperator): age_check> on 2022-08-29 00:00:00+00:00
[2023-04-19T12:38:06.513+0000] {standard_task_runner.py:55} INFO - Started process 21800 to run task
[2023-04-19T12:38:06.517+0000] {standard_task_runner.py:82} INFO - Running: ['***', 'tasks', 'run', 'age_check', 'age_check', 'scheduled__2022-08-29T00:00:00+00:00', '--job-id', '733', '--raw', '--subdir', 'DAGS_FOLDER/age.py', '--cfg-path', '/tmp/tmpfmzybiw0']
[2023-04-19T12:38:06.519+0000] {standard_task_runner.py:83} INFO - Job 733: Subtask age_check
[2023-04-19T12:38:06.741+0000] {task_command.py:388} INFO - Running <TaskInstance: age_check.age_check scheduled__2022-08-29T00:00:00+00:00 [running]> on host fe34f61acbb3
[2023-04-19T12:38:06.907+0000] {taskinstance.py:1509} INFO - Exporting the following env vars:
AIRFLOW_CTX_DAG_OWNER=***
AIRFLOW_CTX_DAG_ID=age_check
AIRFLOW_CTX_TASK_ID=age_check
AIRFLOW_CTX_EXECUTION_DATE=2022-08-29T00:00:00+00:00
AIRFLOW_CTX_TRY_NUMBER=4
AIRFLOW_CTX_DAG_RUN_ID=scheduled__2022-08-29T00:00:00+00:00
[2023-04-19T12:38:06.917+0000] {taskinstance.py:1768} ERROR - Task failed with exception
Traceback (most recent call last):
  File "/home/airflow/.local/lib/python3.7/site-packages/airflow/operators/python.py", line 175, in execute
    return_value = self.execute_callable()
  File "/home/airflow/.local/lib/python3.7/site-packages/airflow/operators/python.py", line 192, in execute_callable
    return self.python_callable(*self.op_args, **self.op_kwargs)
  File "/opt/airflow/dags/age.py", line 35, in age_check
    birth_year = int(Variable.get('birth_year'))
  File "/home/airflow/.local/lib/python3.7/site-packages/airflow/models/variable.py", line 141, in get
    raise KeyError(f"Variable {key} does not exist")
KeyError: 'Variable birth_year does not exist'
[2023-04-19T12:38:06.949+0000] {taskinstance.py:1323} INFO - Marking task as FAILED. dag_id=age_check, task_id=age_check, execution_date=20220829T000000, start_date=20230419T123806, end_date=20230419T123806
[2023-04-19T12:38:06.966+0000] {standard_task_runner.py:105} ERROR - Failed to execute job 733 for task age_check ('Variable birth_year does not exist'; 21800)
[2023-04-19T12:38:07.020+0000] {local_task_job.py:208} INFO - Task exited with return code 1
[2023-04-19T12:38:07.257+0000] {taskinstance.py:2578} INFO - 0 downstream tasks scheduled from follow-on schedule check
[2023-05-17T09:54:07.300+0000] {taskinstance.py:1083} INFO - Dependencies all met for <TaskInstance: age_check.age_check scheduled__2022-08-29T00:00:00+00:00 [queued]>
[2023-05-17T09:54:07.309+0000] {taskinstance.py:1083} INFO - Dependencies all met for <TaskInstance: age_check.age_check scheduled__2022-08-29T00:00:00+00:00 [queued]>
[2023-05-17T09:54:07.310+0000] {taskinstance.py:1279} INFO - 
--------------------------------------------------------------------------------
[2023-05-17T09:54:07.311+0000] {taskinstance.py:1280} INFO - Starting attempt 4 of 4
[2023-05-17T09:54:07.313+0000] {taskinstance.py:1281} INFO - 
--------------------------------------------------------------------------------
[2023-05-17T09:54:07.335+0000] {taskinstance.py:1300} INFO - Executing <Task(PythonOperator): age_check> on 2022-08-29 00:00:00+00:00
[2023-05-17T09:54:07.340+0000] {standard_task_runner.py:55} INFO - Started process 4552 to run task
[2023-05-17T09:54:07.351+0000] {standard_task_runner.py:82} INFO - Running: ['***', 'tasks', 'run', 'age_check', 'age_check', 'scheduled__2022-08-29T00:00:00+00:00', '--job-id', '323', '--raw', '--subdir', 'DAGS_FOLDER/age.py', '--cfg-path', '/tmp/tmprklqziir']
[2023-05-17T09:54:07.354+0000] {standard_task_runner.py:83} INFO - Job 323: Subtask age_check
[2023-05-17T09:54:07.453+0000] {task_command.py:388} INFO - Running <TaskInstance: age_check.age_check scheduled__2022-08-29T00:00:00+00:00 [running]> on host 242f95e3e8a8
[2023-05-17T09:54:07.532+0000] {taskinstance.py:1509} INFO - Exporting the following env vars:
AIRFLOW_CTX_DAG_OWNER=***
AIRFLOW_CTX_DAG_ID=age_check
AIRFLOW_CTX_TASK_ID=age_check
AIRFLOW_CTX_EXECUTION_DATE=2022-08-29T00:00:00+00:00
AIRFLOW_CTX_TRY_NUMBER=4
AIRFLOW_CTX_DAG_RUN_ID=scheduled__2022-08-29T00:00:00+00:00
[2023-05-17T09:54:07.542+0000] {taskinstance.py:1768} ERROR - Task failed with exception
Traceback (most recent call last):
  File "/home/airflow/.local/lib/python3.7/site-packages/airflow/operators/python.py", line 175, in execute
    return_value = self.execute_callable()
  File "/home/airflow/.local/lib/python3.7/site-packages/airflow/operators/python.py", line 192, in execute_callable
    return self.python_callable(*self.op_args, **self.op_kwargs)
  File "/opt/airflow/dags/age.py", line 35, in age_check
    birth_year = int(Variable.get('birth_year'))
  File "/home/airflow/.local/lib/python3.7/site-packages/airflow/models/variable.py", line 141, in get
    raise KeyError(f"Variable {key} does not exist")
KeyError: 'Variable birth_year does not exist'
[2023-05-17T09:54:07.557+0000] {taskinstance.py:1323} INFO - Marking task as FAILED. dag_id=age_check, task_id=age_check, execution_date=20220829T000000, start_date=20230517T095407, end_date=20230517T095407
[2023-05-17T09:54:07.573+0000] {standard_task_runner.py:105} ERROR - Failed to execute job 323 for task age_check ('Variable birth_year does not exist'; 4552)
[2023-05-17T09:54:07.597+0000] {local_task_job.py:208} INFO - Task exited with return code 1
[2023-05-17T09:54:07.622+0000] {taskinstance.py:2578} INFO - 0 downstream tasks scheduled from follow-on schedule check
