[2023-04-19T12:47:18.854+0000] {taskinstance.py:1083} INFO - Dependencies all met for <TaskInstance: age_check.age_check scheduled__2023-01-17T00:00:00+00:00 [queued]>
[2023-04-19T12:47:18.887+0000] {taskinstance.py:1083} INFO - Dependencies all met for <TaskInstance: age_check.age_check scheduled__2023-01-17T00:00:00+00:00 [queued]>
[2023-04-19T12:47:18.891+0000] {taskinstance.py:1279} INFO - 
--------------------------------------------------------------------------------
[2023-04-19T12:47:18.895+0000] {taskinstance.py:1280} INFO - Starting attempt 3 of 4
[2023-04-19T12:47:18.898+0000] {taskinstance.py:1281} INFO - 
--------------------------------------------------------------------------------
[2023-04-19T12:47:19.052+0000] {taskinstance.py:1300} INFO - Executing <Task(PythonOperator): age_check> on 2023-01-17 00:00:00+00:00
[2023-04-19T12:47:19.066+0000] {standard_task_runner.py:55} INFO - Started process 24162 to run task
[2023-04-19T12:47:19.080+0000] {standard_task_runner.py:82} INFO - Running: ['***', 'tasks', 'run', 'age_check', 'age_check', 'scheduled__2023-01-17T00:00:00+00:00', '--job-id', '1683', '--raw', '--subdir', 'DAGS_FOLDER/age.py', '--cfg-path', '/tmp/tmpoa_g3wbv']
[2023-04-19T12:47:19.082+0000] {standard_task_runner.py:83} INFO - Job 1683: Subtask age_check
[2023-04-19T12:47:19.684+0000] {task_command.py:388} INFO - Running <TaskInstance: age_check.age_check scheduled__2023-01-17T00:00:00+00:00 [running]> on host fe34f61acbb3
[2023-04-19T12:47:19.990+0000] {taskinstance.py:1509} INFO - Exporting the following env vars:
AIRFLOW_CTX_DAG_OWNER=***
AIRFLOW_CTX_DAG_ID=age_check
AIRFLOW_CTX_TASK_ID=age_check
AIRFLOW_CTX_EXECUTION_DATE=2023-01-17T00:00:00+00:00
AIRFLOW_CTX_TRY_NUMBER=3
AIRFLOW_CTX_DAG_RUN_ID=scheduled__2023-01-17T00:00:00+00:00
[2023-04-19T12:47:20.011+0000] {taskinstance.py:1768} ERROR - Task failed with exception
Traceback (most recent call last):
  File "/home/airflow/.local/lib/python3.7/site-packages/airflow/operators/python.py", line 175, in execute
    return_value = self.execute_callable()
  File "/home/airflow/.local/lib/python3.7/site-packages/airflow/operators/python.py", line 192, in execute_callable
    return self.python_callable(*self.op_args, **self.op_kwargs)
  File "/opt/airflow/dags/age.py", line 35, in age_check
    birth_year = int(Variable.get('birth_year'))
  File "/home/airflow/.local/lib/python3.7/site-packages/airflow/models/variable.py", line 141, in get
    raise KeyError(f"Variable {key} does not exist")
KeyError: 'Variable birth_year does not exist'
[2023-04-19T12:47:20.090+0000] {taskinstance.py:1323} INFO - Marking task as UP_FOR_RETRY. dag_id=age_check, task_id=age_check, execution_date=20230117T000000, start_date=20230419T124718, end_date=20230419T124720
[2023-04-19T12:47:20.136+0000] {standard_task_runner.py:105} ERROR - Failed to execute job 1683 for task age_check ('Variable birth_year does not exist'; 24162)
[2023-04-19T12:47:20.240+0000] {local_task_job.py:208} INFO - Task exited with return code 1
[2023-04-19T12:47:20.411+0000] {taskinstance.py:2578} INFO - 0 downstream tasks scheduled from follow-on schedule check
[2023-05-20T20:58:26.681+0000] {taskinstance.py:1083} INFO - Dependencies all met for <TaskInstance: age_check.age_check scheduled__2023-01-17T00:00:00+00:00 [queued]>
[2023-05-20T20:58:26.697+0000] {taskinstance.py:1083} INFO - Dependencies all met for <TaskInstance: age_check.age_check scheduled__2023-01-17T00:00:00+00:00 [queued]>
[2023-05-20T20:58:26.698+0000] {taskinstance.py:1279} INFO - 
--------------------------------------------------------------------------------
[2023-05-20T20:58:26.701+0000] {taskinstance.py:1280} INFO - Starting attempt 3 of 4
[2023-05-20T20:58:26.704+0000] {taskinstance.py:1281} INFO - 
--------------------------------------------------------------------------------
[2023-05-20T20:58:26.717+0000] {taskinstance.py:1300} INFO - Executing <Task(PythonOperator): age_check> on 2023-01-17 00:00:00+00:00
[2023-05-20T20:58:26.725+0000] {standard_task_runner.py:55} INFO - Started process 865 to run task
[2023-05-20T20:58:26.732+0000] {standard_task_runner.py:82} INFO - Running: ['***', 'tasks', 'run', 'age_check', 'age_check', 'scheduled__2023-01-17T00:00:00+00:00', '--job-id', '1237', '--raw', '--subdir', 'DAGS_FOLDER/age.py', '--cfg-path', '/tmp/tmpp43c8fds']
[2023-05-20T20:58:26.734+0000] {standard_task_runner.py:83} INFO - Job 1237: Subtask age_check
[2023-05-20T20:58:26.824+0000] {task_command.py:388} INFO - Running <TaskInstance: age_check.age_check scheduled__2023-01-17T00:00:00+00:00 [running]> on host 242f95e3e8a8
[2023-05-20T20:58:26.910+0000] {taskinstance.py:1509} INFO - Exporting the following env vars:
AIRFLOW_CTX_DAG_OWNER=***
AIRFLOW_CTX_DAG_ID=age_check
AIRFLOW_CTX_TASK_ID=age_check
AIRFLOW_CTX_EXECUTION_DATE=2023-01-17T00:00:00+00:00
AIRFLOW_CTX_TRY_NUMBER=3
AIRFLOW_CTX_DAG_RUN_ID=scheduled__2023-01-17T00:00:00+00:00
[2023-05-20T20:58:26.924+0000] {taskinstance.py:1768} ERROR - Task failed with exception
Traceback (most recent call last):
  File "/home/airflow/.local/lib/python3.7/site-packages/airflow/operators/python.py", line 175, in execute
    return_value = self.execute_callable()
  File "/home/airflow/.local/lib/python3.7/site-packages/airflow/operators/python.py", line 192, in execute_callable
    return self.python_callable(*self.op_args, **self.op_kwargs)
  File "/opt/airflow/dags/age.py", line 35, in age_check
    birth_year = int(Variable.get('birth_year'))
  File "/home/airflow/.local/lib/python3.7/site-packages/airflow/models/variable.py", line 141, in get
    raise KeyError(f"Variable {key} does not exist")
KeyError: 'Variable birth_year does not exist'
[2023-05-20T20:58:26.936+0000] {taskinstance.py:1323} INFO - Marking task as UP_FOR_RETRY. dag_id=age_check, task_id=age_check, execution_date=20230117T000000, start_date=20230520T205826, end_date=20230520T205826
[2023-05-20T20:58:26.947+0000] {standard_task_runner.py:105} ERROR - Failed to execute job 1237 for task age_check ('Variable birth_year does not exist'; 865)
[2023-05-20T20:58:26.982+0000] {local_task_job.py:208} INFO - Task exited with return code 1
[2023-05-20T20:58:27.005+0000] {taskinstance.py:2578} INFO - 0 downstream tasks scheduled from follow-on schedule check
