[2023-04-19T12:47:07.156+0000] {taskinstance.py:1083} INFO - Dependencies all met for <TaskInstance: age_check.age_check scheduled__2023-01-17T00:00:00+00:00 [queued]>
[2023-04-19T12:47:07.180+0000] {taskinstance.py:1083} INFO - Dependencies all met for <TaskInstance: age_check.age_check scheduled__2023-01-17T00:00:00+00:00 [queued]>
[2023-04-19T12:47:07.181+0000] {taskinstance.py:1279} INFO - 
--------------------------------------------------------------------------------
[2023-04-19T12:47:07.183+0000] {taskinstance.py:1280} INFO - Starting attempt 2 of 4
[2023-04-19T12:47:07.184+0000] {taskinstance.py:1281} INFO - 
--------------------------------------------------------------------------------
[2023-04-19T12:47:07.211+0000] {taskinstance.py:1300} INFO - Executing <Task(PythonOperator): age_check> on 2023-01-17 00:00:00+00:00
[2023-04-19T12:47:07.239+0000] {standard_task_runner.py:55} INFO - Started process 24105 to run task
[2023-04-19T12:47:07.245+0000] {standard_task_runner.py:82} INFO - Running: ['***', 'tasks', 'run', 'age_check', 'age_check', 'scheduled__2023-01-17T00:00:00+00:00', '--job-id', '1664', '--raw', '--subdir', 'DAGS_FOLDER/age.py', '--cfg-path', '/tmp/tmpuk_1mh32']
[2023-04-19T12:47:07.253+0000] {standard_task_runner.py:83} INFO - Job 1664: Subtask age_check
[2023-04-19T12:47:07.406+0000] {task_command.py:388} INFO - Running <TaskInstance: age_check.age_check scheduled__2023-01-17T00:00:00+00:00 [running]> on host fe34f61acbb3
[2023-04-19T12:47:07.513+0000] {taskinstance.py:1509} INFO - Exporting the following env vars:
AIRFLOW_CTX_DAG_OWNER=***
AIRFLOW_CTX_DAG_ID=age_check
AIRFLOW_CTX_TASK_ID=age_check
AIRFLOW_CTX_EXECUTION_DATE=2023-01-17T00:00:00+00:00
AIRFLOW_CTX_TRY_NUMBER=2
AIRFLOW_CTX_DAG_RUN_ID=scheduled__2023-01-17T00:00:00+00:00
[2023-04-19T12:47:07.521+0000] {taskinstance.py:1768} ERROR - Task failed with exception
Traceback (most recent call last):
  File "/home/airflow/.local/lib/python3.7/site-packages/airflow/operators/python.py", line 175, in execute
    return_value = self.execute_callable()
  File "/home/airflow/.local/lib/python3.7/site-packages/airflow/operators/python.py", line 192, in execute_callable
    return self.python_callable(*self.op_args, **self.op_kwargs)
  File "/opt/airflow/dags/age.py", line 35, in age_check
    birth_year = int(Variable.get('birth_year'))
  File "/home/airflow/.local/lib/python3.7/site-packages/airflow/models/variable.py", line 141, in get
    raise KeyError(f"Variable {key} does not exist")
KeyError: 'Variable birth_year does not exist'
[2023-04-19T12:47:07.546+0000] {taskinstance.py:1323} INFO - Marking task as UP_FOR_RETRY. dag_id=age_check, task_id=age_check, execution_date=20230117T000000, start_date=20230419T124707, end_date=20230419T124707
[2023-04-19T12:47:07.555+0000] {standard_task_runner.py:105} ERROR - Failed to execute job 1664 for task age_check ('Variable birth_year does not exist'; 24105)
[2023-04-19T12:47:07.599+0000] {local_task_job.py:208} INFO - Task exited with return code 1
[2023-04-19T12:47:07.629+0000] {taskinstance.py:2578} INFO - 0 downstream tasks scheduled from follow-on schedule check
[2023-05-20T20:58:15.684+0000] {taskinstance.py:1083} INFO - Dependencies all met for <TaskInstance: age_check.age_check scheduled__2023-01-17T00:00:00+00:00 [queued]>
[2023-05-20T20:58:15.695+0000] {taskinstance.py:1083} INFO - Dependencies all met for <TaskInstance: age_check.age_check scheduled__2023-01-17T00:00:00+00:00 [queued]>
[2023-05-20T20:58:15.696+0000] {taskinstance.py:1279} INFO - 
--------------------------------------------------------------------------------
[2023-05-20T20:58:15.697+0000] {taskinstance.py:1280} INFO - Starting attempt 2 of 4
[2023-05-20T20:58:15.697+0000] {taskinstance.py:1281} INFO - 
--------------------------------------------------------------------------------
[2023-05-20T20:58:15.710+0000] {taskinstance.py:1300} INFO - Executing <Task(PythonOperator): age_check> on 2023-01-17 00:00:00+00:00
[2023-05-20T20:58:15.716+0000] {standard_task_runner.py:55} INFO - Started process 823 to run task
[2023-05-20T20:58:15.729+0000] {standard_task_runner.py:82} INFO - Running: ['***', 'tasks', 'run', 'age_check', 'age_check', 'scheduled__2023-01-17T00:00:00+00:00', '--job-id', '1223', '--raw', '--subdir', 'DAGS_FOLDER/age.py', '--cfg-path', '/tmp/tmp52xp7ctx']
[2023-05-20T20:58:15.731+0000] {standard_task_runner.py:83} INFO - Job 1223: Subtask age_check
[2023-05-20T20:58:15.792+0000] {task_command.py:388} INFO - Running <TaskInstance: age_check.age_check scheduled__2023-01-17T00:00:00+00:00 [running]> on host 242f95e3e8a8
[2023-05-20T20:58:15.842+0000] {taskinstance.py:1509} INFO - Exporting the following env vars:
AIRFLOW_CTX_DAG_OWNER=***
AIRFLOW_CTX_DAG_ID=age_check
AIRFLOW_CTX_TASK_ID=age_check
AIRFLOW_CTX_EXECUTION_DATE=2023-01-17T00:00:00+00:00
AIRFLOW_CTX_TRY_NUMBER=2
AIRFLOW_CTX_DAG_RUN_ID=scheduled__2023-01-17T00:00:00+00:00
[2023-05-20T20:58:15.851+0000] {taskinstance.py:1768} ERROR - Task failed with exception
Traceback (most recent call last):
  File "/home/airflow/.local/lib/python3.7/site-packages/airflow/operators/python.py", line 175, in execute
    return_value = self.execute_callable()
  File "/home/airflow/.local/lib/python3.7/site-packages/airflow/operators/python.py", line 192, in execute_callable
    return self.python_callable(*self.op_args, **self.op_kwargs)
  File "/opt/airflow/dags/age.py", line 35, in age_check
    birth_year = int(Variable.get('birth_year'))
  File "/home/airflow/.local/lib/python3.7/site-packages/airflow/models/variable.py", line 141, in get
    raise KeyError(f"Variable {key} does not exist")
KeyError: 'Variable birth_year does not exist'
[2023-05-20T20:58:15.860+0000] {taskinstance.py:1323} INFO - Marking task as UP_FOR_RETRY. dag_id=age_check, task_id=age_check, execution_date=20230117T000000, start_date=20230520T205815, end_date=20230520T205815
[2023-05-20T20:58:15.868+0000] {standard_task_runner.py:105} ERROR - Failed to execute job 1223 for task age_check ('Variable birth_year does not exist'; 823)
[2023-05-20T20:58:15.895+0000] {local_task_job.py:208} INFO - Task exited with return code 1
[2023-05-20T20:58:15.915+0000] {taskinstance.py:2578} INFO - 0 downstream tasks scheduled from follow-on schedule check
