[2023-04-19T12:47:31.452+0000] {taskinstance.py:1083} INFO - Dependencies all met for <TaskInstance: age_check.age_check scheduled__2023-01-17T00:00:00+00:00 [queued]>
[2023-04-19T12:47:31.465+0000] {taskinstance.py:1083} INFO - Dependencies all met for <TaskInstance: age_check.age_check scheduled__2023-01-17T00:00:00+00:00 [queued]>
[2023-04-19T12:47:31.466+0000] {taskinstance.py:1279} INFO - 
--------------------------------------------------------------------------------
[2023-04-19T12:47:31.468+0000] {taskinstance.py:1280} INFO - Starting attempt 4 of 4
[2023-04-19T12:47:31.469+0000] {taskinstance.py:1281} INFO - 
--------------------------------------------------------------------------------
[2023-04-19T12:47:31.484+0000] {taskinstance.py:1300} INFO - Executing <Task(PythonOperator): age_check> on 2023-01-17 00:00:00+00:00
[2023-04-19T12:47:31.496+0000] {standard_task_runner.py:55} INFO - Started process 24225 to run task
[2023-04-19T12:47:31.509+0000] {standard_task_runner.py:82} INFO - Running: ['***', 'tasks', 'run', 'age_check', 'age_check', 'scheduled__2023-01-17T00:00:00+00:00', '--job-id', '1711', '--raw', '--subdir', 'DAGS_FOLDER/age.py', '--cfg-path', '/tmp/tmpnx6kblz0']
[2023-04-19T12:47:31.511+0000] {standard_task_runner.py:83} INFO - Job 1711: Subtask age_check
[2023-04-19T12:47:31.596+0000] {task_command.py:388} INFO - Running <TaskInstance: age_check.age_check scheduled__2023-01-17T00:00:00+00:00 [running]> on host fe34f61acbb3
[2023-04-19T12:47:31.714+0000] {taskinstance.py:1509} INFO - Exporting the following env vars:
AIRFLOW_CTX_DAG_OWNER=***
AIRFLOW_CTX_DAG_ID=age_check
AIRFLOW_CTX_TASK_ID=age_check
AIRFLOW_CTX_EXECUTION_DATE=2023-01-17T00:00:00+00:00
AIRFLOW_CTX_TRY_NUMBER=4
AIRFLOW_CTX_DAG_RUN_ID=scheduled__2023-01-17T00:00:00+00:00
[2023-04-19T12:47:31.738+0000] {taskinstance.py:1768} ERROR - Task failed with exception
Traceback (most recent call last):
  File "/home/airflow/.local/lib/python3.7/site-packages/airflow/operators/python.py", line 175, in execute
    return_value = self.execute_callable()
  File "/home/airflow/.local/lib/python3.7/site-packages/airflow/operators/python.py", line 192, in execute_callable
    return self.python_callable(*self.op_args, **self.op_kwargs)
  File "/opt/airflow/dags/age.py", line 35, in age_check
    birth_year = int(Variable.get('birth_year'))
  File "/home/airflow/.local/lib/python3.7/site-packages/airflow/models/variable.py", line 141, in get
    raise KeyError(f"Variable {key} does not exist")
KeyError: 'Variable birth_year does not exist'
[2023-04-19T12:47:31.754+0000] {taskinstance.py:1323} INFO - Marking task as FAILED. dag_id=age_check, task_id=age_check, execution_date=20230117T000000, start_date=20230419T124731, end_date=20230419T124731
[2023-04-19T12:47:31.778+0000] {standard_task_runner.py:105} ERROR - Failed to execute job 1711 for task age_check ('Variable birth_year does not exist'; 24225)
[2023-04-19T12:47:31.805+0000] {local_task_job.py:208} INFO - Task exited with return code 1
[2023-04-19T12:47:31.855+0000] {taskinstance.py:2578} INFO - 0 downstream tasks scheduled from follow-on schedule check
[2023-05-20T20:58:38.794+0000] {taskinstance.py:1083} INFO - Dependencies all met for <TaskInstance: age_check.age_check scheduled__2023-01-17T00:00:00+00:00 [queued]>
[2023-05-20T20:58:38.812+0000] {taskinstance.py:1083} INFO - Dependencies all met for <TaskInstance: age_check.age_check scheduled__2023-01-17T00:00:00+00:00 [queued]>
[2023-05-20T20:58:38.813+0000] {taskinstance.py:1279} INFO - 
--------------------------------------------------------------------------------
[2023-05-20T20:58:38.814+0000] {taskinstance.py:1280} INFO - Starting attempt 4 of 4
[2023-05-20T20:58:38.818+0000] {taskinstance.py:1281} INFO - 
--------------------------------------------------------------------------------
[2023-05-20T20:58:38.842+0000] {taskinstance.py:1300} INFO - Executing <Task(PythonOperator): age_check> on 2023-01-17 00:00:00+00:00
[2023-05-20T20:58:38.848+0000] {standard_task_runner.py:55} INFO - Started process 912 to run task
[2023-05-20T20:58:38.854+0000] {standard_task_runner.py:82} INFO - Running: ['***', 'tasks', 'run', 'age_check', 'age_check', 'scheduled__2023-01-17T00:00:00+00:00', '--job-id', '1256', '--raw', '--subdir', 'DAGS_FOLDER/age.py', '--cfg-path', '/tmp/tmpivwp0ebq']
[2023-05-20T20:58:38.861+0000] {standard_task_runner.py:83} INFO - Job 1256: Subtask age_check
[2023-05-20T20:58:38.948+0000] {task_command.py:388} INFO - Running <TaskInstance: age_check.age_check scheduled__2023-01-17T00:00:00+00:00 [running]> on host 242f95e3e8a8
[2023-05-20T20:58:39.017+0000] {taskinstance.py:1509} INFO - Exporting the following env vars:
AIRFLOW_CTX_DAG_OWNER=***
AIRFLOW_CTX_DAG_ID=age_check
AIRFLOW_CTX_TASK_ID=age_check
AIRFLOW_CTX_EXECUTION_DATE=2023-01-17T00:00:00+00:00
AIRFLOW_CTX_TRY_NUMBER=4
AIRFLOW_CTX_DAG_RUN_ID=scheduled__2023-01-17T00:00:00+00:00
[2023-05-20T20:58:39.030+0000] {taskinstance.py:1768} ERROR - Task failed with exception
Traceback (most recent call last):
  File "/home/airflow/.local/lib/python3.7/site-packages/airflow/operators/python.py", line 175, in execute
    return_value = self.execute_callable()
  File "/home/airflow/.local/lib/python3.7/site-packages/airflow/operators/python.py", line 192, in execute_callable
    return self.python_callable(*self.op_args, **self.op_kwargs)
  File "/opt/airflow/dags/age.py", line 35, in age_check
    birth_year = int(Variable.get('birth_year'))
  File "/home/airflow/.local/lib/python3.7/site-packages/airflow/models/variable.py", line 141, in get
    raise KeyError(f"Variable {key} does not exist")
KeyError: 'Variable birth_year does not exist'
[2023-05-20T20:58:39.050+0000] {taskinstance.py:1323} INFO - Marking task as FAILED. dag_id=age_check, task_id=age_check, execution_date=20230117T000000, start_date=20230520T205838, end_date=20230520T205839
[2023-05-20T20:58:39.061+0000] {standard_task_runner.py:105} ERROR - Failed to execute job 1256 for task age_check ('Variable birth_year does not exist'; 912)
[2023-05-20T20:58:39.074+0000] {local_task_job.py:208} INFO - Task exited with return code 1
[2023-05-20T20:58:39.098+0000] {taskinstance.py:2578} INFO - 0 downstream tasks scheduled from follow-on schedule check
