[2023-04-19T12:36:31.661+0000] {taskinstance.py:1083} INFO - Dependencies all met for <TaskInstance: age_check.age_check scheduled__2022-08-10T00:00:00+00:00 [queued]>
[2023-04-19T12:36:31.679+0000] {taskinstance.py:1083} INFO - Dependencies all met for <TaskInstance: age_check.age_check scheduled__2022-08-10T00:00:00+00:00 [queued]>
[2023-04-19T12:36:31.681+0000] {taskinstance.py:1279} INFO - 
--------------------------------------------------------------------------------
[2023-04-19T12:36:31.682+0000] {taskinstance.py:1280} INFO - Starting attempt 4 of 4
[2023-04-19T12:36:31.684+0000] {taskinstance.py:1281} INFO - 
--------------------------------------------------------------------------------
[2023-04-19T12:36:31.741+0000] {taskinstance.py:1300} INFO - Executing <Task(PythonOperator): age_check> on 2022-08-10 00:00:00+00:00
[2023-04-19T12:36:31.758+0000] {standard_task_runner.py:55} INFO - Started process 21364 to run task
[2023-04-19T12:36:31.799+0000] {standard_task_runner.py:82} INFO - Running: ['***', 'tasks', 'run', 'age_check', 'age_check', 'scheduled__2022-08-10T00:00:00+00:00', '--job-id', '550', '--raw', '--subdir', 'DAGS_FOLDER/age.py', '--cfg-path', '/tmp/tmprfgsyi8y']
[2023-04-19T12:36:31.801+0000] {standard_task_runner.py:83} INFO - Job 550: Subtask age_check
[2023-04-19T12:36:31.944+0000] {task_command.py:388} INFO - Running <TaskInstance: age_check.age_check scheduled__2022-08-10T00:00:00+00:00 [running]> on host fe34f61acbb3
[2023-04-19T12:36:32.242+0000] {taskinstance.py:1509} INFO - Exporting the following env vars:
AIRFLOW_CTX_DAG_OWNER=***
AIRFLOW_CTX_DAG_ID=age_check
AIRFLOW_CTX_TASK_ID=age_check
AIRFLOW_CTX_EXECUTION_DATE=2022-08-10T00:00:00+00:00
AIRFLOW_CTX_TRY_NUMBER=4
AIRFLOW_CTX_DAG_RUN_ID=scheduled__2022-08-10T00:00:00+00:00
[2023-04-19T12:36:32.273+0000] {taskinstance.py:1768} ERROR - Task failed with exception
Traceback (most recent call last):
  File "/home/airflow/.local/lib/python3.7/site-packages/airflow/operators/python.py", line 175, in execute
    return_value = self.execute_callable()
  File "/home/airflow/.local/lib/python3.7/site-packages/airflow/operators/python.py", line 192, in execute_callable
    return self.python_callable(*self.op_args, **self.op_kwargs)
  File "/opt/airflow/dags/age.py", line 35, in age_check
    birth_year = int(Variable.get('birth_year'))
  File "/home/airflow/.local/lib/python3.7/site-packages/airflow/models/variable.py", line 141, in get
    raise KeyError(f"Variable {key} does not exist")
KeyError: 'Variable birth_year does not exist'
[2023-04-19T12:36:32.330+0000] {taskinstance.py:1323} INFO - Marking task as FAILED. dag_id=age_check, task_id=age_check, execution_date=20220810T000000, start_date=20230419T123631, end_date=20230419T123632
[2023-04-19T12:36:32.355+0000] {standard_task_runner.py:105} ERROR - Failed to execute job 550 for task age_check ('Variable birth_year does not exist'; 21364)
[2023-04-19T12:36:32.399+0000] {local_task_job.py:208} INFO - Task exited with return code 1
[2023-04-19T12:36:32.455+0000] {taskinstance.py:2578} INFO - 0 downstream tasks scheduled from follow-on schedule check
[2023-05-17T09:52:20.993+0000] {taskinstance.py:1083} INFO - Dependencies all met for <TaskInstance: age_check.age_check scheduled__2022-08-10T00:00:00+00:00 [queued]>
[2023-05-17T09:52:21.007+0000] {taskinstance.py:1083} INFO - Dependencies all met for <TaskInstance: age_check.age_check scheduled__2022-08-10T00:00:00+00:00 [queued]>
[2023-05-17T09:52:21.008+0000] {taskinstance.py:1279} INFO - 
--------------------------------------------------------------------------------
[2023-05-17T09:52:21.009+0000] {taskinstance.py:1280} INFO - Starting attempt 4 of 4
[2023-05-17T09:52:21.010+0000] {taskinstance.py:1281} INFO - 
--------------------------------------------------------------------------------
[2023-05-17T09:52:21.047+0000] {taskinstance.py:1300} INFO - Executing <Task(PythonOperator): age_check> on 2022-08-10 00:00:00+00:00
[2023-05-17T09:52:21.119+0000] {standard_task_runner.py:55} INFO - Started process 4053 to run task
[2023-05-17T09:52:21.170+0000] {standard_task_runner.py:82} INFO - Running: ['***', 'tasks', 'run', 'age_check', 'age_check', 'scheduled__2022-08-10T00:00:00+00:00', '--job-id', '115', '--raw', '--subdir', 'DAGS_FOLDER/age.py', '--cfg-path', '/tmp/tmppgr1nv4w']
[2023-05-17T09:52:21.183+0000] {standard_task_runner.py:83} INFO - Job 115: Subtask age_check
[2023-05-17T09:52:21.549+0000] {task_command.py:388} INFO - Running <TaskInstance: age_check.age_check scheduled__2022-08-10T00:00:00+00:00 [running]> on host 242f95e3e8a8
[2023-05-17T09:52:21.845+0000] {taskinstance.py:1509} INFO - Exporting the following env vars:
AIRFLOW_CTX_DAG_OWNER=***
AIRFLOW_CTX_DAG_ID=age_check
AIRFLOW_CTX_TASK_ID=age_check
AIRFLOW_CTX_EXECUTION_DATE=2022-08-10T00:00:00+00:00
AIRFLOW_CTX_TRY_NUMBER=4
AIRFLOW_CTX_DAG_RUN_ID=scheduled__2022-08-10T00:00:00+00:00
[2023-05-17T09:52:21.898+0000] {taskinstance.py:1768} ERROR - Task failed with exception
Traceback (most recent call last):
  File "/home/airflow/.local/lib/python3.7/site-packages/airflow/operators/python.py", line 175, in execute
    return_value = self.execute_callable()
  File "/home/airflow/.local/lib/python3.7/site-packages/airflow/operators/python.py", line 192, in execute_callable
    return self.python_callable(*self.op_args, **self.op_kwargs)
  File "/opt/airflow/dags/age.py", line 35, in age_check
    birth_year = int(Variable.get('birth_year'))
  File "/home/airflow/.local/lib/python3.7/site-packages/airflow/models/variable.py", line 141, in get
    raise KeyError(f"Variable {key} does not exist")
KeyError: 'Variable birth_year does not exist'
[2023-05-17T09:52:21.952+0000] {taskinstance.py:1323} INFO - Marking task as FAILED. dag_id=age_check, task_id=age_check, execution_date=20220810T000000, start_date=20230517T095220, end_date=20230517T095221
[2023-05-17T09:52:21.977+0000] {standard_task_runner.py:105} ERROR - Failed to execute job 115 for task age_check ('Variable birth_year does not exist'; 4053)
[2023-05-17T09:52:22.032+0000] {local_task_job.py:208} INFO - Task exited with return code 1
[2023-05-17T09:52:22.084+0000] {taskinstance.py:2578} INFO - 0 downstream tasks scheduled from follow-on schedule check
