[2023-05-17T09:52:13.966+0000] {taskinstance.py:1083} INFO - Dependencies all met for <TaskInstance: age_check.age_check manual__2023-05-17T09:51:22.113979+00:00 [queued]>
[2023-05-17T09:52:13.981+0000] {taskinstance.py:1083} INFO - Dependencies all met for <TaskInstance: age_check.age_check manual__2023-05-17T09:51:22.113979+00:00 [queued]>
[2023-05-17T09:52:13.982+0000] {taskinstance.py:1279} INFO - 
--------------------------------------------------------------------------------
[2023-05-17T09:52:13.983+0000] {taskinstance.py:1280} INFO - Starting attempt 4 of 4
[2023-05-17T09:52:13.984+0000] {taskinstance.py:1281} INFO - 
--------------------------------------------------------------------------------
[2023-05-17T09:52:13.999+0000] {taskinstance.py:1300} INFO - Executing <Task(PythonOperator): age_check> on 2023-05-17 09:51:22.113979+00:00
[2023-05-17T09:52:14.013+0000] {standard_task_runner.py:55} INFO - Started process 4016 to run task
[2023-05-17T09:52:14.022+0000] {standard_task_runner.py:82} INFO - Running: ['***', 'tasks', 'run', 'age_check', 'age_check', 'manual__2023-05-17T09:51:22.113979+00:00', '--job-id', '99', '--raw', '--subdir', 'DAGS_FOLDER/age.py', '--cfg-path', '/tmp/tmpfzpd1jeu']
[2023-05-17T09:52:14.025+0000] {standard_task_runner.py:83} INFO - Job 99: Subtask age_check
[2023-05-17T09:52:14.129+0000] {task_command.py:388} INFO - Running <TaskInstance: age_check.age_check manual__2023-05-17T09:51:22.113979+00:00 [running]> on host 242f95e3e8a8
[2023-05-17T09:52:14.212+0000] {taskinstance.py:1509} INFO - Exporting the following env vars:
AIRFLOW_CTX_DAG_OWNER=***
AIRFLOW_CTX_DAG_ID=age_check
AIRFLOW_CTX_TASK_ID=age_check
AIRFLOW_CTX_EXECUTION_DATE=2023-05-17T09:51:22.113979+00:00
AIRFLOW_CTX_TRY_NUMBER=4
AIRFLOW_CTX_DAG_RUN_ID=manual__2023-05-17T09:51:22.113979+00:00
[2023-05-17T09:52:14.238+0000] {taskinstance.py:1768} ERROR - Task failed with exception
Traceback (most recent call last):
  File "/home/airflow/.local/lib/python3.7/site-packages/airflow/operators/python.py", line 175, in execute
    return_value = self.execute_callable()
  File "/home/airflow/.local/lib/python3.7/site-packages/airflow/operators/python.py", line 192, in execute_callable
    return self.python_callable(*self.op_args, **self.op_kwargs)
  File "/opt/airflow/dags/age.py", line 35, in age_check
    birth_year = int(Variable.get('birth_year'))
  File "/home/airflow/.local/lib/python3.7/site-packages/airflow/models/variable.py", line 141, in get
    raise KeyError(f"Variable {key} does not exist")
KeyError: 'Variable birth_year does not exist'
[2023-05-17T09:52:14.254+0000] {taskinstance.py:1323} INFO - Marking task as FAILED. dag_id=age_check, task_id=age_check, execution_date=20230517T095122, start_date=20230517T095213, end_date=20230517T095214
[2023-05-17T09:52:14.268+0000] {standard_task_runner.py:105} ERROR - Failed to execute job 99 for task age_check ('Variable birth_year does not exist'; 4016)
[2023-05-17T09:52:14.313+0000] {local_task_job.py:208} INFO - Task exited with return code 1
[2023-05-17T09:52:14.343+0000] {taskinstance.py:2578} INFO - 0 downstream tasks scheduled from follow-on schedule check
