[2023-04-19T12:47:49.498+0000] {taskinstance.py:1083} INFO - Dependencies all met for <TaskInstance: age_check.age_check scheduled__2023-01-28T00:00:00+00:00 [queued]>
[2023-04-19T12:47:49.650+0000] {taskinstance.py:1083} INFO - Dependencies all met for <TaskInstance: age_check.age_check scheduled__2023-01-28T00:00:00+00:00 [queued]>
[2023-04-19T12:47:49.656+0000] {taskinstance.py:1279} INFO - 
--------------------------------------------------------------------------------
[2023-04-19T12:47:49.658+0000] {taskinstance.py:1280} INFO - Starting attempt 1 of 4
[2023-04-19T12:47:49.661+0000] {taskinstance.py:1281} INFO - 
--------------------------------------------------------------------------------
[2023-04-19T12:47:49.849+0000] {taskinstance.py:1300} INFO - Executing <Task(PythonOperator): age_check> on 2023-01-28 00:00:00+00:00
[2023-04-19T12:47:49.951+0000] {standard_task_runner.py:55} INFO - Started process 24321 to run task
[2023-04-19T12:47:49.964+0000] {standard_task_runner.py:82} INFO - Running: ['***', 'tasks', 'run', 'age_check', 'age_check', 'scheduled__2023-01-28T00:00:00+00:00', '--job-id', '1745', '--raw', '--subdir', 'DAGS_FOLDER/age.py', '--cfg-path', '/tmp/tmpk2gxutkx']
[2023-04-19T12:47:49.969+0000] {standard_task_runner.py:83} INFO - Job 1745: Subtask age_check
[2023-04-19T12:47:50.277+0000] {task_command.py:388} INFO - Running <TaskInstance: age_check.age_check scheduled__2023-01-28T00:00:00+00:00 [running]> on host fe34f61acbb3
[2023-04-19T12:47:50.629+0000] {taskinstance.py:1509} INFO - Exporting the following env vars:
AIRFLOW_CTX_DAG_OWNER=***
AIRFLOW_CTX_DAG_ID=age_check
AIRFLOW_CTX_TASK_ID=age_check
AIRFLOW_CTX_EXECUTION_DATE=2023-01-28T00:00:00+00:00
AIRFLOW_CTX_TRY_NUMBER=1
AIRFLOW_CTX_DAG_RUN_ID=scheduled__2023-01-28T00:00:00+00:00
[2023-04-19T12:47:50.657+0000] {taskinstance.py:1768} ERROR - Task failed with exception
Traceback (most recent call last):
  File "/home/airflow/.local/lib/python3.7/site-packages/airflow/operators/python.py", line 175, in execute
    return_value = self.execute_callable()
  File "/home/airflow/.local/lib/python3.7/site-packages/airflow/operators/python.py", line 192, in execute_callable
    return self.python_callable(*self.op_args, **self.op_kwargs)
  File "/opt/airflow/dags/age.py", line 35, in age_check
    birth_year = int(Variable.get('birth_year'))
  File "/home/airflow/.local/lib/python3.7/site-packages/airflow/models/variable.py", line 141, in get
    raise KeyError(f"Variable {key} does not exist")
KeyError: 'Variable birth_year does not exist'
[2023-04-19T12:47:50.686+0000] {taskinstance.py:1323} INFO - Marking task as UP_FOR_RETRY. dag_id=age_check, task_id=age_check, execution_date=20230128T000000, start_date=20230419T124749, end_date=20230419T124750
[2023-04-19T12:47:50.770+0000] {standard_task_runner.py:105} ERROR - Failed to execute job 1745 for task age_check ('Variable birth_year does not exist'; 24321)
[2023-04-19T12:47:50.908+0000] {local_task_job.py:208} INFO - Task exited with return code 1
[2023-04-19T12:47:51.097+0000] {taskinstance.py:2578} INFO - 0 downstream tasks scheduled from follow-on schedule check
[2023-05-20T20:58:58.884+0000] {taskinstance.py:1083} INFO - Dependencies all met for <TaskInstance: age_check.age_check scheduled__2023-01-28T00:00:00+00:00 [queued]>
[2023-05-20T20:58:58.929+0000] {taskinstance.py:1083} INFO - Dependencies all met for <TaskInstance: age_check.age_check scheduled__2023-01-28T00:00:00+00:00 [queued]>
[2023-05-20T20:58:58.932+0000] {taskinstance.py:1279} INFO - 
--------------------------------------------------------------------------------
[2023-05-20T20:58:58.933+0000] {taskinstance.py:1280} INFO - Starting attempt 1 of 4
[2023-05-20T20:58:58.934+0000] {taskinstance.py:1281} INFO - 
--------------------------------------------------------------------------------
[2023-05-20T20:58:59.003+0000] {taskinstance.py:1300} INFO - Executing <Task(PythonOperator): age_check> on 2023-01-28 00:00:00+00:00
[2023-05-20T20:58:59.058+0000] {standard_task_runner.py:55} INFO - Started process 1053 to run task
[2023-05-20T20:58:59.078+0000] {standard_task_runner.py:82} INFO - Running: ['***', 'tasks', 'run', 'age_check', 'age_check', 'scheduled__2023-01-28T00:00:00+00:00', '--job-id', '1315', '--raw', '--subdir', 'DAGS_FOLDER/age.py', '--cfg-path', '/tmp/tmplt8fdjql']
[2023-05-20T20:58:59.081+0000] {standard_task_runner.py:83} INFO - Job 1315: Subtask age_check
[2023-05-20T20:58:59.302+0000] {task_command.py:388} INFO - Running <TaskInstance: age_check.age_check scheduled__2023-01-28T00:00:00+00:00 [running]> on host 242f95e3e8a8
[2023-05-20T20:58:59.552+0000] {taskinstance.py:1509} INFO - Exporting the following env vars:
AIRFLOW_CTX_DAG_OWNER=***
AIRFLOW_CTX_DAG_ID=age_check
AIRFLOW_CTX_TASK_ID=age_check
AIRFLOW_CTX_EXECUTION_DATE=2023-01-28T00:00:00+00:00
AIRFLOW_CTX_TRY_NUMBER=1
AIRFLOW_CTX_DAG_RUN_ID=scheduled__2023-01-28T00:00:00+00:00
[2023-05-20T20:58:59.586+0000] {taskinstance.py:1768} ERROR - Task failed with exception
Traceback (most recent call last):
  File "/home/airflow/.local/lib/python3.7/site-packages/airflow/operators/python.py", line 175, in execute
    return_value = self.execute_callable()
  File "/home/airflow/.local/lib/python3.7/site-packages/airflow/operators/python.py", line 192, in execute_callable
    return self.python_callable(*self.op_args, **self.op_kwargs)
  File "/opt/airflow/dags/age.py", line 35, in age_check
    birth_year = int(Variable.get('birth_year'))
  File "/home/airflow/.local/lib/python3.7/site-packages/airflow/models/variable.py", line 141, in get
    raise KeyError(f"Variable {key} does not exist")
KeyError: 'Variable birth_year does not exist'
[2023-05-20T20:58:59.620+0000] {taskinstance.py:1323} INFO - Marking task as UP_FOR_RETRY. dag_id=age_check, task_id=age_check, execution_date=20230128T000000, start_date=20230520T205858, end_date=20230520T205859
[2023-05-20T20:58:59.650+0000] {standard_task_runner.py:105} ERROR - Failed to execute job 1315 for task age_check ('Variable birth_year does not exist'; 1053)
[2023-05-20T20:58:59.746+0000] {local_task_job.py:208} INFO - Task exited with return code 1
[2023-05-20T20:58:59.987+0000] {taskinstance.py:2578} INFO - 0 downstream tasks scheduled from follow-on schedule check
