[2023-04-19T12:43:34.110+0000] {taskinstance.py:1083} INFO - Dependencies all met for <TaskInstance: age_check.age_check scheduled__2022-11-22T00:00:00+00:00 [queued]>
[2023-04-19T12:43:34.154+0000] {taskinstance.py:1083} INFO - Dependencies all met for <TaskInstance: age_check.age_check scheduled__2022-11-22T00:00:00+00:00 [queued]>
[2023-04-19T12:43:34.155+0000] {taskinstance.py:1279} INFO - 
--------------------------------------------------------------------------------
[2023-04-19T12:43:34.157+0000] {taskinstance.py:1280} INFO - Starting attempt 2 of 4
[2023-04-19T12:43:34.160+0000] {taskinstance.py:1281} INFO - 
--------------------------------------------------------------------------------
[2023-04-19T12:43:34.197+0000] {taskinstance.py:1300} INFO - Executing <Task(PythonOperator): age_check> on 2022-11-22 00:00:00+00:00
[2023-04-19T12:43:34.207+0000] {standard_task_runner.py:55} INFO - Started process 23205 to run task
[2023-04-19T12:43:34.212+0000] {standard_task_runner.py:82} INFO - Running: ['***', 'tasks', 'run', 'age_check', 'age_check', 'scheduled__2022-11-22T00:00:00+00:00', '--job-id', '1296', '--raw', '--subdir', 'DAGS_FOLDER/age.py', '--cfg-path', '/tmp/tmpyssgqvab']
[2023-04-19T12:43:34.217+0000] {standard_task_runner.py:83} INFO - Job 1296: Subtask age_check
[2023-04-19T12:43:34.339+0000] {task_command.py:388} INFO - Running <TaskInstance: age_check.age_check scheduled__2022-11-22T00:00:00+00:00 [running]> on host fe34f61acbb3
[2023-04-19T12:43:34.430+0000] {taskinstance.py:1509} INFO - Exporting the following env vars:
AIRFLOW_CTX_DAG_OWNER=***
AIRFLOW_CTX_DAG_ID=age_check
AIRFLOW_CTX_TASK_ID=age_check
AIRFLOW_CTX_EXECUTION_DATE=2022-11-22T00:00:00+00:00
AIRFLOW_CTX_TRY_NUMBER=2
AIRFLOW_CTX_DAG_RUN_ID=scheduled__2022-11-22T00:00:00+00:00
[2023-04-19T12:43:34.445+0000] {taskinstance.py:1768} ERROR - Task failed with exception
Traceback (most recent call last):
  File "/home/airflow/.local/lib/python3.7/site-packages/airflow/operators/python.py", line 175, in execute
    return_value = self.execute_callable()
  File "/home/airflow/.local/lib/python3.7/site-packages/airflow/operators/python.py", line 192, in execute_callable
    return self.python_callable(*self.op_args, **self.op_kwargs)
  File "/opt/airflow/dags/age.py", line 35, in age_check
    birth_year = int(Variable.get('birth_year'))
  File "/home/airflow/.local/lib/python3.7/site-packages/airflow/models/variable.py", line 141, in get
    raise KeyError(f"Variable {key} does not exist")
KeyError: 'Variable birth_year does not exist'
[2023-04-19T12:43:34.469+0000] {taskinstance.py:1323} INFO - Marking task as UP_FOR_RETRY. dag_id=age_check, task_id=age_check, execution_date=20221122T000000, start_date=20230419T124334, end_date=20230419T124334
[2023-04-19T12:43:34.510+0000] {standard_task_runner.py:105} ERROR - Failed to execute job 1296 for task age_check ('Variable birth_year does not exist'; 23205)
[2023-04-19T12:43:34.557+0000] {local_task_job.py:208} INFO - Task exited with return code 1
[2023-04-19T12:43:34.598+0000] {taskinstance.py:2578} INFO - 0 downstream tasks scheduled from follow-on schedule check
[2023-05-17T10:15:21.374+0000] {taskinstance.py:1083} INFO - Dependencies all met for <TaskInstance: age_check.age_check scheduled__2022-11-22T00:00:00+00:00 [queued]>
[2023-05-17T10:15:21.382+0000] {taskinstance.py:1083} INFO - Dependencies all met for <TaskInstance: age_check.age_check scheduled__2022-11-22T00:00:00+00:00 [queued]>
[2023-05-17T10:15:21.383+0000] {taskinstance.py:1279} INFO - 
--------------------------------------------------------------------------------
[2023-05-17T10:15:21.384+0000] {taskinstance.py:1280} INFO - Starting attempt 2 of 4
[2023-05-17T10:15:21.385+0000] {taskinstance.py:1281} INFO - 
--------------------------------------------------------------------------------
[2023-05-17T10:15:21.396+0000] {taskinstance.py:1300} INFO - Executing <Task(PythonOperator): age_check> on 2022-11-22 00:00:00+00:00
[2023-05-17T10:15:21.403+0000] {standard_task_runner.py:55} INFO - Started process 5875 to run task
[2023-05-17T10:15:21.409+0000] {standard_task_runner.py:82} INFO - Running: ['***', 'tasks', 'run', 'age_check', 'age_check', 'scheduled__2022-11-22T00:00:00+00:00', '--job-id', '859', '--raw', '--subdir', 'DAGS_FOLDER/age.py', '--cfg-path', '/tmp/tmpynqj4z3i']
[2023-05-17T10:15:21.411+0000] {standard_task_runner.py:83} INFO - Job 859: Subtask age_check
[2023-05-17T10:15:21.485+0000] {task_command.py:388} INFO - Running <TaskInstance: age_check.age_check scheduled__2022-11-22T00:00:00+00:00 [running]> on host 242f95e3e8a8
[2023-05-17T10:15:21.551+0000] {taskinstance.py:1509} INFO - Exporting the following env vars:
AIRFLOW_CTX_DAG_OWNER=***
AIRFLOW_CTX_DAG_ID=age_check
AIRFLOW_CTX_TASK_ID=age_check
AIRFLOW_CTX_EXECUTION_DATE=2022-11-22T00:00:00+00:00
AIRFLOW_CTX_TRY_NUMBER=2
AIRFLOW_CTX_DAG_RUN_ID=scheduled__2022-11-22T00:00:00+00:00
[2023-05-17T10:15:21.562+0000] {taskinstance.py:1768} ERROR - Task failed with exception
Traceback (most recent call last):
  File "/home/airflow/.local/lib/python3.7/site-packages/airflow/operators/python.py", line 175, in execute
    return_value = self.execute_callable()
  File "/home/airflow/.local/lib/python3.7/site-packages/airflow/operators/python.py", line 192, in execute_callable
    return self.python_callable(*self.op_args, **self.op_kwargs)
  File "/opt/airflow/dags/age.py", line 35, in age_check
    birth_year = int(Variable.get('birth_year'))
  File "/home/airflow/.local/lib/python3.7/site-packages/airflow/models/variable.py", line 141, in get
    raise KeyError(f"Variable {key} does not exist")
KeyError: 'Variable birth_year does not exist'
[2023-05-17T10:15:21.575+0000] {taskinstance.py:1323} INFO - Marking task as UP_FOR_RETRY. dag_id=age_check, task_id=age_check, execution_date=20221122T000000, start_date=20230517T101521, end_date=20230517T101521
[2023-05-17T10:15:21.584+0000] {standard_task_runner.py:105} ERROR - Failed to execute job 859 for task age_check ('Variable birth_year does not exist'; 5875)
[2023-05-17T10:15:21.621+0000] {local_task_job.py:208} INFO - Task exited with return code 1
[2023-05-17T10:15:21.645+0000] {taskinstance.py:2578} INFO - 0 downstream tasks scheduled from follow-on schedule check
