[2023-04-19T12:42:51.713+0000] {taskinstance.py:1083} INFO - Dependencies all met for <TaskInstance: age_check.age_check scheduled__2022-11-03T00:00:00+00:00 [queued]>
[2023-04-19T12:42:51.740+0000] {taskinstance.py:1083} INFO - Dependencies all met for <TaskInstance: age_check.age_check scheduled__2022-11-03T00:00:00+00:00 [queued]>
[2023-04-19T12:42:51.742+0000] {taskinstance.py:1279} INFO - 
--------------------------------------------------------------------------------
[2023-04-19T12:42:51.744+0000] {taskinstance.py:1280} INFO - Starting attempt 4 of 4
[2023-04-19T12:42:51.746+0000] {taskinstance.py:1281} INFO - 
--------------------------------------------------------------------------------
[2023-04-19T12:42:51.795+0000] {taskinstance.py:1300} INFO - Executing <Task(PythonOperator): age_check> on 2022-11-03 00:00:00+00:00
[2023-04-19T12:42:51.802+0000] {standard_task_runner.py:55} INFO - Started process 23014 to run task
[2023-04-19T12:42:51.858+0000] {standard_task_runner.py:82} INFO - Running: ['***', 'tasks', 'run', 'age_check', 'age_check', 'scheduled__2022-11-03T00:00:00+00:00', '--job-id', '1217', '--raw', '--subdir', 'DAGS_FOLDER/age.py', '--cfg-path', '/tmp/tmpefnv1b0o']
[2023-04-19T12:42:51.862+0000] {standard_task_runner.py:83} INFO - Job 1217: Subtask age_check
[2023-04-19T12:42:52.114+0000] {task_command.py:388} INFO - Running <TaskInstance: age_check.age_check scheduled__2022-11-03T00:00:00+00:00 [running]> on host fe34f61acbb3
[2023-04-19T12:42:52.449+0000] {taskinstance.py:1509} INFO - Exporting the following env vars:
AIRFLOW_CTX_DAG_OWNER=***
AIRFLOW_CTX_DAG_ID=age_check
AIRFLOW_CTX_TASK_ID=age_check
AIRFLOW_CTX_EXECUTION_DATE=2022-11-03T00:00:00+00:00
AIRFLOW_CTX_TRY_NUMBER=4
AIRFLOW_CTX_DAG_RUN_ID=scheduled__2022-11-03T00:00:00+00:00
[2023-04-19T12:42:52.511+0000] {taskinstance.py:1768} ERROR - Task failed with exception
Traceback (most recent call last):
  File "/home/airflow/.local/lib/python3.7/site-packages/airflow/operators/python.py", line 175, in execute
    return_value = self.execute_callable()
  File "/home/airflow/.local/lib/python3.7/site-packages/airflow/operators/python.py", line 192, in execute_callable
    return self.python_callable(*self.op_args, **self.op_kwargs)
  File "/opt/airflow/dags/age.py", line 35, in age_check
    birth_year = int(Variable.get('birth_year'))
  File "/home/airflow/.local/lib/python3.7/site-packages/airflow/models/variable.py", line 141, in get
    raise KeyError(f"Variable {key} does not exist")
KeyError: 'Variable birth_year does not exist'
[2023-04-19T12:42:52.586+0000] {taskinstance.py:1323} INFO - Marking task as FAILED. dag_id=age_check, task_id=age_check, execution_date=20221103T000000, start_date=20230419T124251, end_date=20230419T124252
[2023-04-19T12:42:52.719+0000] {standard_task_runner.py:105} ERROR - Failed to execute job 1217 for task age_check ('Variable birth_year does not exist'; 23014)
[2023-04-19T12:42:52.767+0000] {local_task_job.py:208} INFO - Task exited with return code 1
[2023-04-19T12:42:52.864+0000] {taskinstance.py:2578} INFO - 0 downstream tasks scheduled from follow-on schedule check
[2023-05-17T10:14:43.936+0000] {taskinstance.py:1083} INFO - Dependencies all met for <TaskInstance: age_check.age_check scheduled__2022-11-03T00:00:00+00:00 [queued]>
[2023-05-17T10:14:43.944+0000] {taskinstance.py:1083} INFO - Dependencies all met for <TaskInstance: age_check.age_check scheduled__2022-11-03T00:00:00+00:00 [queued]>
[2023-05-17T10:14:43.945+0000] {taskinstance.py:1279} INFO - 
--------------------------------------------------------------------------------
[2023-05-17T10:14:43.946+0000] {taskinstance.py:1280} INFO - Starting attempt 4 of 4
[2023-05-17T10:14:43.947+0000] {taskinstance.py:1281} INFO - 
--------------------------------------------------------------------------------
[2023-05-17T10:14:43.959+0000] {taskinstance.py:1300} INFO - Executing <Task(PythonOperator): age_check> on 2022-11-03 00:00:00+00:00
[2023-05-17T10:14:43.964+0000] {standard_task_runner.py:55} INFO - Started process 5676 to run task
[2023-05-17T10:14:43.970+0000] {standard_task_runner.py:82} INFO - Running: ['***', 'tasks', 'run', 'age_check', 'age_check', 'scheduled__2022-11-03T00:00:00+00:00', '--job-id', '777', '--raw', '--subdir', 'DAGS_FOLDER/age.py', '--cfg-path', '/tmp/tmpm9f1gl7a']
[2023-05-17T10:14:43.971+0000] {standard_task_runner.py:83} INFO - Job 777: Subtask age_check
[2023-05-17T10:14:44.034+0000] {task_command.py:388} INFO - Running <TaskInstance: age_check.age_check scheduled__2022-11-03T00:00:00+00:00 [running]> on host 242f95e3e8a8
[2023-05-17T10:14:44.095+0000] {taskinstance.py:1509} INFO - Exporting the following env vars:
AIRFLOW_CTX_DAG_OWNER=***
AIRFLOW_CTX_DAG_ID=age_check
AIRFLOW_CTX_TASK_ID=age_check
AIRFLOW_CTX_EXECUTION_DATE=2022-11-03T00:00:00+00:00
AIRFLOW_CTX_TRY_NUMBER=4
AIRFLOW_CTX_DAG_RUN_ID=scheduled__2022-11-03T00:00:00+00:00
[2023-05-17T10:14:44.105+0000] {taskinstance.py:1768} ERROR - Task failed with exception
Traceback (most recent call last):
  File "/home/airflow/.local/lib/python3.7/site-packages/airflow/operators/python.py", line 175, in execute
    return_value = self.execute_callable()
  File "/home/airflow/.local/lib/python3.7/site-packages/airflow/operators/python.py", line 192, in execute_callable
    return self.python_callable(*self.op_args, **self.op_kwargs)
  File "/opt/airflow/dags/age.py", line 35, in age_check
    birth_year = int(Variable.get('birth_year'))
  File "/home/airflow/.local/lib/python3.7/site-packages/airflow/models/variable.py", line 141, in get
    raise KeyError(f"Variable {key} does not exist")
KeyError: 'Variable birth_year does not exist'
[2023-05-17T10:14:44.116+0000] {taskinstance.py:1323} INFO - Marking task as FAILED. dag_id=age_check, task_id=age_check, execution_date=20221103T000000, start_date=20230517T101443, end_date=20230517T101444
[2023-05-17T10:14:44.127+0000] {standard_task_runner.py:105} ERROR - Failed to execute job 777 for task age_check ('Variable birth_year does not exist'; 5676)
[2023-05-17T10:14:44.140+0000] {local_task_job.py:208} INFO - Task exited with return code 1
[2023-05-17T10:14:44.164+0000] {taskinstance.py:2578} INFO - 0 downstream tasks scheduled from follow-on schedule check
