[2023-04-19T12:42:39.191+0000] {taskinstance.py:1083} INFO - Dependencies all met for <TaskInstance: age_check.age_check scheduled__2022-11-03T00:00:00+00:00 [queued]>
[2023-04-19T12:42:39.238+0000] {taskinstance.py:1083} INFO - Dependencies all met for <TaskInstance: age_check.age_check scheduled__2022-11-03T00:00:00+00:00 [queued]>
[2023-04-19T12:42:39.240+0000] {taskinstance.py:1279} INFO - 
--------------------------------------------------------------------------------
[2023-04-19T12:42:39.244+0000] {taskinstance.py:1280} INFO - Starting attempt 3 of 4
[2023-04-19T12:42:39.245+0000] {taskinstance.py:1281} INFO - 
--------------------------------------------------------------------------------
[2023-04-19T12:42:39.281+0000] {taskinstance.py:1300} INFO - Executing <Task(PythonOperator): age_check> on 2022-11-03 00:00:00+00:00
[2023-04-19T12:42:39.305+0000] {standard_task_runner.py:82} INFO - Running: ['***', 'tasks', 'run', 'age_check', 'age_check', 'scheduled__2022-11-03T00:00:00+00:00', '--job-id', '1201', '--raw', '--subdir', 'DAGS_FOLDER/age.py', '--cfg-path', '/tmp/tmpsizjc3hs']
[2023-04-19T12:42:39.309+0000] {standard_task_runner.py:83} INFO - Job 1201: Subtask age_check
[2023-04-19T12:42:39.296+0000] {standard_task_runner.py:55} INFO - Started process 22968 to run task
[2023-04-19T12:42:39.459+0000] {task_command.py:388} INFO - Running <TaskInstance: age_check.age_check scheduled__2022-11-03T00:00:00+00:00 [running]> on host fe34f61acbb3
[2023-04-19T12:42:39.652+0000] {taskinstance.py:1509} INFO - Exporting the following env vars:
AIRFLOW_CTX_DAG_OWNER=***
AIRFLOW_CTX_DAG_ID=age_check
AIRFLOW_CTX_TASK_ID=age_check
AIRFLOW_CTX_EXECUTION_DATE=2022-11-03T00:00:00+00:00
AIRFLOW_CTX_TRY_NUMBER=3
AIRFLOW_CTX_DAG_RUN_ID=scheduled__2022-11-03T00:00:00+00:00
[2023-04-19T12:42:39.668+0000] {taskinstance.py:1768} ERROR - Task failed with exception
Traceback (most recent call last):
  File "/home/airflow/.local/lib/python3.7/site-packages/airflow/operators/python.py", line 175, in execute
    return_value = self.execute_callable()
  File "/home/airflow/.local/lib/python3.7/site-packages/airflow/operators/python.py", line 192, in execute_callable
    return self.python_callable(*self.op_args, **self.op_kwargs)
  File "/opt/airflow/dags/age.py", line 35, in age_check
    birth_year = int(Variable.get('birth_year'))
  File "/home/airflow/.local/lib/python3.7/site-packages/airflow/models/variable.py", line 141, in get
    raise KeyError(f"Variable {key} does not exist")
KeyError: 'Variable birth_year does not exist'
[2023-04-19T12:42:39.708+0000] {taskinstance.py:1323} INFO - Marking task as UP_FOR_RETRY. dag_id=age_check, task_id=age_check, execution_date=20221103T000000, start_date=20230419T124239, end_date=20230419T124239
[2023-04-19T12:42:39.740+0000] {standard_task_runner.py:105} ERROR - Failed to execute job 1201 for task age_check ('Variable birth_year does not exist'; 22968)
[2023-04-19T12:42:39.787+0000] {local_task_job.py:208} INFO - Task exited with return code 1
[2023-04-19T12:42:40.005+0000] {taskinstance.py:2578} INFO - 0 downstream tasks scheduled from follow-on schedule check
[2023-05-17T10:14:32.362+0000] {taskinstance.py:1083} INFO - Dependencies all met for <TaskInstance: age_check.age_check scheduled__2022-11-03T00:00:00+00:00 [queued]>
[2023-05-17T10:14:32.376+0000] {taskinstance.py:1083} INFO - Dependencies all met for <TaskInstance: age_check.age_check scheduled__2022-11-03T00:00:00+00:00 [queued]>
[2023-05-17T10:14:32.377+0000] {taskinstance.py:1279} INFO - 
--------------------------------------------------------------------------------
[2023-05-17T10:14:32.377+0000] {taskinstance.py:1280} INFO - Starting attempt 3 of 4
[2023-05-17T10:14:32.378+0000] {taskinstance.py:1281} INFO - 
--------------------------------------------------------------------------------
[2023-05-17T10:14:32.390+0000] {taskinstance.py:1300} INFO - Executing <Task(PythonOperator): age_check> on 2022-11-03 00:00:00+00:00
[2023-05-17T10:14:32.395+0000] {standard_task_runner.py:55} INFO - Started process 5633 to run task
[2023-05-17T10:14:32.399+0000] {standard_task_runner.py:82} INFO - Running: ['***', 'tasks', 'run', 'age_check', 'age_check', 'scheduled__2022-11-03T00:00:00+00:00', '--job-id', '762', '--raw', '--subdir', 'DAGS_FOLDER/age.py', '--cfg-path', '/tmp/tmpq7pd129b']
[2023-05-17T10:14:32.401+0000] {standard_task_runner.py:83} INFO - Job 762: Subtask age_check
[2023-05-17T10:14:32.483+0000] {task_command.py:388} INFO - Running <TaskInstance: age_check.age_check scheduled__2022-11-03T00:00:00+00:00 [running]> on host 242f95e3e8a8
[2023-05-17T10:14:32.541+0000] {taskinstance.py:1509} INFO - Exporting the following env vars:
AIRFLOW_CTX_DAG_OWNER=***
AIRFLOW_CTX_DAG_ID=age_check
AIRFLOW_CTX_TASK_ID=age_check
AIRFLOW_CTX_EXECUTION_DATE=2022-11-03T00:00:00+00:00
AIRFLOW_CTX_TRY_NUMBER=3
AIRFLOW_CTX_DAG_RUN_ID=scheduled__2022-11-03T00:00:00+00:00
[2023-05-17T10:14:32.550+0000] {taskinstance.py:1768} ERROR - Task failed with exception
Traceback (most recent call last):
  File "/home/airflow/.local/lib/python3.7/site-packages/airflow/operators/python.py", line 175, in execute
    return_value = self.execute_callable()
  File "/home/airflow/.local/lib/python3.7/site-packages/airflow/operators/python.py", line 192, in execute_callable
    return self.python_callable(*self.op_args, **self.op_kwargs)
  File "/opt/airflow/dags/age.py", line 35, in age_check
    birth_year = int(Variable.get('birth_year'))
  File "/home/airflow/.local/lib/python3.7/site-packages/airflow/models/variable.py", line 141, in get
    raise KeyError(f"Variable {key} does not exist")
KeyError: 'Variable birth_year does not exist'
[2023-05-17T10:14:32.562+0000] {taskinstance.py:1323} INFO - Marking task as UP_FOR_RETRY. dag_id=age_check, task_id=age_check, execution_date=20221103T000000, start_date=20230517T101432, end_date=20230517T101432
[2023-05-17T10:14:32.571+0000] {standard_task_runner.py:105} ERROR - Failed to execute job 762 for task age_check ('Variable birth_year does not exist'; 5633)
[2023-05-17T10:14:32.611+0000] {local_task_job.py:208} INFO - Task exited with return code 1
[2023-05-17T10:14:32.642+0000] {taskinstance.py:2578} INFO - 0 downstream tasks scheduled from follow-on schedule check
