[2023-04-19T12:51:47.746+0000] {taskinstance.py:1083} INFO - Dependencies all met for <TaskInstance: age_check.age_check scheduled__2023-03-28T00:00:00+00:00 [queued]>
[2023-04-19T12:51:47.812+0000] {taskinstance.py:1083} INFO - Dependencies all met for <TaskInstance: age_check.age_check scheduled__2023-03-28T00:00:00+00:00 [queued]>
[2023-04-19T12:51:47.814+0000] {taskinstance.py:1279} INFO - 
--------------------------------------------------------------------------------
[2023-04-19T12:51:47.815+0000] {taskinstance.py:1280} INFO - Starting attempt 1 of 4
[2023-04-19T12:51:47.819+0000] {taskinstance.py:1281} INFO - 
--------------------------------------------------------------------------------
[2023-04-19T12:51:47.859+0000] {taskinstance.py:1300} INFO - Executing <Task(PythonOperator): age_check> on 2023-03-28 00:00:00+00:00
[2023-04-19T12:51:47.910+0000] {standard_task_runner.py:55} INFO - Started process 25433 to run task
[2023-04-19T12:51:47.943+0000] {standard_task_runner.py:82} INFO - Running: ['***', 'tasks', 'run', 'age_check', 'age_check', 'scheduled__2023-03-28T00:00:00+00:00', '--job-id', '2221', '--raw', '--subdir', 'DAGS_FOLDER/age.py', '--cfg-path', '/tmp/tmpcnlcsonm']
[2023-04-19T12:51:47.947+0000] {standard_task_runner.py:83} INFO - Job 2221: Subtask age_check
[2023-04-19T12:51:48.182+0000] {task_command.py:388} INFO - Running <TaskInstance: age_check.age_check scheduled__2023-03-28T00:00:00+00:00 [running]> on host fe34f61acbb3
[2023-04-19T12:51:48.309+0000] {taskinstance.py:1509} INFO - Exporting the following env vars:
AIRFLOW_CTX_DAG_OWNER=***
AIRFLOW_CTX_DAG_ID=age_check
AIRFLOW_CTX_TASK_ID=age_check
AIRFLOW_CTX_EXECUTION_DATE=2023-03-28T00:00:00+00:00
AIRFLOW_CTX_TRY_NUMBER=1
AIRFLOW_CTX_DAG_RUN_ID=scheduled__2023-03-28T00:00:00+00:00
[2023-04-19T12:51:48.318+0000] {taskinstance.py:1768} ERROR - Task failed with exception
Traceback (most recent call last):
  File "/home/airflow/.local/lib/python3.7/site-packages/airflow/operators/python.py", line 175, in execute
    return_value = self.execute_callable()
  File "/home/airflow/.local/lib/python3.7/site-packages/airflow/operators/python.py", line 192, in execute_callable
    return self.python_callable(*self.op_args, **self.op_kwargs)
  File "/opt/airflow/dags/age.py", line 35, in age_check
    birth_year = int(Variable.get('birth_year'))
  File "/home/airflow/.local/lib/python3.7/site-packages/airflow/models/variable.py", line 141, in get
    raise KeyError(f"Variable {key} does not exist")
KeyError: 'Variable birth_year does not exist'
[2023-04-19T12:51:48.383+0000] {taskinstance.py:1323} INFO - Marking task as UP_FOR_RETRY. dag_id=age_check, task_id=age_check, execution_date=20230328T000000, start_date=20230419T125147, end_date=20230419T125148
[2023-04-19T12:51:48.423+0000] {standard_task_runner.py:105} ERROR - Failed to execute job 2221 for task age_check ('Variable birth_year does not exist'; 25433)
[2023-04-19T12:51:48.527+0000] {local_task_job.py:208} INFO - Task exited with return code 1
[2023-04-19T12:51:48.566+0000] {taskinstance.py:2578} INFO - 0 downstream tasks scheduled from follow-on schedule check
[2023-05-20T21:49:37.660+0000] {taskinstance.py:1083} INFO - Dependencies all met for <TaskInstance: age_check.age_check scheduled__2023-03-28T00:00:00+00:00 [queued]>
[2023-05-20T21:49:37.668+0000] {taskinstance.py:1083} INFO - Dependencies all met for <TaskInstance: age_check.age_check scheduled__2023-03-28T00:00:00+00:00 [queued]>
[2023-05-20T21:49:37.669+0000] {taskinstance.py:1279} INFO - 
--------------------------------------------------------------------------------
[2023-05-20T21:49:37.670+0000] {taskinstance.py:1280} INFO - Starting attempt 1 of 4
[2023-05-20T21:49:37.671+0000] {taskinstance.py:1281} INFO - 
--------------------------------------------------------------------------------
[2023-05-20T21:49:37.680+0000] {taskinstance.py:1300} INFO - Executing <Task(PythonOperator): age_check> on 2023-03-28 00:00:00+00:00
[2023-05-20T21:49:37.685+0000] {standard_task_runner.py:55} INFO - Started process 2057 to run task
[2023-05-20T21:49:37.689+0000] {standard_task_runner.py:82} INFO - Running: ['***', 'tasks', 'run', 'age_check', 'age_check', 'scheduled__2023-03-28T00:00:00+00:00', '--job-id', '1721', '--raw', '--subdir', 'DAGS_FOLDER/age.py', '--cfg-path', '/tmp/tmp83x0hspi']
[2023-05-20T21:49:37.691+0000] {standard_task_runner.py:83} INFO - Job 1721: Subtask age_check
[2023-05-20T21:49:37.749+0000] {task_command.py:388} INFO - Running <TaskInstance: age_check.age_check scheduled__2023-03-28T00:00:00+00:00 [running]> on host 242f95e3e8a8
[2023-05-20T21:49:37.799+0000] {taskinstance.py:1509} INFO - Exporting the following env vars:
AIRFLOW_CTX_DAG_OWNER=***
AIRFLOW_CTX_DAG_ID=age_check
AIRFLOW_CTX_TASK_ID=age_check
AIRFLOW_CTX_EXECUTION_DATE=2023-03-28T00:00:00+00:00
AIRFLOW_CTX_TRY_NUMBER=1
AIRFLOW_CTX_DAG_RUN_ID=scheduled__2023-03-28T00:00:00+00:00
[2023-05-20T21:49:37.809+0000] {taskinstance.py:1768} ERROR - Task failed with exception
Traceback (most recent call last):
  File "/home/airflow/.local/lib/python3.7/site-packages/airflow/operators/python.py", line 175, in execute
    return_value = self.execute_callable()
  File "/home/airflow/.local/lib/python3.7/site-packages/airflow/operators/python.py", line 192, in execute_callable
    return self.python_callable(*self.op_args, **self.op_kwargs)
  File "/opt/airflow/dags/age.py", line 35, in age_check
    birth_year = int(Variable.get('birth_year'))
  File "/home/airflow/.local/lib/python3.7/site-packages/airflow/models/variable.py", line 141, in get
    raise KeyError(f"Variable {key} does not exist")
KeyError: 'Variable birth_year does not exist'
[2023-05-20T21:49:37.819+0000] {taskinstance.py:1323} INFO - Marking task as UP_FOR_RETRY. dag_id=age_check, task_id=age_check, execution_date=20230328T000000, start_date=20230520T214937, end_date=20230520T214937
[2023-05-20T21:49:37.828+0000] {standard_task_runner.py:105} ERROR - Failed to execute job 1721 for task age_check ('Variable birth_year does not exist'; 2057)
[2023-05-20T21:49:37.865+0000] {local_task_job.py:208} INFO - Task exited with return code 1
[2023-05-20T21:49:37.884+0000] {taskinstance.py:2578} INFO - 0 downstream tasks scheduled from follow-on schedule check
