[2023-04-19T12:52:00.105+0000] {taskinstance.py:1083} INFO - Dependencies all met for <TaskInstance: age_check.age_check scheduled__2023-03-28T00:00:00+00:00 [queued]>
[2023-04-19T12:52:00.132+0000] {taskinstance.py:1083} INFO - Dependencies all met for <TaskInstance: age_check.age_check scheduled__2023-03-28T00:00:00+00:00 [queued]>
[2023-04-19T12:52:00.134+0000] {taskinstance.py:1279} INFO - 
--------------------------------------------------------------------------------
[2023-04-19T12:52:00.139+0000] {taskinstance.py:1280} INFO - Starting attempt 2 of 4
[2023-04-19T12:52:00.143+0000] {taskinstance.py:1281} INFO - 
--------------------------------------------------------------------------------
[2023-04-19T12:52:00.172+0000] {taskinstance.py:1300} INFO - Executing <Task(PythonOperator): age_check> on 2023-03-28 00:00:00+00:00
[2023-04-19T12:52:00.178+0000] {standard_task_runner.py:55} INFO - Started process 25499 to run task
[2023-04-19T12:52:00.194+0000] {standard_task_runner.py:82} INFO - Running: ['***', 'tasks', 'run', 'age_check', 'age_check', 'scheduled__2023-03-28T00:00:00+00:00', '--job-id', '2249', '--raw', '--subdir', 'DAGS_FOLDER/age.py', '--cfg-path', '/tmp/tmpmuo6_5i0']
[2023-04-19T12:52:00.197+0000] {standard_task_runner.py:83} INFO - Job 2249: Subtask age_check
[2023-04-19T12:52:00.286+0000] {task_command.py:388} INFO - Running <TaskInstance: age_check.age_check scheduled__2023-03-28T00:00:00+00:00 [running]> on host fe34f61acbb3
[2023-04-19T12:52:00.391+0000] {taskinstance.py:1509} INFO - Exporting the following env vars:
AIRFLOW_CTX_DAG_OWNER=***
AIRFLOW_CTX_DAG_ID=age_check
AIRFLOW_CTX_TASK_ID=age_check
AIRFLOW_CTX_EXECUTION_DATE=2023-03-28T00:00:00+00:00
AIRFLOW_CTX_TRY_NUMBER=2
AIRFLOW_CTX_DAG_RUN_ID=scheduled__2023-03-28T00:00:00+00:00
[2023-04-19T12:52:00.408+0000] {taskinstance.py:1768} ERROR - Task failed with exception
Traceback (most recent call last):
  File "/home/airflow/.local/lib/python3.7/site-packages/airflow/operators/python.py", line 175, in execute
    return_value = self.execute_callable()
  File "/home/airflow/.local/lib/python3.7/site-packages/airflow/operators/python.py", line 192, in execute_callable
    return self.python_callable(*self.op_args, **self.op_kwargs)
  File "/opt/airflow/dags/age.py", line 35, in age_check
    birth_year = int(Variable.get('birth_year'))
  File "/home/airflow/.local/lib/python3.7/site-packages/airflow/models/variable.py", line 141, in get
    raise KeyError(f"Variable {key} does not exist")
KeyError: 'Variable birth_year does not exist'
[2023-04-19T12:52:00.433+0000] {taskinstance.py:1323} INFO - Marking task as UP_FOR_RETRY. dag_id=age_check, task_id=age_check, execution_date=20230328T000000, start_date=20230419T125200, end_date=20230419T125200
[2023-04-19T12:52:00.455+0000] {standard_task_runner.py:105} ERROR - Failed to execute job 2249 for task age_check ('Variable birth_year does not exist'; 25499)
[2023-04-19T12:52:00.489+0000] {local_task_job.py:208} INFO - Task exited with return code 1
[2023-04-19T12:52:00.687+0000] {taskinstance.py:2578} INFO - 0 downstream tasks scheduled from follow-on schedule check
[2023-05-20T21:49:50.202+0000] {taskinstance.py:1083} INFO - Dependencies all met for <TaskInstance: age_check.age_check scheduled__2023-03-28T00:00:00+00:00 [queued]>
[2023-05-20T21:49:50.221+0000] {taskinstance.py:1083} INFO - Dependencies all met for <TaskInstance: age_check.age_check scheduled__2023-03-28T00:00:00+00:00 [queued]>
[2023-05-20T21:49:50.224+0000] {taskinstance.py:1279} INFO - 
--------------------------------------------------------------------------------
[2023-05-20T21:49:50.226+0000] {taskinstance.py:1280} INFO - Starting attempt 2 of 4
[2023-05-20T21:49:50.229+0000] {taskinstance.py:1281} INFO - 
--------------------------------------------------------------------------------
[2023-05-20T21:49:50.267+0000] {taskinstance.py:1300} INFO - Executing <Task(PythonOperator): age_check> on 2023-03-28 00:00:00+00:00
[2023-05-20T21:49:50.290+0000] {standard_task_runner.py:55} INFO - Started process 2166 to run task
[2023-05-20T21:49:50.314+0000] {standard_task_runner.py:82} INFO - Running: ['***', 'tasks', 'run', 'age_check', 'age_check', 'scheduled__2023-03-28T00:00:00+00:00', '--job-id', '1770', '--raw', '--subdir', 'DAGS_FOLDER/age.py', '--cfg-path', '/tmp/tmp3jl9x3qc']
[2023-05-20T21:49:50.319+0000] {standard_task_runner.py:83} INFO - Job 1770: Subtask age_check
[2023-05-20T21:49:50.470+0000] {task_command.py:388} INFO - Running <TaskInstance: age_check.age_check scheduled__2023-03-28T00:00:00+00:00 [running]> on host 242f95e3e8a8
[2023-05-20T21:49:50.625+0000] {taskinstance.py:1509} INFO - Exporting the following env vars:
AIRFLOW_CTX_DAG_OWNER=***
AIRFLOW_CTX_DAG_ID=age_check
AIRFLOW_CTX_TASK_ID=age_check
AIRFLOW_CTX_EXECUTION_DATE=2023-03-28T00:00:00+00:00
AIRFLOW_CTX_TRY_NUMBER=2
AIRFLOW_CTX_DAG_RUN_ID=scheduled__2023-03-28T00:00:00+00:00
[2023-05-20T21:49:50.661+0000] {taskinstance.py:1768} ERROR - Task failed with exception
Traceback (most recent call last):
  File "/home/airflow/.local/lib/python3.7/site-packages/airflow/operators/python.py", line 175, in execute
    return_value = self.execute_callable()
  File "/home/airflow/.local/lib/python3.7/site-packages/airflow/operators/python.py", line 192, in execute_callable
    return self.python_callable(*self.op_args, **self.op_kwargs)
  File "/opt/airflow/dags/age.py", line 35, in age_check
    birth_year = int(Variable.get('birth_year'))
  File "/home/airflow/.local/lib/python3.7/site-packages/airflow/models/variable.py", line 141, in get
    raise KeyError(f"Variable {key} does not exist")
KeyError: 'Variable birth_year does not exist'
[2023-05-20T21:49:50.689+0000] {taskinstance.py:1323} INFO - Marking task as UP_FOR_RETRY. dag_id=age_check, task_id=age_check, execution_date=20230328T000000, start_date=20230520T214950, end_date=20230520T214950
[2023-05-20T21:49:50.712+0000] {standard_task_runner.py:105} ERROR - Failed to execute job 1770 for task age_check ('Variable birth_year does not exist'; 2166)
[2023-05-20T21:49:50.769+0000] {local_task_job.py:208} INFO - Task exited with return code 1
[2023-05-20T21:49:50.830+0000] {taskinstance.py:2578} INFO - 0 downstream tasks scheduled from follow-on schedule check
