[2023-04-19T12:52:28.922+0000] {taskinstance.py:1083} INFO - Dependencies all met for <TaskInstance: age_check.age_check scheduled__2023-03-28T00:00:00+00:00 [queued]>
[2023-04-19T12:52:28.945+0000] {taskinstance.py:1083} INFO - Dependencies all met for <TaskInstance: age_check.age_check scheduled__2023-03-28T00:00:00+00:00 [queued]>
[2023-04-19T12:52:28.946+0000] {taskinstance.py:1279} INFO - 
--------------------------------------------------------------------------------
[2023-04-19T12:52:28.947+0000] {taskinstance.py:1280} INFO - Starting attempt 4 of 4
[2023-04-19T12:52:28.948+0000] {taskinstance.py:1281} INFO - 
--------------------------------------------------------------------------------
[2023-04-19T12:52:28.979+0000] {taskinstance.py:1300} INFO - Executing <Task(PythonOperator): age_check> on 2023-03-28 00:00:00+00:00
[2023-04-19T12:52:28.998+0000] {standard_task_runner.py:55} INFO - Started process 25665 to run task
[2023-04-19T12:52:29.018+0000] {standard_task_runner.py:82} INFO - Running: ['***', 'tasks', 'run', 'age_check', 'age_check', 'scheduled__2023-03-28T00:00:00+00:00', '--job-id', '2322', '--raw', '--subdir', 'DAGS_FOLDER/age.py', '--cfg-path', '/tmp/tmplczaifu9']
[2023-04-19T12:52:29.021+0000] {standard_task_runner.py:83} INFO - Job 2322: Subtask age_check
[2023-04-19T12:52:29.203+0000] {task_command.py:388} INFO - Running <TaskInstance: age_check.age_check scheduled__2023-03-28T00:00:00+00:00 [running]> on host fe34f61acbb3
[2023-04-19T12:52:29.344+0000] {taskinstance.py:1509} INFO - Exporting the following env vars:
AIRFLOW_CTX_DAG_OWNER=***
AIRFLOW_CTX_DAG_ID=age_check
AIRFLOW_CTX_TASK_ID=age_check
AIRFLOW_CTX_EXECUTION_DATE=2023-03-28T00:00:00+00:00
AIRFLOW_CTX_TRY_NUMBER=4
AIRFLOW_CTX_DAG_RUN_ID=scheduled__2023-03-28T00:00:00+00:00
[2023-04-19T12:52:29.368+0000] {taskinstance.py:1768} ERROR - Task failed with exception
Traceback (most recent call last):
  File "/home/airflow/.local/lib/python3.7/site-packages/airflow/operators/python.py", line 175, in execute
    return_value = self.execute_callable()
  File "/home/airflow/.local/lib/python3.7/site-packages/airflow/operators/python.py", line 192, in execute_callable
    return self.python_callable(*self.op_args, **self.op_kwargs)
  File "/opt/airflow/dags/age.py", line 35, in age_check
    birth_year = int(Variable.get('birth_year'))
  File "/home/airflow/.local/lib/python3.7/site-packages/airflow/models/variable.py", line 141, in get
    raise KeyError(f"Variable {key} does not exist")
KeyError: 'Variable birth_year does not exist'
[2023-04-19T12:52:29.427+0000] {taskinstance.py:1323} INFO - Marking task as FAILED. dag_id=age_check, task_id=age_check, execution_date=20230328T000000, start_date=20230419T125228, end_date=20230419T125229
[2023-04-19T12:52:29.460+0000] {standard_task_runner.py:105} ERROR - Failed to execute job 2322 for task age_check ('Variable birth_year does not exist'; 25665)
[2023-04-19T12:52:29.509+0000] {local_task_job.py:208} INFO - Task exited with return code 1
[2023-04-19T12:52:29.630+0000] {taskinstance.py:2578} INFO - 0 downstream tasks scheduled from follow-on schedule check
[2023-05-20T21:50:12.835+0000] {taskinstance.py:1083} INFO - Dependencies all met for <TaskInstance: age_check.age_check scheduled__2023-03-28T00:00:00+00:00 [queued]>
[2023-05-20T21:50:12.844+0000] {taskinstance.py:1083} INFO - Dependencies all met for <TaskInstance: age_check.age_check scheduled__2023-03-28T00:00:00+00:00 [queued]>
[2023-05-20T21:50:12.845+0000] {taskinstance.py:1279} INFO - 
--------------------------------------------------------------------------------
[2023-05-20T21:50:12.846+0000] {taskinstance.py:1280} INFO - Starting attempt 4 of 4
[2023-05-20T21:50:12.847+0000] {taskinstance.py:1281} INFO - 
--------------------------------------------------------------------------------
[2023-05-20T21:50:12.864+0000] {taskinstance.py:1300} INFO - Executing <Task(PythonOperator): age_check> on 2023-03-28 00:00:00+00:00
[2023-05-20T21:50:12.868+0000] {standard_task_runner.py:55} INFO - Started process 2248 to run task
[2023-05-20T21:50:12.876+0000] {standard_task_runner.py:82} INFO - Running: ['***', 'tasks', 'run', 'age_check', 'age_check', 'scheduled__2023-03-28T00:00:00+00:00', '--job-id', '1804', '--raw', '--subdir', 'DAGS_FOLDER/age.py', '--cfg-path', '/tmp/tmpmkzzd5b0']
[2023-05-20T21:50:12.878+0000] {standard_task_runner.py:83} INFO - Job 1804: Subtask age_check
[2023-05-20T21:50:12.970+0000] {task_command.py:388} INFO - Running <TaskInstance: age_check.age_check scheduled__2023-03-28T00:00:00+00:00 [running]> on host 242f95e3e8a8
[2023-05-20T21:50:13.045+0000] {taskinstance.py:1509} INFO - Exporting the following env vars:
AIRFLOW_CTX_DAG_OWNER=***
AIRFLOW_CTX_DAG_ID=age_check
AIRFLOW_CTX_TASK_ID=age_check
AIRFLOW_CTX_EXECUTION_DATE=2023-03-28T00:00:00+00:00
AIRFLOW_CTX_TRY_NUMBER=4
AIRFLOW_CTX_DAG_RUN_ID=scheduled__2023-03-28T00:00:00+00:00
[2023-05-20T21:50:13.065+0000] {taskinstance.py:1768} ERROR - Task failed with exception
Traceback (most recent call last):
  File "/home/airflow/.local/lib/python3.7/site-packages/airflow/operators/python.py", line 175, in execute
    return_value = self.execute_callable()
  File "/home/airflow/.local/lib/python3.7/site-packages/airflow/operators/python.py", line 192, in execute_callable
    return self.python_callable(*self.op_args, **self.op_kwargs)
  File "/opt/airflow/dags/age.py", line 35, in age_check
    birth_year = int(Variable.get('birth_year'))
  File "/home/airflow/.local/lib/python3.7/site-packages/airflow/models/variable.py", line 141, in get
    raise KeyError(f"Variable {key} does not exist")
KeyError: 'Variable birth_year does not exist'
[2023-05-20T21:50:13.078+0000] {taskinstance.py:1323} INFO - Marking task as FAILED. dag_id=age_check, task_id=age_check, execution_date=20230328T000000, start_date=20230520T215012, end_date=20230520T215013
[2023-05-20T21:50:13.087+0000] {standard_task_runner.py:105} ERROR - Failed to execute job 1804 for task age_check ('Variable birth_year does not exist'; 2248)
[2023-05-20T21:50:13.129+0000] {local_task_job.py:208} INFO - Task exited with return code 1
[2023-05-20T21:50:13.157+0000] {taskinstance.py:2578} INFO - 0 downstream tasks scheduled from follow-on schedule check
