[2023-04-19T12:38:31.295+0000] {taskinstance.py:1083} INFO - Dependencies all met for <TaskInstance: age_check.age_check scheduled__2022-08-30T00:00:00+00:00 [queued]>
[2023-04-19T12:38:31.309+0000] {taskinstance.py:1083} INFO - Dependencies all met for <TaskInstance: age_check.age_check scheduled__2022-08-30T00:00:00+00:00 [queued]>
[2023-04-19T12:38:31.311+0000] {taskinstance.py:1279} INFO - 
--------------------------------------------------------------------------------
[2023-04-19T12:38:31.313+0000] {taskinstance.py:1280} INFO - Starting attempt 4 of 4
[2023-04-19T12:38:31.318+0000] {taskinstance.py:1281} INFO - 
--------------------------------------------------------------------------------
[2023-04-19T12:38:31.337+0000] {taskinstance.py:1300} INFO - Executing <Task(PythonOperator): age_check> on 2022-08-30 00:00:00+00:00
[2023-04-19T12:38:31.354+0000] {standard_task_runner.py:55} INFO - Started process 21901 to run task
[2023-04-19T12:38:31.360+0000] {standard_task_runner.py:82} INFO - Running: ['***', 'tasks', 'run', 'age_check', 'age_check', 'scheduled__2022-08-30T00:00:00+00:00', '--job-id', '771', '--raw', '--subdir', 'DAGS_FOLDER/age.py', '--cfg-path', '/tmp/tmp_1u66tko']
[2023-04-19T12:38:31.361+0000] {standard_task_runner.py:83} INFO - Job 771: Subtask age_check
[2023-04-19T12:38:31.466+0000] {task_command.py:388} INFO - Running <TaskInstance: age_check.age_check scheduled__2022-08-30T00:00:00+00:00 [running]> on host fe34f61acbb3
[2023-04-19T12:38:31.564+0000] {taskinstance.py:1509} INFO - Exporting the following env vars:
AIRFLOW_CTX_DAG_OWNER=***
AIRFLOW_CTX_DAG_ID=age_check
AIRFLOW_CTX_TASK_ID=age_check
AIRFLOW_CTX_EXECUTION_DATE=2022-08-30T00:00:00+00:00
AIRFLOW_CTX_TRY_NUMBER=4
AIRFLOW_CTX_DAG_RUN_ID=scheduled__2022-08-30T00:00:00+00:00
[2023-04-19T12:38:31.573+0000] {taskinstance.py:1768} ERROR - Task failed with exception
Traceback (most recent call last):
  File "/home/airflow/.local/lib/python3.7/site-packages/airflow/operators/python.py", line 175, in execute
    return_value = self.execute_callable()
  File "/home/airflow/.local/lib/python3.7/site-packages/airflow/operators/python.py", line 192, in execute_callable
    return self.python_callable(*self.op_args, **self.op_kwargs)
  File "/opt/airflow/dags/age.py", line 35, in age_check
    birth_year = int(Variable.get('birth_year'))
  File "/home/airflow/.local/lib/python3.7/site-packages/airflow/models/variable.py", line 141, in get
    raise KeyError(f"Variable {key} does not exist")
KeyError: 'Variable birth_year does not exist'
[2023-04-19T12:38:31.597+0000] {taskinstance.py:1323} INFO - Marking task as FAILED. dag_id=age_check, task_id=age_check, execution_date=20220830T000000, start_date=20230419T123831, end_date=20230419T123831
[2023-04-19T12:38:31.610+0000] {standard_task_runner.py:105} ERROR - Failed to execute job 771 for task age_check ('Variable birth_year does not exist'; 21901)
[2023-04-19T12:38:31.659+0000] {local_task_job.py:208} INFO - Task exited with return code 1
[2023-04-19T12:38:31.680+0000] {taskinstance.py:2578} INFO - 0 downstream tasks scheduled from follow-on schedule check
[2023-05-17T09:54:10.660+0000] {taskinstance.py:1083} INFO - Dependencies all met for <TaskInstance: age_check.age_check scheduled__2022-08-30T00:00:00+00:00 [queued]>
[2023-05-17T09:54:10.672+0000] {taskinstance.py:1083} INFO - Dependencies all met for <TaskInstance: age_check.age_check scheduled__2022-08-30T00:00:00+00:00 [queued]>
[2023-05-17T09:54:10.673+0000] {taskinstance.py:1279} INFO - 
--------------------------------------------------------------------------------
[2023-05-17T09:54:10.675+0000] {taskinstance.py:1280} INFO - Starting attempt 4 of 4
[2023-05-17T09:54:10.676+0000] {taskinstance.py:1281} INFO - 
--------------------------------------------------------------------------------
[2023-05-17T09:54:10.688+0000] {taskinstance.py:1300} INFO - Executing <Task(PythonOperator): age_check> on 2022-08-30 00:00:00+00:00
[2023-05-17T09:54:10.695+0000] {standard_task_runner.py:55} INFO - Started process 4558 to run task
[2023-05-17T09:54:10.700+0000] {standard_task_runner.py:82} INFO - Running: ['***', 'tasks', 'run', 'age_check', 'age_check', 'scheduled__2022-08-30T00:00:00+00:00', '--job-id', '324', '--raw', '--subdir', 'DAGS_FOLDER/age.py', '--cfg-path', '/tmp/tmp65_wovkp']
[2023-05-17T09:54:10.703+0000] {standard_task_runner.py:83} INFO - Job 324: Subtask age_check
[2023-05-17T09:54:10.776+0000] {task_command.py:388} INFO - Running <TaskInstance: age_check.age_check scheduled__2022-08-30T00:00:00+00:00 [running]> on host 242f95e3e8a8
[2023-05-17T09:54:10.868+0000] {taskinstance.py:1509} INFO - Exporting the following env vars:
AIRFLOW_CTX_DAG_OWNER=***
AIRFLOW_CTX_DAG_ID=age_check
AIRFLOW_CTX_TASK_ID=age_check
AIRFLOW_CTX_EXECUTION_DATE=2022-08-30T00:00:00+00:00
AIRFLOW_CTX_TRY_NUMBER=4
AIRFLOW_CTX_DAG_RUN_ID=scheduled__2022-08-30T00:00:00+00:00
[2023-05-17T09:54:10.881+0000] {taskinstance.py:1768} ERROR - Task failed with exception
Traceback (most recent call last):
  File "/home/airflow/.local/lib/python3.7/site-packages/airflow/operators/python.py", line 175, in execute
    return_value = self.execute_callable()
  File "/home/airflow/.local/lib/python3.7/site-packages/airflow/operators/python.py", line 192, in execute_callable
    return self.python_callable(*self.op_args, **self.op_kwargs)
  File "/opt/airflow/dags/age.py", line 35, in age_check
    birth_year = int(Variable.get('birth_year'))
  File "/home/airflow/.local/lib/python3.7/site-packages/airflow/models/variable.py", line 141, in get
    raise KeyError(f"Variable {key} does not exist")
KeyError: 'Variable birth_year does not exist'
[2023-05-17T09:54:10.894+0000] {taskinstance.py:1323} INFO - Marking task as FAILED. dag_id=age_check, task_id=age_check, execution_date=20220830T000000, start_date=20230517T095410, end_date=20230517T095410
[2023-05-17T09:54:10.906+0000] {standard_task_runner.py:105} ERROR - Failed to execute job 324 for task age_check ('Variable birth_year does not exist'; 4558)
[2023-05-17T09:54:10.954+0000] {local_task_job.py:208} INFO - Task exited with return code 1
[2023-05-17T09:54:10.981+0000] {taskinstance.py:2578} INFO - 0 downstream tasks scheduled from follow-on schedule check
