[2023-04-19T12:37:55.094+0000] {taskinstance.py:1083} INFO - Dependencies all met for <TaskInstance: age_check.age_check scheduled__2022-08-30T00:00:00+00:00 [queued]>
[2023-04-19T12:37:55.200+0000] {taskinstance.py:1083} INFO - Dependencies all met for <TaskInstance: age_check.age_check scheduled__2022-08-30T00:00:00+00:00 [queued]>
[2023-04-19T12:37:55.201+0000] {taskinstance.py:1279} INFO - 
--------------------------------------------------------------------------------
[2023-04-19T12:37:55.202+0000] {taskinstance.py:1280} INFO - Starting attempt 1 of 4
[2023-04-19T12:37:55.203+0000] {taskinstance.py:1281} INFO - 
--------------------------------------------------------------------------------
[2023-04-19T12:37:55.359+0000] {taskinstance.py:1300} INFO - Executing <Task(PythonOperator): age_check> on 2022-08-30 00:00:00+00:00
[2023-04-19T12:37:55.379+0000] {standard_task_runner.py:55} INFO - Started process 21756 to run task
[2023-04-19T12:37:55.418+0000] {standard_task_runner.py:82} INFO - Running: ['***', 'tasks', 'run', 'age_check', 'age_check', 'scheduled__2022-08-30T00:00:00+00:00', '--job-id', '715', '--raw', '--subdir', 'DAGS_FOLDER/age.py', '--cfg-path', '/tmp/tmpibf6y77v']
[2023-04-19T12:37:55.420+0000] {standard_task_runner.py:83} INFO - Job 715: Subtask age_check
[2023-04-19T12:37:55.845+0000] {task_command.py:388} INFO - Running <TaskInstance: age_check.age_check scheduled__2022-08-30T00:00:00+00:00 [running]> on host fe34f61acbb3
[2023-04-19T12:37:56.243+0000] {taskinstance.py:1509} INFO - Exporting the following env vars:
AIRFLOW_CTX_DAG_OWNER=***
AIRFLOW_CTX_DAG_ID=age_check
AIRFLOW_CTX_TASK_ID=age_check
AIRFLOW_CTX_EXECUTION_DATE=2022-08-30T00:00:00+00:00
AIRFLOW_CTX_TRY_NUMBER=1
AIRFLOW_CTX_DAG_RUN_ID=scheduled__2022-08-30T00:00:00+00:00
[2023-04-19T12:37:56.291+0000] {taskinstance.py:1768} ERROR - Task failed with exception
Traceback (most recent call last):
  File "/home/airflow/.local/lib/python3.7/site-packages/airflow/operators/python.py", line 175, in execute
    return_value = self.execute_callable()
  File "/home/airflow/.local/lib/python3.7/site-packages/airflow/operators/python.py", line 192, in execute_callable
    return self.python_callable(*self.op_args, **self.op_kwargs)
  File "/opt/airflow/dags/age.py", line 35, in age_check
    birth_year = int(Variable.get('birth_year'))
  File "/home/airflow/.local/lib/python3.7/site-packages/airflow/models/variable.py", line 141, in get
    raise KeyError(f"Variable {key} does not exist")
KeyError: 'Variable birth_year does not exist'
[2023-04-19T12:37:56.399+0000] {taskinstance.py:1323} INFO - Marking task as UP_FOR_RETRY. dag_id=age_check, task_id=age_check, execution_date=20220830T000000, start_date=20230419T123755, end_date=20230419T123756
[2023-04-19T12:37:56.454+0000] {standard_task_runner.py:105} ERROR - Failed to execute job 715 for task age_check ('Variable birth_year does not exist'; 21756)
[2023-04-19T12:37:56.522+0000] {local_task_job.py:208} INFO - Task exited with return code 1
[2023-04-19T12:37:56.581+0000] {taskinstance.py:2578} INFO - 0 downstream tasks scheduled from follow-on schedule check
[2023-05-17T09:53:36.346+0000] {taskinstance.py:1083} INFO - Dependencies all met for <TaskInstance: age_check.age_check scheduled__2022-08-30T00:00:00+00:00 [queued]>
[2023-05-17T09:53:36.385+0000] {taskinstance.py:1083} INFO - Dependencies all met for <TaskInstance: age_check.age_check scheduled__2022-08-30T00:00:00+00:00 [queued]>
[2023-05-17T09:53:36.390+0000] {taskinstance.py:1279} INFO - 
--------------------------------------------------------------------------------
[2023-05-17T09:53:36.392+0000] {taskinstance.py:1280} INFO - Starting attempt 1 of 4
[2023-05-17T09:53:36.393+0000] {taskinstance.py:1281} INFO - 
--------------------------------------------------------------------------------
[2023-05-17T09:53:36.456+0000] {taskinstance.py:1300} INFO - Executing <Task(PythonOperator): age_check> on 2022-08-30 00:00:00+00:00
[2023-05-17T09:53:36.503+0000] {standard_task_runner.py:55} INFO - Started process 4421 to run task
[2023-05-17T09:53:36.514+0000] {standard_task_runner.py:82} INFO - Running: ['***', 'tasks', 'run', 'age_check', 'age_check', 'scheduled__2022-08-30T00:00:00+00:00', '--job-id', '267', '--raw', '--subdir', 'DAGS_FOLDER/age.py', '--cfg-path', '/tmp/tmpwmgan0f4']
[2023-05-17T09:53:36.519+0000] {standard_task_runner.py:83} INFO - Job 267: Subtask age_check
[2023-05-17T09:53:36.682+0000] {task_command.py:388} INFO - Running <TaskInstance: age_check.age_check scheduled__2022-08-30T00:00:00+00:00 [running]> on host 242f95e3e8a8
[2023-05-17T09:53:37.077+0000] {taskinstance.py:1509} INFO - Exporting the following env vars:
AIRFLOW_CTX_DAG_OWNER=***
AIRFLOW_CTX_DAG_ID=age_check
AIRFLOW_CTX_TASK_ID=age_check
AIRFLOW_CTX_EXECUTION_DATE=2022-08-30T00:00:00+00:00
AIRFLOW_CTX_TRY_NUMBER=1
AIRFLOW_CTX_DAG_RUN_ID=scheduled__2022-08-30T00:00:00+00:00
[2023-05-17T09:53:37.109+0000] {taskinstance.py:1768} ERROR - Task failed with exception
Traceback (most recent call last):
  File "/home/airflow/.local/lib/python3.7/site-packages/airflow/operators/python.py", line 175, in execute
    return_value = self.execute_callable()
  File "/home/airflow/.local/lib/python3.7/site-packages/airflow/operators/python.py", line 192, in execute_callable
    return self.python_callable(*self.op_args, **self.op_kwargs)
  File "/opt/airflow/dags/age.py", line 35, in age_check
    birth_year = int(Variable.get('birth_year'))
  File "/home/airflow/.local/lib/python3.7/site-packages/airflow/models/variable.py", line 141, in get
    raise KeyError(f"Variable {key} does not exist")
KeyError: 'Variable birth_year does not exist'
[2023-05-17T09:53:37.138+0000] {taskinstance.py:1323} INFO - Marking task as UP_FOR_RETRY. dag_id=age_check, task_id=age_check, execution_date=20220830T000000, start_date=20230517T095336, end_date=20230517T095337
[2023-05-17T09:53:37.152+0000] {standard_task_runner.py:105} ERROR - Failed to execute job 267 for task age_check ('Variable birth_year does not exist'; 4421)
[2023-05-17T09:53:37.233+0000] {local_task_job.py:208} INFO - Task exited with return code 1
[2023-05-17T09:53:37.309+0000] {taskinstance.py:2578} INFO - 0 downstream tasks scheduled from follow-on schedule check
