[2023-04-19T12:40:06.405+0000] {taskinstance.py:1083} INFO - Dependencies all met for <TaskInstance: age_check.age_check scheduled__2022-10-13T00:00:00+00:00 [queued]>
[2023-04-19T12:40:06.425+0000] {taskinstance.py:1083} INFO - Dependencies all met for <TaskInstance: age_check.age_check scheduled__2022-10-13T00:00:00+00:00 [queued]>
[2023-04-19T12:40:06.429+0000] {taskinstance.py:1279} INFO - 
--------------------------------------------------------------------------------
[2023-04-19T12:40:06.436+0000] {taskinstance.py:1280} INFO - Starting attempt 1 of 4
[2023-04-19T12:40:06.442+0000] {taskinstance.py:1281} INFO - 
--------------------------------------------------------------------------------
[2023-04-19T12:40:06.466+0000] {taskinstance.py:1300} INFO - Executing <Task(PythonOperator): age_check> on 2022-10-13 00:00:00+00:00
[2023-04-19T12:40:06.476+0000] {standard_task_runner.py:55} INFO - Started process 22334 to run task
[2023-04-19T12:40:06.481+0000] {standard_task_runner.py:82} INFO - Running: ['***', 'tasks', 'run', 'age_check', 'age_check', 'scheduled__2022-10-13T00:00:00+00:00', '--job-id', '952', '--raw', '--subdir', 'DAGS_FOLDER/age.py', '--cfg-path', '/tmp/tmprxj18qd0']
[2023-04-19T12:40:06.484+0000] {standard_task_runner.py:83} INFO - Job 952: Subtask age_check
[2023-04-19T12:40:06.552+0000] {task_command.py:388} INFO - Running <TaskInstance: age_check.age_check scheduled__2022-10-13T00:00:00+00:00 [running]> on host fe34f61acbb3
[2023-04-19T12:40:06.616+0000] {taskinstance.py:1509} INFO - Exporting the following env vars:
AIRFLOW_CTX_DAG_OWNER=***
AIRFLOW_CTX_DAG_ID=age_check
AIRFLOW_CTX_TASK_ID=age_check
AIRFLOW_CTX_EXECUTION_DATE=2022-10-13T00:00:00+00:00
AIRFLOW_CTX_TRY_NUMBER=1
AIRFLOW_CTX_DAG_RUN_ID=scheduled__2022-10-13T00:00:00+00:00
[2023-04-19T12:40:06.629+0000] {taskinstance.py:1768} ERROR - Task failed with exception
Traceback (most recent call last):
  File "/home/airflow/.local/lib/python3.7/site-packages/airflow/operators/python.py", line 175, in execute
    return_value = self.execute_callable()
  File "/home/airflow/.local/lib/python3.7/site-packages/airflow/operators/python.py", line 192, in execute_callable
    return self.python_callable(*self.op_args, **self.op_kwargs)
  File "/opt/airflow/dags/age.py", line 35, in age_check
    birth_year = int(Variable.get('birth_year'))
  File "/home/airflow/.local/lib/python3.7/site-packages/airflow/models/variable.py", line 141, in get
    raise KeyError(f"Variable {key} does not exist")
KeyError: 'Variable birth_year does not exist'
[2023-04-19T12:40:06.665+0000] {taskinstance.py:1323} INFO - Marking task as UP_FOR_RETRY. dag_id=age_check, task_id=age_check, execution_date=20221013T000000, start_date=20230419T124006, end_date=20230419T124006
[2023-04-19T12:40:06.680+0000] {standard_task_runner.py:105} ERROR - Failed to execute job 952 for task age_check ('Variable birth_year does not exist'; 22334)
[2023-04-19T12:40:06.740+0000] {local_task_job.py:208} INFO - Task exited with return code 1
[2023-04-19T12:40:06.779+0000] {taskinstance.py:2578} INFO - 0 downstream tasks scheduled from follow-on schedule check
[2023-05-17T09:55:40.913+0000] {taskinstance.py:1083} INFO - Dependencies all met for <TaskInstance: age_check.age_check scheduled__2022-10-13T00:00:00+00:00 [queued]>
[2023-05-17T09:55:40.927+0000] {taskinstance.py:1083} INFO - Dependencies all met for <TaskInstance: age_check.age_check scheduled__2022-10-13T00:00:00+00:00 [queued]>
[2023-05-17T09:55:40.928+0000] {taskinstance.py:1279} INFO - 
--------------------------------------------------------------------------------
[2023-05-17T09:55:40.928+0000] {taskinstance.py:1280} INFO - Starting attempt 1 of 4
[2023-05-17T09:55:40.929+0000] {taskinstance.py:1281} INFO - 
--------------------------------------------------------------------------------
[2023-05-17T09:55:40.944+0000] {taskinstance.py:1300} INFO - Executing <Task(PythonOperator): age_check> on 2022-10-13 00:00:00+00:00
[2023-05-17T09:55:40.949+0000] {standard_task_runner.py:55} INFO - Started process 5012 to run task
[2023-05-17T09:55:40.955+0000] {standard_task_runner.py:82} INFO - Running: ['***', 'tasks', 'run', 'age_check', 'age_check', 'scheduled__2022-10-13T00:00:00+00:00', '--job-id', '516', '--raw', '--subdir', 'DAGS_FOLDER/age.py', '--cfg-path', '/tmp/tmpuqv_2283']
[2023-05-17T09:55:40.958+0000] {standard_task_runner.py:83} INFO - Job 516: Subtask age_check
[2023-05-17T09:55:41.035+0000] {task_command.py:388} INFO - Running <TaskInstance: age_check.age_check scheduled__2022-10-13T00:00:00+00:00 [running]> on host 242f95e3e8a8
[2023-05-17T09:55:41.119+0000] {taskinstance.py:1509} INFO - Exporting the following env vars:
AIRFLOW_CTX_DAG_OWNER=***
AIRFLOW_CTX_DAG_ID=age_check
AIRFLOW_CTX_TASK_ID=age_check
AIRFLOW_CTX_EXECUTION_DATE=2022-10-13T00:00:00+00:00
AIRFLOW_CTX_TRY_NUMBER=1
AIRFLOW_CTX_DAG_RUN_ID=scheduled__2022-10-13T00:00:00+00:00
[2023-05-17T09:55:41.143+0000] {taskinstance.py:1768} ERROR - Task failed with exception
Traceback (most recent call last):
  File "/home/airflow/.local/lib/python3.7/site-packages/airflow/operators/python.py", line 175, in execute
    return_value = self.execute_callable()
  File "/home/airflow/.local/lib/python3.7/site-packages/airflow/operators/python.py", line 192, in execute_callable
    return self.python_callable(*self.op_args, **self.op_kwargs)
  File "/opt/airflow/dags/age.py", line 35, in age_check
    birth_year = int(Variable.get('birth_year'))
  File "/home/airflow/.local/lib/python3.7/site-packages/airflow/models/variable.py", line 141, in get
    raise KeyError(f"Variable {key} does not exist")
KeyError: 'Variable birth_year does not exist'
[2023-05-17T09:55:41.159+0000] {taskinstance.py:1323} INFO - Marking task as UP_FOR_RETRY. dag_id=age_check, task_id=age_check, execution_date=20221013T000000, start_date=20230517T095540, end_date=20230517T095541
[2023-05-17T09:55:41.178+0000] {standard_task_runner.py:105} ERROR - Failed to execute job 516 for task age_check ('Variable birth_year does not exist'; 5012)
[2023-05-17T09:55:41.210+0000] {local_task_job.py:208} INFO - Task exited with return code 1
[2023-05-17T09:55:41.244+0000] {taskinstance.py:2578} INFO - 0 downstream tasks scheduled from follow-on schedule check
