[2023-04-19T12:53:15.307+0000] {taskinstance.py:1083} INFO - Dependencies all met for <TaskInstance: age_check.age_check scheduled__2023-04-11T00:00:00+00:00 [queued]>
[2023-04-19T12:53:15.349+0000] {taskinstance.py:1083} INFO - Dependencies all met for <TaskInstance: age_check.age_check scheduled__2023-04-11T00:00:00+00:00 [queued]>
[2023-04-19T12:53:15.354+0000] {taskinstance.py:1279} INFO - 
--------------------------------------------------------------------------------
[2023-04-19T12:53:15.355+0000] {taskinstance.py:1280} INFO - Starting attempt 2 of 4
[2023-04-19T12:53:15.359+0000] {taskinstance.py:1281} INFO - 
--------------------------------------------------------------------------------
[2023-04-19T12:53:15.404+0000] {taskinstance.py:1300} INFO - Executing <Task(PythonOperator): age_check> on 2023-04-11 00:00:00+00:00
[2023-04-19T12:53:15.436+0000] {standard_task_runner.py:55} INFO - Started process 25930 to run task
[2023-04-19T12:53:15.452+0000] {standard_task_runner.py:82} INFO - Running: ['***', 'tasks', 'run', 'age_check', 'age_check', 'scheduled__2023-04-11T00:00:00+00:00', '--job-id', '2437', '--raw', '--subdir', 'DAGS_FOLDER/age.py', '--cfg-path', '/tmp/tmpsy8vl3au']
[2023-04-19T12:53:15.459+0000] {standard_task_runner.py:83} INFO - Job 2437: Subtask age_check
[2023-04-19T12:53:15.597+0000] {task_command.py:388} INFO - Running <TaskInstance: age_check.age_check scheduled__2023-04-11T00:00:00+00:00 [running]> on host fe34f61acbb3
[2023-04-19T12:53:15.732+0000] {taskinstance.py:1509} INFO - Exporting the following env vars:
AIRFLOW_CTX_DAG_OWNER=***
AIRFLOW_CTX_DAG_ID=age_check
AIRFLOW_CTX_TASK_ID=age_check
AIRFLOW_CTX_EXECUTION_DATE=2023-04-11T00:00:00+00:00
AIRFLOW_CTX_TRY_NUMBER=2
AIRFLOW_CTX_DAG_RUN_ID=scheduled__2023-04-11T00:00:00+00:00
[2023-04-19T12:53:15.742+0000] {taskinstance.py:1768} ERROR - Task failed with exception
Traceback (most recent call last):
  File "/home/airflow/.local/lib/python3.7/site-packages/airflow/operators/python.py", line 175, in execute
    return_value = self.execute_callable()
  File "/home/airflow/.local/lib/python3.7/site-packages/airflow/operators/python.py", line 192, in execute_callable
    return self.python_callable(*self.op_args, **self.op_kwargs)
  File "/opt/airflow/dags/age.py", line 35, in age_check
    birth_year = int(Variable.get('birth_year'))
  File "/home/airflow/.local/lib/python3.7/site-packages/airflow/models/variable.py", line 141, in get
    raise KeyError(f"Variable {key} does not exist")
KeyError: 'Variable birth_year does not exist'
[2023-04-19T12:53:15.780+0000] {taskinstance.py:1323} INFO - Marking task as UP_FOR_RETRY. dag_id=age_check, task_id=age_check, execution_date=20230411T000000, start_date=20230419T125315, end_date=20230419T125315
[2023-04-19T12:53:15.803+0000] {standard_task_runner.py:105} ERROR - Failed to execute job 2437 for task age_check ('Variable birth_year does not exist'; 25930)
[2023-04-19T12:53:15.838+0000] {local_task_job.py:208} INFO - Task exited with return code 1
[2023-04-19T12:53:15.865+0000] {taskinstance.py:2578} INFO - 0 downstream tasks scheduled from follow-on schedule check
[2023-05-20T21:50:03.980+0000] {taskinstance.py:1083} INFO - Dependencies all met for <TaskInstance: age_check.age_check scheduled__2023-04-11T00:00:00+00:00 [queued]>
[2023-05-20T21:50:04.031+0000] {taskinstance.py:1083} INFO - Dependencies all met for <TaskInstance: age_check.age_check scheduled__2023-04-11T00:00:00+00:00 [queued]>
[2023-05-20T21:50:04.035+0000] {taskinstance.py:1279} INFO - 
--------------------------------------------------------------------------------
[2023-05-20T21:50:04.036+0000] {taskinstance.py:1280} INFO - Starting attempt 2 of 4
[2023-05-20T21:50:04.038+0000] {taskinstance.py:1281} INFO - 
--------------------------------------------------------------------------------
[2023-05-20T21:50:04.087+0000] {taskinstance.py:1300} INFO - Executing <Task(PythonOperator): age_check> on 2023-04-11 00:00:00+00:00
[2023-05-20T21:50:04.109+0000] {standard_task_runner.py:55} INFO - Started process 2226 to run task
[2023-05-20T21:50:04.125+0000] {standard_task_runner.py:82} INFO - Running: ['***', 'tasks', 'run', 'age_check', 'age_check', 'scheduled__2023-04-11T00:00:00+00:00', '--job-id', '1792', '--raw', '--subdir', 'DAGS_FOLDER/age.py', '--cfg-path', '/tmp/tmp9avsgaa8']
[2023-05-20T21:50:04.130+0000] {standard_task_runner.py:83} INFO - Job 1792: Subtask age_check
[2023-05-20T21:50:04.247+0000] {task_command.py:388} INFO - Running <TaskInstance: age_check.age_check scheduled__2023-04-11T00:00:00+00:00 [running]> on host 242f95e3e8a8
[2023-05-20T21:50:04.392+0000] {taskinstance.py:1509} INFO - Exporting the following env vars:
AIRFLOW_CTX_DAG_OWNER=***
AIRFLOW_CTX_DAG_ID=age_check
AIRFLOW_CTX_TASK_ID=age_check
AIRFLOW_CTX_EXECUTION_DATE=2023-04-11T00:00:00+00:00
AIRFLOW_CTX_TRY_NUMBER=2
AIRFLOW_CTX_DAG_RUN_ID=scheduled__2023-04-11T00:00:00+00:00
[2023-05-20T21:50:04.424+0000] {taskinstance.py:1768} ERROR - Task failed with exception
Traceback (most recent call last):
  File "/home/airflow/.local/lib/python3.7/site-packages/airflow/operators/python.py", line 175, in execute
    return_value = self.execute_callable()
  File "/home/airflow/.local/lib/python3.7/site-packages/airflow/operators/python.py", line 192, in execute_callable
    return self.python_callable(*self.op_args, **self.op_kwargs)
  File "/opt/airflow/dags/age.py", line 35, in age_check
    birth_year = int(Variable.get('birth_year'))
  File "/home/airflow/.local/lib/python3.7/site-packages/airflow/models/variable.py", line 141, in get
    raise KeyError(f"Variable {key} does not exist")
KeyError: 'Variable birth_year does not exist'
[2023-05-20T21:50:04.448+0000] {taskinstance.py:1323} INFO - Marking task as UP_FOR_RETRY. dag_id=age_check, task_id=age_check, execution_date=20230411T000000, start_date=20230520T215003, end_date=20230520T215004
[2023-05-20T21:50:04.467+0000] {standard_task_runner.py:105} ERROR - Failed to execute job 1792 for task age_check ('Variable birth_year does not exist'; 2226)
[2023-05-20T21:50:04.504+0000] {local_task_job.py:208} INFO - Task exited with return code 1
[2023-05-20T21:50:04.548+0000] {taskinstance.py:2578} INFO - 0 downstream tasks scheduled from follow-on schedule check
