[2023-04-19T12:53:27.925+0000] {taskinstance.py:1083} INFO - Dependencies all met for <TaskInstance: age_check.age_check scheduled__2023-04-11T00:00:00+00:00 [queued]>
[2023-04-19T12:53:27.942+0000] {taskinstance.py:1083} INFO - Dependencies all met for <TaskInstance: age_check.age_check scheduled__2023-04-11T00:00:00+00:00 [queued]>
[2023-04-19T12:53:27.943+0000] {taskinstance.py:1279} INFO - 
--------------------------------------------------------------------------------
[2023-04-19T12:53:27.946+0000] {taskinstance.py:1280} INFO - Starting attempt 3 of 4
[2023-04-19T12:53:27.949+0000] {taskinstance.py:1281} INFO - 
--------------------------------------------------------------------------------
[2023-04-19T12:53:27.970+0000] {taskinstance.py:1300} INFO - Executing <Task(PythonOperator): age_check> on 2023-04-11 00:00:00+00:00
[2023-04-19T12:53:27.975+0000] {standard_task_runner.py:55} INFO - Started process 25994 to run task
[2023-04-19T12:53:27.986+0000] {standard_task_runner.py:82} INFO - Running: ['***', 'tasks', 'run', 'age_check', 'age_check', 'scheduled__2023-04-11T00:00:00+00:00', '--job-id', '2464', '--raw', '--subdir', 'DAGS_FOLDER/age.py', '--cfg-path', '/tmp/tmpl7mp1var']
[2023-04-19T12:53:27.988+0000] {standard_task_runner.py:83} INFO - Job 2464: Subtask age_check
[2023-04-19T12:53:28.055+0000] {task_command.py:388} INFO - Running <TaskInstance: age_check.age_check scheduled__2023-04-11T00:00:00+00:00 [running]> on host fe34f61acbb3
[2023-04-19T12:53:28.113+0000] {taskinstance.py:1509} INFO - Exporting the following env vars:
AIRFLOW_CTX_DAG_OWNER=***
AIRFLOW_CTX_DAG_ID=age_check
AIRFLOW_CTX_TASK_ID=age_check
AIRFLOW_CTX_EXECUTION_DATE=2023-04-11T00:00:00+00:00
AIRFLOW_CTX_TRY_NUMBER=3
AIRFLOW_CTX_DAG_RUN_ID=scheduled__2023-04-11T00:00:00+00:00
[2023-04-19T12:53:28.121+0000] {taskinstance.py:1768} ERROR - Task failed with exception
Traceback (most recent call last):
  File "/home/airflow/.local/lib/python3.7/site-packages/airflow/operators/python.py", line 175, in execute
    return_value = self.execute_callable()
  File "/home/airflow/.local/lib/python3.7/site-packages/airflow/operators/python.py", line 192, in execute_callable
    return self.python_callable(*self.op_args, **self.op_kwargs)
  File "/opt/airflow/dags/age.py", line 35, in age_check
    birth_year = int(Variable.get('birth_year'))
  File "/home/airflow/.local/lib/python3.7/site-packages/airflow/models/variable.py", line 141, in get
    raise KeyError(f"Variable {key} does not exist")
KeyError: 'Variable birth_year does not exist'
[2023-04-19T12:53:28.152+0000] {taskinstance.py:1323} INFO - Marking task as UP_FOR_RETRY. dag_id=age_check, task_id=age_check, execution_date=20230411T000000, start_date=20230419T125327, end_date=20230419T125328
[2023-04-19T12:53:28.169+0000] {standard_task_runner.py:105} ERROR - Failed to execute job 2464 for task age_check ('Variable birth_year does not exist'; 25994)
[2023-04-19T12:53:28.196+0000] {local_task_job.py:208} INFO - Task exited with return code 1
[2023-04-19T12:53:28.223+0000] {taskinstance.py:2578} INFO - 0 downstream tasks scheduled from follow-on schedule check
[2023-05-20T21:50:15.957+0000] {taskinstance.py:1083} INFO - Dependencies all met for <TaskInstance: age_check.age_check scheduled__2023-04-11T00:00:00+00:00 [queued]>
[2023-05-20T21:50:15.981+0000] {taskinstance.py:1083} INFO - Dependencies all met for <TaskInstance: age_check.age_check scheduled__2023-04-11T00:00:00+00:00 [queued]>
[2023-05-20T21:50:15.982+0000] {taskinstance.py:1279} INFO - 
--------------------------------------------------------------------------------
[2023-05-20T21:50:15.983+0000] {taskinstance.py:1280} INFO - Starting attempt 3 of 4
[2023-05-20T21:50:15.984+0000] {taskinstance.py:1281} INFO - 
--------------------------------------------------------------------------------
[2023-05-20T21:50:16.001+0000] {taskinstance.py:1300} INFO - Executing <Task(PythonOperator): age_check> on 2023-04-11 00:00:00+00:00
[2023-05-20T21:50:16.011+0000] {standard_task_runner.py:55} INFO - Started process 2272 to run task
[2023-05-20T21:50:16.030+0000] {standard_task_runner.py:82} INFO - Running: ['***', 'tasks', 'run', 'age_check', 'age_check', 'scheduled__2023-04-11T00:00:00+00:00', '--job-id', '1810', '--raw', '--subdir', 'DAGS_FOLDER/age.py', '--cfg-path', '/tmp/tmpvtbcygnz']
[2023-05-20T21:50:16.034+0000] {standard_task_runner.py:83} INFO - Job 1810: Subtask age_check
[2023-05-20T21:50:16.183+0000] {task_command.py:388} INFO - Running <TaskInstance: age_check.age_check scheduled__2023-04-11T00:00:00+00:00 [running]> on host 242f95e3e8a8
[2023-05-20T21:50:16.303+0000] {taskinstance.py:1509} INFO - Exporting the following env vars:
AIRFLOW_CTX_DAG_OWNER=***
AIRFLOW_CTX_DAG_ID=age_check
AIRFLOW_CTX_TASK_ID=age_check
AIRFLOW_CTX_EXECUTION_DATE=2023-04-11T00:00:00+00:00
AIRFLOW_CTX_TRY_NUMBER=3
AIRFLOW_CTX_DAG_RUN_ID=scheduled__2023-04-11T00:00:00+00:00
[2023-05-20T21:50:16.317+0000] {taskinstance.py:1768} ERROR - Task failed with exception
Traceback (most recent call last):
  File "/home/airflow/.local/lib/python3.7/site-packages/airflow/operators/python.py", line 175, in execute
    return_value = self.execute_callable()
  File "/home/airflow/.local/lib/python3.7/site-packages/airflow/operators/python.py", line 192, in execute_callable
    return self.python_callable(*self.op_args, **self.op_kwargs)
  File "/opt/airflow/dags/age.py", line 35, in age_check
    birth_year = int(Variable.get('birth_year'))
  File "/home/airflow/.local/lib/python3.7/site-packages/airflow/models/variable.py", line 141, in get
    raise KeyError(f"Variable {key} does not exist")
KeyError: 'Variable birth_year does not exist'
[2023-05-20T21:50:16.342+0000] {taskinstance.py:1323} INFO - Marking task as UP_FOR_RETRY. dag_id=age_check, task_id=age_check, execution_date=20230411T000000, start_date=20230520T215015, end_date=20230520T215016
[2023-05-20T21:50:16.353+0000] {standard_task_runner.py:105} ERROR - Failed to execute job 1810 for task age_check ('Variable birth_year does not exist'; 2272)
[2023-05-20T21:50:16.398+0000] {local_task_job.py:208} INFO - Task exited with return code 1
[2023-05-20T21:50:16.427+0000] {taskinstance.py:2578} INFO - 0 downstream tasks scheduled from follow-on schedule check
