[2023-04-19T12:48:54.377+0000] {taskinstance.py:1083} INFO - Dependencies all met for <TaskInstance: age_check.age_check scheduled__2023-02-18T00:00:00+00:00 [queued]>
[2023-04-19T12:48:54.401+0000] {taskinstance.py:1083} INFO - Dependencies all met for <TaskInstance: age_check.age_check scheduled__2023-02-18T00:00:00+00:00 [queued]>
[2023-04-19T12:48:54.403+0000] {taskinstance.py:1279} INFO - 
--------------------------------------------------------------------------------
[2023-04-19T12:48:54.404+0000] {taskinstance.py:1280} INFO - Starting attempt 1 of 4
[2023-04-19T12:48:54.405+0000] {taskinstance.py:1281} INFO - 
--------------------------------------------------------------------------------
[2023-04-19T12:48:54.569+0000] {taskinstance.py:1300} INFO - Executing <Task(PythonOperator): age_check> on 2023-02-18 00:00:00+00:00
[2023-04-19T12:48:54.649+0000] {standard_task_runner.py:55} INFO - Started process 24617 to run task
[2023-04-19T12:48:54.718+0000] {standard_task_runner.py:82} INFO - Running: ['***', 'tasks', 'run', 'age_check', 'age_check', 'scheduled__2023-02-18T00:00:00+00:00', '--job-id', '1871', '--raw', '--subdir', 'DAGS_FOLDER/age.py', '--cfg-path', '/tmp/tmp9hy0wt9h']
[2023-04-19T12:48:54.731+0000] {standard_task_runner.py:83} INFO - Job 1871: Subtask age_check
[2023-04-19T12:48:55.100+0000] {task_command.py:388} INFO - Running <TaskInstance: age_check.age_check scheduled__2023-02-18T00:00:00+00:00 [running]> on host fe34f61acbb3
[2023-04-19T12:48:55.433+0000] {taskinstance.py:1509} INFO - Exporting the following env vars:
AIRFLOW_CTX_DAG_OWNER=***
AIRFLOW_CTX_DAG_ID=age_check
AIRFLOW_CTX_TASK_ID=age_check
AIRFLOW_CTX_EXECUTION_DATE=2023-02-18T00:00:00+00:00
AIRFLOW_CTX_TRY_NUMBER=1
AIRFLOW_CTX_DAG_RUN_ID=scheduled__2023-02-18T00:00:00+00:00
[2023-04-19T12:48:55.475+0000] {taskinstance.py:1768} ERROR - Task failed with exception
Traceback (most recent call last):
  File "/home/airflow/.local/lib/python3.7/site-packages/airflow/operators/python.py", line 175, in execute
    return_value = self.execute_callable()
  File "/home/airflow/.local/lib/python3.7/site-packages/airflow/operators/python.py", line 192, in execute_callable
    return self.python_callable(*self.op_args, **self.op_kwargs)
  File "/opt/airflow/dags/age.py", line 35, in age_check
    birth_year = int(Variable.get('birth_year'))
  File "/home/airflow/.local/lib/python3.7/site-packages/airflow/models/variable.py", line 141, in get
    raise KeyError(f"Variable {key} does not exist")
KeyError: 'Variable birth_year does not exist'
[2023-04-19T12:48:55.521+0000] {taskinstance.py:1323} INFO - Marking task as UP_FOR_RETRY. dag_id=age_check, task_id=age_check, execution_date=20230218T000000, start_date=20230419T124854, end_date=20230419T124855
[2023-04-19T12:48:55.582+0000] {standard_task_runner.py:105} ERROR - Failed to execute job 1871 for task age_check ('Variable birth_year does not exist'; 24617)
[2023-04-19T12:48:55.687+0000] {local_task_job.py:208} INFO - Task exited with return code 1
[2023-04-19T12:48:55.781+0000] {taskinstance.py:2578} INFO - 0 downstream tasks scheduled from follow-on schedule check
[2023-05-20T20:59:54.640+0000] {taskinstance.py:1083} INFO - Dependencies all met for <TaskInstance: age_check.age_check scheduled__2023-02-18T00:00:00+00:00 [queued]>
[2023-05-20T20:59:54.690+0000] {taskinstance.py:1083} INFO - Dependencies all met for <TaskInstance: age_check.age_check scheduled__2023-02-18T00:00:00+00:00 [queued]>
[2023-05-20T20:59:54.692+0000] {taskinstance.py:1279} INFO - 
--------------------------------------------------------------------------------
[2023-05-20T20:59:54.693+0000] {taskinstance.py:1280} INFO - Starting attempt 1 of 4
[2023-05-20T20:59:54.696+0000] {taskinstance.py:1281} INFO - 
--------------------------------------------------------------------------------
[2023-05-20T20:59:54.709+0000] {taskinstance.py:1300} INFO - Executing <Task(PythonOperator): age_check> on 2023-02-18 00:00:00+00:00
[2023-05-20T20:59:54.719+0000] {standard_task_runner.py:55} INFO - Started process 1335 to run task
[2023-05-20T20:59:54.724+0000] {standard_task_runner.py:82} INFO - Running: ['***', 'tasks', 'run', 'age_check', 'age_check', 'scheduled__2023-02-18T00:00:00+00:00', '--job-id', '1432', '--raw', '--subdir', 'DAGS_FOLDER/age.py', '--cfg-path', '/tmp/tmp8laetwpp']
[2023-05-20T20:59:54.727+0000] {standard_task_runner.py:83} INFO - Job 1432: Subtask age_check
[2023-05-20T20:59:54.859+0000] {task_command.py:388} INFO - Running <TaskInstance: age_check.age_check scheduled__2023-02-18T00:00:00+00:00 [running]> on host 242f95e3e8a8
[2023-05-20T20:59:54.984+0000] {taskinstance.py:1509} INFO - Exporting the following env vars:
AIRFLOW_CTX_DAG_OWNER=***
AIRFLOW_CTX_DAG_ID=age_check
AIRFLOW_CTX_TASK_ID=age_check
AIRFLOW_CTX_EXECUTION_DATE=2023-02-18T00:00:00+00:00
AIRFLOW_CTX_TRY_NUMBER=1
AIRFLOW_CTX_DAG_RUN_ID=scheduled__2023-02-18T00:00:00+00:00
[2023-05-20T20:59:55.008+0000] {taskinstance.py:1768} ERROR - Task failed with exception
Traceback (most recent call last):
  File "/home/airflow/.local/lib/python3.7/site-packages/airflow/operators/python.py", line 175, in execute
    return_value = self.execute_callable()
  File "/home/airflow/.local/lib/python3.7/site-packages/airflow/operators/python.py", line 192, in execute_callable
    return self.python_callable(*self.op_args, **self.op_kwargs)
  File "/opt/airflow/dags/age.py", line 35, in age_check
    birth_year = int(Variable.get('birth_year'))
  File "/home/airflow/.local/lib/python3.7/site-packages/airflow/models/variable.py", line 141, in get
    raise KeyError(f"Variable {key} does not exist")
KeyError: 'Variable birth_year does not exist'
[2023-05-20T20:59:55.032+0000] {taskinstance.py:1323} INFO - Marking task as UP_FOR_RETRY. dag_id=age_check, task_id=age_check, execution_date=20230218T000000, start_date=20230520T205954, end_date=20230520T205955
[2023-05-20T20:59:55.052+0000] {standard_task_runner.py:105} ERROR - Failed to execute job 1432 for task age_check ('Variable birth_year does not exist'; 1335)
[2023-05-20T20:59:55.116+0000] {local_task_job.py:208} INFO - Task exited with return code 1
[2023-05-20T20:59:55.222+0000] {taskinstance.py:2578} INFO - 0 downstream tasks scheduled from follow-on schedule check
