[2023-04-19T12:49:07.661+0000] {taskinstance.py:1083} INFO - Dependencies all met for <TaskInstance: age_check.age_check scheduled__2023-02-18T00:00:00+00:00 [queued]>
[2023-04-19T12:49:07.695+0000] {taskinstance.py:1083} INFO - Dependencies all met for <TaskInstance: age_check.age_check scheduled__2023-02-18T00:00:00+00:00 [queued]>
[2023-04-19T12:49:07.709+0000] {taskinstance.py:1279} INFO - 
--------------------------------------------------------------------------------
[2023-04-19T12:49:07.710+0000] {taskinstance.py:1280} INFO - Starting attempt 2 of 4
[2023-04-19T12:49:07.711+0000] {taskinstance.py:1281} INFO - 
--------------------------------------------------------------------------------
[2023-04-19T12:49:07.829+0000] {taskinstance.py:1300} INFO - Executing <Task(PythonOperator): age_check> on 2023-02-18 00:00:00+00:00
[2023-04-19T12:49:07.889+0000] {standard_task_runner.py:55} INFO - Started process 24654 to run task
[2023-04-19T12:49:07.915+0000] {standard_task_runner.py:82} INFO - Running: ['***', 'tasks', 'run', 'age_check', 'age_check', 'scheduled__2023-02-18T00:00:00+00:00', '--job-id', '1885', '--raw', '--subdir', 'DAGS_FOLDER/age.py', '--cfg-path', '/tmp/tmpf95lyw9l']
[2023-04-19T12:49:07.918+0000] {standard_task_runner.py:83} INFO - Job 1885: Subtask age_check
[2023-04-19T12:49:08.106+0000] {task_command.py:388} INFO - Running <TaskInstance: age_check.age_check scheduled__2023-02-18T00:00:00+00:00 [running]> on host fe34f61acbb3
[2023-04-19T12:49:08.234+0000] {taskinstance.py:1509} INFO - Exporting the following env vars:
AIRFLOW_CTX_DAG_OWNER=***
AIRFLOW_CTX_DAG_ID=age_check
AIRFLOW_CTX_TASK_ID=age_check
AIRFLOW_CTX_EXECUTION_DATE=2023-02-18T00:00:00+00:00
AIRFLOW_CTX_TRY_NUMBER=2
AIRFLOW_CTX_DAG_RUN_ID=scheduled__2023-02-18T00:00:00+00:00
[2023-04-19T12:49:08.251+0000] {taskinstance.py:1768} ERROR - Task failed with exception
Traceback (most recent call last):
  File "/home/airflow/.local/lib/python3.7/site-packages/airflow/operators/python.py", line 175, in execute
    return_value = self.execute_callable()
  File "/home/airflow/.local/lib/python3.7/site-packages/airflow/operators/python.py", line 192, in execute_callable
    return self.python_callable(*self.op_args, **self.op_kwargs)
  File "/opt/airflow/dags/age.py", line 35, in age_check
    birth_year = int(Variable.get('birth_year'))
  File "/home/airflow/.local/lib/python3.7/site-packages/airflow/models/variable.py", line 141, in get
    raise KeyError(f"Variable {key} does not exist")
KeyError: 'Variable birth_year does not exist'
[2023-04-19T12:49:08.278+0000] {taskinstance.py:1323} INFO - Marking task as UP_FOR_RETRY. dag_id=age_check, task_id=age_check, execution_date=20230218T000000, start_date=20230419T124907, end_date=20230419T124908
[2023-04-19T12:49:08.292+0000] {standard_task_runner.py:105} ERROR - Failed to execute job 1885 for task age_check ('Variable birth_year does not exist'; 24654)
[2023-04-19T12:49:08.380+0000] {local_task_job.py:208} INFO - Task exited with return code 1
[2023-04-19T12:49:08.411+0000] {taskinstance.py:2578} INFO - 0 downstream tasks scheduled from follow-on schedule check
[2023-05-20T21:00:05.927+0000] {taskinstance.py:1083} INFO - Dependencies all met for <TaskInstance: age_check.age_check scheduled__2023-02-18T00:00:00+00:00 [queued]>
[2023-05-20T21:00:05.950+0000] {taskinstance.py:1083} INFO - Dependencies all met for <TaskInstance: age_check.age_check scheduled__2023-02-18T00:00:00+00:00 [queued]>
[2023-05-20T21:00:05.956+0000] {taskinstance.py:1279} INFO - 
--------------------------------------------------------------------------------
[2023-05-20T21:00:05.958+0000] {taskinstance.py:1280} INFO - Starting attempt 2 of 4
[2023-05-20T21:00:05.959+0000] {taskinstance.py:1281} INFO - 
--------------------------------------------------------------------------------
[2023-05-20T21:00:05.981+0000] {taskinstance.py:1300} INFO - Executing <Task(PythonOperator): age_check> on 2023-02-18 00:00:00+00:00
[2023-05-20T21:00:05.985+0000] {standard_task_runner.py:55} INFO - Started process 1382 to run task
[2023-05-20T21:00:05.990+0000] {standard_task_runner.py:82} INFO - Running: ['***', 'tasks', 'run', 'age_check', 'age_check', 'scheduled__2023-02-18T00:00:00+00:00', '--job-id', '1451', '--raw', '--subdir', 'DAGS_FOLDER/age.py', '--cfg-path', '/tmp/tmpj1ucmf1r']
[2023-05-20T21:00:05.993+0000] {standard_task_runner.py:83} INFO - Job 1451: Subtask age_check
[2023-05-20T21:00:06.103+0000] {task_command.py:388} INFO - Running <TaskInstance: age_check.age_check scheduled__2023-02-18T00:00:00+00:00 [running]> on host 242f95e3e8a8
[2023-05-20T21:00:06.193+0000] {taskinstance.py:1509} INFO - Exporting the following env vars:
AIRFLOW_CTX_DAG_OWNER=***
AIRFLOW_CTX_DAG_ID=age_check
AIRFLOW_CTX_TASK_ID=age_check
AIRFLOW_CTX_EXECUTION_DATE=2023-02-18T00:00:00+00:00
AIRFLOW_CTX_TRY_NUMBER=2
AIRFLOW_CTX_DAG_RUN_ID=scheduled__2023-02-18T00:00:00+00:00
[2023-05-20T21:00:06.208+0000] {taskinstance.py:1768} ERROR - Task failed with exception
Traceback (most recent call last):
  File "/home/airflow/.local/lib/python3.7/site-packages/airflow/operators/python.py", line 175, in execute
    return_value = self.execute_callable()
  File "/home/airflow/.local/lib/python3.7/site-packages/airflow/operators/python.py", line 192, in execute_callable
    return self.python_callable(*self.op_args, **self.op_kwargs)
  File "/opt/airflow/dags/age.py", line 35, in age_check
    birth_year = int(Variable.get('birth_year'))
  File "/home/airflow/.local/lib/python3.7/site-packages/airflow/models/variable.py", line 141, in get
    raise KeyError(f"Variable {key} does not exist")
KeyError: 'Variable birth_year does not exist'
[2023-05-20T21:00:06.222+0000] {taskinstance.py:1323} INFO - Marking task as UP_FOR_RETRY. dag_id=age_check, task_id=age_check, execution_date=20230218T000000, start_date=20230520T210005, end_date=20230520T210006
[2023-05-20T21:00:06.236+0000] {standard_task_runner.py:105} ERROR - Failed to execute job 1451 for task age_check ('Variable birth_year does not exist'; 1382)
[2023-05-20T21:00:06.252+0000] {local_task_job.py:208} INFO - Task exited with return code 1
[2023-05-20T21:00:06.276+0000] {taskinstance.py:2578} INFO - 0 downstream tasks scheduled from follow-on schedule check
