[2023-04-19T12:48:21.003+0000] {taskinstance.py:1083} INFO - Dependencies all met for <TaskInstance: age_check.age_check scheduled__2023-02-03T00:00:00+00:00 [queued]>
[2023-04-19T12:48:21.036+0000] {taskinstance.py:1083} INFO - Dependencies all met for <TaskInstance: age_check.age_check scheduled__2023-02-03T00:00:00+00:00 [queued]>
[2023-04-19T12:48:21.045+0000] {taskinstance.py:1279} INFO - 
--------------------------------------------------------------------------------
[2023-04-19T12:48:21.047+0000] {taskinstance.py:1280} INFO - Starting attempt 3 of 4
[2023-04-19T12:48:21.048+0000] {taskinstance.py:1281} INFO - 
--------------------------------------------------------------------------------
[2023-04-19T12:48:21.107+0000] {taskinstance.py:1300} INFO - Executing <Task(PythonOperator): age_check> on 2023-02-03 00:00:00+00:00
[2023-04-19T12:48:21.139+0000] {standard_task_runner.py:55} INFO - Started process 24436 to run task
[2023-04-19T12:48:21.185+0000] {standard_task_runner.py:82} INFO - Running: ['***', 'tasks', 'run', 'age_check', 'age_check', 'scheduled__2023-02-03T00:00:00+00:00', '--job-id', '1794', '--raw', '--subdir', 'DAGS_FOLDER/age.py', '--cfg-path', '/tmp/tmpjbknzdz_']
[2023-04-19T12:48:21.191+0000] {standard_task_runner.py:83} INFO - Job 1794: Subtask age_check
[2023-04-19T12:48:21.408+0000] {task_command.py:388} INFO - Running <TaskInstance: age_check.age_check scheduled__2023-02-03T00:00:00+00:00 [running]> on host fe34f61acbb3
[2023-04-19T12:48:21.821+0000] {taskinstance.py:1509} INFO - Exporting the following env vars:
AIRFLOW_CTX_DAG_OWNER=***
AIRFLOW_CTX_DAG_ID=age_check
AIRFLOW_CTX_TASK_ID=age_check
AIRFLOW_CTX_EXECUTION_DATE=2023-02-03T00:00:00+00:00
AIRFLOW_CTX_TRY_NUMBER=3
AIRFLOW_CTX_DAG_RUN_ID=scheduled__2023-02-03T00:00:00+00:00
[2023-04-19T12:48:21.852+0000] {taskinstance.py:1768} ERROR - Task failed with exception
Traceback (most recent call last):
  File "/home/airflow/.local/lib/python3.7/site-packages/airflow/operators/python.py", line 175, in execute
    return_value = self.execute_callable()
  File "/home/airflow/.local/lib/python3.7/site-packages/airflow/operators/python.py", line 192, in execute_callable
    return self.python_callable(*self.op_args, **self.op_kwargs)
  File "/opt/airflow/dags/age.py", line 35, in age_check
    birth_year = int(Variable.get('birth_year'))
  File "/home/airflow/.local/lib/python3.7/site-packages/airflow/models/variable.py", line 141, in get
    raise KeyError(f"Variable {key} does not exist")
KeyError: 'Variable birth_year does not exist'
[2023-04-19T12:48:21.899+0000] {taskinstance.py:1323} INFO - Marking task as UP_FOR_RETRY. dag_id=age_check, task_id=age_check, execution_date=20230203T000000, start_date=20230419T124821, end_date=20230419T124821
[2023-04-19T12:48:21.946+0000] {standard_task_runner.py:105} ERROR - Failed to execute job 1794 for task age_check ('Variable birth_year does not exist'; 24436)
[2023-04-19T12:48:22.096+0000] {local_task_job.py:208} INFO - Task exited with return code 1
[2023-04-19T12:48:22.202+0000] {taskinstance.py:2578} INFO - 0 downstream tasks scheduled from follow-on schedule check
[2023-05-20T20:59:24.987+0000] {taskinstance.py:1083} INFO - Dependencies all met for <TaskInstance: age_check.age_check scheduled__2023-02-03T00:00:00+00:00 [queued]>
[2023-05-20T20:59:25.004+0000] {taskinstance.py:1083} INFO - Dependencies all met for <TaskInstance: age_check.age_check scheduled__2023-02-03T00:00:00+00:00 [queued]>
[2023-05-20T20:59:25.005+0000] {taskinstance.py:1279} INFO - 
--------------------------------------------------------------------------------
[2023-05-20T20:59:25.007+0000] {taskinstance.py:1280} INFO - Starting attempt 3 of 4
[2023-05-20T20:59:25.007+0000] {taskinstance.py:1281} INFO - 
--------------------------------------------------------------------------------
[2023-05-20T20:59:25.091+0000] {taskinstance.py:1300} INFO - Executing <Task(PythonOperator): age_check> on 2023-02-03 00:00:00+00:00
[2023-05-20T20:59:25.098+0000] {standard_task_runner.py:55} INFO - Started process 1159 to run task
[2023-05-20T20:59:25.116+0000] {standard_task_runner.py:82} INFO - Running: ['***', 'tasks', 'run', 'age_check', 'age_check', 'scheduled__2023-02-03T00:00:00+00:00', '--job-id', '1355', '--raw', '--subdir', 'DAGS_FOLDER/age.py', '--cfg-path', '/tmp/tmpsrbeb9sk']
[2023-05-20T20:59:25.121+0000] {standard_task_runner.py:83} INFO - Job 1355: Subtask age_check
[2023-05-20T20:59:25.240+0000] {task_command.py:388} INFO - Running <TaskInstance: age_check.age_check scheduled__2023-02-03T00:00:00+00:00 [running]> on host 242f95e3e8a8
[2023-05-20T20:59:25.367+0000] {taskinstance.py:1509} INFO - Exporting the following env vars:
AIRFLOW_CTX_DAG_OWNER=***
AIRFLOW_CTX_DAG_ID=age_check
AIRFLOW_CTX_TASK_ID=age_check
AIRFLOW_CTX_EXECUTION_DATE=2023-02-03T00:00:00+00:00
AIRFLOW_CTX_TRY_NUMBER=3
AIRFLOW_CTX_DAG_RUN_ID=scheduled__2023-02-03T00:00:00+00:00
[2023-05-20T20:59:25.391+0000] {taskinstance.py:1768} ERROR - Task failed with exception
Traceback (most recent call last):
  File "/home/airflow/.local/lib/python3.7/site-packages/airflow/operators/python.py", line 175, in execute
    return_value = self.execute_callable()
  File "/home/airflow/.local/lib/python3.7/site-packages/airflow/operators/python.py", line 192, in execute_callable
    return self.python_callable(*self.op_args, **self.op_kwargs)
  File "/opt/airflow/dags/age.py", line 35, in age_check
    birth_year = int(Variable.get('birth_year'))
  File "/home/airflow/.local/lib/python3.7/site-packages/airflow/models/variable.py", line 141, in get
    raise KeyError(f"Variable {key} does not exist")
KeyError: 'Variable birth_year does not exist'
[2023-05-20T20:59:25.410+0000] {taskinstance.py:1323} INFO - Marking task as UP_FOR_RETRY. dag_id=age_check, task_id=age_check, execution_date=20230203T000000, start_date=20230520T205924, end_date=20230520T205925
[2023-05-20T20:59:25.429+0000] {standard_task_runner.py:105} ERROR - Failed to execute job 1355 for task age_check ('Variable birth_year does not exist'; 1159)
[2023-05-20T20:59:25.486+0000] {local_task_job.py:208} INFO - Task exited with return code 1
[2023-05-20T20:59:25.525+0000] {taskinstance.py:2578} INFO - 0 downstream tasks scheduled from follow-on schedule check
