[2023-04-19T12:49:27.308+0000] {taskinstance.py:1083} INFO - Dependencies all met for <TaskInstance: age_check.age_check scheduled__2023-02-27T00:00:00+00:00 [queued]>
[2023-04-19T12:49:27.329+0000] {taskinstance.py:1083} INFO - Dependencies all met for <TaskInstance: age_check.age_check scheduled__2023-02-27T00:00:00+00:00 [queued]>
[2023-04-19T12:49:27.332+0000] {taskinstance.py:1279} INFO - 
--------------------------------------------------------------------------------
[2023-04-19T12:49:27.333+0000] {taskinstance.py:1280} INFO - Starting attempt 1 of 4
[2023-04-19T12:49:27.335+0000] {taskinstance.py:1281} INFO - 
--------------------------------------------------------------------------------
[2023-04-19T12:49:27.480+0000] {taskinstance.py:1300} INFO - Executing <Task(PythonOperator): age_check> on 2023-02-27 00:00:00+00:00
[2023-04-19T12:49:27.495+0000] {standard_task_runner.py:55} INFO - Started process 24749 to run task
[2023-04-19T12:49:27.528+0000] {standard_task_runner.py:82} INFO - Running: ['***', 'tasks', 'run', 'age_check', 'age_check', 'scheduled__2023-02-27T00:00:00+00:00', '--job-id', '1927', '--raw', '--subdir', 'DAGS_FOLDER/age.py', '--cfg-path', '/tmp/tmpr5ev6fwn']
[2023-04-19T12:49:27.534+0000] {standard_task_runner.py:83} INFO - Job 1927: Subtask age_check
[2023-04-19T12:49:27.638+0000] {task_command.py:388} INFO - Running <TaskInstance: age_check.age_check scheduled__2023-02-27T00:00:00+00:00 [running]> on host fe34f61acbb3
[2023-04-19T12:49:27.682+0000] {taskinstance.py:1509} INFO - Exporting the following env vars:
AIRFLOW_CTX_DAG_OWNER=***
AIRFLOW_CTX_DAG_ID=age_check
AIRFLOW_CTX_TASK_ID=age_check
AIRFLOW_CTX_EXECUTION_DATE=2023-02-27T00:00:00+00:00
AIRFLOW_CTX_TRY_NUMBER=1
AIRFLOW_CTX_DAG_RUN_ID=scheduled__2023-02-27T00:00:00+00:00
[2023-04-19T12:49:27.690+0000] {taskinstance.py:1768} ERROR - Task failed with exception
Traceback (most recent call last):
  File "/home/airflow/.local/lib/python3.7/site-packages/airflow/operators/python.py", line 175, in execute
    return_value = self.execute_callable()
  File "/home/airflow/.local/lib/python3.7/site-packages/airflow/operators/python.py", line 192, in execute_callable
    return self.python_callable(*self.op_args, **self.op_kwargs)
  File "/opt/airflow/dags/age.py", line 35, in age_check
    birth_year = int(Variable.get('birth_year'))
  File "/home/airflow/.local/lib/python3.7/site-packages/airflow/models/variable.py", line 141, in get
    raise KeyError(f"Variable {key} does not exist")
KeyError: 'Variable birth_year does not exist'
[2023-04-19T12:49:27.701+0000] {taskinstance.py:1323} INFO - Marking task as UP_FOR_RETRY. dag_id=age_check, task_id=age_check, execution_date=20230227T000000, start_date=20230419T124927, end_date=20230419T124927
[2023-04-19T12:49:27.709+0000] {standard_task_runner.py:105} ERROR - Failed to execute job 1927 for task age_check ('Variable birth_year does not exist'; 24749)
[2023-04-19T12:49:27.742+0000] {local_task_job.py:208} INFO - Task exited with return code 1
[2023-04-19T12:49:27.770+0000] {taskinstance.py:2578} INFO - 0 downstream tasks scheduled from follow-on schedule check
[2023-05-20T21:00:35.861+0000] {taskinstance.py:1083} INFO - Dependencies all met for <TaskInstance: age_check.age_check scheduled__2023-02-27T00:00:00+00:00 [queued]>
[2023-05-20T21:00:35.880+0000] {taskinstance.py:1083} INFO - Dependencies all met for <TaskInstance: age_check.age_check scheduled__2023-02-27T00:00:00+00:00 [queued]>
[2023-05-20T21:00:35.882+0000] {taskinstance.py:1279} INFO - 
--------------------------------------------------------------------------------
[2023-05-20T21:00:35.883+0000] {taskinstance.py:1280} INFO - Starting attempt 1 of 4
[2023-05-20T21:00:35.885+0000] {taskinstance.py:1281} INFO - 
--------------------------------------------------------------------------------
[2023-05-20T21:00:35.916+0000] {taskinstance.py:1300} INFO - Executing <Task(PythonOperator): age_check> on 2023-02-27 00:00:00+00:00
[2023-05-20T21:00:35.921+0000] {standard_task_runner.py:55} INFO - Started process 1520 to run task
[2023-05-20T21:00:35.929+0000] {standard_task_runner.py:82} INFO - Running: ['***', 'tasks', 'run', 'age_check', 'age_check', 'scheduled__2023-02-27T00:00:00+00:00', '--job-id', '1505', '--raw', '--subdir', 'DAGS_FOLDER/age.py', '--cfg-path', '/tmp/tmp1ie2fobh']
[2023-05-20T21:00:35.934+0000] {standard_task_runner.py:83} INFO - Job 1505: Subtask age_check
[2023-05-20T21:00:36.043+0000] {task_command.py:388} INFO - Running <TaskInstance: age_check.age_check scheduled__2023-02-27T00:00:00+00:00 [running]> on host 242f95e3e8a8
[2023-05-20T21:00:36.229+0000] {taskinstance.py:1509} INFO - Exporting the following env vars:
AIRFLOW_CTX_DAG_OWNER=***
AIRFLOW_CTX_DAG_ID=age_check
AIRFLOW_CTX_TASK_ID=age_check
AIRFLOW_CTX_EXECUTION_DATE=2023-02-27T00:00:00+00:00
AIRFLOW_CTX_TRY_NUMBER=1
AIRFLOW_CTX_DAG_RUN_ID=scheduled__2023-02-27T00:00:00+00:00
[2023-05-20T21:00:36.264+0000] {taskinstance.py:1768} ERROR - Task failed with exception
Traceback (most recent call last):
  File "/home/airflow/.local/lib/python3.7/site-packages/airflow/operators/python.py", line 175, in execute
    return_value = self.execute_callable()
  File "/home/airflow/.local/lib/python3.7/site-packages/airflow/operators/python.py", line 192, in execute_callable
    return self.python_callable(*self.op_args, **self.op_kwargs)
  File "/opt/airflow/dags/age.py", line 35, in age_check
    birth_year = int(Variable.get('birth_year'))
  File "/home/airflow/.local/lib/python3.7/site-packages/airflow/models/variable.py", line 141, in get
    raise KeyError(f"Variable {key} does not exist")
KeyError: 'Variable birth_year does not exist'
[2023-05-20T21:00:36.295+0000] {taskinstance.py:1323} INFO - Marking task as UP_FOR_RETRY. dag_id=age_check, task_id=age_check, execution_date=20230227T000000, start_date=20230520T210035, end_date=20230520T210036
[2023-05-20T21:00:36.318+0000] {standard_task_runner.py:105} ERROR - Failed to execute job 1505 for task age_check ('Variable birth_year does not exist'; 1520)
[2023-05-20T21:00:36.361+0000] {local_task_job.py:208} INFO - Task exited with return code 1
[2023-05-20T21:00:36.411+0000] {taskinstance.py:2578} INFO - 0 downstream tasks scheduled from follow-on schedule check
