[2023-04-19T12:38:59.408+0000] {taskinstance.py:1083} INFO - Dependencies all met for <TaskInstance: age_check.age_check scheduled__2022-09-23T00:00:00+00:00 [queued]>
[2023-04-19T12:38:59.476+0000] {taskinstance.py:1083} INFO - Dependencies all met for <TaskInstance: age_check.age_check scheduled__2022-09-23T00:00:00+00:00 [queued]>
[2023-04-19T12:38:59.487+0000] {taskinstance.py:1279} INFO - 
--------------------------------------------------------------------------------
[2023-04-19T12:38:59.489+0000] {taskinstance.py:1280} INFO - Starting attempt 1 of 4
[2023-04-19T12:38:59.490+0000] {taskinstance.py:1281} INFO - 
--------------------------------------------------------------------------------
[2023-04-19T12:38:59.516+0000] {taskinstance.py:1300} INFO - Executing <Task(PythonOperator): age_check> on 2022-09-23 00:00:00+00:00
[2023-04-19T12:38:59.537+0000] {standard_task_runner.py:55} INFO - Started process 22051 to run task
[2023-04-19T12:38:59.548+0000] {standard_task_runner.py:82} INFO - Running: ['***', 'tasks', 'run', 'age_check', 'age_check', 'scheduled__2022-09-23T00:00:00+00:00', '--job-id', '837', '--raw', '--subdir', 'DAGS_FOLDER/age.py', '--cfg-path', '/tmp/tmp_1pmdgd3']
[2023-04-19T12:38:59.550+0000] {standard_task_runner.py:83} INFO - Job 837: Subtask age_check
[2023-04-19T12:38:59.774+0000] {task_command.py:388} INFO - Running <TaskInstance: age_check.age_check scheduled__2022-09-23T00:00:00+00:00 [running]> on host fe34f61acbb3
[2023-04-19T12:38:59.897+0000] {taskinstance.py:1509} INFO - Exporting the following env vars:
AIRFLOW_CTX_DAG_OWNER=***
AIRFLOW_CTX_DAG_ID=age_check
AIRFLOW_CTX_TASK_ID=age_check
AIRFLOW_CTX_EXECUTION_DATE=2022-09-23T00:00:00+00:00
AIRFLOW_CTX_TRY_NUMBER=1
AIRFLOW_CTX_DAG_RUN_ID=scheduled__2022-09-23T00:00:00+00:00
[2023-04-19T12:38:59.908+0000] {taskinstance.py:1768} ERROR - Task failed with exception
Traceback (most recent call last):
  File "/home/airflow/.local/lib/python3.7/site-packages/airflow/operators/python.py", line 175, in execute
    return_value = self.execute_callable()
  File "/home/airflow/.local/lib/python3.7/site-packages/airflow/operators/python.py", line 192, in execute_callable
    return self.python_callable(*self.op_args, **self.op_kwargs)
  File "/opt/airflow/dags/age.py", line 35, in age_check
    birth_year = int(Variable.get('birth_year'))
  File "/home/airflow/.local/lib/python3.7/site-packages/airflow/models/variable.py", line 141, in get
    raise KeyError(f"Variable {key} does not exist")
KeyError: 'Variable birth_year does not exist'
[2023-04-19T12:38:59.939+0000] {taskinstance.py:1323} INFO - Marking task as UP_FOR_RETRY. dag_id=age_check, task_id=age_check, execution_date=20220923T000000, start_date=20230419T123859, end_date=20230419T123859
[2023-04-19T12:38:59.956+0000] {standard_task_runner.py:105} ERROR - Failed to execute job 837 for task age_check ('Variable birth_year does not exist'; 22051)
[2023-04-19T12:39:00.087+0000] {local_task_job.py:208} INFO - Task exited with return code 1
[2023-04-19T12:39:00.130+0000] {taskinstance.py:2578} INFO - 0 downstream tasks scheduled from follow-on schedule check
[2023-05-17T09:54:39.286+0000] {taskinstance.py:1083} INFO - Dependencies all met for <TaskInstance: age_check.age_check scheduled__2022-09-23T00:00:00+00:00 [queued]>
[2023-05-17T09:54:39.318+0000] {taskinstance.py:1083} INFO - Dependencies all met for <TaskInstance: age_check.age_check scheduled__2022-09-23T00:00:00+00:00 [queued]>
[2023-05-17T09:54:39.331+0000] {taskinstance.py:1279} INFO - 
--------------------------------------------------------------------------------
[2023-05-17T09:54:39.393+0000] {taskinstance.py:1280} INFO - Starting attempt 1 of 4
[2023-05-17T09:54:39.395+0000] {taskinstance.py:1281} INFO - 
--------------------------------------------------------------------------------
[2023-05-17T09:54:39.443+0000] {taskinstance.py:1300} INFO - Executing <Task(PythonOperator): age_check> on 2022-09-23 00:00:00+00:00
[2023-05-17T09:54:39.454+0000] {standard_task_runner.py:55} INFO - Started process 4722 to run task
[2023-05-17T09:54:39.501+0000] {standard_task_runner.py:82} INFO - Running: ['***', 'tasks', 'run', 'age_check', 'age_check', 'scheduled__2022-09-23T00:00:00+00:00', '--job-id', '395', '--raw', '--subdir', 'DAGS_FOLDER/age.py', '--cfg-path', '/tmp/tmp6hzh9nq8']
[2023-05-17T09:54:39.510+0000] {standard_task_runner.py:83} INFO - Job 395: Subtask age_check
[2023-05-17T09:54:39.704+0000] {task_command.py:388} INFO - Running <TaskInstance: age_check.age_check scheduled__2022-09-23T00:00:00+00:00 [running]> on host 242f95e3e8a8
[2023-05-17T09:54:39.887+0000] {taskinstance.py:1509} INFO - Exporting the following env vars:
AIRFLOW_CTX_DAG_OWNER=***
AIRFLOW_CTX_DAG_ID=age_check
AIRFLOW_CTX_TASK_ID=age_check
AIRFLOW_CTX_EXECUTION_DATE=2022-09-23T00:00:00+00:00
AIRFLOW_CTX_TRY_NUMBER=1
AIRFLOW_CTX_DAG_RUN_ID=scheduled__2022-09-23T00:00:00+00:00
[2023-05-17T09:54:39.914+0000] {taskinstance.py:1768} ERROR - Task failed with exception
Traceback (most recent call last):
  File "/home/airflow/.local/lib/python3.7/site-packages/airflow/operators/python.py", line 175, in execute
    return_value = self.execute_callable()
  File "/home/airflow/.local/lib/python3.7/site-packages/airflow/operators/python.py", line 192, in execute_callable
    return self.python_callable(*self.op_args, **self.op_kwargs)
  File "/opt/airflow/dags/age.py", line 35, in age_check
    birth_year = int(Variable.get('birth_year'))
  File "/home/airflow/.local/lib/python3.7/site-packages/airflow/models/variable.py", line 141, in get
    raise KeyError(f"Variable {key} does not exist")
KeyError: 'Variable birth_year does not exist'
[2023-05-17T09:54:39.935+0000] {taskinstance.py:1323} INFO - Marking task as UP_FOR_RETRY. dag_id=age_check, task_id=age_check, execution_date=20220923T000000, start_date=20230517T095439, end_date=20230517T095439
[2023-05-17T09:54:39.959+0000] {standard_task_runner.py:105} ERROR - Failed to execute job 395 for task age_check ('Variable birth_year does not exist'; 4722)
[2023-05-17T09:54:40.023+0000] {local_task_job.py:208} INFO - Task exited with return code 1
[2023-05-17T09:54:40.069+0000] {taskinstance.py:2578} INFO - 0 downstream tasks scheduled from follow-on schedule check
