[2023-04-19T12:40:16.814+0000] {taskinstance.py:1083} INFO - Dependencies all met for <TaskInstance: age_check.age_check scheduled__2022-10-10T00:00:00+00:00 [queued]>
[2023-04-19T12:40:16.828+0000] {taskinstance.py:1083} INFO - Dependencies all met for <TaskInstance: age_check.age_check scheduled__2022-10-10T00:00:00+00:00 [queued]>
[2023-04-19T12:40:16.829+0000] {taskinstance.py:1279} INFO - 
--------------------------------------------------------------------------------
[2023-04-19T12:40:16.830+0000] {taskinstance.py:1280} INFO - Starting attempt 2 of 4
[2023-04-19T12:40:16.831+0000] {taskinstance.py:1281} INFO - 
--------------------------------------------------------------------------------
[2023-04-19T12:40:16.843+0000] {taskinstance.py:1300} INFO - Executing <Task(PythonOperator): age_check> on 2022-10-10 00:00:00+00:00
[2023-04-19T12:40:16.851+0000] {standard_task_runner.py:55} INFO - Started process 22372 to run task
[2023-04-19T12:40:16.855+0000] {standard_task_runner.py:82} INFO - Running: ['***', 'tasks', 'run', 'age_check', 'age_check', 'scheduled__2022-10-10T00:00:00+00:00', '--job-id', '964', '--raw', '--subdir', 'DAGS_FOLDER/age.py', '--cfg-path', '/tmp/tmpj5_hgbuz']
[2023-04-19T12:40:16.856+0000] {standard_task_runner.py:83} INFO - Job 964: Subtask age_check
[2023-04-19T12:40:16.915+0000] {task_command.py:388} INFO - Running <TaskInstance: age_check.age_check scheduled__2022-10-10T00:00:00+00:00 [running]> on host fe34f61acbb3
[2023-04-19T12:40:16.979+0000] {taskinstance.py:1509} INFO - Exporting the following env vars:
AIRFLOW_CTX_DAG_OWNER=***
AIRFLOW_CTX_DAG_ID=age_check
AIRFLOW_CTX_TASK_ID=age_check
AIRFLOW_CTX_EXECUTION_DATE=2022-10-10T00:00:00+00:00
AIRFLOW_CTX_TRY_NUMBER=2
AIRFLOW_CTX_DAG_RUN_ID=scheduled__2022-10-10T00:00:00+00:00
[2023-04-19T12:40:16.989+0000] {taskinstance.py:1768} ERROR - Task failed with exception
Traceback (most recent call last):
  File "/home/airflow/.local/lib/python3.7/site-packages/airflow/operators/python.py", line 175, in execute
    return_value = self.execute_callable()
  File "/home/airflow/.local/lib/python3.7/site-packages/airflow/operators/python.py", line 192, in execute_callable
    return self.python_callable(*self.op_args, **self.op_kwargs)
  File "/opt/airflow/dags/age.py", line 35, in age_check
    birth_year = int(Variable.get('birth_year'))
  File "/home/airflow/.local/lib/python3.7/site-packages/airflow/models/variable.py", line 141, in get
    raise KeyError(f"Variable {key} does not exist")
KeyError: 'Variable birth_year does not exist'
[2023-04-19T12:40:17.046+0000] {taskinstance.py:1323} INFO - Marking task as UP_FOR_RETRY. dag_id=age_check, task_id=age_check, execution_date=20221010T000000, start_date=20230419T124016, end_date=20230419T124017
[2023-04-19T12:40:17.061+0000] {standard_task_runner.py:105} ERROR - Failed to execute job 964 for task age_check ('Variable birth_year does not exist'; 22372)
[2023-04-19T12:40:17.075+0000] {local_task_job.py:208} INFO - Task exited with return code 1
[2023-04-19T12:40:17.096+0000] {taskinstance.py:2578} INFO - 0 downstream tasks scheduled from follow-on schedule check
[2023-05-17T09:55:51.128+0000] {taskinstance.py:1083} INFO - Dependencies all met for <TaskInstance: age_check.age_check scheduled__2022-10-10T00:00:00+00:00 [queued]>
[2023-05-17T09:55:51.144+0000] {taskinstance.py:1083} INFO - Dependencies all met for <TaskInstance: age_check.age_check scheduled__2022-10-10T00:00:00+00:00 [queued]>
[2023-05-17T09:55:51.149+0000] {taskinstance.py:1279} INFO - 
--------------------------------------------------------------------------------
[2023-05-17T09:55:51.150+0000] {taskinstance.py:1280} INFO - Starting attempt 2 of 4
[2023-05-17T09:55:51.151+0000] {taskinstance.py:1281} INFO - 
--------------------------------------------------------------------------------
[2023-05-17T09:55:51.181+0000] {taskinstance.py:1300} INFO - Executing <Task(PythonOperator): age_check> on 2022-10-10 00:00:00+00:00
[2023-05-17T09:55:51.188+0000] {standard_task_runner.py:55} INFO - Started process 5050 to run task
[2023-05-17T09:55:51.196+0000] {standard_task_runner.py:82} INFO - Running: ['***', 'tasks', 'run', 'age_check', 'age_check', 'scheduled__2022-10-10T00:00:00+00:00', '--job-id', '527', '--raw', '--subdir', 'DAGS_FOLDER/age.py', '--cfg-path', '/tmp/tmp665tf2x2']
[2023-05-17T09:55:51.199+0000] {standard_task_runner.py:83} INFO - Job 527: Subtask age_check
[2023-05-17T09:55:51.299+0000] {task_command.py:388} INFO - Running <TaskInstance: age_check.age_check scheduled__2022-10-10T00:00:00+00:00 [running]> on host 242f95e3e8a8
[2023-05-17T09:55:51.402+0000] {taskinstance.py:1509} INFO - Exporting the following env vars:
AIRFLOW_CTX_DAG_OWNER=***
AIRFLOW_CTX_DAG_ID=age_check
AIRFLOW_CTX_TASK_ID=age_check
AIRFLOW_CTX_EXECUTION_DATE=2022-10-10T00:00:00+00:00
AIRFLOW_CTX_TRY_NUMBER=2
AIRFLOW_CTX_DAG_RUN_ID=scheduled__2022-10-10T00:00:00+00:00
[2023-05-17T09:55:51.424+0000] {taskinstance.py:1768} ERROR - Task failed with exception
Traceback (most recent call last):
  File "/home/airflow/.local/lib/python3.7/site-packages/airflow/operators/python.py", line 175, in execute
    return_value = self.execute_callable()
  File "/home/airflow/.local/lib/python3.7/site-packages/airflow/operators/python.py", line 192, in execute_callable
    return self.python_callable(*self.op_args, **self.op_kwargs)
  File "/opt/airflow/dags/age.py", line 35, in age_check
    birth_year = int(Variable.get('birth_year'))
  File "/home/airflow/.local/lib/python3.7/site-packages/airflow/models/variable.py", line 141, in get
    raise KeyError(f"Variable {key} does not exist")
KeyError: 'Variable birth_year does not exist'
[2023-05-17T09:55:51.444+0000] {taskinstance.py:1323} INFO - Marking task as UP_FOR_RETRY. dag_id=age_check, task_id=age_check, execution_date=20221010T000000, start_date=20230517T095551, end_date=20230517T095551
[2023-05-17T09:55:51.458+0000] {standard_task_runner.py:105} ERROR - Failed to execute job 527 for task age_check ('Variable birth_year does not exist'; 5050)
[2023-05-17T09:55:51.498+0000] {local_task_job.py:208} INFO - Task exited with return code 1
[2023-05-17T09:55:51.520+0000] {taskinstance.py:2578} INFO - 0 downstream tasks scheduled from follow-on schedule check
