[2023-04-19T12:48:54.950+0000] {taskinstance.py:1083} INFO - Dependencies all met for <TaskInstance: age_check.age_check scheduled__2023-02-21T00:00:00+00:00 [queued]>
[2023-04-19T12:48:54.994+0000] {taskinstance.py:1083} INFO - Dependencies all met for <TaskInstance: age_check.age_check scheduled__2023-02-21T00:00:00+00:00 [queued]>
[2023-04-19T12:48:55.002+0000] {taskinstance.py:1279} INFO - 
--------------------------------------------------------------------------------
[2023-04-19T12:48:55.004+0000] {taskinstance.py:1280} INFO - Starting attempt 1 of 4
[2023-04-19T12:48:55.005+0000] {taskinstance.py:1281} INFO - 
--------------------------------------------------------------------------------
[2023-04-19T12:48:55.066+0000] {taskinstance.py:1300} INFO - Executing <Task(PythonOperator): age_check> on 2023-02-21 00:00:00+00:00
[2023-04-19T12:48:55.079+0000] {standard_task_runner.py:55} INFO - Started process 24621 to run task
[2023-04-19T12:48:55.094+0000] {standard_task_runner.py:82} INFO - Running: ['***', 'tasks', 'run', 'age_check', 'age_check', 'scheduled__2023-02-21T00:00:00+00:00', '--job-id', '1874', '--raw', '--subdir', 'DAGS_FOLDER/age.py', '--cfg-path', '/tmp/tmp1a6dva77']
[2023-04-19T12:48:55.098+0000] {standard_task_runner.py:83} INFO - Job 1874: Subtask age_check
[2023-04-19T12:48:55.412+0000] {task_command.py:388} INFO - Running <TaskInstance: age_check.age_check scheduled__2023-02-21T00:00:00+00:00 [running]> on host fe34f61acbb3
[2023-04-19T12:48:55.665+0000] {taskinstance.py:1509} INFO - Exporting the following env vars:
AIRFLOW_CTX_DAG_OWNER=***
AIRFLOW_CTX_DAG_ID=age_check
AIRFLOW_CTX_TASK_ID=age_check
AIRFLOW_CTX_EXECUTION_DATE=2023-02-21T00:00:00+00:00
AIRFLOW_CTX_TRY_NUMBER=1
AIRFLOW_CTX_DAG_RUN_ID=scheduled__2023-02-21T00:00:00+00:00
[2023-04-19T12:48:55.701+0000] {taskinstance.py:1768} ERROR - Task failed with exception
Traceback (most recent call last):
  File "/home/airflow/.local/lib/python3.7/site-packages/airflow/operators/python.py", line 175, in execute
    return_value = self.execute_callable()
  File "/home/airflow/.local/lib/python3.7/site-packages/airflow/operators/python.py", line 192, in execute_callable
    return self.python_callable(*self.op_args, **self.op_kwargs)
  File "/opt/airflow/dags/age.py", line 35, in age_check
    birth_year = int(Variable.get('birth_year'))
  File "/home/airflow/.local/lib/python3.7/site-packages/airflow/models/variable.py", line 141, in get
    raise KeyError(f"Variable {key} does not exist")
KeyError: 'Variable birth_year does not exist'
[2023-04-19T12:48:55.764+0000] {taskinstance.py:1323} INFO - Marking task as UP_FOR_RETRY. dag_id=age_check, task_id=age_check, execution_date=20230221T000000, start_date=20230419T124854, end_date=20230419T124855
[2023-04-19T12:48:55.786+0000] {standard_task_runner.py:105} ERROR - Failed to execute job 1874 for task age_check ('Variable birth_year does not exist'; 24621)
[2023-04-19T12:48:55.841+0000] {local_task_job.py:208} INFO - Task exited with return code 1
[2023-04-19T12:48:55.882+0000] {taskinstance.py:2578} INFO - 0 downstream tasks scheduled from follow-on schedule check
[2023-05-20T20:59:55.543+0000] {taskinstance.py:1083} INFO - Dependencies all met for <TaskInstance: age_check.age_check scheduled__2023-02-21T00:00:00+00:00 [queued]>
[2023-05-20T20:59:55.556+0000] {taskinstance.py:1083} INFO - Dependencies all met for <TaskInstance: age_check.age_check scheduled__2023-02-21T00:00:00+00:00 [queued]>
[2023-05-20T20:59:55.557+0000] {taskinstance.py:1279} INFO - 
--------------------------------------------------------------------------------
[2023-05-20T20:59:55.557+0000] {taskinstance.py:1280} INFO - Starting attempt 1 of 4
[2023-05-20T20:59:55.558+0000] {taskinstance.py:1281} INFO - 
--------------------------------------------------------------------------------
[2023-05-20T20:59:55.574+0000] {taskinstance.py:1300} INFO - Executing <Task(PythonOperator): age_check> on 2023-02-21 00:00:00+00:00
[2023-05-20T20:59:55.583+0000] {standard_task_runner.py:55} INFO - Started process 1343 to run task
[2023-05-20T20:59:55.594+0000] {standard_task_runner.py:82} INFO - Running: ['***', 'tasks', 'run', 'age_check', 'age_check', 'scheduled__2023-02-21T00:00:00+00:00', '--job-id', '1436', '--raw', '--subdir', 'DAGS_FOLDER/age.py', '--cfg-path', '/tmp/tmpdhn97d0a']
[2023-05-20T20:59:55.597+0000] {standard_task_runner.py:83} INFO - Job 1436: Subtask age_check
[2023-05-20T20:59:55.682+0000] {task_command.py:388} INFO - Running <TaskInstance: age_check.age_check scheduled__2023-02-21T00:00:00+00:00 [running]> on host 242f95e3e8a8
[2023-05-20T20:59:55.755+0000] {taskinstance.py:1509} INFO - Exporting the following env vars:
AIRFLOW_CTX_DAG_OWNER=***
AIRFLOW_CTX_DAG_ID=age_check
AIRFLOW_CTX_TASK_ID=age_check
AIRFLOW_CTX_EXECUTION_DATE=2023-02-21T00:00:00+00:00
AIRFLOW_CTX_TRY_NUMBER=1
AIRFLOW_CTX_DAG_RUN_ID=scheduled__2023-02-21T00:00:00+00:00
[2023-05-20T20:59:55.771+0000] {taskinstance.py:1768} ERROR - Task failed with exception
Traceback (most recent call last):
  File "/home/airflow/.local/lib/python3.7/site-packages/airflow/operators/python.py", line 175, in execute
    return_value = self.execute_callable()
  File "/home/airflow/.local/lib/python3.7/site-packages/airflow/operators/python.py", line 192, in execute_callable
    return self.python_callable(*self.op_args, **self.op_kwargs)
  File "/opt/airflow/dags/age.py", line 35, in age_check
    birth_year = int(Variable.get('birth_year'))
  File "/home/airflow/.local/lib/python3.7/site-packages/airflow/models/variable.py", line 141, in get
    raise KeyError(f"Variable {key} does not exist")
KeyError: 'Variable birth_year does not exist'
[2023-05-20T20:59:55.783+0000] {taskinstance.py:1323} INFO - Marking task as UP_FOR_RETRY. dag_id=age_check, task_id=age_check, execution_date=20230221T000000, start_date=20230520T205955, end_date=20230520T205955
[2023-05-20T20:59:55.798+0000] {standard_task_runner.py:105} ERROR - Failed to execute job 1436 for task age_check ('Variable birth_year does not exist'; 1343)
[2023-05-20T20:59:55.844+0000] {local_task_job.py:208} INFO - Task exited with return code 1
[2023-05-20T20:59:55.866+0000] {taskinstance.py:2578} INFO - 0 downstream tasks scheduled from follow-on schedule check
