[2023-04-19T12:46:21.241+0000] {taskinstance.py:1083} INFO - Dependencies all met for <TaskInstance: age_check.age_check scheduled__2023-01-01T00:00:00+00:00 [queued]>
[2023-04-19T12:46:21.295+0000] {taskinstance.py:1083} INFO - Dependencies all met for <TaskInstance: age_check.age_check scheduled__2023-01-01T00:00:00+00:00 [queued]>
[2023-04-19T12:46:21.297+0000] {taskinstance.py:1279} INFO - 
--------------------------------------------------------------------------------
[2023-04-19T12:46:21.299+0000] {taskinstance.py:1280} INFO - Starting attempt 3 of 4
[2023-04-19T12:46:21.300+0000] {taskinstance.py:1281} INFO - 
--------------------------------------------------------------------------------
[2023-04-19T12:46:21.327+0000] {taskinstance.py:1300} INFO - Executing <Task(PythonOperator): age_check> on 2023-01-01 00:00:00+00:00
[2023-04-19T12:46:21.335+0000] {standard_task_runner.py:55} INFO - Started process 23904 to run task
[2023-04-19T12:46:21.358+0000] {standard_task_runner.py:82} INFO - Running: ['***', 'tasks', 'run', 'age_check', 'age_check', 'scheduled__2023-01-01T00:00:00+00:00', '--job-id', '1581', '--raw', '--subdir', 'DAGS_FOLDER/age.py', '--cfg-path', '/tmp/tmppt8c8ykr']
[2023-04-19T12:46:21.362+0000] {standard_task_runner.py:83} INFO - Job 1581: Subtask age_check
[2023-04-19T12:46:21.634+0000] {task_command.py:388} INFO - Running <TaskInstance: age_check.age_check scheduled__2023-01-01T00:00:00+00:00 [running]> on host fe34f61acbb3
[2023-04-19T12:46:21.912+0000] {taskinstance.py:1509} INFO - Exporting the following env vars:
AIRFLOW_CTX_DAG_OWNER=***
AIRFLOW_CTX_DAG_ID=age_check
AIRFLOW_CTX_TASK_ID=age_check
AIRFLOW_CTX_EXECUTION_DATE=2023-01-01T00:00:00+00:00
AIRFLOW_CTX_TRY_NUMBER=3
AIRFLOW_CTX_DAG_RUN_ID=scheduled__2023-01-01T00:00:00+00:00
[2023-04-19T12:46:21.929+0000] {taskinstance.py:1768} ERROR - Task failed with exception
Traceback (most recent call last):
  File "/home/airflow/.local/lib/python3.7/site-packages/airflow/operators/python.py", line 175, in execute
    return_value = self.execute_callable()
  File "/home/airflow/.local/lib/python3.7/site-packages/airflow/operators/python.py", line 192, in execute_callable
    return self.python_callable(*self.op_args, **self.op_kwargs)
  File "/opt/airflow/dags/age.py", line 35, in age_check
    birth_year = int(Variable.get('birth_year'))
  File "/home/airflow/.local/lib/python3.7/site-packages/airflow/models/variable.py", line 141, in get
    raise KeyError(f"Variable {key} does not exist")
KeyError: 'Variable birth_year does not exist'
[2023-04-19T12:46:21.960+0000] {taskinstance.py:1323} INFO - Marking task as UP_FOR_RETRY. dag_id=age_check, task_id=age_check, execution_date=20230101T000000, start_date=20230419T124621, end_date=20230419T124621
[2023-04-19T12:46:21.992+0000] {standard_task_runner.py:105} ERROR - Failed to execute job 1581 for task age_check ('Variable birth_year does not exist'; 23904)
[2023-04-19T12:46:22.053+0000] {local_task_job.py:208} INFO - Task exited with return code 1
[2023-04-19T12:46:22.107+0000] {taskinstance.py:2578} INFO - 0 downstream tasks scheduled from follow-on schedule check
[2023-05-20T20:57:25.438+0000] {taskinstance.py:1083} INFO - Dependencies all met for <TaskInstance: age_check.age_check scheduled__2023-01-01T00:00:00+00:00 [queued]>
[2023-05-20T20:57:25.449+0000] {taskinstance.py:1083} INFO - Dependencies all met for <TaskInstance: age_check.age_check scheduled__2023-01-01T00:00:00+00:00 [queued]>
[2023-05-20T20:57:25.450+0000] {taskinstance.py:1279} INFO - 
--------------------------------------------------------------------------------
[2023-05-20T20:57:25.451+0000] {taskinstance.py:1280} INFO - Starting attempt 3 of 4
[2023-05-20T20:57:25.452+0000] {taskinstance.py:1281} INFO - 
--------------------------------------------------------------------------------
[2023-05-20T20:57:25.463+0000] {taskinstance.py:1300} INFO - Executing <Task(PythonOperator): age_check> on 2023-01-01 00:00:00+00:00
[2023-05-20T20:57:25.470+0000] {standard_task_runner.py:55} INFO - Started process 600 to run task
[2023-05-20T20:57:25.480+0000] {standard_task_runner.py:82} INFO - Running: ['***', 'tasks', 'run', 'age_check', 'age_check', 'scheduled__2023-01-01T00:00:00+00:00', '--job-id', '1129', '--raw', '--subdir', 'DAGS_FOLDER/age.py', '--cfg-path', '/tmp/tmpa_5pgjfv']
[2023-05-20T20:57:25.484+0000] {standard_task_runner.py:83} INFO - Job 1129: Subtask age_check
[2023-05-20T20:57:25.581+0000] {task_command.py:388} INFO - Running <TaskInstance: age_check.age_check scheduled__2023-01-01T00:00:00+00:00 [running]> on host 242f95e3e8a8
[2023-05-20T20:57:25.669+0000] {taskinstance.py:1509} INFO - Exporting the following env vars:
AIRFLOW_CTX_DAG_OWNER=***
AIRFLOW_CTX_DAG_ID=age_check
AIRFLOW_CTX_TASK_ID=age_check
AIRFLOW_CTX_EXECUTION_DATE=2023-01-01T00:00:00+00:00
AIRFLOW_CTX_TRY_NUMBER=3
AIRFLOW_CTX_DAG_RUN_ID=scheduled__2023-01-01T00:00:00+00:00
[2023-05-20T20:57:25.685+0000] {taskinstance.py:1768} ERROR - Task failed with exception
Traceback (most recent call last):
  File "/home/airflow/.local/lib/python3.7/site-packages/airflow/operators/python.py", line 175, in execute
    return_value = self.execute_callable()
  File "/home/airflow/.local/lib/python3.7/site-packages/airflow/operators/python.py", line 192, in execute_callable
    return self.python_callable(*self.op_args, **self.op_kwargs)
  File "/opt/airflow/dags/age.py", line 35, in age_check
    birth_year = int(Variable.get('birth_year'))
  File "/home/airflow/.local/lib/python3.7/site-packages/airflow/models/variable.py", line 141, in get
    raise KeyError(f"Variable {key} does not exist")
KeyError: 'Variable birth_year does not exist'
[2023-05-20T20:57:25.702+0000] {taskinstance.py:1323} INFO - Marking task as UP_FOR_RETRY. dag_id=age_check, task_id=age_check, execution_date=20230101T000000, start_date=20230520T205725, end_date=20230520T205725
[2023-05-20T20:57:25.717+0000] {standard_task_runner.py:105} ERROR - Failed to execute job 1129 for task age_check ('Variable birth_year does not exist'; 600)
[2023-05-20T20:57:25.769+0000] {local_task_job.py:208} INFO - Task exited with return code 1
[2023-05-20T20:57:25.793+0000] {taskinstance.py:2578} INFO - 0 downstream tasks scheduled from follow-on schedule check
