[2023-04-19T12:37:18.049+0000] {taskinstance.py:1083} INFO - Dependencies all met for <TaskInstance: age_check.age_check scheduled__2022-08-18T00:00:00+00:00 [queued]>
[2023-04-19T12:37:18.091+0000] {taskinstance.py:1083} INFO - Dependencies all met for <TaskInstance: age_check.age_check scheduled__2022-08-18T00:00:00+00:00 [queued]>
[2023-04-19T12:37:18.092+0000] {taskinstance.py:1279} INFO - 
--------------------------------------------------------------------------------
[2023-04-19T12:37:18.095+0000] {taskinstance.py:1280} INFO - Starting attempt 3 of 4
[2023-04-19T12:37:18.101+0000] {taskinstance.py:1281} INFO - 
--------------------------------------------------------------------------------
[2023-04-19T12:37:18.139+0000] {taskinstance.py:1300} INFO - Executing <Task(PythonOperator): age_check> on 2022-08-18 00:00:00+00:00
[2023-04-19T12:37:18.146+0000] {standard_task_runner.py:55} INFO - Started process 21575 to run task
[2023-04-19T12:37:18.183+0000] {standard_task_runner.py:82} INFO - Running: ['***', 'tasks', 'run', 'age_check', 'age_check', 'scheduled__2022-08-18T00:00:00+00:00', '--job-id', '637', '--raw', '--subdir', 'DAGS_FOLDER/age.py', '--cfg-path', '/tmp/tmpc4c_35pt']
[2023-04-19T12:37:18.186+0000] {standard_task_runner.py:83} INFO - Job 637: Subtask age_check
[2023-04-19T12:37:18.280+0000] {task_command.py:388} INFO - Running <TaskInstance: age_check.age_check scheduled__2022-08-18T00:00:00+00:00 [running]> on host fe34f61acbb3
[2023-04-19T12:37:18.355+0000] {taskinstance.py:1509} INFO - Exporting the following env vars:
AIRFLOW_CTX_DAG_OWNER=***
AIRFLOW_CTX_DAG_ID=age_check
AIRFLOW_CTX_TASK_ID=age_check
AIRFLOW_CTX_EXECUTION_DATE=2022-08-18T00:00:00+00:00
AIRFLOW_CTX_TRY_NUMBER=3
AIRFLOW_CTX_DAG_RUN_ID=scheduled__2022-08-18T00:00:00+00:00
[2023-04-19T12:37:18.371+0000] {taskinstance.py:1768} ERROR - Task failed with exception
Traceback (most recent call last):
  File "/home/airflow/.local/lib/python3.7/site-packages/airflow/operators/python.py", line 175, in execute
    return_value = self.execute_callable()
  File "/home/airflow/.local/lib/python3.7/site-packages/airflow/operators/python.py", line 192, in execute_callable
    return self.python_callable(*self.op_args, **self.op_kwargs)
  File "/opt/airflow/dags/age.py", line 35, in age_check
    birth_year = int(Variable.get('birth_year'))
  File "/home/airflow/.local/lib/python3.7/site-packages/airflow/models/variable.py", line 141, in get
    raise KeyError(f"Variable {key} does not exist")
KeyError: 'Variable birth_year does not exist'
[2023-04-19T12:37:18.391+0000] {taskinstance.py:1323} INFO - Marking task as UP_FOR_RETRY. dag_id=age_check, task_id=age_check, execution_date=20220818T000000, start_date=20230419T123718, end_date=20230419T123718
[2023-04-19T12:37:18.424+0000] {standard_task_runner.py:105} ERROR - Failed to execute job 637 for task age_check ('Variable birth_year does not exist'; 21575)
[2023-04-19T12:37:18.486+0000] {local_task_job.py:208} INFO - Task exited with return code 1
[2023-04-19T12:37:18.511+0000] {taskinstance.py:2578} INFO - 0 downstream tasks scheduled from follow-on schedule check
[2023-05-17T09:53:02.180+0000] {taskinstance.py:1083} INFO - Dependencies all met for <TaskInstance: age_check.age_check scheduled__2022-08-18T00:00:00+00:00 [queued]>
[2023-05-17T09:53:02.209+0000] {taskinstance.py:1083} INFO - Dependencies all met for <TaskInstance: age_check.age_check scheduled__2022-08-18T00:00:00+00:00 [queued]>
[2023-05-17T09:53:02.211+0000] {taskinstance.py:1279} INFO - 
--------------------------------------------------------------------------------
[2023-05-17T09:53:02.213+0000] {taskinstance.py:1280} INFO - Starting attempt 3 of 4
[2023-05-17T09:53:02.217+0000] {taskinstance.py:1281} INFO - 
--------------------------------------------------------------------------------
[2023-05-17T09:53:02.245+0000] {taskinstance.py:1300} INFO - Executing <Task(PythonOperator): age_check> on 2022-08-18 00:00:00+00:00
[2023-05-17T09:53:02.271+0000] {standard_task_runner.py:55} INFO - Started process 4259 to run task
[2023-05-17T09:53:02.279+0000] {standard_task_runner.py:82} INFO - Running: ['***', 'tasks', 'run', 'age_check', 'age_check', 'scheduled__2022-08-18T00:00:00+00:00', '--job-id', '202', '--raw', '--subdir', 'DAGS_FOLDER/age.py', '--cfg-path', '/tmp/tmps76_eze7']
[2023-05-17T09:53:02.291+0000] {standard_task_runner.py:83} INFO - Job 202: Subtask age_check
[2023-05-17T09:53:02.456+0000] {task_command.py:388} INFO - Running <TaskInstance: age_check.age_check scheduled__2022-08-18T00:00:00+00:00 [running]> on host 242f95e3e8a8
[2023-05-17T09:53:02.573+0000] {taskinstance.py:1509} INFO - Exporting the following env vars:
AIRFLOW_CTX_DAG_OWNER=***
AIRFLOW_CTX_DAG_ID=age_check
AIRFLOW_CTX_TASK_ID=age_check
AIRFLOW_CTX_EXECUTION_DATE=2022-08-18T00:00:00+00:00
AIRFLOW_CTX_TRY_NUMBER=3
AIRFLOW_CTX_DAG_RUN_ID=scheduled__2022-08-18T00:00:00+00:00
[2023-05-17T09:53:02.601+0000] {taskinstance.py:1768} ERROR - Task failed with exception
Traceback (most recent call last):
  File "/home/airflow/.local/lib/python3.7/site-packages/airflow/operators/python.py", line 175, in execute
    return_value = self.execute_callable()
  File "/home/airflow/.local/lib/python3.7/site-packages/airflow/operators/python.py", line 192, in execute_callable
    return self.python_callable(*self.op_args, **self.op_kwargs)
  File "/opt/airflow/dags/age.py", line 35, in age_check
    birth_year = int(Variable.get('birth_year'))
  File "/home/airflow/.local/lib/python3.7/site-packages/airflow/models/variable.py", line 141, in get
    raise KeyError(f"Variable {key} does not exist")
KeyError: 'Variable birth_year does not exist'
[2023-05-17T09:53:02.627+0000] {taskinstance.py:1323} INFO - Marking task as UP_FOR_RETRY. dag_id=age_check, task_id=age_check, execution_date=20220818T000000, start_date=20230517T095302, end_date=20230517T095302
[2023-05-17T09:53:02.697+0000] {standard_task_runner.py:105} ERROR - Failed to execute job 202 for task age_check ('Variable birth_year does not exist'; 4259)
[2023-05-17T09:53:02.787+0000] {local_task_job.py:208} INFO - Task exited with return code 1
[2023-05-17T09:53:02.827+0000] {taskinstance.py:2578} INFO - 0 downstream tasks scheduled from follow-on schedule check
