[2023-04-19T12:36:05.551+0000] {taskinstance.py:1083} INFO - Dependencies all met for <TaskInstance: age_check.age_check scheduled__2022-08-06T00:00:00+00:00 [queued]>
[2023-04-19T12:36:05.577+0000] {taskinstance.py:1083} INFO - Dependencies all met for <TaskInstance: age_check.age_check scheduled__2022-08-06T00:00:00+00:00 [queued]>
[2023-04-19T12:36:05.578+0000] {taskinstance.py:1279} INFO - 
--------------------------------------------------------------------------------
[2023-04-19T12:36:05.580+0000] {taskinstance.py:1280} INFO - Starting attempt 2 of 4
[2023-04-19T12:36:05.581+0000] {taskinstance.py:1281} INFO - 
--------------------------------------------------------------------------------
[2023-04-19T12:36:05.607+0000] {taskinstance.py:1300} INFO - Executing <Task(PythonOperator): age_check> on 2022-08-06 00:00:00+00:00
[2023-04-19T12:36:05.625+0000] {standard_task_runner.py:55} INFO - Started process 21250 to run task
[2023-04-19T12:36:05.628+0000] {standard_task_runner.py:82} INFO - Running: ['***', 'tasks', 'run', 'age_check', 'age_check', 'scheduled__2022-08-06T00:00:00+00:00', '--job-id', '511', '--raw', '--subdir', 'DAGS_FOLDER/age.py', '--cfg-path', '/tmp/tmp4x2vjspn']
[2023-04-19T12:36:05.630+0000] {standard_task_runner.py:83} INFO - Job 511: Subtask age_check
[2023-04-19T12:36:05.708+0000] {task_command.py:388} INFO - Running <TaskInstance: age_check.age_check scheduled__2022-08-06T00:00:00+00:00 [running]> on host fe34f61acbb3
[2023-04-19T12:36:05.807+0000] {taskinstance.py:1509} INFO - Exporting the following env vars:
AIRFLOW_CTX_DAG_OWNER=***
AIRFLOW_CTX_DAG_ID=age_check
AIRFLOW_CTX_TASK_ID=age_check
AIRFLOW_CTX_EXECUTION_DATE=2022-08-06T00:00:00+00:00
AIRFLOW_CTX_TRY_NUMBER=2
AIRFLOW_CTX_DAG_RUN_ID=scheduled__2022-08-06T00:00:00+00:00
[2023-04-19T12:36:05.814+0000] {taskinstance.py:1768} ERROR - Task failed with exception
Traceback (most recent call last):
  File "/home/airflow/.local/lib/python3.7/site-packages/airflow/operators/python.py", line 175, in execute
    return_value = self.execute_callable()
  File "/home/airflow/.local/lib/python3.7/site-packages/airflow/operators/python.py", line 192, in execute_callable
    return self.python_callable(*self.op_args, **self.op_kwargs)
  File "/opt/airflow/dags/age.py", line 35, in age_check
    birth_year = int(Variable.get('birth_year'))
  File "/home/airflow/.local/lib/python3.7/site-packages/airflow/models/variable.py", line 141, in get
    raise KeyError(f"Variable {key} does not exist")
KeyError: 'Variable birth_year does not exist'
[2023-04-19T12:36:05.833+0000] {taskinstance.py:1323} INFO - Marking task as UP_FOR_RETRY. dag_id=age_check, task_id=age_check, execution_date=20220806T000000, start_date=20230419T123605, end_date=20230419T123605
[2023-04-19T12:36:05.840+0000] {standard_task_runner.py:105} ERROR - Failed to execute job 511 for task age_check ('Variable birth_year does not exist'; 21250)
[2023-04-19T12:36:05.884+0000] {local_task_job.py:208} INFO - Task exited with return code 1
[2023-04-19T12:36:05.901+0000] {taskinstance.py:2578} INFO - 0 downstream tasks scheduled from follow-on schedule check
[2023-05-17T09:51:52.873+0000] {taskinstance.py:1083} INFO - Dependencies all met for <TaskInstance: age_check.age_check scheduled__2022-08-06T00:00:00+00:00 [queued]>
[2023-05-17T09:51:52.894+0000] {taskinstance.py:1083} INFO - Dependencies all met for <TaskInstance: age_check.age_check scheduled__2022-08-06T00:00:00+00:00 [queued]>
[2023-05-17T09:51:52.899+0000] {taskinstance.py:1279} INFO - 
--------------------------------------------------------------------------------
[2023-05-17T09:51:52.901+0000] {taskinstance.py:1280} INFO - Starting attempt 2 of 4
[2023-05-17T09:51:52.902+0000] {taskinstance.py:1281} INFO - 
--------------------------------------------------------------------------------
[2023-05-17T09:51:52.941+0000] {taskinstance.py:1300} INFO - Executing <Task(PythonOperator): age_check> on 2022-08-06 00:00:00+00:00
[2023-05-17T09:51:52.949+0000] {standard_task_runner.py:55} INFO - Started process 3934 to run task
[2023-05-17T09:51:52.959+0000] {standard_task_runner.py:82} INFO - Running: ['***', 'tasks', 'run', 'age_check', 'age_check', 'scheduled__2022-08-06T00:00:00+00:00', '--job-id', '71', '--raw', '--subdir', 'DAGS_FOLDER/age.py', '--cfg-path', '/tmp/tmpxlnhulkk']
[2023-05-17T09:51:52.961+0000] {standard_task_runner.py:83} INFO - Job 71: Subtask age_check
[2023-05-17T09:51:53.169+0000] {task_command.py:388} INFO - Running <TaskInstance: age_check.age_check scheduled__2022-08-06T00:00:00+00:00 [running]> on host 242f95e3e8a8
[2023-05-17T09:51:53.439+0000] {taskinstance.py:1509} INFO - Exporting the following env vars:
AIRFLOW_CTX_DAG_OWNER=***
AIRFLOW_CTX_DAG_ID=age_check
AIRFLOW_CTX_TASK_ID=age_check
AIRFLOW_CTX_EXECUTION_DATE=2022-08-06T00:00:00+00:00
AIRFLOW_CTX_TRY_NUMBER=2
AIRFLOW_CTX_DAG_RUN_ID=scheduled__2022-08-06T00:00:00+00:00
[2023-05-17T09:51:53.481+0000] {taskinstance.py:1768} ERROR - Task failed with exception
Traceback (most recent call last):
  File "/home/airflow/.local/lib/python3.7/site-packages/airflow/operators/python.py", line 175, in execute
    return_value = self.execute_callable()
  File "/home/airflow/.local/lib/python3.7/site-packages/airflow/operators/python.py", line 192, in execute_callable
    return self.python_callable(*self.op_args, **self.op_kwargs)
  File "/opt/airflow/dags/age.py", line 35, in age_check
    birth_year = int(Variable.get('birth_year'))
  File "/home/airflow/.local/lib/python3.7/site-packages/airflow/models/variable.py", line 141, in get
    raise KeyError(f"Variable {key} does not exist")
KeyError: 'Variable birth_year does not exist'
[2023-05-17T09:51:53.519+0000] {taskinstance.py:1323} INFO - Marking task as UP_FOR_RETRY. dag_id=age_check, task_id=age_check, execution_date=20220806T000000, start_date=20230517T095152, end_date=20230517T095153
[2023-05-17T09:51:53.553+0000] {standard_task_runner.py:105} ERROR - Failed to execute job 71 for task age_check ('Variable birth_year does not exist'; 3934)
[2023-05-17T09:51:53.663+0000] {local_task_job.py:208} INFO - Task exited with return code 1
[2023-05-17T09:51:54.086+0000] {taskinstance.py:2578} INFO - 0 downstream tasks scheduled from follow-on schedule check
