[2023-04-19T12:51:16.489+0000] {taskinstance.py:1083} INFO - Dependencies all met for <TaskInstance: age_check.age_check scheduled__2023-03-16T00:00:00+00:00 [queued]>
[2023-04-19T12:51:16.556+0000] {taskinstance.py:1083} INFO - Dependencies all met for <TaskInstance: age_check.age_check scheduled__2023-03-16T00:00:00+00:00 [queued]>
[2023-04-19T12:51:16.558+0000] {taskinstance.py:1279} INFO - 
--------------------------------------------------------------------------------
[2023-04-19T12:51:16.559+0000] {taskinstance.py:1280} INFO - Starting attempt 4 of 4
[2023-04-19T12:51:16.561+0000] {taskinstance.py:1281} INFO - 
--------------------------------------------------------------------------------
[2023-04-19T12:51:16.661+0000] {taskinstance.py:1300} INFO - Executing <Task(PythonOperator): age_check> on 2023-03-16 00:00:00+00:00
[2023-04-19T12:51:16.725+0000] {standard_task_runner.py:82} INFO - Running: ['***', 'tasks', 'run', 'age_check', 'age_check', 'scheduled__2023-03-16T00:00:00+00:00', '--job-id', '2147', '--raw', '--subdir', 'DAGS_FOLDER/age.py', '--cfg-path', '/tmp/tmps6ip0e9u']
[2023-04-19T12:51:16.745+0000] {standard_task_runner.py:83} INFO - Job 2147: Subtask age_check
[2023-04-19T12:51:16.718+0000] {standard_task_runner.py:55} INFO - Started process 25271 to run task
[2023-04-19T12:51:17.048+0000] {task_command.py:388} INFO - Running <TaskInstance: age_check.age_check scheduled__2023-03-16T00:00:00+00:00 [running]> on host fe34f61acbb3
[2023-04-19T12:51:17.287+0000] {taskinstance.py:1509} INFO - Exporting the following env vars:
AIRFLOW_CTX_DAG_OWNER=***
AIRFLOW_CTX_DAG_ID=age_check
AIRFLOW_CTX_TASK_ID=age_check
AIRFLOW_CTX_EXECUTION_DATE=2023-03-16T00:00:00+00:00
AIRFLOW_CTX_TRY_NUMBER=4
AIRFLOW_CTX_DAG_RUN_ID=scheduled__2023-03-16T00:00:00+00:00
[2023-04-19T12:51:17.312+0000] {taskinstance.py:1768} ERROR - Task failed with exception
Traceback (most recent call last):
  File "/home/airflow/.local/lib/python3.7/site-packages/airflow/operators/python.py", line 175, in execute
    return_value = self.execute_callable()
  File "/home/airflow/.local/lib/python3.7/site-packages/airflow/operators/python.py", line 192, in execute_callable
    return self.python_callable(*self.op_args, **self.op_kwargs)
  File "/opt/airflow/dags/age.py", line 35, in age_check
    birth_year = int(Variable.get('birth_year'))
  File "/home/airflow/.local/lib/python3.7/site-packages/airflow/models/variable.py", line 141, in get
    raise KeyError(f"Variable {key} does not exist")
KeyError: 'Variable birth_year does not exist'
[2023-04-19T12:51:17.343+0000] {taskinstance.py:1323} INFO - Marking task as FAILED. dag_id=age_check, task_id=age_check, execution_date=20230316T000000, start_date=20230419T125116, end_date=20230419T125117
[2023-04-19T12:51:17.376+0000] {standard_task_runner.py:105} ERROR - Failed to execute job 2147 for task age_check ('Variable birth_year does not exist'; 25271)
[2023-04-19T12:51:17.453+0000] {local_task_job.py:208} INFO - Task exited with return code 1
[2023-04-19T12:51:17.523+0000] {taskinstance.py:2578} INFO - 0 downstream tasks scheduled from follow-on schedule check
[2023-05-20T21:49:13.848+0000] {taskinstance.py:1083} INFO - Dependencies all met for <TaskInstance: age_check.age_check scheduled__2023-03-16T00:00:00+00:00 [queued]>
[2023-05-20T21:49:13.869+0000] {taskinstance.py:1083} INFO - Dependencies all met for <TaskInstance: age_check.age_check scheduled__2023-03-16T00:00:00+00:00 [queued]>
[2023-05-20T21:49:13.899+0000] {taskinstance.py:1279} INFO - 
--------------------------------------------------------------------------------
[2023-05-20T21:49:13.931+0000] {taskinstance.py:1280} INFO - Starting attempt 4 of 4
[2023-05-20T21:49:13.965+0000] {taskinstance.py:1281} INFO - 
--------------------------------------------------------------------------------
[2023-05-20T21:49:14.020+0000] {taskinstance.py:1300} INFO - Executing <Task(PythonOperator): age_check> on 2023-03-16 00:00:00+00:00
[2023-05-20T21:49:14.057+0000] {standard_task_runner.py:55} INFO - Started process 1978 to run task
[2023-05-20T21:49:14.061+0000] {standard_task_runner.py:82} INFO - Running: ['***', 'tasks', 'run', 'age_check', 'age_check', 'scheduled__2023-03-16T00:00:00+00:00', '--job-id', '1693', '--raw', '--subdir', 'DAGS_FOLDER/age.py', '--cfg-path', '/tmp/tmpybv1993q']
[2023-05-20T21:49:14.091+0000] {standard_task_runner.py:83} INFO - Job 1693: Subtask age_check
[2023-05-20T21:49:14.195+0000] {task_command.py:388} INFO - Running <TaskInstance: age_check.age_check scheduled__2023-03-16T00:00:00+00:00 [running]> on host 242f95e3e8a8
[2023-05-20T21:49:14.245+0000] {taskinstance.py:1509} INFO - Exporting the following env vars:
AIRFLOW_CTX_DAG_OWNER=***
AIRFLOW_CTX_DAG_ID=age_check
AIRFLOW_CTX_TASK_ID=age_check
AIRFLOW_CTX_EXECUTION_DATE=2023-03-16T00:00:00+00:00
AIRFLOW_CTX_TRY_NUMBER=4
AIRFLOW_CTX_DAG_RUN_ID=scheduled__2023-03-16T00:00:00+00:00
[2023-05-20T21:49:14.255+0000] {taskinstance.py:1768} ERROR - Task failed with exception
Traceback (most recent call last):
  File "/home/airflow/.local/lib/python3.7/site-packages/airflow/operators/python.py", line 175, in execute
    return_value = self.execute_callable()
  File "/home/airflow/.local/lib/python3.7/site-packages/airflow/operators/python.py", line 192, in execute_callable
    return self.python_callable(*self.op_args, **self.op_kwargs)
  File "/opt/airflow/dags/age.py", line 35, in age_check
    birth_year = int(Variable.get('birth_year'))
  File "/home/airflow/.local/lib/python3.7/site-packages/airflow/models/variable.py", line 141, in get
    raise KeyError(f"Variable {key} does not exist")
KeyError: 'Variable birth_year does not exist'
[2023-05-20T21:49:14.266+0000] {taskinstance.py:1323} INFO - Marking task as FAILED. dag_id=age_check, task_id=age_check, execution_date=20230316T000000, start_date=20230520T214913, end_date=20230520T214914
[2023-05-20T21:49:14.274+0000] {standard_task_runner.py:105} ERROR - Failed to execute job 1693 for task age_check ('Variable birth_year does not exist'; 1978)
[2023-05-20T21:49:14.288+0000] {local_task_job.py:208} INFO - Task exited with return code 1
[2023-05-20T21:49:14.307+0000] {taskinstance.py:2578} INFO - 0 downstream tasks scheduled from follow-on schedule check
