[2023-04-19T12:38:23.613+0000] {taskinstance.py:1083} INFO - Dependencies all met for <TaskInstance: age_check.age_check scheduled__2022-09-09T00:00:00+00:00 [queued]>
[2023-04-19T12:38:23.627+0000] {taskinstance.py:1083} INFO - Dependencies all met for <TaskInstance: age_check.age_check scheduled__2022-09-09T00:00:00+00:00 [queued]>
[2023-04-19T12:38:23.628+0000] {taskinstance.py:1279} INFO - 
--------------------------------------------------------------------------------
[2023-04-19T12:38:23.629+0000] {taskinstance.py:1280} INFO - Starting attempt 3 of 4
[2023-04-19T12:38:23.630+0000] {taskinstance.py:1281} INFO - 
--------------------------------------------------------------------------------
[2023-04-19T12:38:23.646+0000] {taskinstance.py:1300} INFO - Executing <Task(PythonOperator): age_check> on 2022-09-09 00:00:00+00:00
[2023-04-19T12:38:23.666+0000] {standard_task_runner.py:55} INFO - Started process 21873 to run task
[2023-04-19T12:38:23.683+0000] {standard_task_runner.py:82} INFO - Running: ['***', 'tasks', 'run', 'age_check', 'age_check', 'scheduled__2022-09-09T00:00:00+00:00', '--job-id', '762', '--raw', '--subdir', 'DAGS_FOLDER/age.py', '--cfg-path', '/tmp/tmp44kd9yup']
[2023-04-19T12:38:23.686+0000] {standard_task_runner.py:83} INFO - Job 762: Subtask age_check
[2023-04-19T12:38:23.837+0000] {task_command.py:388} INFO - Running <TaskInstance: age_check.age_check scheduled__2022-09-09T00:00:00+00:00 [running]> on host fe34f61acbb3
[2023-04-19T12:38:24.066+0000] {taskinstance.py:1509} INFO - Exporting the following env vars:
AIRFLOW_CTX_DAG_OWNER=***
AIRFLOW_CTX_DAG_ID=age_check
AIRFLOW_CTX_TASK_ID=age_check
AIRFLOW_CTX_EXECUTION_DATE=2022-09-09T00:00:00+00:00
AIRFLOW_CTX_TRY_NUMBER=3
AIRFLOW_CTX_DAG_RUN_ID=scheduled__2022-09-09T00:00:00+00:00
[2023-04-19T12:38:24.077+0000] {taskinstance.py:1768} ERROR - Task failed with exception
Traceback (most recent call last):
  File "/home/airflow/.local/lib/python3.7/site-packages/airflow/operators/python.py", line 175, in execute
    return_value = self.execute_callable()
  File "/home/airflow/.local/lib/python3.7/site-packages/airflow/operators/python.py", line 192, in execute_callable
    return self.python_callable(*self.op_args, **self.op_kwargs)
  File "/opt/airflow/dags/age.py", line 35, in age_check
    birth_year = int(Variable.get('birth_year'))
  File "/home/airflow/.local/lib/python3.7/site-packages/airflow/models/variable.py", line 141, in get
    raise KeyError(f"Variable {key} does not exist")
KeyError: 'Variable birth_year does not exist'
[2023-04-19T12:38:24.155+0000] {taskinstance.py:1323} INFO - Marking task as UP_FOR_RETRY. dag_id=age_check, task_id=age_check, execution_date=20220909T000000, start_date=20230419T123823, end_date=20230419T123824
[2023-04-19T12:38:24.209+0000] {standard_task_runner.py:105} ERROR - Failed to execute job 762 for task age_check ('Variable birth_year does not exist'; 21873)
[2023-04-19T12:38:24.281+0000] {local_task_job.py:208} INFO - Task exited with return code 1
[2023-04-19T12:38:24.368+0000] {taskinstance.py:2578} INFO - 0 downstream tasks scheduled from follow-on schedule check
[2023-05-17T09:54:05.718+0000] {taskinstance.py:1083} INFO - Dependencies all met for <TaskInstance: age_check.age_check scheduled__2022-09-09T00:00:00+00:00 [queued]>
[2023-05-17T09:54:05.749+0000] {taskinstance.py:1083} INFO - Dependencies all met for <TaskInstance: age_check.age_check scheduled__2022-09-09T00:00:00+00:00 [queued]>
[2023-05-17T09:54:05.750+0000] {taskinstance.py:1279} INFO - 
--------------------------------------------------------------------------------
[2023-05-17T09:54:05.753+0000] {taskinstance.py:1280} INFO - Starting attempt 3 of 4
[2023-05-17T09:54:05.756+0000] {taskinstance.py:1281} INFO - 
--------------------------------------------------------------------------------
[2023-05-17T09:54:05.811+0000] {taskinstance.py:1300} INFO - Executing <Task(PythonOperator): age_check> on 2022-09-09 00:00:00+00:00
[2023-05-17T09:54:05.823+0000] {standard_task_runner.py:55} INFO - Started process 4542 to run task
[2023-05-17T09:54:05.832+0000] {standard_task_runner.py:82} INFO - Running: ['***', 'tasks', 'run', 'age_check', 'age_check', 'scheduled__2022-09-09T00:00:00+00:00', '--job-id', '318', '--raw', '--subdir', 'DAGS_FOLDER/age.py', '--cfg-path', '/tmp/tmppkzqlqrc']
[2023-05-17T09:54:05.841+0000] {standard_task_runner.py:83} INFO - Job 318: Subtask age_check
[2023-05-17T09:54:06.055+0000] {task_command.py:388} INFO - Running <TaskInstance: age_check.age_check scheduled__2022-09-09T00:00:00+00:00 [running]> on host 242f95e3e8a8
[2023-05-17T09:54:06.259+0000] {taskinstance.py:1509} INFO - Exporting the following env vars:
AIRFLOW_CTX_DAG_OWNER=***
AIRFLOW_CTX_DAG_ID=age_check
AIRFLOW_CTX_TASK_ID=age_check
AIRFLOW_CTX_EXECUTION_DATE=2022-09-09T00:00:00+00:00
AIRFLOW_CTX_TRY_NUMBER=3
AIRFLOW_CTX_DAG_RUN_ID=scheduled__2022-09-09T00:00:00+00:00
[2023-05-17T09:54:06.290+0000] {taskinstance.py:1768} ERROR - Task failed with exception
Traceback (most recent call last):
  File "/home/airflow/.local/lib/python3.7/site-packages/airflow/operators/python.py", line 175, in execute
    return_value = self.execute_callable()
  File "/home/airflow/.local/lib/python3.7/site-packages/airflow/operators/python.py", line 192, in execute_callable
    return self.python_callable(*self.op_args, **self.op_kwargs)
  File "/opt/airflow/dags/age.py", line 35, in age_check
    birth_year = int(Variable.get('birth_year'))
  File "/home/airflow/.local/lib/python3.7/site-packages/airflow/models/variable.py", line 141, in get
    raise KeyError(f"Variable {key} does not exist")
KeyError: 'Variable birth_year does not exist'
[2023-05-17T09:54:06.317+0000] {taskinstance.py:1323} INFO - Marking task as UP_FOR_RETRY. dag_id=age_check, task_id=age_check, execution_date=20220909T000000, start_date=20230517T095405, end_date=20230517T095406
[2023-05-17T09:54:06.344+0000] {standard_task_runner.py:105} ERROR - Failed to execute job 318 for task age_check ('Variable birth_year does not exist'; 4542)
[2023-05-17T09:54:06.422+0000] {local_task_job.py:208} INFO - Task exited with return code 1
[2023-05-17T09:54:06.513+0000] {taskinstance.py:2578} INFO - 0 downstream tasks scheduled from follow-on schedule check
