[2023-04-19T12:47:54.537+0000] {taskinstance.py:1083} INFO - Dependencies all met for <TaskInstance: age_check.age_check scheduled__2023-02-05T00:00:00+00:00 [queued]>
[2023-04-19T12:47:54.570+0000] {taskinstance.py:1083} INFO - Dependencies all met for <TaskInstance: age_check.age_check scheduled__2023-02-05T00:00:00+00:00 [queued]>
[2023-04-19T12:47:54.572+0000] {taskinstance.py:1279} INFO - 
--------------------------------------------------------------------------------
[2023-04-19T12:47:54.575+0000] {taskinstance.py:1280} INFO - Starting attempt 1 of 4
[2023-04-19T12:47:54.577+0000] {taskinstance.py:1281} INFO - 
--------------------------------------------------------------------------------
[2023-04-19T12:47:54.647+0000] {taskinstance.py:1300} INFO - Executing <Task(PythonOperator): age_check> on 2023-02-05 00:00:00+00:00
[2023-04-19T12:47:54.681+0000] {standard_task_runner.py:55} INFO - Started process 24346 to run task
[2023-04-19T12:47:54.702+0000] {standard_task_runner.py:82} INFO - Running: ['***', 'tasks', 'run', 'age_check', 'age_check', 'scheduled__2023-02-05T00:00:00+00:00', '--job-id', '1759', '--raw', '--subdir', 'DAGS_FOLDER/age.py', '--cfg-path', '/tmp/tmprszvqaem']
[2023-04-19T12:47:54.712+0000] {standard_task_runner.py:83} INFO - Job 1759: Subtask age_check
[2023-04-19T12:47:54.861+0000] {task_command.py:388} INFO - Running <TaskInstance: age_check.age_check scheduled__2023-02-05T00:00:00+00:00 [running]> on host fe34f61acbb3
[2023-04-19T12:47:54.990+0000] {taskinstance.py:1509} INFO - Exporting the following env vars:
AIRFLOW_CTX_DAG_OWNER=***
AIRFLOW_CTX_DAG_ID=age_check
AIRFLOW_CTX_TASK_ID=age_check
AIRFLOW_CTX_EXECUTION_DATE=2023-02-05T00:00:00+00:00
AIRFLOW_CTX_TRY_NUMBER=1
AIRFLOW_CTX_DAG_RUN_ID=scheduled__2023-02-05T00:00:00+00:00
[2023-04-19T12:47:55.010+0000] {taskinstance.py:1768} ERROR - Task failed with exception
Traceback (most recent call last):
  File "/home/airflow/.local/lib/python3.7/site-packages/airflow/operators/python.py", line 175, in execute
    return_value = self.execute_callable()
  File "/home/airflow/.local/lib/python3.7/site-packages/airflow/operators/python.py", line 192, in execute_callable
    return self.python_callable(*self.op_args, **self.op_kwargs)
  File "/opt/airflow/dags/age.py", line 35, in age_check
    birth_year = int(Variable.get('birth_year'))
  File "/home/airflow/.local/lib/python3.7/site-packages/airflow/models/variable.py", line 141, in get
    raise KeyError(f"Variable {key} does not exist")
KeyError: 'Variable birth_year does not exist'
[2023-04-19T12:47:55.028+0000] {taskinstance.py:1323} INFO - Marking task as UP_FOR_RETRY. dag_id=age_check, task_id=age_check, execution_date=20230205T000000, start_date=20230419T124754, end_date=20230419T124755
[2023-04-19T12:47:55.051+0000] {standard_task_runner.py:105} ERROR - Failed to execute job 1759 for task age_check ('Variable birth_year does not exist'; 24346)
[2023-04-19T12:47:55.110+0000] {local_task_job.py:208} INFO - Task exited with return code 1
[2023-04-19T12:47:55.211+0000] {taskinstance.py:2578} INFO - 0 downstream tasks scheduled from follow-on schedule check
[2023-05-20T20:59:00.631+0000] {taskinstance.py:1083} INFO - Dependencies all met for <TaskInstance: age_check.age_check scheduled__2023-02-05T00:00:00+00:00 [queued]>
[2023-05-20T20:59:00.638+0000] {taskinstance.py:1083} INFO - Dependencies all met for <TaskInstance: age_check.age_check scheduled__2023-02-05T00:00:00+00:00 [queued]>
[2023-05-20T20:59:00.645+0000] {taskinstance.py:1279} INFO - 
--------------------------------------------------------------------------------
[2023-05-20T20:59:00.648+0000] {taskinstance.py:1280} INFO - Starting attempt 1 of 4
[2023-05-20T20:59:00.651+0000] {taskinstance.py:1281} INFO - 
--------------------------------------------------------------------------------
[2023-05-20T20:59:00.670+0000] {taskinstance.py:1300} INFO - Executing <Task(PythonOperator): age_check> on 2023-02-05 00:00:00+00:00
[2023-05-20T20:59:00.681+0000] {standard_task_runner.py:55} INFO - Started process 1067 to run task
[2023-05-20T20:59:00.714+0000] {standard_task_runner.py:82} INFO - Running: ['***', 'tasks', 'run', 'age_check', 'age_check', 'scheduled__2023-02-05T00:00:00+00:00', '--job-id', '1321', '--raw', '--subdir', 'DAGS_FOLDER/age.py', '--cfg-path', '/tmp/tmpik0vqfhf']
[2023-05-20T20:59:00.722+0000] {standard_task_runner.py:83} INFO - Job 1321: Subtask age_check
[2023-05-20T20:59:00.875+0000] {task_command.py:388} INFO - Running <TaskInstance: age_check.age_check scheduled__2023-02-05T00:00:00+00:00 [running]> on host 242f95e3e8a8
[2023-05-20T20:59:00.996+0000] {taskinstance.py:1509} INFO - Exporting the following env vars:
AIRFLOW_CTX_DAG_OWNER=***
AIRFLOW_CTX_DAG_ID=age_check
AIRFLOW_CTX_TASK_ID=age_check
AIRFLOW_CTX_EXECUTION_DATE=2023-02-05T00:00:00+00:00
AIRFLOW_CTX_TRY_NUMBER=1
AIRFLOW_CTX_DAG_RUN_ID=scheduled__2023-02-05T00:00:00+00:00
[2023-05-20T20:59:01.021+0000] {taskinstance.py:1768} ERROR - Task failed with exception
Traceback (most recent call last):
  File "/home/airflow/.local/lib/python3.7/site-packages/airflow/operators/python.py", line 175, in execute
    return_value = self.execute_callable()
  File "/home/airflow/.local/lib/python3.7/site-packages/airflow/operators/python.py", line 192, in execute_callable
    return self.python_callable(*self.op_args, **self.op_kwargs)
  File "/opt/airflow/dags/age.py", line 35, in age_check
    birth_year = int(Variable.get('birth_year'))
  File "/home/airflow/.local/lib/python3.7/site-packages/airflow/models/variable.py", line 141, in get
    raise KeyError(f"Variable {key} does not exist")
KeyError: 'Variable birth_year does not exist'
[2023-05-20T20:59:01.036+0000] {taskinstance.py:1323} INFO - Marking task as UP_FOR_RETRY. dag_id=age_check, task_id=age_check, execution_date=20230205T000000, start_date=20230520T205900, end_date=20230520T205901
[2023-05-20T20:59:01.045+0000] {standard_task_runner.py:105} ERROR - Failed to execute job 1321 for task age_check ('Variable birth_year does not exist'; 1067)
[2023-05-20T20:59:01.068+0000] {local_task_job.py:208} INFO - Task exited with return code 1
[2023-05-20T20:59:01.094+0000] {taskinstance.py:2578} INFO - 0 downstream tasks scheduled from follow-on schedule check
