[2023-04-19T12:48:33.032+0000] {taskinstance.py:1083} INFO - Dependencies all met for <TaskInstance: age_check.age_check scheduled__2023-01-31T00:00:00+00:00 [queued]>
[2023-04-19T12:48:33.075+0000] {taskinstance.py:1083} INFO - Dependencies all met for <TaskInstance: age_check.age_check scheduled__2023-01-31T00:00:00+00:00 [queued]>
[2023-04-19T12:48:33.077+0000] {taskinstance.py:1279} INFO - 
--------------------------------------------------------------------------------
[2023-04-19T12:48:33.082+0000] {taskinstance.py:1280} INFO - Starting attempt 4 of 4
[2023-04-19T12:48:33.086+0000] {taskinstance.py:1281} INFO - 
--------------------------------------------------------------------------------
[2023-04-19T12:48:33.175+0000] {taskinstance.py:1300} INFO - Executing <Task(PythonOperator): age_check> on 2023-01-31 00:00:00+00:00
[2023-04-19T12:48:33.200+0000] {standard_task_runner.py:55} INFO - Started process 24496 to run task
[2023-04-19T12:48:33.225+0000] {standard_task_runner.py:82} INFO - Running: ['***', 'tasks', 'run', 'age_check', 'age_check', 'scheduled__2023-01-31T00:00:00+00:00', '--job-id', '1823', '--raw', '--subdir', 'DAGS_FOLDER/age.py', '--cfg-path', '/tmp/tmp5scclvs2']
[2023-04-19T12:48:33.235+0000] {standard_task_runner.py:83} INFO - Job 1823: Subtask age_check
[2023-04-19T12:48:33.432+0000] {task_command.py:388} INFO - Running <TaskInstance: age_check.age_check scheduled__2023-01-31T00:00:00+00:00 [running]> on host fe34f61acbb3
[2023-04-19T12:48:33.609+0000] {taskinstance.py:1509} INFO - Exporting the following env vars:
AIRFLOW_CTX_DAG_OWNER=***
AIRFLOW_CTX_DAG_ID=age_check
AIRFLOW_CTX_TASK_ID=age_check
AIRFLOW_CTX_EXECUTION_DATE=2023-01-31T00:00:00+00:00
AIRFLOW_CTX_TRY_NUMBER=4
AIRFLOW_CTX_DAG_RUN_ID=scheduled__2023-01-31T00:00:00+00:00
[2023-04-19T12:48:33.639+0000] {taskinstance.py:1768} ERROR - Task failed with exception
Traceback (most recent call last):
  File "/home/airflow/.local/lib/python3.7/site-packages/airflow/operators/python.py", line 175, in execute
    return_value = self.execute_callable()
  File "/home/airflow/.local/lib/python3.7/site-packages/airflow/operators/python.py", line 192, in execute_callable
    return self.python_callable(*self.op_args, **self.op_kwargs)
  File "/opt/airflow/dags/age.py", line 35, in age_check
    birth_year = int(Variable.get('birth_year'))
  File "/home/airflow/.local/lib/python3.7/site-packages/airflow/models/variable.py", line 141, in get
    raise KeyError(f"Variable {key} does not exist")
KeyError: 'Variable birth_year does not exist'
[2023-04-19T12:48:33.681+0000] {taskinstance.py:1323} INFO - Marking task as FAILED. dag_id=age_check, task_id=age_check, execution_date=20230131T000000, start_date=20230419T124833, end_date=20230419T124833
[2023-04-19T12:48:33.716+0000] {standard_task_runner.py:105} ERROR - Failed to execute job 1823 for task age_check ('Variable birth_year does not exist'; 24496)
[2023-04-19T12:48:33.757+0000] {local_task_job.py:208} INFO - Task exited with return code 1
[2023-04-19T12:48:33.794+0000] {taskinstance.py:2578} INFO - 0 downstream tasks scheduled from follow-on schedule check
[2023-05-20T20:59:33.335+0000] {taskinstance.py:1083} INFO - Dependencies all met for <TaskInstance: age_check.age_check scheduled__2023-01-31T00:00:00+00:00 [queued]>
[2023-05-20T20:59:33.342+0000] {taskinstance.py:1083} INFO - Dependencies all met for <TaskInstance: age_check.age_check scheduled__2023-01-31T00:00:00+00:00 [queued]>
[2023-05-20T20:59:33.343+0000] {taskinstance.py:1279} INFO - 
--------------------------------------------------------------------------------
[2023-05-20T20:59:33.344+0000] {taskinstance.py:1280} INFO - Starting attempt 4 of 4
[2023-05-20T20:59:33.345+0000] {taskinstance.py:1281} INFO - 
--------------------------------------------------------------------------------
[2023-05-20T20:59:33.358+0000] {taskinstance.py:1300} INFO - Executing <Task(PythonOperator): age_check> on 2023-01-31 00:00:00+00:00
[2023-05-20T20:59:33.367+0000] {standard_task_runner.py:55} INFO - Started process 1185 to run task
[2023-05-20T20:59:33.375+0000] {standard_task_runner.py:82} INFO - Running: ['***', 'tasks', 'run', 'age_check', 'age_check', 'scheduled__2023-01-31T00:00:00+00:00', '--job-id', '1368', '--raw', '--subdir', 'DAGS_FOLDER/age.py', '--cfg-path', '/tmp/tmpakjbcumq']
[2023-05-20T20:59:33.377+0000] {standard_task_runner.py:83} INFO - Job 1368: Subtask age_check
[2023-05-20T20:59:33.463+0000] {task_command.py:388} INFO - Running <TaskInstance: age_check.age_check scheduled__2023-01-31T00:00:00+00:00 [running]> on host 242f95e3e8a8
[2023-05-20T20:59:33.538+0000] {taskinstance.py:1509} INFO - Exporting the following env vars:
AIRFLOW_CTX_DAG_OWNER=***
AIRFLOW_CTX_DAG_ID=age_check
AIRFLOW_CTX_TASK_ID=age_check
AIRFLOW_CTX_EXECUTION_DATE=2023-01-31T00:00:00+00:00
AIRFLOW_CTX_TRY_NUMBER=4
AIRFLOW_CTX_DAG_RUN_ID=scheduled__2023-01-31T00:00:00+00:00
[2023-05-20T20:59:33.560+0000] {taskinstance.py:1768} ERROR - Task failed with exception
Traceback (most recent call last):
  File "/home/airflow/.local/lib/python3.7/site-packages/airflow/operators/python.py", line 175, in execute
    return_value = self.execute_callable()
  File "/home/airflow/.local/lib/python3.7/site-packages/airflow/operators/python.py", line 192, in execute_callable
    return self.python_callable(*self.op_args, **self.op_kwargs)
  File "/opt/airflow/dags/age.py", line 35, in age_check
    birth_year = int(Variable.get('birth_year'))
  File "/home/airflow/.local/lib/python3.7/site-packages/airflow/models/variable.py", line 141, in get
    raise KeyError(f"Variable {key} does not exist")
KeyError: 'Variable birth_year does not exist'
[2023-05-20T20:59:33.576+0000] {taskinstance.py:1323} INFO - Marking task as FAILED. dag_id=age_check, task_id=age_check, execution_date=20230131T000000, start_date=20230520T205933, end_date=20230520T205933
[2023-05-20T20:59:33.586+0000] {standard_task_runner.py:105} ERROR - Failed to execute job 1368 for task age_check ('Variable birth_year does not exist'; 1185)
[2023-05-20T20:59:33.628+0000] {local_task_job.py:208} INFO - Task exited with return code 1
[2023-05-20T20:59:33.652+0000] {taskinstance.py:2578} INFO - 0 downstream tasks scheduled from follow-on schedule check
