[2023-04-19T12:42:24.483+0000] {taskinstance.py:1083} INFO - Dependencies all met for <TaskInstance: age_check.age_check scheduled__2022-11-02T00:00:00+00:00 [queued]>
[2023-04-19T12:42:24.498+0000] {taskinstance.py:1083} INFO - Dependencies all met for <TaskInstance: age_check.age_check scheduled__2022-11-02T00:00:00+00:00 [queued]>
[2023-04-19T12:42:24.500+0000] {taskinstance.py:1279} INFO - 
--------------------------------------------------------------------------------
[2023-04-19T12:42:24.501+0000] {taskinstance.py:1280} INFO - Starting attempt 2 of 4
[2023-04-19T12:42:24.502+0000] {taskinstance.py:1281} INFO - 
--------------------------------------------------------------------------------
[2023-04-19T12:42:24.523+0000] {taskinstance.py:1300} INFO - Executing <Task(PythonOperator): age_check> on 2022-11-02 00:00:00+00:00
[2023-04-19T12:42:24.530+0000] {standard_task_runner.py:55} INFO - Started process 22910 to run task
[2023-04-19T12:42:24.533+0000] {standard_task_runner.py:82} INFO - Running: ['***', 'tasks', 'run', 'age_check', 'age_check', 'scheduled__2022-11-02T00:00:00+00:00', '--job-id', '1180', '--raw', '--subdir', 'DAGS_FOLDER/age.py', '--cfg-path', '/tmp/tmp36iebk5b']
[2023-04-19T12:42:24.534+0000] {standard_task_runner.py:83} INFO - Job 1180: Subtask age_check
[2023-04-19T12:42:24.583+0000] {task_command.py:388} INFO - Running <TaskInstance: age_check.age_check scheduled__2022-11-02T00:00:00+00:00 [running]> on host fe34f61acbb3
[2023-04-19T12:42:24.629+0000] {taskinstance.py:1509} INFO - Exporting the following env vars:
AIRFLOW_CTX_DAG_OWNER=***
AIRFLOW_CTX_DAG_ID=age_check
AIRFLOW_CTX_TASK_ID=age_check
AIRFLOW_CTX_EXECUTION_DATE=2022-11-02T00:00:00+00:00
AIRFLOW_CTX_TRY_NUMBER=2
AIRFLOW_CTX_DAG_RUN_ID=scheduled__2022-11-02T00:00:00+00:00
[2023-04-19T12:42:24.635+0000] {taskinstance.py:1768} ERROR - Task failed with exception
Traceback (most recent call last):
  File "/home/airflow/.local/lib/python3.7/site-packages/airflow/operators/python.py", line 175, in execute
    return_value = self.execute_callable()
  File "/home/airflow/.local/lib/python3.7/site-packages/airflow/operators/python.py", line 192, in execute_callable
    return self.python_callable(*self.op_args, **self.op_kwargs)
  File "/opt/airflow/dags/age.py", line 35, in age_check
    birth_year = int(Variable.get('birth_year'))
  File "/home/airflow/.local/lib/python3.7/site-packages/airflow/models/variable.py", line 141, in get
    raise KeyError(f"Variable {key} does not exist")
KeyError: 'Variable birth_year does not exist'
[2023-04-19T12:42:24.668+0000] {taskinstance.py:1323} INFO - Marking task as UP_FOR_RETRY. dag_id=age_check, task_id=age_check, execution_date=20221102T000000, start_date=20230419T124224, end_date=20230419T124224
[2023-04-19T12:42:24.676+0000] {standard_task_runner.py:105} ERROR - Failed to execute job 1180 for task age_check ('Variable birth_year does not exist'; 22910)
[2023-04-19T12:42:24.705+0000] {local_task_job.py:208} INFO - Task exited with return code 1
[2023-04-19T12:42:24.727+0000] {taskinstance.py:2578} INFO - 0 downstream tasks scheduled from follow-on schedule check
[2023-05-17T10:14:13.530+0000] {taskinstance.py:1083} INFO - Dependencies all met for <TaskInstance: age_check.age_check scheduled__2022-11-02T00:00:00+00:00 [queued]>
[2023-05-17T10:14:13.566+0000] {taskinstance.py:1083} INFO - Dependencies all met for <TaskInstance: age_check.age_check scheduled__2022-11-02T00:00:00+00:00 [queued]>
[2023-05-17T10:14:13.569+0000] {taskinstance.py:1279} INFO - 
--------------------------------------------------------------------------------
[2023-05-17T10:14:13.572+0000] {taskinstance.py:1280} INFO - Starting attempt 2 of 4
[2023-05-17T10:14:13.576+0000] {taskinstance.py:1281} INFO - 
--------------------------------------------------------------------------------
[2023-05-17T10:14:13.644+0000] {taskinstance.py:1300} INFO - Executing <Task(PythonOperator): age_check> on 2022-11-02 00:00:00+00:00
[2023-05-17T10:14:13.661+0000] {standard_task_runner.py:55} INFO - Started process 5571 to run task
[2023-05-17T10:14:13.686+0000] {standard_task_runner.py:82} INFO - Running: ['***', 'tasks', 'run', 'age_check', 'age_check', 'scheduled__2022-11-02T00:00:00+00:00', '--job-id', '735', '--raw', '--subdir', 'DAGS_FOLDER/age.py', '--cfg-path', '/tmp/tmpdp4qzvbu']
[2023-05-17T10:14:13.694+0000] {standard_task_runner.py:83} INFO - Job 735: Subtask age_check
[2023-05-17T10:14:14.251+0000] {task_command.py:388} INFO - Running <TaskInstance: age_check.age_check scheduled__2022-11-02T00:00:00+00:00 [running]> on host 242f95e3e8a8
[2023-05-17T10:14:14.519+0000] {taskinstance.py:1509} INFO - Exporting the following env vars:
AIRFLOW_CTX_DAG_OWNER=***
AIRFLOW_CTX_DAG_ID=age_check
AIRFLOW_CTX_TASK_ID=age_check
AIRFLOW_CTX_EXECUTION_DATE=2022-11-02T00:00:00+00:00
AIRFLOW_CTX_TRY_NUMBER=2
AIRFLOW_CTX_DAG_RUN_ID=scheduled__2022-11-02T00:00:00+00:00
[2023-05-17T10:14:14.563+0000] {taskinstance.py:1768} ERROR - Task failed with exception
Traceback (most recent call last):
  File "/home/airflow/.local/lib/python3.7/site-packages/airflow/operators/python.py", line 175, in execute
    return_value = self.execute_callable()
  File "/home/airflow/.local/lib/python3.7/site-packages/airflow/operators/python.py", line 192, in execute_callable
    return self.python_callable(*self.op_args, **self.op_kwargs)
  File "/opt/airflow/dags/age.py", line 35, in age_check
    birth_year = int(Variable.get('birth_year'))
  File "/home/airflow/.local/lib/python3.7/site-packages/airflow/models/variable.py", line 141, in get
    raise KeyError(f"Variable {key} does not exist")
KeyError: 'Variable birth_year does not exist'
[2023-05-17T10:14:14.628+0000] {taskinstance.py:1323} INFO - Marking task as UP_FOR_RETRY. dag_id=age_check, task_id=age_check, execution_date=20221102T000000, start_date=20230517T101413, end_date=20230517T101414
[2023-05-17T10:14:14.695+0000] {standard_task_runner.py:105} ERROR - Failed to execute job 735 for task age_check ('Variable birth_year does not exist'; 5571)
[2023-05-17T10:14:14.764+0000] {local_task_job.py:208} INFO - Task exited with return code 1
[2023-05-17T10:14:14.986+0000] {taskinstance.py:2578} INFO - 0 downstream tasks scheduled from follow-on schedule check
