[2023-04-19T12:42:11.376+0000] {taskinstance.py:1083} INFO - Dependencies all met for <TaskInstance: age_check.age_check scheduled__2022-11-02T00:00:00+00:00 [queued]>
[2023-04-19T12:42:11.564+0000] {taskinstance.py:1083} INFO - Dependencies all met for <TaskInstance: age_check.age_check scheduled__2022-11-02T00:00:00+00:00 [queued]>
[2023-04-19T12:42:11.569+0000] {taskinstance.py:1279} INFO - 
--------------------------------------------------------------------------------
[2023-04-19T12:42:11.574+0000] {taskinstance.py:1280} INFO - Starting attempt 1 of 4
[2023-04-19T12:42:11.607+0000] {taskinstance.py:1281} INFO - 
--------------------------------------------------------------------------------
[2023-04-19T12:42:11.896+0000] {taskinstance.py:1300} INFO - Executing <Task(PythonOperator): age_check> on 2022-11-02 00:00:00+00:00
[2023-04-19T12:42:12.052+0000] {standard_task_runner.py:55} INFO - Started process 22852 to run task
[2023-04-19T12:42:12.067+0000] {standard_task_runner.py:82} INFO - Running: ['***', 'tasks', 'run', 'age_check', 'age_check', 'scheduled__2022-11-02T00:00:00+00:00', '--job-id', '1149', '--raw', '--subdir', 'DAGS_FOLDER/age.py', '--cfg-path', '/tmp/tmpxfmfj8g4']
[2023-04-19T12:42:12.074+0000] {standard_task_runner.py:83} INFO - Job 1149: Subtask age_check
[2023-04-19T12:42:12.368+0000] {task_command.py:388} INFO - Running <TaskInstance: age_check.age_check scheduled__2022-11-02T00:00:00+00:00 [running]> on host fe34f61acbb3
[2023-04-19T12:42:12.617+0000] {taskinstance.py:1509} INFO - Exporting the following env vars:
AIRFLOW_CTX_DAG_OWNER=***
AIRFLOW_CTX_DAG_ID=age_check
AIRFLOW_CTX_TASK_ID=age_check
AIRFLOW_CTX_EXECUTION_DATE=2022-11-02T00:00:00+00:00
AIRFLOW_CTX_TRY_NUMBER=1
AIRFLOW_CTX_DAG_RUN_ID=scheduled__2022-11-02T00:00:00+00:00
[2023-04-19T12:42:12.648+0000] {taskinstance.py:1768} ERROR - Task failed with exception
Traceback (most recent call last):
  File "/home/airflow/.local/lib/python3.7/site-packages/airflow/operators/python.py", line 175, in execute
    return_value = self.execute_callable()
  File "/home/airflow/.local/lib/python3.7/site-packages/airflow/operators/python.py", line 192, in execute_callable
    return self.python_callable(*self.op_args, **self.op_kwargs)
  File "/opt/airflow/dags/age.py", line 35, in age_check
    birth_year = int(Variable.get('birth_year'))
  File "/home/airflow/.local/lib/python3.7/site-packages/airflow/models/variable.py", line 141, in get
    raise KeyError(f"Variable {key} does not exist")
KeyError: 'Variable birth_year does not exist'
[2023-04-19T12:42:12.690+0000] {taskinstance.py:1323} INFO - Marking task as UP_FOR_RETRY. dag_id=age_check, task_id=age_check, execution_date=20221102T000000, start_date=20230419T124211, end_date=20230419T124212
[2023-04-19T12:42:12.746+0000] {standard_task_runner.py:105} ERROR - Failed to execute job 1149 for task age_check ('Variable birth_year does not exist'; 22852)
[2023-04-19T12:42:12.892+0000] {local_task_job.py:208} INFO - Task exited with return code 1
[2023-04-19T12:42:13.000+0000] {taskinstance.py:2578} INFO - 0 downstream tasks scheduled from follow-on schedule check
[2023-05-17T10:13:59.195+0000] {taskinstance.py:1083} INFO - Dependencies all met for <TaskInstance: age_check.age_check scheduled__2022-11-02T00:00:00+00:00 [queued]>
[2023-05-17T10:13:59.283+0000] {taskinstance.py:1083} INFO - Dependencies all met for <TaskInstance: age_check.age_check scheduled__2022-11-02T00:00:00+00:00 [queued]>
[2023-05-17T10:13:59.287+0000] {taskinstance.py:1279} INFO - 
--------------------------------------------------------------------------------
[2023-05-17T10:13:59.289+0000] {taskinstance.py:1280} INFO - Starting attempt 1 of 4
[2023-05-17T10:13:59.292+0000] {taskinstance.py:1281} INFO - 
--------------------------------------------------------------------------------
[2023-05-17T10:13:59.398+0000] {taskinstance.py:1300} INFO - Executing <Task(PythonOperator): age_check> on 2022-11-02 00:00:00+00:00
[2023-05-17T10:13:59.408+0000] {standard_task_runner.py:55} INFO - Started process 5477 to run task
[2023-05-17T10:13:59.448+0000] {standard_task_runner.py:82} INFO - Running: ['***', 'tasks', 'run', 'age_check', 'age_check', 'scheduled__2022-11-02T00:00:00+00:00', '--job-id', '692', '--raw', '--subdir', 'DAGS_FOLDER/age.py', '--cfg-path', '/tmp/tmplwsz02qc']
[2023-05-17T10:13:59.452+0000] {standard_task_runner.py:83} INFO - Job 692: Subtask age_check
[2023-05-17T10:13:59.658+0000] {task_command.py:388} INFO - Running <TaskInstance: age_check.age_check scheduled__2022-11-02T00:00:00+00:00 [running]> on host 242f95e3e8a8
[2023-05-17T10:14:00.087+0000] {taskinstance.py:1509} INFO - Exporting the following env vars:
AIRFLOW_CTX_DAG_OWNER=***
AIRFLOW_CTX_DAG_ID=age_check
AIRFLOW_CTX_TASK_ID=age_check
AIRFLOW_CTX_EXECUTION_DATE=2022-11-02T00:00:00+00:00
AIRFLOW_CTX_TRY_NUMBER=1
AIRFLOW_CTX_DAG_RUN_ID=scheduled__2022-11-02T00:00:00+00:00
[2023-05-17T10:14:00.116+0000] {taskinstance.py:1768} ERROR - Task failed with exception
Traceback (most recent call last):
  File "/home/airflow/.local/lib/python3.7/site-packages/airflow/operators/python.py", line 175, in execute
    return_value = self.execute_callable()
  File "/home/airflow/.local/lib/python3.7/site-packages/airflow/operators/python.py", line 192, in execute_callable
    return self.python_callable(*self.op_args, **self.op_kwargs)
  File "/opt/airflow/dags/age.py", line 35, in age_check
    birth_year = int(Variable.get('birth_year'))
  File "/home/airflow/.local/lib/python3.7/site-packages/airflow/models/variable.py", line 141, in get
    raise KeyError(f"Variable {key} does not exist")
KeyError: 'Variable birth_year does not exist'
[2023-05-17T10:14:00.144+0000] {taskinstance.py:1323} INFO - Marking task as UP_FOR_RETRY. dag_id=age_check, task_id=age_check, execution_date=20221102T000000, start_date=20230517T101359, end_date=20230517T101400
[2023-05-17T10:14:00.209+0000] {standard_task_runner.py:105} ERROR - Failed to execute job 692 for task age_check ('Variable birth_year does not exist'; 5477)
[2023-05-17T10:14:00.338+0000] {local_task_job.py:208} INFO - Task exited with return code 1
[2023-05-17T10:14:00.432+0000] {taskinstance.py:2578} INFO - 0 downstream tasks scheduled from follow-on schedule check
