[2023-04-21T00:54:34.959+0000] {taskinstance.py:1083} INFO - Dependencies all met for <TaskInstance: age_check.age_check scheduled__2023-04-20T00:00:00+00:00 [queued]>
[2023-04-21T00:54:34.980+0000] {taskinstance.py:1083} INFO - Dependencies all met for <TaskInstance: age_check.age_check scheduled__2023-04-20T00:00:00+00:00 [queued]>
[2023-04-21T00:54:35.002+0000] {taskinstance.py:1279} INFO - 
--------------------------------------------------------------------------------
[2023-04-21T00:54:35.004+0000] {taskinstance.py:1280} INFO - Starting attempt 2 of 4
[2023-04-21T00:54:35.005+0000] {taskinstance.py:1281} INFO - 
--------------------------------------------------------------------------------
[2023-04-21T00:54:35.037+0000] {taskinstance.py:1300} INFO - Executing <Task(PythonOperator): age_check> on 2023-04-20 00:00:00+00:00
[2023-04-21T00:54:35.149+0000] {standard_task_runner.py:55} INFO - Started process 77294 to run task
[2023-04-21T00:54:35.177+0000] {standard_task_runner.py:82} INFO - Running: ['***', 'tasks', 'run', 'age_check', 'age_check', 'scheduled__2023-04-20T00:00:00+00:00', '--job-id', '4469', '--raw', '--subdir', 'DAGS_FOLDER/age.py', '--cfg-path', '/tmp/tmpr2a57rn6']
[2023-04-21T00:54:35.185+0000] {standard_task_runner.py:83} INFO - Job 4469: Subtask age_check
[2023-04-21T00:54:36.038+0000] {task_command.py:388} INFO - Running <TaskInstance: age_check.age_check scheduled__2023-04-20T00:00:00+00:00 [running]> on host fe34f61acbb3
[2023-04-21T00:54:36.448+0000] {taskinstance.py:1509} INFO - Exporting the following env vars:
AIRFLOW_CTX_DAG_OWNER=***
AIRFLOW_CTX_DAG_ID=age_check
AIRFLOW_CTX_TASK_ID=age_check
AIRFLOW_CTX_EXECUTION_DATE=2023-04-20T00:00:00+00:00
AIRFLOW_CTX_TRY_NUMBER=2
AIRFLOW_CTX_DAG_RUN_ID=scheduled__2023-04-20T00:00:00+00:00
[2023-04-21T00:54:36.518+0000] {taskinstance.py:1768} ERROR - Task failed with exception
Traceback (most recent call last):
  File "/home/airflow/.local/lib/python3.7/site-packages/airflow/operators/python.py", line 175, in execute
    return_value = self.execute_callable()
  File "/home/airflow/.local/lib/python3.7/site-packages/airflow/operators/python.py", line 192, in execute_callable
    return self.python_callable(*self.op_args, **self.op_kwargs)
  File "/opt/airflow/dags/age.py", line 35, in age_check
    birth_year = int(Variable.get('birth_year'))
  File "/home/airflow/.local/lib/python3.7/site-packages/airflow/models/variable.py", line 141, in get
    raise KeyError(f"Variable {key} does not exist")
KeyError: 'Variable birth_year does not exist'
[2023-04-21T00:54:36.625+0000] {taskinstance.py:1323} INFO - Marking task as UP_FOR_RETRY. dag_id=age_check, task_id=age_check, execution_date=20230420T000000, start_date=20230421T005434, end_date=20230421T005436
[2023-04-21T00:54:36.719+0000] {standard_task_runner.py:105} ERROR - Failed to execute job 4469 for task age_check ('Variable birth_year does not exist'; 77294)
[2023-04-21T00:54:36.877+0000] {local_task_job.py:208} INFO - Task exited with return code 1
[2023-04-21T00:54:37.043+0000] {taskinstance.py:2578} INFO - 0 downstream tasks scheduled from follow-on schedule check
[2023-05-20T21:50:55.540+0000] {taskinstance.py:1083} INFO - Dependencies all met for <TaskInstance: age_check.age_check scheduled__2023-04-20T00:00:00+00:00 [queued]>
[2023-05-20T21:50:55.547+0000] {taskinstance.py:1083} INFO - Dependencies all met for <TaskInstance: age_check.age_check scheduled__2023-04-20T00:00:00+00:00 [queued]>
[2023-05-20T21:50:55.548+0000] {taskinstance.py:1279} INFO - 
--------------------------------------------------------------------------------
[2023-05-20T21:50:55.549+0000] {taskinstance.py:1280} INFO - Starting attempt 2 of 4
[2023-05-20T21:50:55.549+0000] {taskinstance.py:1281} INFO - 
--------------------------------------------------------------------------------
[2023-05-20T21:50:55.559+0000] {taskinstance.py:1300} INFO - Executing <Task(PythonOperator): age_check> on 2023-04-20 00:00:00+00:00
[2023-05-20T21:50:55.563+0000] {standard_task_runner.py:55} INFO - Started process 2470 to run task
[2023-05-20T21:50:55.567+0000] {standard_task_runner.py:82} INFO - Running: ['***', 'tasks', 'run', 'age_check', 'age_check', 'scheduled__2023-04-20T00:00:00+00:00', '--job-id', '1898', '--raw', '--subdir', 'DAGS_FOLDER/age.py', '--cfg-path', '/tmp/tmpsdtrd0eo']
[2023-05-20T21:50:55.569+0000] {standard_task_runner.py:83} INFO - Job 1898: Subtask age_check
[2023-05-20T21:50:55.626+0000] {task_command.py:388} INFO - Running <TaskInstance: age_check.age_check scheduled__2023-04-20T00:00:00+00:00 [running]> on host 242f95e3e8a8
[2023-05-20T21:50:55.676+0000] {taskinstance.py:1509} INFO - Exporting the following env vars:
AIRFLOW_CTX_DAG_OWNER=***
AIRFLOW_CTX_DAG_ID=age_check
AIRFLOW_CTX_TASK_ID=age_check
AIRFLOW_CTX_EXECUTION_DATE=2023-04-20T00:00:00+00:00
AIRFLOW_CTX_TRY_NUMBER=2
AIRFLOW_CTX_DAG_RUN_ID=scheduled__2023-04-20T00:00:00+00:00
[2023-05-20T21:50:55.685+0000] {taskinstance.py:1768} ERROR - Task failed with exception
Traceback (most recent call last):
  File "/home/airflow/.local/lib/python3.7/site-packages/airflow/operators/python.py", line 175, in execute
    return_value = self.execute_callable()
  File "/home/airflow/.local/lib/python3.7/site-packages/airflow/operators/python.py", line 192, in execute_callable
    return self.python_callable(*self.op_args, **self.op_kwargs)
  File "/opt/airflow/dags/age.py", line 35, in age_check
    birth_year = int(Variable.get('birth_year'))
  File "/home/airflow/.local/lib/python3.7/site-packages/airflow/models/variable.py", line 141, in get
    raise KeyError(f"Variable {key} does not exist")
KeyError: 'Variable birth_year does not exist'
[2023-05-20T21:50:55.694+0000] {taskinstance.py:1323} INFO - Marking task as UP_FOR_RETRY. dag_id=age_check, task_id=age_check, execution_date=20230420T000000, start_date=20230520T215055, end_date=20230520T215055
[2023-05-20T21:50:55.702+0000] {standard_task_runner.py:105} ERROR - Failed to execute job 1898 for task age_check ('Variable birth_year does not exist'; 2470)
[2023-05-20T21:50:55.741+0000] {local_task_job.py:208} INFO - Task exited with return code 1
[2023-05-20T21:50:55.761+0000] {taskinstance.py:2578} INFO - 0 downstream tasks scheduled from follow-on schedule check
