[2023-04-19T12:48:19.427+0000] {taskinstance.py:1083} INFO - Dependencies all met for <TaskInstance: age_check.age_check scheduled__2023-02-04T00:00:00+00:00 [queued]>
[2023-04-19T12:48:19.484+0000] {taskinstance.py:1083} INFO - Dependencies all met for <TaskInstance: age_check.age_check scheduled__2023-02-04T00:00:00+00:00 [queued]>
[2023-04-19T12:48:19.489+0000] {taskinstance.py:1279} INFO - 
--------------------------------------------------------------------------------
[2023-04-19T12:48:19.491+0000] {taskinstance.py:1280} INFO - Starting attempt 3 of 4
[2023-04-19T12:48:19.492+0000] {taskinstance.py:1281} INFO - 
--------------------------------------------------------------------------------
[2023-04-19T12:48:19.612+0000] {taskinstance.py:1300} INFO - Executing <Task(PythonOperator): age_check> on 2023-02-04 00:00:00+00:00
[2023-04-19T12:48:19.620+0000] {standard_task_runner.py:55} INFO - Started process 24422 to run task
[2023-04-19T12:48:19.677+0000] {standard_task_runner.py:82} INFO - Running: ['***', 'tasks', 'run', 'age_check', 'age_check', 'scheduled__2023-02-04T00:00:00+00:00', '--job-id', '1789', '--raw', '--subdir', 'DAGS_FOLDER/age.py', '--cfg-path', '/tmp/tmpkc1vs3sl']
[2023-04-19T12:48:19.680+0000] {standard_task_runner.py:83} INFO - Job 1789: Subtask age_check
[2023-04-19T12:48:20.188+0000] {task_command.py:388} INFO - Running <TaskInstance: age_check.age_check scheduled__2023-02-04T00:00:00+00:00 [running]> on host fe34f61acbb3
[2023-04-19T12:48:20.651+0000] {taskinstance.py:1509} INFO - Exporting the following env vars:
AIRFLOW_CTX_DAG_OWNER=***
AIRFLOW_CTX_DAG_ID=age_check
AIRFLOW_CTX_TASK_ID=age_check
AIRFLOW_CTX_EXECUTION_DATE=2023-02-04T00:00:00+00:00
AIRFLOW_CTX_TRY_NUMBER=3
AIRFLOW_CTX_DAG_RUN_ID=scheduled__2023-02-04T00:00:00+00:00
[2023-04-19T12:48:20.680+0000] {taskinstance.py:1768} ERROR - Task failed with exception
Traceback (most recent call last):
  File "/home/airflow/.local/lib/python3.7/site-packages/airflow/operators/python.py", line 175, in execute
    return_value = self.execute_callable()
  File "/home/airflow/.local/lib/python3.7/site-packages/airflow/operators/python.py", line 192, in execute_callable
    return self.python_callable(*self.op_args, **self.op_kwargs)
  File "/opt/airflow/dags/age.py", line 35, in age_check
    birth_year = int(Variable.get('birth_year'))
  File "/home/airflow/.local/lib/python3.7/site-packages/airflow/models/variable.py", line 141, in get
    raise KeyError(f"Variable {key} does not exist")
KeyError: 'Variable birth_year does not exist'
[2023-04-19T12:48:20.693+0000] {taskinstance.py:1323} INFO - Marking task as UP_FOR_RETRY. dag_id=age_check, task_id=age_check, execution_date=20230204T000000, start_date=20230419T124819, end_date=20230419T124820
[2023-04-19T12:48:20.716+0000] {standard_task_runner.py:105} ERROR - Failed to execute job 1789 for task age_check ('Variable birth_year does not exist'; 24422)
[2023-04-19T12:48:20.780+0000] {local_task_job.py:208} INFO - Task exited with return code 1
[2023-04-19T12:48:20.877+0000] {taskinstance.py:2578} INFO - 0 downstream tasks scheduled from follow-on schedule check
[2023-05-20T20:59:25.065+0000] {taskinstance.py:1083} INFO - Dependencies all met for <TaskInstance: age_check.age_check scheduled__2023-02-04T00:00:00+00:00 [queued]>
[2023-05-20T20:59:25.083+0000] {taskinstance.py:1083} INFO - Dependencies all met for <TaskInstance: age_check.age_check scheduled__2023-02-04T00:00:00+00:00 [queued]>
[2023-05-20T20:59:25.085+0000] {taskinstance.py:1279} INFO - 
--------------------------------------------------------------------------------
[2023-05-20T20:59:25.086+0000] {taskinstance.py:1280} INFO - Starting attempt 3 of 4
[2023-05-20T20:59:25.087+0000] {taskinstance.py:1281} INFO - 
--------------------------------------------------------------------------------
[2023-05-20T20:59:25.110+0000] {taskinstance.py:1300} INFO - Executing <Task(PythonOperator): age_check> on 2023-02-04 00:00:00+00:00
[2023-05-20T20:59:25.125+0000] {standard_task_runner.py:55} INFO - Started process 1160 to run task
[2023-05-20T20:59:25.136+0000] {standard_task_runner.py:82} INFO - Running: ['***', 'tasks', 'run', 'age_check', 'age_check', 'scheduled__2023-02-04T00:00:00+00:00', '--job-id', '1356', '--raw', '--subdir', 'DAGS_FOLDER/age.py', '--cfg-path', '/tmp/tmpdx5iun_m']
[2023-05-20T20:59:25.138+0000] {standard_task_runner.py:83} INFO - Job 1356: Subtask age_check
[2023-05-20T20:59:25.258+0000] {task_command.py:388} INFO - Running <TaskInstance: age_check.age_check scheduled__2023-02-04T00:00:00+00:00 [running]> on host 242f95e3e8a8
[2023-05-20T20:59:25.391+0000] {taskinstance.py:1509} INFO - Exporting the following env vars:
AIRFLOW_CTX_DAG_OWNER=***
AIRFLOW_CTX_DAG_ID=age_check
AIRFLOW_CTX_TASK_ID=age_check
AIRFLOW_CTX_EXECUTION_DATE=2023-02-04T00:00:00+00:00
AIRFLOW_CTX_TRY_NUMBER=3
AIRFLOW_CTX_DAG_RUN_ID=scheduled__2023-02-04T00:00:00+00:00
[2023-05-20T20:59:25.415+0000] {taskinstance.py:1768} ERROR - Task failed with exception
Traceback (most recent call last):
  File "/home/airflow/.local/lib/python3.7/site-packages/airflow/operators/python.py", line 175, in execute
    return_value = self.execute_callable()
  File "/home/airflow/.local/lib/python3.7/site-packages/airflow/operators/python.py", line 192, in execute_callable
    return self.python_callable(*self.op_args, **self.op_kwargs)
  File "/opt/airflow/dags/age.py", line 35, in age_check
    birth_year = int(Variable.get('birth_year'))
  File "/home/airflow/.local/lib/python3.7/site-packages/airflow/models/variable.py", line 141, in get
    raise KeyError(f"Variable {key} does not exist")
KeyError: 'Variable birth_year does not exist'
[2023-05-20T20:59:25.438+0000] {taskinstance.py:1323} INFO - Marking task as UP_FOR_RETRY. dag_id=age_check, task_id=age_check, execution_date=20230204T000000, start_date=20230520T205925, end_date=20230520T205925
[2023-05-20T20:59:25.460+0000] {standard_task_runner.py:105} ERROR - Failed to execute job 1356 for task age_check ('Variable birth_year does not exist'; 1160)
[2023-05-20T20:59:25.479+0000] {local_task_job.py:208} INFO - Task exited with return code 1
[2023-05-20T20:59:25.526+0000] {taskinstance.py:2578} INFO - 0 downstream tasks scheduled from follow-on schedule check
