[2023-04-19T12:41:42.800+0000] {taskinstance.py:1083} INFO - Dependencies all met for <TaskInstance: age_check.age_check scheduled__2022-10-18T00:00:00+00:00 [queued]>
[2023-04-19T12:41:42.816+0000] {taskinstance.py:1083} INFO - Dependencies all met for <TaskInstance: age_check.age_check scheduled__2022-10-18T00:00:00+00:00 [queued]>
[2023-04-19T12:41:42.817+0000] {taskinstance.py:1279} INFO - 
--------------------------------------------------------------------------------
[2023-04-19T12:41:42.819+0000] {taskinstance.py:1280} INFO - Starting attempt 4 of 4
[2023-04-19T12:41:42.821+0000] {taskinstance.py:1281} INFO - 
--------------------------------------------------------------------------------
[2023-04-19T12:41:42.833+0000] {taskinstance.py:1300} INFO - Executing <Task(PythonOperator): age_check> on 2022-10-18 00:00:00+00:00
[2023-04-19T12:41:42.840+0000] {standard_task_runner.py:55} INFO - Started process 22724 to run task
[2023-04-19T12:41:42.845+0000] {standard_task_runner.py:82} INFO - Running: ['***', 'tasks', 'run', 'age_check', 'age_check', 'scheduled__2022-10-18T00:00:00+00:00', '--job-id', '1105', '--raw', '--subdir', 'DAGS_FOLDER/age.py', '--cfg-path', '/tmp/tmpvdfnxp7f']
[2023-04-19T12:41:42.847+0000] {standard_task_runner.py:83} INFO - Job 1105: Subtask age_check
[2023-04-19T12:41:42.915+0000] {task_command.py:388} INFO - Running <TaskInstance: age_check.age_check scheduled__2022-10-18T00:00:00+00:00 [running]> on host fe34f61acbb3
[2023-04-19T12:41:42.982+0000] {taskinstance.py:1509} INFO - Exporting the following env vars:
AIRFLOW_CTX_DAG_OWNER=***
AIRFLOW_CTX_DAG_ID=age_check
AIRFLOW_CTX_TASK_ID=age_check
AIRFLOW_CTX_EXECUTION_DATE=2022-10-18T00:00:00+00:00
AIRFLOW_CTX_TRY_NUMBER=4
AIRFLOW_CTX_DAG_RUN_ID=scheduled__2022-10-18T00:00:00+00:00
[2023-04-19T12:41:42.993+0000] {taskinstance.py:1768} ERROR - Task failed with exception
Traceback (most recent call last):
  File "/home/airflow/.local/lib/python3.7/site-packages/airflow/operators/python.py", line 175, in execute
    return_value = self.execute_callable()
  File "/home/airflow/.local/lib/python3.7/site-packages/airflow/operators/python.py", line 192, in execute_callable
    return self.python_callable(*self.op_args, **self.op_kwargs)
  File "/opt/airflow/dags/age.py", line 35, in age_check
    birth_year = int(Variable.get('birth_year'))
  File "/home/airflow/.local/lib/python3.7/site-packages/airflow/models/variable.py", line 141, in get
    raise KeyError(f"Variable {key} does not exist")
KeyError: 'Variable birth_year does not exist'
[2023-04-19T12:41:43.003+0000] {taskinstance.py:1323} INFO - Marking task as FAILED. dag_id=age_check, task_id=age_check, execution_date=20221018T000000, start_date=20230419T124142, end_date=20230419T124143
[2023-04-19T12:41:43.012+0000] {standard_task_runner.py:105} ERROR - Failed to execute job 1105 for task age_check ('Variable birth_year does not exist'; 22724)
[2023-04-19T12:41:43.059+0000] {local_task_job.py:208} INFO - Task exited with return code 1
[2023-04-19T12:41:43.088+0000] {taskinstance.py:2578} INFO - 0 downstream tasks scheduled from follow-on schedule check
[2023-05-17T10:13:39.492+0000] {taskinstance.py:1083} INFO - Dependencies all met for <TaskInstance: age_check.age_check scheduled__2022-10-18T00:00:00+00:00 [queued]>
[2023-05-17T10:13:39.508+0000] {taskinstance.py:1083} INFO - Dependencies all met for <TaskInstance: age_check.age_check scheduled__2022-10-18T00:00:00+00:00 [queued]>
[2023-05-17T10:13:39.518+0000] {taskinstance.py:1279} INFO - 
--------------------------------------------------------------------------------
[2023-05-17T10:13:39.519+0000] {taskinstance.py:1280} INFO - Starting attempt 4 of 4
[2023-05-17T10:13:39.523+0000] {taskinstance.py:1281} INFO - 
--------------------------------------------------------------------------------
[2023-05-17T10:13:39.676+0000] {taskinstance.py:1300} INFO - Executing <Task(PythonOperator): age_check> on 2022-10-18 00:00:00+00:00
[2023-05-17T10:13:39.697+0000] {standard_task_runner.py:55} INFO - Started process 5401 to run task
[2023-05-17T10:13:39.714+0000] {standard_task_runner.py:82} INFO - Running: ['***', 'tasks', 'run', 'age_check', 'age_check', 'scheduled__2022-10-18T00:00:00+00:00', '--job-id', '664', '--raw', '--subdir', 'DAGS_FOLDER/age.py', '--cfg-path', '/tmp/tmpre6ti2gs']
[2023-05-17T10:13:39.724+0000] {standard_task_runner.py:83} INFO - Job 664: Subtask age_check
[2023-05-17T10:13:39.910+0000] {task_command.py:388} INFO - Running <TaskInstance: age_check.age_check scheduled__2022-10-18T00:00:00+00:00 [running]> on host 242f95e3e8a8
[2023-05-17T10:13:39.991+0000] {taskinstance.py:1509} INFO - Exporting the following env vars:
AIRFLOW_CTX_DAG_OWNER=***
AIRFLOW_CTX_DAG_ID=age_check
AIRFLOW_CTX_TASK_ID=age_check
AIRFLOW_CTX_EXECUTION_DATE=2022-10-18T00:00:00+00:00
AIRFLOW_CTX_TRY_NUMBER=4
AIRFLOW_CTX_DAG_RUN_ID=scheduled__2022-10-18T00:00:00+00:00
[2023-05-17T10:13:40.007+0000] {taskinstance.py:1768} ERROR - Task failed with exception
Traceback (most recent call last):
  File "/home/airflow/.local/lib/python3.7/site-packages/airflow/operators/python.py", line 175, in execute
    return_value = self.execute_callable()
  File "/home/airflow/.local/lib/python3.7/site-packages/airflow/operators/python.py", line 192, in execute_callable
    return self.python_callable(*self.op_args, **self.op_kwargs)
  File "/opt/airflow/dags/age.py", line 35, in age_check
    birth_year = int(Variable.get('birth_year'))
  File "/home/airflow/.local/lib/python3.7/site-packages/airflow/models/variable.py", line 141, in get
    raise KeyError(f"Variable {key} does not exist")
KeyError: 'Variable birth_year does not exist'
[2023-05-17T10:13:40.024+0000] {taskinstance.py:1323} INFO - Marking task as FAILED. dag_id=age_check, task_id=age_check, execution_date=20221018T000000, start_date=20230517T101339, end_date=20230517T101340
[2023-05-17T10:13:40.038+0000] {standard_task_runner.py:105} ERROR - Failed to execute job 664 for task age_check ('Variable birth_year does not exist'; 5401)
[2023-05-17T10:13:40.055+0000] {local_task_job.py:208} INFO - Task exited with return code 1
[2023-05-17T10:13:40.077+0000] {taskinstance.py:2578} INFO - 0 downstream tasks scheduled from follow-on schedule check
