[2023-04-19T12:41:24.216+0000] {taskinstance.py:1083} INFO - Dependencies all met for <TaskInstance: age_check.age_check scheduled__2022-10-23T00:00:00+00:00 [queued]>
[2023-04-19T12:41:24.257+0000] {taskinstance.py:1083} INFO - Dependencies all met for <TaskInstance: age_check.age_check scheduled__2022-10-23T00:00:00+00:00 [queued]>
[2023-04-19T12:41:24.259+0000] {taskinstance.py:1279} INFO - 
--------------------------------------------------------------------------------
[2023-04-19T12:41:24.260+0000] {taskinstance.py:1280} INFO - Starting attempt 2 of 4
[2023-04-19T12:41:24.261+0000] {taskinstance.py:1281} INFO - 
--------------------------------------------------------------------------------
[2023-04-19T12:41:24.287+0000] {taskinstance.py:1300} INFO - Executing <Task(PythonOperator): age_check> on 2022-10-23 00:00:00+00:00
[2023-04-19T12:41:24.295+0000] {standard_task_runner.py:55} INFO - Started process 22649 to run task
[2023-04-19T12:41:24.318+0000] {standard_task_runner.py:82} INFO - Running: ['***', 'tasks', 'run', 'age_check', 'age_check', 'scheduled__2022-10-23T00:00:00+00:00', '--job-id', '1072', '--raw', '--subdir', 'DAGS_FOLDER/age.py', '--cfg-path', '/tmp/tmpqdctp5x_']
[2023-04-19T12:41:24.320+0000] {standard_task_runner.py:83} INFO - Job 1072: Subtask age_check
[2023-04-19T12:41:24.488+0000] {task_command.py:388} INFO - Running <TaskInstance: age_check.age_check scheduled__2022-10-23T00:00:00+00:00 [running]> on host fe34f61acbb3
[2023-04-19T12:41:24.590+0000] {taskinstance.py:1509} INFO - Exporting the following env vars:
AIRFLOW_CTX_DAG_OWNER=***
AIRFLOW_CTX_DAG_ID=age_check
AIRFLOW_CTX_TASK_ID=age_check
AIRFLOW_CTX_EXECUTION_DATE=2022-10-23T00:00:00+00:00
AIRFLOW_CTX_TRY_NUMBER=2
AIRFLOW_CTX_DAG_RUN_ID=scheduled__2022-10-23T00:00:00+00:00
[2023-04-19T12:41:24.599+0000] {taskinstance.py:1768} ERROR - Task failed with exception
Traceback (most recent call last):
  File "/home/airflow/.local/lib/python3.7/site-packages/airflow/operators/python.py", line 175, in execute
    return_value = self.execute_callable()
  File "/home/airflow/.local/lib/python3.7/site-packages/airflow/operators/python.py", line 192, in execute_callable
    return self.python_callable(*self.op_args, **self.op_kwargs)
  File "/opt/airflow/dags/age.py", line 35, in age_check
    birth_year = int(Variable.get('birth_year'))
  File "/home/airflow/.local/lib/python3.7/site-packages/airflow/models/variable.py", line 141, in get
    raise KeyError(f"Variable {key} does not exist")
KeyError: 'Variable birth_year does not exist'
[2023-04-19T12:41:24.617+0000] {taskinstance.py:1323} INFO - Marking task as UP_FOR_RETRY. dag_id=age_check, task_id=age_check, execution_date=20221023T000000, start_date=20230419T124124, end_date=20230419T124124
[2023-04-19T12:41:24.648+0000] {standard_task_runner.py:105} ERROR - Failed to execute job 1072 for task age_check ('Variable birth_year does not exist'; 22649)
[2023-04-19T12:41:24.677+0000] {local_task_job.py:208} INFO - Task exited with return code 1
[2023-04-19T12:41:24.705+0000] {taskinstance.py:2578} INFO - 0 downstream tasks scheduled from follow-on schedule check
[2023-05-17T10:13:20.558+0000] {taskinstance.py:1083} INFO - Dependencies all met for <TaskInstance: age_check.age_check scheduled__2022-10-23T00:00:00+00:00 [queued]>
[2023-05-17T10:13:20.567+0000] {taskinstance.py:1083} INFO - Dependencies all met for <TaskInstance: age_check.age_check scheduled__2022-10-23T00:00:00+00:00 [queued]>
[2023-05-17T10:13:20.568+0000] {taskinstance.py:1279} INFO - 
--------------------------------------------------------------------------------
[2023-05-17T10:13:20.570+0000] {taskinstance.py:1280} INFO - Starting attempt 2 of 4
[2023-05-17T10:13:20.575+0000] {taskinstance.py:1281} INFO - 
--------------------------------------------------------------------------------
[2023-05-17T10:13:20.588+0000] {taskinstance.py:1300} INFO - Executing <Task(PythonOperator): age_check> on 2022-10-23 00:00:00+00:00
[2023-05-17T10:13:20.596+0000] {standard_task_runner.py:55} INFO - Started process 5322 to run task
[2023-05-17T10:13:20.601+0000] {standard_task_runner.py:82} INFO - Running: ['***', 'tasks', 'run', 'age_check', 'age_check', 'scheduled__2022-10-23T00:00:00+00:00', '--job-id', '635', '--raw', '--subdir', 'DAGS_FOLDER/age.py', '--cfg-path', '/tmp/tmpsw3t8mqy']
[2023-05-17T10:13:20.607+0000] {standard_task_runner.py:83} INFO - Job 635: Subtask age_check
[2023-05-17T10:13:20.693+0000] {task_command.py:388} INFO - Running <TaskInstance: age_check.age_check scheduled__2022-10-23T00:00:00+00:00 [running]> on host 242f95e3e8a8
[2023-05-17T10:13:20.773+0000] {taskinstance.py:1509} INFO - Exporting the following env vars:
AIRFLOW_CTX_DAG_OWNER=***
AIRFLOW_CTX_DAG_ID=age_check
AIRFLOW_CTX_TASK_ID=age_check
AIRFLOW_CTX_EXECUTION_DATE=2022-10-23T00:00:00+00:00
AIRFLOW_CTX_TRY_NUMBER=2
AIRFLOW_CTX_DAG_RUN_ID=scheduled__2022-10-23T00:00:00+00:00
[2023-05-17T10:13:20.786+0000] {taskinstance.py:1768} ERROR - Task failed with exception
Traceback (most recent call last):
  File "/home/airflow/.local/lib/python3.7/site-packages/airflow/operators/python.py", line 175, in execute
    return_value = self.execute_callable()
  File "/home/airflow/.local/lib/python3.7/site-packages/airflow/operators/python.py", line 192, in execute_callable
    return self.python_callable(*self.op_args, **self.op_kwargs)
  File "/opt/airflow/dags/age.py", line 35, in age_check
    birth_year = int(Variable.get('birth_year'))
  File "/home/airflow/.local/lib/python3.7/site-packages/airflow/models/variable.py", line 141, in get
    raise KeyError(f"Variable {key} does not exist")
KeyError: 'Variable birth_year does not exist'
[2023-05-17T10:13:20.798+0000] {taskinstance.py:1323} INFO - Marking task as UP_FOR_RETRY. dag_id=age_check, task_id=age_check, execution_date=20221023T000000, start_date=20230517T101320, end_date=20230517T101320
[2023-05-17T10:13:20.808+0000] {standard_task_runner.py:105} ERROR - Failed to execute job 635 for task age_check ('Variable birth_year does not exist'; 5322)
[2023-05-17T10:13:20.856+0000] {local_task_job.py:208} INFO - Task exited with return code 1
[2023-05-17T10:13:20.882+0000] {taskinstance.py:2578} INFO - 0 downstream tasks scheduled from follow-on schedule check
