[2023-04-19T12:38:33.637+0000] {taskinstance.py:1083} INFO - Dependencies all met for <TaskInstance: age_check.age_check scheduled__2022-09-08T00:00:00+00:00 [queued]>
[2023-04-19T12:38:33.649+0000] {taskinstance.py:1083} INFO - Dependencies all met for <TaskInstance: age_check.age_check scheduled__2022-09-08T00:00:00+00:00 [queued]>
[2023-04-19T12:38:33.650+0000] {taskinstance.py:1279} INFO - 
--------------------------------------------------------------------------------
[2023-04-19T12:38:33.651+0000] {taskinstance.py:1280} INFO - Starting attempt 4 of 4
[2023-04-19T12:38:33.652+0000] {taskinstance.py:1281} INFO - 
--------------------------------------------------------------------------------
[2023-04-19T12:38:33.665+0000] {taskinstance.py:1300} INFO - Executing <Task(PythonOperator): age_check> on 2022-09-08 00:00:00+00:00
[2023-04-19T12:38:33.671+0000] {standard_task_runner.py:55} INFO - Started process 21909 to run task
[2023-04-19T12:38:33.675+0000] {standard_task_runner.py:82} INFO - Running: ['***', 'tasks', 'run', 'age_check', 'age_check', 'scheduled__2022-09-08T00:00:00+00:00', '--job-id', '775', '--raw', '--subdir', 'DAGS_FOLDER/age.py', '--cfg-path', '/tmp/tmpxky78h5r']
[2023-04-19T12:38:33.676+0000] {standard_task_runner.py:83} INFO - Job 775: Subtask age_check
[2023-04-19T12:38:33.736+0000] {task_command.py:388} INFO - Running <TaskInstance: age_check.age_check scheduled__2022-09-08T00:00:00+00:00 [running]> on host fe34f61acbb3
[2023-04-19T12:38:33.802+0000] {taskinstance.py:1509} INFO - Exporting the following env vars:
AIRFLOW_CTX_DAG_OWNER=***
AIRFLOW_CTX_DAG_ID=age_check
AIRFLOW_CTX_TASK_ID=age_check
AIRFLOW_CTX_EXECUTION_DATE=2022-09-08T00:00:00+00:00
AIRFLOW_CTX_TRY_NUMBER=4
AIRFLOW_CTX_DAG_RUN_ID=scheduled__2022-09-08T00:00:00+00:00
[2023-04-19T12:38:33.811+0000] {taskinstance.py:1768} ERROR - Task failed with exception
Traceback (most recent call last):
  File "/home/airflow/.local/lib/python3.7/site-packages/airflow/operators/python.py", line 175, in execute
    return_value = self.execute_callable()
  File "/home/airflow/.local/lib/python3.7/site-packages/airflow/operators/python.py", line 192, in execute_callable
    return self.python_callable(*self.op_args, **self.op_kwargs)
  File "/opt/airflow/dags/age.py", line 35, in age_check
    birth_year = int(Variable.get('birth_year'))
  File "/home/airflow/.local/lib/python3.7/site-packages/airflow/models/variable.py", line 141, in get
    raise KeyError(f"Variable {key} does not exist")
KeyError: 'Variable birth_year does not exist'
[2023-04-19T12:38:33.850+0000] {taskinstance.py:1323} INFO - Marking task as FAILED. dag_id=age_check, task_id=age_check, execution_date=20220908T000000, start_date=20230419T123833, end_date=20230419T123833
[2023-04-19T12:38:33.862+0000] {standard_task_runner.py:105} ERROR - Failed to execute job 775 for task age_check ('Variable birth_year does not exist'; 21909)
[2023-04-19T12:38:33.887+0000] {local_task_job.py:208} INFO - Task exited with return code 1
[2023-04-19T12:38:33.926+0000] {taskinstance.py:2578} INFO - 0 downstream tasks scheduled from follow-on schedule check
[2023-05-17T09:54:18.354+0000] {taskinstance.py:1083} INFO - Dependencies all met for <TaskInstance: age_check.age_check scheduled__2022-09-08T00:00:00+00:00 [queued]>
[2023-05-17T09:54:18.368+0000] {taskinstance.py:1083} INFO - Dependencies all met for <TaskInstance: age_check.age_check scheduled__2022-09-08T00:00:00+00:00 [queued]>
[2023-05-17T09:54:18.373+0000] {taskinstance.py:1279} INFO - 
--------------------------------------------------------------------------------
[2023-05-17T09:54:18.375+0000] {taskinstance.py:1280} INFO - Starting attempt 4 of 4
[2023-05-17T09:54:18.380+0000] {taskinstance.py:1281} INFO - 
--------------------------------------------------------------------------------
[2023-05-17T09:54:18.452+0000] {taskinstance.py:1300} INFO - Executing <Task(PythonOperator): age_check> on 2022-09-08 00:00:00+00:00
[2023-05-17T09:54:18.461+0000] {standard_task_runner.py:55} INFO - Started process 4589 to run task
[2023-05-17T09:54:18.476+0000] {standard_task_runner.py:82} INFO - Running: ['***', 'tasks', 'run', 'age_check', 'age_check', 'scheduled__2022-09-08T00:00:00+00:00', '--job-id', '336', '--raw', '--subdir', 'DAGS_FOLDER/age.py', '--cfg-path', '/tmp/tmpwqeq_105']
[2023-05-17T09:54:18.485+0000] {standard_task_runner.py:83} INFO - Job 336: Subtask age_check
[2023-05-17T09:54:18.658+0000] {task_command.py:388} INFO - Running <TaskInstance: age_check.age_check scheduled__2022-09-08T00:00:00+00:00 [running]> on host 242f95e3e8a8
[2023-05-17T09:54:18.813+0000] {taskinstance.py:1509} INFO - Exporting the following env vars:
AIRFLOW_CTX_DAG_OWNER=***
AIRFLOW_CTX_DAG_ID=age_check
AIRFLOW_CTX_TASK_ID=age_check
AIRFLOW_CTX_EXECUTION_DATE=2022-09-08T00:00:00+00:00
AIRFLOW_CTX_TRY_NUMBER=4
AIRFLOW_CTX_DAG_RUN_ID=scheduled__2022-09-08T00:00:00+00:00
[2023-05-17T09:54:18.835+0000] {taskinstance.py:1768} ERROR - Task failed with exception
Traceback (most recent call last):
  File "/home/airflow/.local/lib/python3.7/site-packages/airflow/operators/python.py", line 175, in execute
    return_value = self.execute_callable()
  File "/home/airflow/.local/lib/python3.7/site-packages/airflow/operators/python.py", line 192, in execute_callable
    return self.python_callable(*self.op_args, **self.op_kwargs)
  File "/opt/airflow/dags/age.py", line 35, in age_check
    birth_year = int(Variable.get('birth_year'))
  File "/home/airflow/.local/lib/python3.7/site-packages/airflow/models/variable.py", line 141, in get
    raise KeyError(f"Variable {key} does not exist")
KeyError: 'Variable birth_year does not exist'
[2023-05-17T09:54:18.861+0000] {taskinstance.py:1323} INFO - Marking task as FAILED. dag_id=age_check, task_id=age_check, execution_date=20220908T000000, start_date=20230517T095418, end_date=20230517T095418
[2023-05-17T09:54:18.882+0000] {standard_task_runner.py:105} ERROR - Failed to execute job 336 for task age_check ('Variable birth_year does not exist'; 4589)
[2023-05-17T09:54:18.930+0000] {local_task_job.py:208} INFO - Task exited with return code 1
[2023-05-17T09:54:18.964+0000] {taskinstance.py:2578} INFO - 0 downstream tasks scheduled from follow-on schedule check
