[2023-04-27T01:20:52.997+0000] {taskinstance.py:1083} INFO - Dependencies all met for <TaskInstance: age_check.age_check scheduled__2023-04-26T00:00:00+00:00 [queued]>
[2023-04-27T01:20:53.011+0000] {taskinstance.py:1083} INFO - Dependencies all met for <TaskInstance: age_check.age_check scheduled__2023-04-26T00:00:00+00:00 [queued]>
[2023-04-27T01:20:53.015+0000] {taskinstance.py:1279} INFO - 
--------------------------------------------------------------------------------
[2023-04-27T01:20:53.018+0000] {taskinstance.py:1280} INFO - Starting attempt 1 of 4
[2023-04-27T01:20:53.021+0000] {taskinstance.py:1281} INFO - 
--------------------------------------------------------------------------------
[2023-04-27T01:20:53.037+0000] {taskinstance.py:1300} INFO - Executing <Task(PythonOperator): age_check> on 2023-04-26 00:00:00+00:00
[2023-04-27T01:20:53.060+0000] {standard_task_runner.py:55} INFO - Started process 49912 to run task
[2023-04-27T01:20:53.064+0000] {standard_task_runner.py:82} INFO - Running: ['***', 'tasks', 'run', 'age_check', 'age_check', 'scheduled__2023-04-26T00:00:00+00:00', '--job-id', '4653', '--raw', '--subdir', 'DAGS_FOLDER/age.py', '--cfg-path', '/tmp/tmp9du85_hf']
[2023-04-27T01:20:53.067+0000] {standard_task_runner.py:83} INFO - Job 4653: Subtask age_check
[2023-04-27T01:20:53.138+0000] {task_command.py:388} INFO - Running <TaskInstance: age_check.age_check scheduled__2023-04-26T00:00:00+00:00 [running]> on host fe34f61acbb3
[2023-04-27T01:20:53.197+0000] {taskinstance.py:1509} INFO - Exporting the following env vars:
AIRFLOW_CTX_DAG_OWNER=***
AIRFLOW_CTX_DAG_ID=age_check
AIRFLOW_CTX_TASK_ID=age_check
AIRFLOW_CTX_EXECUTION_DATE=2023-04-26T00:00:00+00:00
AIRFLOW_CTX_TRY_NUMBER=1
AIRFLOW_CTX_DAG_RUN_ID=scheduled__2023-04-26T00:00:00+00:00
[2023-04-27T01:20:53.217+0000] {taskinstance.py:1768} ERROR - Task failed with exception
Traceback (most recent call last):
  File "/home/airflow/.local/lib/python3.7/site-packages/airflow/operators/python.py", line 175, in execute
    return_value = self.execute_callable()
  File "/home/airflow/.local/lib/python3.7/site-packages/airflow/operators/python.py", line 192, in execute_callable
    return self.python_callable(*self.op_args, **self.op_kwargs)
  File "/opt/airflow/dags/age.py", line 35, in age_check
    birth_year = int(Variable.get('birth_year'))
  File "/home/airflow/.local/lib/python3.7/site-packages/airflow/models/variable.py", line 141, in get
    raise KeyError(f"Variable {key} does not exist")
KeyError: 'Variable birth_year does not exist'
[2023-04-27T01:20:53.285+0000] {taskinstance.py:1323} INFO - Marking task as UP_FOR_RETRY. dag_id=age_check, task_id=age_check, execution_date=20230426T000000, start_date=20230427T012053, end_date=20230427T012053
[2023-04-27T01:20:53.343+0000] {standard_task_runner.py:105} ERROR - Failed to execute job 4653 for task age_check ('Variable birth_year does not exist'; 49912)
[2023-04-27T01:20:53.407+0000] {local_task_job.py:208} INFO - Task exited with return code 1
[2023-04-27T01:20:53.472+0000] {taskinstance.py:2578} INFO - 0 downstream tasks scheduled from follow-on schedule check
[2023-05-20T21:50:46.018+0000] {taskinstance.py:1083} INFO - Dependencies all met for <TaskInstance: age_check.age_check scheduled__2023-04-26T00:00:00+00:00 [queued]>
[2023-05-20T21:50:46.029+0000] {taskinstance.py:1083} INFO - Dependencies all met for <TaskInstance: age_check.age_check scheduled__2023-04-26T00:00:00+00:00 [queued]>
[2023-05-20T21:50:46.032+0000] {taskinstance.py:1279} INFO - 
--------------------------------------------------------------------------------
[2023-05-20T21:50:46.034+0000] {taskinstance.py:1280} INFO - Starting attempt 1 of 4
[2023-05-20T21:50:46.035+0000] {taskinstance.py:1281} INFO - 
--------------------------------------------------------------------------------
[2023-05-20T21:50:46.098+0000] {taskinstance.py:1300} INFO - Executing <Task(PythonOperator): age_check> on 2023-04-26 00:00:00+00:00
[2023-05-20T21:50:46.128+0000] {standard_task_runner.py:82} INFO - Running: ['***', 'tasks', 'run', 'age_check', 'age_check', 'scheduled__2023-04-26T00:00:00+00:00', '--job-id', '1887', '--raw', '--subdir', 'DAGS_FOLDER/age.py', '--cfg-path', '/tmp/tmp0fi80r59']
[2023-05-20T21:50:46.132+0000] {standard_task_runner.py:83} INFO - Job 1887: Subtask age_check
[2023-05-20T21:50:46.133+0000] {standard_task_runner.py:55} INFO - Started process 2449 to run task
[2023-05-20T21:50:46.308+0000] {task_command.py:388} INFO - Running <TaskInstance: age_check.age_check scheduled__2023-04-26T00:00:00+00:00 [running]> on host 242f95e3e8a8
[2023-05-20T21:50:46.473+0000] {taskinstance.py:1509} INFO - Exporting the following env vars:
AIRFLOW_CTX_DAG_OWNER=***
AIRFLOW_CTX_DAG_ID=age_check
AIRFLOW_CTX_TASK_ID=age_check
AIRFLOW_CTX_EXECUTION_DATE=2023-04-26T00:00:00+00:00
AIRFLOW_CTX_TRY_NUMBER=1
AIRFLOW_CTX_DAG_RUN_ID=scheduled__2023-04-26T00:00:00+00:00
[2023-05-20T21:50:46.503+0000] {taskinstance.py:1768} ERROR - Task failed with exception
Traceback (most recent call last):
  File "/home/airflow/.local/lib/python3.7/site-packages/airflow/operators/python.py", line 175, in execute
    return_value = self.execute_callable()
  File "/home/airflow/.local/lib/python3.7/site-packages/airflow/operators/python.py", line 192, in execute_callable
    return self.python_callable(*self.op_args, **self.op_kwargs)
  File "/opt/airflow/dags/age.py", line 35, in age_check
    birth_year = int(Variable.get('birth_year'))
  File "/home/airflow/.local/lib/python3.7/site-packages/airflow/models/variable.py", line 141, in get
    raise KeyError(f"Variable {key} does not exist")
KeyError: 'Variable birth_year does not exist'
[2023-05-20T21:50:46.517+0000] {taskinstance.py:1323} INFO - Marking task as UP_FOR_RETRY. dag_id=age_check, task_id=age_check, execution_date=20230426T000000, start_date=20230520T215046, end_date=20230520T215046
[2023-05-20T21:50:46.529+0000] {standard_task_runner.py:105} ERROR - Failed to execute job 1887 for task age_check ('Variable birth_year does not exist'; 2449)
[2023-05-20T21:50:46.553+0000] {local_task_job.py:208} INFO - Task exited with return code 1
[2023-05-20T21:50:46.633+0000] {taskinstance.py:2578} INFO - 0 downstream tasks scheduled from follow-on schedule check
