[2023-05-01T02:56:24.271+0000] {taskinstance.py:1083} INFO - Dependencies all met for <TaskInstance: age_check.age_check scheduled__2023-04-30T00:00:00+00:00 [queued]>
[2023-05-01T02:56:24.576+0000] {taskinstance.py:1083} INFO - Dependencies all met for <TaskInstance: age_check.age_check scheduled__2023-04-30T00:00:00+00:00 [queued]>
[2023-05-01T02:56:24.581+0000] {taskinstance.py:1279} INFO - 
--------------------------------------------------------------------------------
[2023-05-01T02:56:24.584+0000] {taskinstance.py:1280} INFO - Starting attempt 1 of 4
[2023-05-01T02:56:24.590+0000] {taskinstance.py:1281} INFO - 
--------------------------------------------------------------------------------
[2023-05-01T02:56:25.213+0000] {taskinstance.py:1300} INFO - Executing <Task(PythonOperator): age_check> on 2023-04-30 00:00:00+00:00
[2023-05-01T02:56:26.044+0000] {standard_task_runner.py:55} INFO - Started process 14219 to run task
[2023-05-01T02:56:26.193+0000] {standard_task_runner.py:82} INFO - Running: ['***', 'tasks', 'run', 'age_check', 'age_check', 'scheduled__2023-04-30T00:00:00+00:00', '--job-id', '4729', '--raw', '--subdir', 'DAGS_FOLDER/age.py', '--cfg-path', '/tmp/tmp894vw_d9']
[2023-05-01T02:56:26.212+0000] {standard_task_runner.py:83} INFO - Job 4729: Subtask age_check
[2023-05-01T02:56:27.746+0000] {task_command.py:388} INFO - Running <TaskInstance: age_check.age_check scheduled__2023-04-30T00:00:00+00:00 [running]> on host fe34f61acbb3
[2023-05-01T04:03:22.388+0000] {taskinstance.py:1509} INFO - Exporting the following env vars:
AIRFLOW_CTX_DAG_OWNER=***
AIRFLOW_CTX_DAG_ID=age_check
AIRFLOW_CTX_TASK_ID=age_check
AIRFLOW_CTX_EXECUTION_DATE=2023-04-30T00:00:00+00:00
AIRFLOW_CTX_TRY_NUMBER=1
AIRFLOW_CTX_DAG_RUN_ID=scheduled__2023-04-30T00:00:00+00:00
[2023-05-01T04:03:23.124+0000] {taskinstance.py:1768} ERROR - Task failed with exception
Traceback (most recent call last):
  File "/home/airflow/.local/lib/python3.7/site-packages/airflow/operators/python.py", line 175, in execute
    return_value = self.execute_callable()
  File "/home/airflow/.local/lib/python3.7/site-packages/airflow/operators/python.py", line 192, in execute_callable
    return self.python_callable(*self.op_args, **self.op_kwargs)
  File "/opt/airflow/dags/age.py", line 35, in age_check
    birth_year = int(Variable.get('birth_year'))
  File "/home/airflow/.local/lib/python3.7/site-packages/airflow/models/variable.py", line 141, in get
    raise KeyError(f"Variable {key} does not exist")
KeyError: 'Variable birth_year does not exist'
[2023-05-01T04:03:23.792+0000] {taskinstance.py:1323} INFO - Marking task as UP_FOR_RETRY. dag_id=age_check, task_id=age_check, execution_date=20230430T000000, start_date=20230501T025624, end_date=20230501T040323
[2023-05-01T04:03:24.319+0000] {standard_task_runner.py:105} ERROR - Failed to execute job 4729 for task age_check ('Variable birth_year does not exist'; 14219)
[2023-05-01T04:03:25.962+0000] {local_task_job.py:208} INFO - Task exited with return code 1
[2023-05-01T04:03:26.569+0000] {taskinstance.py:2578} INFO - 0 downstream tasks scheduled from follow-on schedule check
[2023-05-20T21:51:35.103+0000] {taskinstance.py:1083} INFO - Dependencies all met for <TaskInstance: age_check.age_check scheduled__2023-04-30T00:00:00+00:00 [queued]>
[2023-05-20T21:51:35.169+0000] {taskinstance.py:1083} INFO - Dependencies all met for <TaskInstance: age_check.age_check scheduled__2023-04-30T00:00:00+00:00 [queued]>
[2023-05-20T21:51:35.171+0000] {taskinstance.py:1279} INFO - 
--------------------------------------------------------------------------------
[2023-05-20T21:51:35.172+0000] {taskinstance.py:1280} INFO - Starting attempt 1 of 4
[2023-05-20T21:51:35.173+0000] {taskinstance.py:1281} INFO - 
--------------------------------------------------------------------------------
[2023-05-20T21:51:35.326+0000] {taskinstance.py:1300} INFO - Executing <Task(PythonOperator): age_check> on 2023-04-30 00:00:00+00:00
[2023-05-20T21:51:35.357+0000] {standard_task_runner.py:55} INFO - Started process 2678 to run task
[2023-05-20T21:51:35.392+0000] {standard_task_runner.py:82} INFO - Running: ['***', 'tasks', 'run', 'age_check', 'age_check', 'scheduled__2023-04-30T00:00:00+00:00', '--job-id', '1975', '--raw', '--subdir', 'DAGS_FOLDER/age.py', '--cfg-path', '/tmp/tmpc8d0a6xe']
[2023-05-20T21:51:35.426+0000] {standard_task_runner.py:83} INFO - Job 1975: Subtask age_check
[2023-05-20T21:51:35.935+0000] {task_command.py:388} INFO - Running <TaskInstance: age_check.age_check scheduled__2023-04-30T00:00:00+00:00 [running]> on host 242f95e3e8a8
[2023-05-20T21:51:36.312+0000] {taskinstance.py:1509} INFO - Exporting the following env vars:
AIRFLOW_CTX_DAG_OWNER=***
AIRFLOW_CTX_DAG_ID=age_check
AIRFLOW_CTX_TASK_ID=age_check
AIRFLOW_CTX_EXECUTION_DATE=2023-04-30T00:00:00+00:00
AIRFLOW_CTX_TRY_NUMBER=1
AIRFLOW_CTX_DAG_RUN_ID=scheduled__2023-04-30T00:00:00+00:00
[2023-05-20T21:51:36.344+0000] {taskinstance.py:1768} ERROR - Task failed with exception
Traceback (most recent call last):
  File "/home/airflow/.local/lib/python3.7/site-packages/airflow/operators/python.py", line 175, in execute
    return_value = self.execute_callable()
  File "/home/airflow/.local/lib/python3.7/site-packages/airflow/operators/python.py", line 192, in execute_callable
    return self.python_callable(*self.op_args, **self.op_kwargs)
  File "/opt/airflow/dags/age.py", line 35, in age_check
    birth_year = int(Variable.get('birth_year'))
  File "/home/airflow/.local/lib/python3.7/site-packages/airflow/models/variable.py", line 141, in get
    raise KeyError(f"Variable {key} does not exist")
KeyError: 'Variable birth_year does not exist'
[2023-05-20T21:51:36.543+0000] {taskinstance.py:1323} INFO - Marking task as UP_FOR_RETRY. dag_id=age_check, task_id=age_check, execution_date=20230430T000000, start_date=20230520T215135, end_date=20230520T215136
[2023-05-20T21:51:36.635+0000] {standard_task_runner.py:105} ERROR - Failed to execute job 1975 for task age_check ('Variable birth_year does not exist'; 2678)
[2023-05-20T21:51:36.786+0000] {local_task_job.py:208} INFO - Task exited with return code 1
[2023-05-20T21:51:36.943+0000] {taskinstance.py:2578} INFO - 0 downstream tasks scheduled from follow-on schedule check
