[2023-05-01T06:47:26.075+0000] {taskinstance.py:1083} INFO - Dependencies all met for <TaskInstance: age_check.age_check scheduled__2023-04-30T00:00:00+00:00 [queued]>
[2023-05-01T06:47:26.090+0000] {taskinstance.py:1083} INFO - Dependencies all met for <TaskInstance: age_check.age_check scheduled__2023-04-30T00:00:00+00:00 [queued]>
[2023-05-01T06:47:26.094+0000] {taskinstance.py:1279} INFO - 
--------------------------------------------------------------------------------
[2023-05-01T06:47:26.096+0000] {taskinstance.py:1280} INFO - Starting attempt 3 of 4
[2023-05-01T06:47:26.097+0000] {taskinstance.py:1281} INFO - 
--------------------------------------------------------------------------------
[2023-05-01T06:47:26.116+0000] {taskinstance.py:1300} INFO - Executing <Task(PythonOperator): age_check> on 2023-04-30 00:00:00+00:00
[2023-05-01T06:47:26.126+0000] {standard_task_runner.py:55} INFO - Started process 14316 to run task
[2023-05-01T06:47:26.129+0000] {standard_task_runner.py:82} INFO - Running: ['***', 'tasks', 'run', 'age_check', 'age_check', 'scheduled__2023-04-30T00:00:00+00:00', '--job-id', '4735', '--raw', '--subdir', 'DAGS_FOLDER/age.py', '--cfg-path', '/tmp/tmptmhf978x']
[2023-05-01T06:47:26.132+0000] {standard_task_runner.py:83} INFO - Job 4735: Subtask age_check
[2023-05-01T06:47:26.195+0000] {task_command.py:388} INFO - Running <TaskInstance: age_check.age_check scheduled__2023-04-30T00:00:00+00:00 [running]> on host fe34f61acbb3
[2023-05-01T06:47:26.258+0000] {taskinstance.py:1509} INFO - Exporting the following env vars:
AIRFLOW_CTX_DAG_OWNER=***
AIRFLOW_CTX_DAG_ID=age_check
AIRFLOW_CTX_TASK_ID=age_check
AIRFLOW_CTX_EXECUTION_DATE=2023-04-30T00:00:00+00:00
AIRFLOW_CTX_TRY_NUMBER=3
AIRFLOW_CTX_DAG_RUN_ID=scheduled__2023-04-30T00:00:00+00:00
[2023-05-01T06:47:26.266+0000] {taskinstance.py:1768} ERROR - Task failed with exception
Traceback (most recent call last):
  File "/home/airflow/.local/lib/python3.7/site-packages/airflow/operators/python.py", line 175, in execute
    return_value = self.execute_callable()
  File "/home/airflow/.local/lib/python3.7/site-packages/airflow/operators/python.py", line 192, in execute_callable
    return self.python_callable(*self.op_args, **self.op_kwargs)
  File "/opt/airflow/dags/age.py", line 35, in age_check
    birth_year = int(Variable.get('birth_year'))
  File "/home/airflow/.local/lib/python3.7/site-packages/airflow/models/variable.py", line 141, in get
    raise KeyError(f"Variable {key} does not exist")
KeyError: 'Variable birth_year does not exist'
[2023-05-01T06:47:26.275+0000] {taskinstance.py:1323} INFO - Marking task as UP_FOR_RETRY. dag_id=age_check, task_id=age_check, execution_date=20230430T000000, start_date=20230501T064726, end_date=20230501T064726
[2023-05-01T06:47:26.284+0000] {standard_task_runner.py:105} ERROR - Failed to execute job 4735 for task age_check ('Variable birth_year does not exist'; 14316)
[2023-05-01T06:47:26.305+0000] {local_task_job.py:208} INFO - Task exited with return code 1
[2023-05-01T06:47:26.325+0000] {taskinstance.py:2578} INFO - 0 downstream tasks scheduled from follow-on schedule check
[2023-05-20T21:51:58.546+0000] {taskinstance.py:1083} INFO - Dependencies all met for <TaskInstance: age_check.age_check scheduled__2023-04-30T00:00:00+00:00 [queued]>
[2023-05-20T21:51:58.554+0000] {taskinstance.py:1083} INFO - Dependencies all met for <TaskInstance: age_check.age_check scheduled__2023-04-30T00:00:00+00:00 [queued]>
[2023-05-20T21:51:58.555+0000] {taskinstance.py:1279} INFO - 
--------------------------------------------------------------------------------
[2023-05-20T21:51:58.555+0000] {taskinstance.py:1280} INFO - Starting attempt 3 of 4
[2023-05-20T21:51:58.556+0000] {taskinstance.py:1281} INFO - 
--------------------------------------------------------------------------------
[2023-05-20T21:51:58.567+0000] {taskinstance.py:1300} INFO - Executing <Task(PythonOperator): age_check> on 2023-04-30 00:00:00+00:00
[2023-05-20T21:51:58.571+0000] {standard_task_runner.py:55} INFO - Started process 2772 to run task
[2023-05-20T21:51:58.575+0000] {standard_task_runner.py:82} INFO - Running: ['***', 'tasks', 'run', 'age_check', 'age_check', 'scheduled__2023-04-30T00:00:00+00:00', '--job-id', '2020', '--raw', '--subdir', 'DAGS_FOLDER/age.py', '--cfg-path', '/tmp/tmpsoxe83gn']
[2023-05-20T21:51:58.577+0000] {standard_task_runner.py:83} INFO - Job 2020: Subtask age_check
[2023-05-20T21:51:58.636+0000] {task_command.py:388} INFO - Running <TaskInstance: age_check.age_check scheduled__2023-04-30T00:00:00+00:00 [running]> on host 242f95e3e8a8
[2023-05-20T21:51:58.688+0000] {taskinstance.py:1509} INFO - Exporting the following env vars:
AIRFLOW_CTX_DAG_OWNER=***
AIRFLOW_CTX_DAG_ID=age_check
AIRFLOW_CTX_TASK_ID=age_check
AIRFLOW_CTX_EXECUTION_DATE=2023-04-30T00:00:00+00:00
AIRFLOW_CTX_TRY_NUMBER=3
AIRFLOW_CTX_DAG_RUN_ID=scheduled__2023-04-30T00:00:00+00:00
[2023-05-20T21:51:58.697+0000] {taskinstance.py:1768} ERROR - Task failed with exception
Traceback (most recent call last):
  File "/home/airflow/.local/lib/python3.7/site-packages/airflow/operators/python.py", line 175, in execute
    return_value = self.execute_callable()
  File "/home/airflow/.local/lib/python3.7/site-packages/airflow/operators/python.py", line 192, in execute_callable
    return self.python_callable(*self.op_args, **self.op_kwargs)
  File "/opt/airflow/dags/age.py", line 35, in age_check
    birth_year = int(Variable.get('birth_year'))
  File "/home/airflow/.local/lib/python3.7/site-packages/airflow/models/variable.py", line 141, in get
    raise KeyError(f"Variable {key} does not exist")
KeyError: 'Variable birth_year does not exist'
[2023-05-20T21:51:58.708+0000] {taskinstance.py:1323} INFO - Marking task as UP_FOR_RETRY. dag_id=age_check, task_id=age_check, execution_date=20230430T000000, start_date=20230520T215158, end_date=20230520T215158
[2023-05-20T21:51:58.717+0000] {standard_task_runner.py:105} ERROR - Failed to execute job 2020 for task age_check ('Variable birth_year does not exist'; 2772)
[2023-05-20T21:51:58.747+0000] {local_task_job.py:208} INFO - Task exited with return code 1
[2023-05-20T21:51:58.765+0000] {taskinstance.py:2578} INFO - 0 downstream tasks scheduled from follow-on schedule check
