[2023-04-19T12:50:43.236+0000] {taskinstance.py:1083} INFO - Dependencies all met for <TaskInstance: age_check.age_check scheduled__2023-03-13T00:00:00+00:00 [queued]>
[2023-04-19T12:50:43.312+0000] {taskinstance.py:1083} INFO - Dependencies all met for <TaskInstance: age_check.age_check scheduled__2023-03-13T00:00:00+00:00 [queued]>
[2023-04-19T12:50:43.335+0000] {taskinstance.py:1279} INFO - 
--------------------------------------------------------------------------------
[2023-04-19T12:50:43.337+0000] {taskinstance.py:1280} INFO - Starting attempt 2 of 4
[2023-04-19T12:50:43.345+0000] {taskinstance.py:1281} INFO - 
--------------------------------------------------------------------------------
[2023-04-19T12:50:43.541+0000] {taskinstance.py:1300} INFO - Executing <Task(PythonOperator): age_check> on 2023-03-13 00:00:00+00:00
[2023-04-19T12:50:43.574+0000] {standard_task_runner.py:55} INFO - Started process 25092 to run task
[2023-04-19T12:50:43.730+0000] {standard_task_runner.py:82} INFO - Running: ['***', 'tasks', 'run', 'age_check', 'age_check', 'scheduled__2023-03-13T00:00:00+00:00', '--job-id', '2067', '--raw', '--subdir', 'DAGS_FOLDER/age.py', '--cfg-path', '/tmp/tmp4mhktlbf']
[2023-04-19T12:50:43.732+0000] {standard_task_runner.py:83} INFO - Job 2067: Subtask age_check
[2023-04-19T12:50:43.980+0000] {task_command.py:388} INFO - Running <TaskInstance: age_check.age_check scheduled__2023-03-13T00:00:00+00:00 [running]> on host fe34f61acbb3
[2023-04-19T12:50:44.265+0000] {taskinstance.py:1509} INFO - Exporting the following env vars:
AIRFLOW_CTX_DAG_OWNER=***
AIRFLOW_CTX_DAG_ID=age_check
AIRFLOW_CTX_TASK_ID=age_check
AIRFLOW_CTX_EXECUTION_DATE=2023-03-13T00:00:00+00:00
AIRFLOW_CTX_TRY_NUMBER=2
AIRFLOW_CTX_DAG_RUN_ID=scheduled__2023-03-13T00:00:00+00:00
[2023-04-19T12:50:44.307+0000] {taskinstance.py:1768} ERROR - Task failed with exception
Traceback (most recent call last):
  File "/home/airflow/.local/lib/python3.7/site-packages/airflow/operators/python.py", line 175, in execute
    return_value = self.execute_callable()
  File "/home/airflow/.local/lib/python3.7/site-packages/airflow/operators/python.py", line 192, in execute_callable
    return self.python_callable(*self.op_args, **self.op_kwargs)
  File "/opt/airflow/dags/age.py", line 35, in age_check
    birth_year = int(Variable.get('birth_year'))
  File "/home/airflow/.local/lib/python3.7/site-packages/airflow/models/variable.py", line 141, in get
    raise KeyError(f"Variable {key} does not exist")
KeyError: 'Variable birth_year does not exist'
[2023-04-19T12:50:44.337+0000] {taskinstance.py:1323} INFO - Marking task as UP_FOR_RETRY. dag_id=age_check, task_id=age_check, execution_date=20230313T000000, start_date=20230419T125043, end_date=20230419T125044
[2023-04-19T12:50:44.398+0000] {standard_task_runner.py:105} ERROR - Failed to execute job 2067 for task age_check ('Variable birth_year does not exist'; 25092)
[2023-04-19T12:50:44.534+0000] {local_task_job.py:208} INFO - Task exited with return code 1
[2023-04-19T12:50:44.659+0000] {taskinstance.py:2578} INFO - 0 downstream tasks scheduled from follow-on schedule check
[2023-05-20T21:48:50.109+0000] {taskinstance.py:1083} INFO - Dependencies all met for <TaskInstance: age_check.age_check scheduled__2023-03-13T00:00:00+00:00 [queued]>
[2023-05-20T21:48:50.122+0000] {taskinstance.py:1083} INFO - Dependencies all met for <TaskInstance: age_check.age_check scheduled__2023-03-13T00:00:00+00:00 [queued]>
[2023-05-20T21:48:50.123+0000] {taskinstance.py:1279} INFO - 
--------------------------------------------------------------------------------
[2023-05-20T21:48:50.124+0000] {taskinstance.py:1280} INFO - Starting attempt 2 of 4
[2023-05-20T21:48:50.126+0000] {taskinstance.py:1281} INFO - 
--------------------------------------------------------------------------------
[2023-05-20T21:48:50.163+0000] {taskinstance.py:1300} INFO - Executing <Task(PythonOperator): age_check> on 2023-03-13 00:00:00+00:00
[2023-05-20T21:48:50.172+0000] {standard_task_runner.py:55} INFO - Started process 1834 to run task
[2023-05-20T21:48:50.184+0000] {standard_task_runner.py:82} INFO - Running: ['***', 'tasks', 'run', 'age_check', 'age_check', 'scheduled__2023-03-13T00:00:00+00:00', '--job-id', '1630', '--raw', '--subdir', 'DAGS_FOLDER/age.py', '--cfg-path', '/tmp/tmpl02g0q84']
[2023-05-20T21:48:50.192+0000] {standard_task_runner.py:83} INFO - Job 1630: Subtask age_check
[2023-05-20T21:48:50.369+0000] {task_command.py:388} INFO - Running <TaskInstance: age_check.age_check scheduled__2023-03-13T00:00:00+00:00 [running]> on host 242f95e3e8a8
[2023-05-20T21:48:50.530+0000] {taskinstance.py:1509} INFO - Exporting the following env vars:
AIRFLOW_CTX_DAG_OWNER=***
AIRFLOW_CTX_DAG_ID=age_check
AIRFLOW_CTX_TASK_ID=age_check
AIRFLOW_CTX_EXECUTION_DATE=2023-03-13T00:00:00+00:00
AIRFLOW_CTX_TRY_NUMBER=2
AIRFLOW_CTX_DAG_RUN_ID=scheduled__2023-03-13T00:00:00+00:00
[2023-05-20T21:48:50.552+0000] {taskinstance.py:1768} ERROR - Task failed with exception
Traceback (most recent call last):
  File "/home/airflow/.local/lib/python3.7/site-packages/airflow/operators/python.py", line 175, in execute
    return_value = self.execute_callable()
  File "/home/airflow/.local/lib/python3.7/site-packages/airflow/operators/python.py", line 192, in execute_callable
    return self.python_callable(*self.op_args, **self.op_kwargs)
  File "/opt/airflow/dags/age.py", line 35, in age_check
    birth_year = int(Variable.get('birth_year'))
  File "/home/airflow/.local/lib/python3.7/site-packages/airflow/models/variable.py", line 141, in get
    raise KeyError(f"Variable {key} does not exist")
KeyError: 'Variable birth_year does not exist'
[2023-05-20T21:48:50.576+0000] {taskinstance.py:1323} INFO - Marking task as UP_FOR_RETRY. dag_id=age_check, task_id=age_check, execution_date=20230313T000000, start_date=20230520T214850, end_date=20230520T214850
[2023-05-20T21:48:50.599+0000] {standard_task_runner.py:105} ERROR - Failed to execute job 1630 for task age_check ('Variable birth_year does not exist'; 1834)
[2023-05-20T21:48:50.677+0000] {local_task_job.py:208} INFO - Task exited with return code 1
[2023-05-20T21:48:50.729+0000] {taskinstance.py:2578} INFO - 0 downstream tasks scheduled from follow-on schedule check
