[2023-04-19T12:53:13.238+0000] {taskinstance.py:1083} INFO - Dependencies all met for <TaskInstance: age_check.age_check scheduled__2023-04-08T00:00:00+00:00 [queued]>
[2023-04-19T12:53:13.275+0000] {taskinstance.py:1083} INFO - Dependencies all met for <TaskInstance: age_check.age_check scheduled__2023-04-08T00:00:00+00:00 [queued]>
[2023-04-19T12:53:13.281+0000] {taskinstance.py:1279} INFO - 
--------------------------------------------------------------------------------
[2023-04-19T12:53:13.287+0000] {taskinstance.py:1280} INFO - Starting attempt 4 of 4
[2023-04-19T12:53:13.292+0000] {taskinstance.py:1281} INFO - 
--------------------------------------------------------------------------------
[2023-04-19T12:53:13.345+0000] {taskinstance.py:1300} INFO - Executing <Task(PythonOperator): age_check> on 2023-04-08 00:00:00+00:00
[2023-04-19T12:53:13.352+0000] {standard_task_runner.py:55} INFO - Started process 25910 to run task
[2023-04-19T12:53:13.370+0000] {standard_task_runner.py:82} INFO - Running: ['***', 'tasks', 'run', 'age_check', 'age_check', 'scheduled__2023-04-08T00:00:00+00:00', '--job-id', '2430', '--raw', '--subdir', 'DAGS_FOLDER/age.py', '--cfg-path', '/tmp/tmpt40ioxlj']
[2023-04-19T12:53:13.378+0000] {standard_task_runner.py:83} INFO - Job 2430: Subtask age_check
[2023-04-19T12:53:13.536+0000] {task_command.py:388} INFO - Running <TaskInstance: age_check.age_check scheduled__2023-04-08T00:00:00+00:00 [running]> on host fe34f61acbb3
[2023-04-19T12:53:13.765+0000] {taskinstance.py:1509} INFO - Exporting the following env vars:
AIRFLOW_CTX_DAG_OWNER=***
AIRFLOW_CTX_DAG_ID=age_check
AIRFLOW_CTX_TASK_ID=age_check
AIRFLOW_CTX_EXECUTION_DATE=2023-04-08T00:00:00+00:00
AIRFLOW_CTX_TRY_NUMBER=4
AIRFLOW_CTX_DAG_RUN_ID=scheduled__2023-04-08T00:00:00+00:00
[2023-04-19T12:53:13.782+0000] {taskinstance.py:1768} ERROR - Task failed with exception
Traceback (most recent call last):
  File "/home/airflow/.local/lib/python3.7/site-packages/airflow/operators/python.py", line 175, in execute
    return_value = self.execute_callable()
  File "/home/airflow/.local/lib/python3.7/site-packages/airflow/operators/python.py", line 192, in execute_callable
    return self.python_callable(*self.op_args, **self.op_kwargs)
  File "/opt/airflow/dags/age.py", line 35, in age_check
    birth_year = int(Variable.get('birth_year'))
  File "/home/airflow/.local/lib/python3.7/site-packages/airflow/models/variable.py", line 141, in get
    raise KeyError(f"Variable {key} does not exist")
KeyError: 'Variable birth_year does not exist'
[2023-04-19T12:53:13.805+0000] {taskinstance.py:1323} INFO - Marking task as FAILED. dag_id=age_check, task_id=age_check, execution_date=20230408T000000, start_date=20230419T125313, end_date=20230419T125313
[2023-04-19T12:53:13.821+0000] {standard_task_runner.py:105} ERROR - Failed to execute job 2430 for task age_check ('Variable birth_year does not exist'; 25910)
[2023-04-19T12:53:13.876+0000] {local_task_job.py:208} INFO - Task exited with return code 1
[2023-04-19T12:53:13.935+0000] {taskinstance.py:2578} INFO - 0 downstream tasks scheduled from follow-on schedule check
[2023-05-20T21:50:27.058+0000] {taskinstance.py:1083} INFO - Dependencies all met for <TaskInstance: age_check.age_check scheduled__2023-04-08T00:00:00+00:00 [queued]>
[2023-05-20T21:50:27.081+0000] {taskinstance.py:1083} INFO - Dependencies all met for <TaskInstance: age_check.age_check scheduled__2023-04-08T00:00:00+00:00 [queued]>
[2023-05-20T21:50:27.083+0000] {taskinstance.py:1279} INFO - 
--------------------------------------------------------------------------------
[2023-05-20T21:50:27.087+0000] {taskinstance.py:1280} INFO - Starting attempt 4 of 4
[2023-05-20T21:50:27.088+0000] {taskinstance.py:1281} INFO - 
--------------------------------------------------------------------------------
[2023-05-20T21:50:27.125+0000] {taskinstance.py:1300} INFO - Executing <Task(PythonOperator): age_check> on 2023-04-08 00:00:00+00:00
[2023-05-20T21:50:27.133+0000] {standard_task_runner.py:55} INFO - Started process 2305 to run task
[2023-05-20T21:50:27.147+0000] {standard_task_runner.py:82} INFO - Running: ['***', 'tasks', 'run', 'age_check', 'age_check', 'scheduled__2023-04-08T00:00:00+00:00', '--job-id', '1823', '--raw', '--subdir', 'DAGS_FOLDER/age.py', '--cfg-path', '/tmp/tmp2emuj3h5']
[2023-05-20T21:50:27.149+0000] {standard_task_runner.py:83} INFO - Job 1823: Subtask age_check
[2023-05-20T21:50:27.272+0000] {task_command.py:388} INFO - Running <TaskInstance: age_check.age_check scheduled__2023-04-08T00:00:00+00:00 [running]> on host 242f95e3e8a8
[2023-05-20T21:50:27.368+0000] {taskinstance.py:1509} INFO - Exporting the following env vars:
AIRFLOW_CTX_DAG_OWNER=***
AIRFLOW_CTX_DAG_ID=age_check
AIRFLOW_CTX_TASK_ID=age_check
AIRFLOW_CTX_EXECUTION_DATE=2023-04-08T00:00:00+00:00
AIRFLOW_CTX_TRY_NUMBER=4
AIRFLOW_CTX_DAG_RUN_ID=scheduled__2023-04-08T00:00:00+00:00
[2023-05-20T21:50:27.385+0000] {taskinstance.py:1768} ERROR - Task failed with exception
Traceback (most recent call last):
  File "/home/airflow/.local/lib/python3.7/site-packages/airflow/operators/python.py", line 175, in execute
    return_value = self.execute_callable()
  File "/home/airflow/.local/lib/python3.7/site-packages/airflow/operators/python.py", line 192, in execute_callable
    return self.python_callable(*self.op_args, **self.op_kwargs)
  File "/opt/airflow/dags/age.py", line 35, in age_check
    birth_year = int(Variable.get('birth_year'))
  File "/home/airflow/.local/lib/python3.7/site-packages/airflow/models/variable.py", line 141, in get
    raise KeyError(f"Variable {key} does not exist")
KeyError: 'Variable birth_year does not exist'
[2023-05-20T21:50:27.399+0000] {taskinstance.py:1323} INFO - Marking task as FAILED. dag_id=age_check, task_id=age_check, execution_date=20230408T000000, start_date=20230520T215027, end_date=20230520T215027
[2023-05-20T21:50:27.424+0000] {standard_task_runner.py:105} ERROR - Failed to execute job 1823 for task age_check ('Variable birth_year does not exist'; 2305)
[2023-05-20T21:50:27.482+0000] {local_task_job.py:208} INFO - Task exited with return code 1
[2023-05-20T21:50:27.513+0000] {taskinstance.py:2578} INFO - 0 downstream tasks scheduled from follow-on schedule check
