[2023-12-16T00:06:52.064+0000] {taskinstance.py:1157} INFO - Dependencies all met for dep_context=non-requeueable deps ti=<TaskInstance: age_check.age_check scheduled__2023-12-15T00:00:00+00:00 [queued]>
[2023-12-16T00:06:52.071+0000] {taskinstance.py:1157} INFO - Dependencies all met for dep_context=requeueable deps ti=<TaskInstance: age_check.age_check scheduled__2023-12-15T00:00:00+00:00 [queued]>
[2023-12-16T00:06:52.072+0000] {taskinstance.py:1359} INFO - Starting attempt 4 of 4
[2023-12-16T00:06:52.080+0000] {taskinstance.py:1380} INFO - Executing <Task(PythonOperator): age_check> on 2023-12-15 00:00:00+00:00
[2023-12-16T00:06:52.086+0000] {standard_task_runner.py:57} INFO - Started process 16325 to run task
[2023-12-16T00:06:52.093+0000] {standard_task_runner.py:84} INFO - Running: ['***', 'tasks', 'run', 'age_check', 'age_check', 'scheduled__2023-12-15T00:00:00+00:00', '--job-id', '6310', '--raw', '--subdir', 'DAGS_FOLDER/age.py', '--cfg-path', '/tmp/tmpae1n8otr']
[2023-12-16T00:06:52.095+0000] {standard_task_runner.py:85} INFO - Job 6310: Subtask age_check
[2023-12-16T00:06:52.147+0000] {task_command.py:415} INFO - Running <TaskInstance: age_check.age_check scheduled__2023-12-15T00:00:00+00:00 [running]> on host 533efb53d454
[2023-12-16T00:06:52.218+0000] {taskinstance.py:1660} INFO - Exporting env vars: AIRFLOW_CTX_DAG_OWNER='***' AIRFLOW_CTX_DAG_ID='age_check' AIRFLOW_CTX_TASK_ID='age_check' AIRFLOW_CTX_EXECUTION_DATE='2023-12-15T00:00:00+00:00' AIRFLOW_CTX_TRY_NUMBER='4' AIRFLOW_CTX_DAG_RUN_ID='scheduled__2023-12-15T00:00:00+00:00'
[2023-12-16T00:06:52.231+0000] {taskinstance.py:1935} ERROR - Task failed with exception
Traceback (most recent call last):
  File "/home/airflow/.local/lib/python3.11/site-packages/airflow/operators/python.py", line 192, in execute
    return_value = self.execute_callable()
                   ^^^^^^^^^^^^^^^^^^^^^^^
  File "/home/airflow/.local/lib/python3.11/site-packages/airflow/operators/python.py", line 209, in execute_callable
    return self.python_callable(*self.op_args, **self.op_kwargs)
           ^^^^^^^^^^^^^^^^^^^^^^^^^^^^^^^^^^^^^^^^^^^^^^^^^^^^^
  File "/opt/airflow/dags/age.py", line 35, in age_check
    birth_year = int(Variable.get('birth_year'))
                     ^^^^^^^^^^^^^^^^^^^^^^^^^^
  File "/home/airflow/.local/lib/python3.11/site-packages/airflow/models/variable.py", line 140, in get
    raise KeyError(f"Variable {key} does not exist")
KeyError: 'Variable birth_year does not exist'
[2023-12-16T00:06:52.251+0000] {taskinstance.py:1398} INFO - Marking task as FAILED. dag_id=age_check, task_id=age_check, execution_date=20231215T000000, start_date=20231216T000652, end_date=20231216T000652
[2023-12-16T00:06:52.269+0000] {standard_task_runner.py:104} ERROR - Failed to execute job 6310 for task age_check ('Variable birth_year does not exist'; 16325)
[2023-12-16T00:06:52.305+0000] {local_task_job_runner.py:228} INFO - Task exited with return code 1
[2023-12-16T00:06:52.323+0000] {taskinstance.py:2776} INFO - 0 downstream tasks scheduled from follow-on schedule check
