[2023-04-19T12:46:26.871+0000] {taskinstance.py:1083} INFO - Dependencies all met for <TaskInstance: age_check.age_check scheduled__2023-01-05T00:00:00+00:00 [queued]>
[2023-04-19T12:46:26.936+0000] {taskinstance.py:1083} INFO - Dependencies all met for <TaskInstance: age_check.age_check scheduled__2023-01-05T00:00:00+00:00 [queued]>
[2023-04-19T12:46:26.950+0000] {taskinstance.py:1279} INFO - 
--------------------------------------------------------------------------------
[2023-04-19T12:46:26.953+0000] {taskinstance.py:1280} INFO - Starting attempt 2 of 4
[2023-04-19T12:46:26.958+0000] {taskinstance.py:1281} INFO - 
--------------------------------------------------------------------------------
[2023-04-19T12:46:27.060+0000] {taskinstance.py:1300} INFO - Executing <Task(PythonOperator): age_check> on 2023-01-05 00:00:00+00:00
[2023-04-19T12:46:27.090+0000] {standard_task_runner.py:55} INFO - Started process 23932 to run task
[2023-04-19T12:46:27.111+0000] {standard_task_runner.py:82} INFO - Running: ['***', 'tasks', 'run', 'age_check', 'age_check', 'scheduled__2023-01-05T00:00:00+00:00', '--job-id', '1590', '--raw', '--subdir', 'DAGS_FOLDER/age.py', '--cfg-path', '/tmp/tmpywdnuv03']
[2023-04-19T12:46:27.122+0000] {standard_task_runner.py:83} INFO - Job 1590: Subtask age_check
[2023-04-19T12:46:27.444+0000] {task_command.py:388} INFO - Running <TaskInstance: age_check.age_check scheduled__2023-01-05T00:00:00+00:00 [running]> on host fe34f61acbb3
[2023-04-19T12:46:27.541+0000] {taskinstance.py:1509} INFO - Exporting the following env vars:
AIRFLOW_CTX_DAG_OWNER=***
AIRFLOW_CTX_DAG_ID=age_check
AIRFLOW_CTX_TASK_ID=age_check
AIRFLOW_CTX_EXECUTION_DATE=2023-01-05T00:00:00+00:00
AIRFLOW_CTX_TRY_NUMBER=2
AIRFLOW_CTX_DAG_RUN_ID=scheduled__2023-01-05T00:00:00+00:00
[2023-04-19T12:46:27.558+0000] {taskinstance.py:1768} ERROR - Task failed with exception
Traceback (most recent call last):
  File "/home/airflow/.local/lib/python3.7/site-packages/airflow/operators/python.py", line 175, in execute
    return_value = self.execute_callable()
  File "/home/airflow/.local/lib/python3.7/site-packages/airflow/operators/python.py", line 192, in execute_callable
    return self.python_callable(*self.op_args, **self.op_kwargs)
  File "/opt/airflow/dags/age.py", line 35, in age_check
    birth_year = int(Variable.get('birth_year'))
  File "/home/airflow/.local/lib/python3.7/site-packages/airflow/models/variable.py", line 141, in get
    raise KeyError(f"Variable {key} does not exist")
KeyError: 'Variable birth_year does not exist'
[2023-04-19T12:46:27.592+0000] {taskinstance.py:1323} INFO - Marking task as UP_FOR_RETRY. dag_id=age_check, task_id=age_check, execution_date=20230105T000000, start_date=20230419T124626, end_date=20230419T124627
[2023-04-19T12:46:27.612+0000] {standard_task_runner.py:105} ERROR - Failed to execute job 1590 for task age_check ('Variable birth_year does not exist'; 23932)
[2023-04-19T12:46:27.677+0000] {local_task_job.py:208} INFO - Task exited with return code 1
[2023-04-19T12:46:27.965+0000] {taskinstance.py:2578} INFO - 0 downstream tasks scheduled from follow-on schedule check
[2023-05-20T20:57:31.353+0000] {taskinstance.py:1083} INFO - Dependencies all met for <TaskInstance: age_check.age_check scheduled__2023-01-05T00:00:00+00:00 [queued]>
[2023-05-20T20:57:31.361+0000] {taskinstance.py:1083} INFO - Dependencies all met for <TaskInstance: age_check.age_check scheduled__2023-01-05T00:00:00+00:00 [queued]>
[2023-05-20T20:57:31.362+0000] {taskinstance.py:1279} INFO - 
--------------------------------------------------------------------------------
[2023-05-20T20:57:31.363+0000] {taskinstance.py:1280} INFO - Starting attempt 2 of 4
[2023-05-20T20:57:31.364+0000] {taskinstance.py:1281} INFO - 
--------------------------------------------------------------------------------
[2023-05-20T20:57:31.374+0000] {taskinstance.py:1300} INFO - Executing <Task(PythonOperator): age_check> on 2023-01-05 00:00:00+00:00
[2023-05-20T20:57:31.379+0000] {standard_task_runner.py:55} INFO - Started process 612 to run task
[2023-05-20T20:57:31.384+0000] {standard_task_runner.py:82} INFO - Running: ['***', 'tasks', 'run', 'age_check', 'age_check', 'scheduled__2023-01-05T00:00:00+00:00', '--job-id', '1136', '--raw', '--subdir', 'DAGS_FOLDER/age.py', '--cfg-path', '/tmp/tmpfn3n0oqt']
[2023-05-20T20:57:31.386+0000] {standard_task_runner.py:83} INFO - Job 1136: Subtask age_check
[2023-05-20T20:57:31.456+0000] {task_command.py:388} INFO - Running <TaskInstance: age_check.age_check scheduled__2023-01-05T00:00:00+00:00 [running]> on host 242f95e3e8a8
[2023-05-20T20:57:31.507+0000] {taskinstance.py:1509} INFO - Exporting the following env vars:
AIRFLOW_CTX_DAG_OWNER=***
AIRFLOW_CTX_DAG_ID=age_check
AIRFLOW_CTX_TASK_ID=age_check
AIRFLOW_CTX_EXECUTION_DATE=2023-01-05T00:00:00+00:00
AIRFLOW_CTX_TRY_NUMBER=2
AIRFLOW_CTX_DAG_RUN_ID=scheduled__2023-01-05T00:00:00+00:00
[2023-05-20T20:57:31.516+0000] {taskinstance.py:1768} ERROR - Task failed with exception
Traceback (most recent call last):
  File "/home/airflow/.local/lib/python3.7/site-packages/airflow/operators/python.py", line 175, in execute
    return_value = self.execute_callable()
  File "/home/airflow/.local/lib/python3.7/site-packages/airflow/operators/python.py", line 192, in execute_callable
    return self.python_callable(*self.op_args, **self.op_kwargs)
  File "/opt/airflow/dags/age.py", line 35, in age_check
    birth_year = int(Variable.get('birth_year'))
  File "/home/airflow/.local/lib/python3.7/site-packages/airflow/models/variable.py", line 141, in get
    raise KeyError(f"Variable {key} does not exist")
KeyError: 'Variable birth_year does not exist'
[2023-05-20T20:57:31.525+0000] {taskinstance.py:1323} INFO - Marking task as UP_FOR_RETRY. dag_id=age_check, task_id=age_check, execution_date=20230105T000000, start_date=20230520T205731, end_date=20230520T205731
[2023-05-20T20:57:31.534+0000] {standard_task_runner.py:105} ERROR - Failed to execute job 1136 for task age_check ('Variable birth_year does not exist'; 612)
[2023-05-20T20:57:31.555+0000] {local_task_job.py:208} INFO - Task exited with return code 1
[2023-05-20T20:57:31.575+0000] {taskinstance.py:2578} INFO - 0 downstream tasks scheduled from follow-on schedule check
