[2023-04-25T03:01:11.635+0000] {taskinstance.py:1083} INFO - Dependencies all met for <TaskInstance: age_check.age_check scheduled__2023-04-24T00:00:00+00:00 [queued]>
[2023-04-25T03:01:11.704+0000] {taskinstance.py:1083} INFO - Dependencies all met for <TaskInstance: age_check.age_check scheduled__2023-04-24T00:00:00+00:00 [queued]>
[2023-04-25T03:01:11.724+0000] {taskinstance.py:1279} INFO - 
--------------------------------------------------------------------------------
[2023-04-25T03:01:11.725+0000] {taskinstance.py:1280} INFO - Starting attempt 1 of 4
[2023-04-25T03:01:11.727+0000] {taskinstance.py:1281} INFO - 
--------------------------------------------------------------------------------
[2023-04-25T03:01:11.828+0000] {taskinstance.py:1300} INFO - Executing <Task(PythonOperator): age_check> on 2023-04-24 00:00:00+00:00
[2023-04-25T03:01:11.992+0000] {standard_task_runner.py:55} INFO - Started process 14277 to run task
[2023-04-25T03:01:12.053+0000] {standard_task_runner.py:82} INFO - Running: ['***', 'tasks', 'run', 'age_check', 'age_check', 'scheduled__2023-04-24T00:00:00+00:00', '--job-id', '4532', '--raw', '--subdir', 'DAGS_FOLDER/age.py', '--cfg-path', '/tmp/tmp30hu_s6d']
[2023-04-25T03:01:12.057+0000] {standard_task_runner.py:83} INFO - Job 4532: Subtask age_check
[2023-04-25T03:01:12.392+0000] {task_command.py:388} INFO - Running <TaskInstance: age_check.age_check scheduled__2023-04-24T00:00:00+00:00 [running]> on host fe34f61acbb3
[2023-04-25T03:01:13.550+0000] {taskinstance.py:1509} INFO - Exporting the following env vars:
AIRFLOW_CTX_DAG_OWNER=***
AIRFLOW_CTX_DAG_ID=age_check
AIRFLOW_CTX_TASK_ID=age_check
AIRFLOW_CTX_EXECUTION_DATE=2023-04-24T00:00:00+00:00
AIRFLOW_CTX_TRY_NUMBER=1
AIRFLOW_CTX_DAG_RUN_ID=scheduled__2023-04-24T00:00:00+00:00
[2023-04-25T03:01:13.632+0000] {taskinstance.py:1768} ERROR - Task failed with exception
Traceback (most recent call last):
  File "/home/airflow/.local/lib/python3.7/site-packages/airflow/operators/python.py", line 175, in execute
    return_value = self.execute_callable()
  File "/home/airflow/.local/lib/python3.7/site-packages/airflow/operators/python.py", line 192, in execute_callable
    return self.python_callable(*self.op_args, **self.op_kwargs)
  File "/opt/airflow/dags/age.py", line 35, in age_check
    birth_year = int(Variable.get('birth_year'))
  File "/home/airflow/.local/lib/python3.7/site-packages/airflow/models/variable.py", line 141, in get
    raise KeyError(f"Variable {key} does not exist")
KeyError: 'Variable birth_year does not exist'
[2023-04-25T03:01:13.691+0000] {taskinstance.py:1323} INFO - Marking task as UP_FOR_RETRY. dag_id=age_check, task_id=age_check, execution_date=20230424T000000, start_date=20230425T030111, end_date=20230425T030113
[2023-04-25T03:01:13.736+0000] {standard_task_runner.py:105} ERROR - Failed to execute job 4532 for task age_check ('Variable birth_year does not exist'; 14277)
[2023-04-25T03:01:13.900+0000] {local_task_job.py:208} INFO - Task exited with return code 1
[2023-04-25T03:01:14.040+0000] {taskinstance.py:2578} INFO - 0 downstream tasks scheduled from follow-on schedule check
[2023-05-20T21:50:46.340+0000] {taskinstance.py:1083} INFO - Dependencies all met for <TaskInstance: age_check.age_check scheduled__2023-04-24T00:00:00+00:00 [queued]>
[2023-05-20T21:50:46.353+0000] {taskinstance.py:1083} INFO - Dependencies all met for <TaskInstance: age_check.age_check scheduled__2023-04-24T00:00:00+00:00 [queued]>
[2023-05-20T21:50:46.355+0000] {taskinstance.py:1279} INFO - 
--------------------------------------------------------------------------------
[2023-05-20T21:50:46.356+0000] {taskinstance.py:1280} INFO - Starting attempt 1 of 4
[2023-05-20T21:50:46.359+0000] {taskinstance.py:1281} INFO - 
--------------------------------------------------------------------------------
[2023-05-20T21:50:46.381+0000] {taskinstance.py:1300} INFO - Executing <Task(PythonOperator): age_check> on 2023-04-24 00:00:00+00:00
[2023-05-20T21:50:46.386+0000] {standard_task_runner.py:55} INFO - Started process 2450 to run task
[2023-05-20T21:50:46.391+0000] {standard_task_runner.py:82} INFO - Running: ['***', 'tasks', 'run', 'age_check', 'age_check', 'scheduled__2023-04-24T00:00:00+00:00', '--job-id', '1888', '--raw', '--subdir', 'DAGS_FOLDER/age.py', '--cfg-path', '/tmp/tmpjkmalzu9']
[2023-05-20T21:50:46.393+0000] {standard_task_runner.py:83} INFO - Job 1888: Subtask age_check
[2023-05-20T21:50:46.519+0000] {task_command.py:388} INFO - Running <TaskInstance: age_check.age_check scheduled__2023-04-24T00:00:00+00:00 [running]> on host 242f95e3e8a8
[2023-05-20T21:50:46.671+0000] {taskinstance.py:1509} INFO - Exporting the following env vars:
AIRFLOW_CTX_DAG_OWNER=***
AIRFLOW_CTX_DAG_ID=age_check
AIRFLOW_CTX_TASK_ID=age_check
AIRFLOW_CTX_EXECUTION_DATE=2023-04-24T00:00:00+00:00
AIRFLOW_CTX_TRY_NUMBER=1
AIRFLOW_CTX_DAG_RUN_ID=scheduled__2023-04-24T00:00:00+00:00
[2023-05-20T21:50:46.699+0000] {taskinstance.py:1768} ERROR - Task failed with exception
Traceback (most recent call last):
  File "/home/airflow/.local/lib/python3.7/site-packages/airflow/operators/python.py", line 175, in execute
    return_value = self.execute_callable()
  File "/home/airflow/.local/lib/python3.7/site-packages/airflow/operators/python.py", line 192, in execute_callable
    return self.python_callable(*self.op_args, **self.op_kwargs)
  File "/opt/airflow/dags/age.py", line 35, in age_check
    birth_year = int(Variable.get('birth_year'))
  File "/home/airflow/.local/lib/python3.7/site-packages/airflow/models/variable.py", line 141, in get
    raise KeyError(f"Variable {key} does not exist")
KeyError: 'Variable birth_year does not exist'
[2023-05-20T21:50:46.727+0000] {taskinstance.py:1323} INFO - Marking task as UP_FOR_RETRY. dag_id=age_check, task_id=age_check, execution_date=20230424T000000, start_date=20230520T215046, end_date=20230520T215046
[2023-05-20T21:50:46.742+0000] {standard_task_runner.py:105} ERROR - Failed to execute job 1888 for task age_check ('Variable birth_year does not exist'; 2450)
[2023-05-20T21:50:46.781+0000] {local_task_job.py:208} INFO - Task exited with return code 1
[2023-05-20T21:50:46.838+0000] {taskinstance.py:2578} INFO - 0 downstream tasks scheduled from follow-on schedule check
