[2023-04-19T12:35:49.638+0000] {taskinstance.py:1083} INFO - Dependencies all met for <TaskInstance: age_check.age_check scheduled__2022-07-31T00:00:00+00:00 [queued]>
[2023-04-19T12:35:49.749+0000] {taskinstance.py:1083} INFO - Dependencies all met for <TaskInstance: age_check.age_check scheduled__2022-07-31T00:00:00+00:00 [queued]>
[2023-04-19T12:35:49.754+0000] {taskinstance.py:1279} INFO - 
--------------------------------------------------------------------------------
[2023-04-19T12:35:49.756+0000] {taskinstance.py:1280} INFO - Starting attempt 1 of 4
[2023-04-19T12:35:49.757+0000] {taskinstance.py:1281} INFO - 
--------------------------------------------------------------------------------
[2023-04-19T12:35:49.859+0000] {taskinstance.py:1300} INFO - Executing <Task(PythonOperator): age_check> on 2022-07-31 00:00:00+00:00
[2023-04-19T12:35:49.913+0000] {standard_task_runner.py:55} INFO - Started process 21204 to run task
[2023-04-19T12:35:50.011+0000] {standard_task_runner.py:82} INFO - Running: ['***', 'tasks', 'run', 'age_check', 'age_check', 'scheduled__2022-07-31T00:00:00+00:00', '--job-id', '486', '--raw', '--subdir', 'DAGS_FOLDER/age.py', '--cfg-path', '/tmp/tmpm1gvvxfq']
[2023-04-19T12:35:50.026+0000] {standard_task_runner.py:83} INFO - Job 486: Subtask age_check
[2023-04-19T12:35:50.543+0000] {task_command.py:388} INFO - Running <TaskInstance: age_check.age_check scheduled__2022-07-31T00:00:00+00:00 [running]> on host fe34f61acbb3
[2023-04-19T12:35:50.833+0000] {taskinstance.py:1509} INFO - Exporting the following env vars:
AIRFLOW_CTX_DAG_OWNER=***
AIRFLOW_CTX_DAG_ID=age_check
AIRFLOW_CTX_TASK_ID=age_check
AIRFLOW_CTX_EXECUTION_DATE=2022-07-31T00:00:00+00:00
AIRFLOW_CTX_TRY_NUMBER=1
AIRFLOW_CTX_DAG_RUN_ID=scheduled__2022-07-31T00:00:00+00:00
[2023-04-19T12:35:50.867+0000] {taskinstance.py:1768} ERROR - Task failed with exception
Traceback (most recent call last):
  File "/home/airflow/.local/lib/python3.7/site-packages/airflow/operators/python.py", line 175, in execute
    return_value = self.execute_callable()
  File "/home/airflow/.local/lib/python3.7/site-packages/airflow/operators/python.py", line 192, in execute_callable
    return self.python_callable(*self.op_args, **self.op_kwargs)
  File "/opt/airflow/dags/age.py", line 35, in age_check
    birth_year = int(Variable.get('birth_year'))
  File "/home/airflow/.local/lib/python3.7/site-packages/airflow/models/variable.py", line 141, in get
    raise KeyError(f"Variable {key} does not exist")
KeyError: 'Variable birth_year does not exist'
[2023-04-19T12:35:50.895+0000] {taskinstance.py:1323} INFO - Marking task as UP_FOR_RETRY. dag_id=age_check, task_id=age_check, execution_date=20220731T000000, start_date=20230419T123549, end_date=20230419T123550
[2023-04-19T12:35:50.956+0000] {standard_task_runner.py:105} ERROR - Failed to execute job 486 for task age_check ('Variable birth_year does not exist'; 21204)
[2023-04-19T12:35:51.037+0000] {local_task_job.py:208} INFO - Task exited with return code 1
[2023-04-19T12:35:51.229+0000] {taskinstance.py:2578} INFO - 0 downstream tasks scheduled from follow-on schedule check
[2023-05-17T09:51:39.409+0000] {taskinstance.py:1083} INFO - Dependencies all met for <TaskInstance: age_check.age_check scheduled__2022-07-31T00:00:00+00:00 [queued]>
[2023-05-17T09:51:39.472+0000] {taskinstance.py:1083} INFO - Dependencies all met for <TaskInstance: age_check.age_check scheduled__2022-07-31T00:00:00+00:00 [queued]>
[2023-05-17T09:51:39.484+0000] {taskinstance.py:1279} INFO - 
--------------------------------------------------------------------------------
[2023-05-17T09:51:39.485+0000] {taskinstance.py:1280} INFO - Starting attempt 1 of 4
[2023-05-17T09:51:39.489+0000] {taskinstance.py:1281} INFO - 
--------------------------------------------------------------------------------
[2023-05-17T09:51:39.585+0000] {taskinstance.py:1300} INFO - Executing <Task(PythonOperator): age_check> on 2022-07-31 00:00:00+00:00
[2023-05-17T09:51:39.607+0000] {standard_task_runner.py:55} INFO - Started process 3892 to run task
[2023-05-17T09:51:39.639+0000] {standard_task_runner.py:82} INFO - Running: ['***', 'tasks', 'run', 'age_check', 'age_check', 'scheduled__2022-07-31T00:00:00+00:00', '--job-id', '53', '--raw', '--subdir', 'DAGS_FOLDER/age.py', '--cfg-path', '/tmp/tmpv7juejii']
[2023-05-17T09:51:39.662+0000] {standard_task_runner.py:83} INFO - Job 53: Subtask age_check
[2023-05-17T09:51:39.887+0000] {task_command.py:388} INFO - Running <TaskInstance: age_check.age_check scheduled__2022-07-31T00:00:00+00:00 [running]> on host 242f95e3e8a8
[2023-05-17T09:51:40.056+0000] {taskinstance.py:1509} INFO - Exporting the following env vars:
AIRFLOW_CTX_DAG_OWNER=***
AIRFLOW_CTX_DAG_ID=age_check
AIRFLOW_CTX_TASK_ID=age_check
AIRFLOW_CTX_EXECUTION_DATE=2022-07-31T00:00:00+00:00
AIRFLOW_CTX_TRY_NUMBER=1
AIRFLOW_CTX_DAG_RUN_ID=scheduled__2022-07-31T00:00:00+00:00
[2023-05-17T09:51:40.074+0000] {taskinstance.py:1768} ERROR - Task failed with exception
Traceback (most recent call last):
  File "/home/airflow/.local/lib/python3.7/site-packages/airflow/operators/python.py", line 175, in execute
    return_value = self.execute_callable()
  File "/home/airflow/.local/lib/python3.7/site-packages/airflow/operators/python.py", line 192, in execute_callable
    return self.python_callable(*self.op_args, **self.op_kwargs)
  File "/opt/airflow/dags/age.py", line 35, in age_check
    birth_year = int(Variable.get('birth_year'))
  File "/home/airflow/.local/lib/python3.7/site-packages/airflow/models/variable.py", line 141, in get
    raise KeyError(f"Variable {key} does not exist")
KeyError: 'Variable birth_year does not exist'
[2023-05-17T09:51:40.120+0000] {taskinstance.py:1323} INFO - Marking task as UP_FOR_RETRY. dag_id=age_check, task_id=age_check, execution_date=20220731T000000, start_date=20230517T095139, end_date=20230517T095140
[2023-05-17T09:51:40.136+0000] {standard_task_runner.py:105} ERROR - Failed to execute job 53 for task age_check ('Variable birth_year does not exist'; 3892)
[2023-05-17T09:51:40.249+0000] {local_task_job.py:208} INFO - Task exited with return code 1
[2023-05-17T09:51:40.333+0000] {taskinstance.py:2578} INFO - 0 downstream tasks scheduled from follow-on schedule check
