[2023-04-19T12:52:28.432+0000] {taskinstance.py:1083} INFO - Dependencies all met for <TaskInstance: age_check.age_check scheduled__2023-03-26T00:00:00+00:00 [queued]>
[2023-04-19T12:52:28.491+0000] {taskinstance.py:1083} INFO - Dependencies all met for <TaskInstance: age_check.age_check scheduled__2023-03-26T00:00:00+00:00 [queued]>
[2023-04-19T12:52:28.493+0000] {taskinstance.py:1279} INFO - 
--------------------------------------------------------------------------------
[2023-04-19T12:52:28.495+0000] {taskinstance.py:1280} INFO - Starting attempt 4 of 4
[2023-04-19T12:52:28.496+0000] {taskinstance.py:1281} INFO - 
--------------------------------------------------------------------------------
[2023-04-19T12:52:28.596+0000] {taskinstance.py:1300} INFO - Executing <Task(PythonOperator): age_check> on 2023-03-26 00:00:00+00:00
[2023-04-19T12:52:28.617+0000] {standard_task_runner.py:55} INFO - Started process 25657 to run task
[2023-04-19T12:52:28.670+0000] {standard_task_runner.py:82} INFO - Running: ['***', 'tasks', 'run', 'age_check', 'age_check', 'scheduled__2023-03-26T00:00:00+00:00', '--job-id', '2320', '--raw', '--subdir', 'DAGS_FOLDER/age.py', '--cfg-path', '/tmp/tmpbult796d']
[2023-04-19T12:52:28.704+0000] {standard_task_runner.py:83} INFO - Job 2320: Subtask age_check
[2023-04-19T12:52:28.826+0000] {task_command.py:388} INFO - Running <TaskInstance: age_check.age_check scheduled__2023-03-26T00:00:00+00:00 [running]> on host fe34f61acbb3
[2023-04-19T12:52:28.988+0000] {taskinstance.py:1509} INFO - Exporting the following env vars:
AIRFLOW_CTX_DAG_OWNER=***
AIRFLOW_CTX_DAG_ID=age_check
AIRFLOW_CTX_TASK_ID=age_check
AIRFLOW_CTX_EXECUTION_DATE=2023-03-26T00:00:00+00:00
AIRFLOW_CTX_TRY_NUMBER=4
AIRFLOW_CTX_DAG_RUN_ID=scheduled__2023-03-26T00:00:00+00:00
[2023-04-19T12:52:29.008+0000] {taskinstance.py:1768} ERROR - Task failed with exception
Traceback (most recent call last):
  File "/home/airflow/.local/lib/python3.7/site-packages/airflow/operators/python.py", line 175, in execute
    return_value = self.execute_callable()
  File "/home/airflow/.local/lib/python3.7/site-packages/airflow/operators/python.py", line 192, in execute_callable
    return self.python_callable(*self.op_args, **self.op_kwargs)
  File "/opt/airflow/dags/age.py", line 35, in age_check
    birth_year = int(Variable.get('birth_year'))
  File "/home/airflow/.local/lib/python3.7/site-packages/airflow/models/variable.py", line 141, in get
    raise KeyError(f"Variable {key} does not exist")
KeyError: 'Variable birth_year does not exist'
[2023-04-19T12:52:29.039+0000] {taskinstance.py:1323} INFO - Marking task as FAILED. dag_id=age_check, task_id=age_check, execution_date=20230326T000000, start_date=20230419T125228, end_date=20230419T125229
[2023-04-19T12:52:29.082+0000] {standard_task_runner.py:105} ERROR - Failed to execute job 2320 for task age_check ('Variable birth_year does not exist'; 25657)
[2023-04-19T12:52:29.148+0000] {local_task_job.py:208} INFO - Task exited with return code 1
[2023-04-19T12:52:29.195+0000] {taskinstance.py:2578} INFO - 0 downstream tasks scheduled from follow-on schedule check
[2023-05-20T21:49:33.297+0000] {taskinstance.py:1083} INFO - Dependencies all met for <TaskInstance: age_check.age_check scheduled__2023-03-26T00:00:00+00:00 [queued]>
[2023-05-20T21:49:33.331+0000] {taskinstance.py:1083} INFO - Dependencies all met for <TaskInstance: age_check.age_check scheduled__2023-03-26T00:00:00+00:00 [queued]>
[2023-05-20T21:49:33.332+0000] {taskinstance.py:1279} INFO - 
--------------------------------------------------------------------------------
[2023-05-20T21:49:33.333+0000] {taskinstance.py:1280} INFO - Starting attempt 4 of 4
[2023-05-20T21:49:33.337+0000] {taskinstance.py:1281} INFO - 
--------------------------------------------------------------------------------
[2023-05-20T21:49:33.371+0000] {taskinstance.py:1300} INFO - Executing <Task(PythonOperator): age_check> on 2023-03-26 00:00:00+00:00
[2023-05-20T21:49:33.390+0000] {standard_task_runner.py:55} INFO - Started process 2031 to run task
[2023-05-20T21:49:33.404+0000] {standard_task_runner.py:82} INFO - Running: ['***', 'tasks', 'run', 'age_check', 'age_check', 'scheduled__2023-03-26T00:00:00+00:00', '--job-id', '1712', '--raw', '--subdir', 'DAGS_FOLDER/age.py', '--cfg-path', '/tmp/tmplvutleu0']
[2023-05-20T21:49:33.408+0000] {standard_task_runner.py:83} INFO - Job 1712: Subtask age_check
[2023-05-20T21:49:33.618+0000] {task_command.py:388} INFO - Running <TaskInstance: age_check.age_check scheduled__2023-03-26T00:00:00+00:00 [running]> on host 242f95e3e8a8
[2023-05-20T21:49:33.788+0000] {taskinstance.py:1509} INFO - Exporting the following env vars:
AIRFLOW_CTX_DAG_OWNER=***
AIRFLOW_CTX_DAG_ID=age_check
AIRFLOW_CTX_TASK_ID=age_check
AIRFLOW_CTX_EXECUTION_DATE=2023-03-26T00:00:00+00:00
AIRFLOW_CTX_TRY_NUMBER=4
AIRFLOW_CTX_DAG_RUN_ID=scheduled__2023-03-26T00:00:00+00:00
[2023-05-20T21:49:33.829+0000] {taskinstance.py:1768} ERROR - Task failed with exception
Traceback (most recent call last):
  File "/home/airflow/.local/lib/python3.7/site-packages/airflow/operators/python.py", line 175, in execute
    return_value = self.execute_callable()
  File "/home/airflow/.local/lib/python3.7/site-packages/airflow/operators/python.py", line 192, in execute_callable
    return self.python_callable(*self.op_args, **self.op_kwargs)
  File "/opt/airflow/dags/age.py", line 35, in age_check
    birth_year = int(Variable.get('birth_year'))
  File "/home/airflow/.local/lib/python3.7/site-packages/airflow/models/variable.py", line 141, in get
    raise KeyError(f"Variable {key} does not exist")
KeyError: 'Variable birth_year does not exist'
[2023-05-20T21:49:33.870+0000] {taskinstance.py:1323} INFO - Marking task as FAILED. dag_id=age_check, task_id=age_check, execution_date=20230326T000000, start_date=20230520T214933, end_date=20230520T214933
[2023-05-20T21:49:33.914+0000] {standard_task_runner.py:105} ERROR - Failed to execute job 1712 for task age_check ('Variable birth_year does not exist'; 2031)
[2023-05-20T21:49:33.998+0000] {local_task_job.py:208} INFO - Task exited with return code 1
[2023-05-20T21:49:34.065+0000] {taskinstance.py:2578} INFO - 0 downstream tasks scheduled from follow-on schedule check
